This file contains any messages produced by compilers while
running configure, to aid debugging if configure makes a mistake.

It was created by configure, which was
generated by GNU Autoconf 2.57.  Invocation command line was

  $ ./configure --cache-file=config.cache

## --------- ##
## Platform. ##
## --------- ##

hostname = sphere
uname -m = i686
uname -r = 2.4.20
uname -s = Linux
uname -v = #20 Sat May 10 22:19:57 BST 2003

/usr/bin/uname -p = unknown
/bin/uname -X     = unknown

/bin/arch              = i686
/usr/bin/arch -k       = unknown
/usr/convex/getsysinfo = unknown
hostinfo               = unknown
/bin/machine           = unknown
/usr/bin/oslevel       = unknown
/bin/universe          = unknown

PATH: /usr/local/bin
PATH: /usr/bin
PATH: /bin
PATH: /usr/bin/X11
PATH: /usr/games
PATH: /usr/local/bin
PATH: /home/HEx/bin


## ----------- ##
## Core tests. ##
## ----------- ##

configure:1351: loading cache config.cache
configure:1477: checking for a BSD-compatible install
configure:1531: result: /usr/bin/install -c
configure:1542: checking whether build environment is sane
configure:1585: result: yes
configure:1618: checking for gawk
configure:1634: found /usr/bin/gawk
configure:1644: result: gawk
configure:1654: checking whether make sets $(MAKE)
configure:1674: result: yes
configure:1895: checking for gcc
configure:1911: found /usr/bin/gcc
configure:1921: result: gcc
configure:2165: checking for C compiler version
configure:2168: gcc --version </dev/null >&5
2.95.4
configure:2171: $? = 0
configure:2173: gcc -v </dev/null >&5
Reading specs from /usr/lib/gcc-lib/i386-linux/2.95.4/specs
gcc version 2.95.4 20011002 (Debian prerelease)
configure:2176: $? = 0
configure:2178: gcc -V </dev/null >&5
gcc: argument to `-V' is missing
configure:2181: $? = 1
configure:2205: checking for C compiler default output
configure:2208: gcc    conftest.c  >&5
configure:2211: $? = 0
configure:2257: result: a.out
configure:2262: checking whether the C compiler works
configure:2268: ./a.out
configure:2271: $? = 0
configure:2288: result: yes
configure:2295: checking whether we are cross compiling
configure:2297: result: no
configure:2300: checking for suffix of executables
configure:2302: gcc -o conftest    conftest.c  >&5
configure:2305: $? = 0
configure:2330: result: 
configure:2336: checking for suffix of object files
configure:2358: gcc -c   conftest.c >&5
configure:2361: $? = 0
configure:2383: result: o
configure:2387: checking whether we are using the GNU C compiler
configure:2412: gcc -c   conftest.c >&5
configure:2415: $? = 0
configure:2418: test -s conftest.o
configure:2421: $? = 0
configure:2434: result: yes
configure:2440: checking whether gcc accepts -g
configure:2462: gcc -c -g  conftest.c >&5
configure:2465: $? = 0
configure:2468: test -s conftest.o
configure:2471: $? = 0
configure:2482: result: yes
configure:2499: checking for gcc option to accept ANSI C
configure:2560: gcc  -c -g -O2  conftest.c >&5
configure:2563: $? = 0
configure:2566: test -s conftest.o
configure:2569: $? = 0
configure:2587: result: none needed
configure:2605: gcc -c -g -O2  conftest.c >&5
conftest.c:2: parse error before `me'
configure:2608: $? = 1
configure: failed program was:
| #ifndef __cplusplus
|   choke me
| #endif
configure:2728: checking for style of include used by make
configure:2756: result: GNU
configure:2784: checking dependency style of gcc
configure:2852: result: gcc
configure:2941: checking build system type
configure:2959: result: i686-pc-linux-gnu
configure:2967: checking host system type
configure:2981: result: i686-pc-linux-gnu
configure:3011: checking for ld used by GCC
configure:3074: result: /usr/bin/ld
configure:3083: checking if the linker (/usr/bin/ld) is GNU ld
GNU ld version 2.13.90.0.16 20021126 Debian GNU/Linux
configure:3095: result: yes
configure:3100: checking for /usr/bin/ld option to reload object files
configure:3107: result: -r
configure:3112: checking for BSD-compatible nm
configure:3148: result: /usr/bin/nm -B
configure:3151: checking for a sed that does not truncate output
configure:3233: result: /bin/sed
configure:3236: checking whether ln -s works
configure:3240: result: yes
configure:3247: checking how to recognise dependent libraries
configure:3428: result: pass_all
configure:3441: checking command to parse /usr/bin/nm -B output
configure:3525: gcc -c -g -O2  conftest.c >&5
configure:3528: $? = 0
configure:3532: /usr/bin/nm -B conftest.o \| sed -n -e 's/^.*[ 	]\([ABCDGISTW][ABCDGISTW]*\)[ 	][ 	]*\(\)\([_A-Za-z][_A-Za-z0-9]*\)$/\1 \2\3 \3/p' \> conftest.nm
configure:3535: $? = 0
configure:3587: gcc -o conftest -g -O2   conftest.c conftstm.o >&5
configure:3590: $? = 0
configure:3634: result: ok
configure:3643: checking how to run the C preprocessor
configure:3679: gcc -E  conftest.c
configure:3685: $? = 0
configure:3717: gcc -E  conftest.c
configure:3718: ac_nonexistent.h: No such file or directory
configure:3723: $? = 1
configure: failed program was:
| #line 3708 "configure"
| /* confdefs.h.  */
| 
| #define PACKAGE_NAME ""
| #define PACKAGE_TARNAME ""
| #define PACKAGE_VERSION ""
| #define PACKAGE_STRING ""
| #define PACKAGE_BUGREPORT ""
| #define PACKAGE "giFT-OpenNap"
| #define VERSION "0.0.1"
| /* end confdefs.h.  */
| #include <ac_nonexistent.h>
configure:3761: result: gcc -E
configure:3786: gcc -E  conftest.c
configure:3792: $? = 0
configure:3824: gcc -E  conftest.c
configure:3825: ac_nonexistent.h: No such file or directory
configure:3830: $? = 1
configure: failed program was:
| #line 3815 "configure"
| /* confdefs.h.  */
| 
| #define PACKAGE_NAME ""
| #define PACKAGE_TARNAME ""
| #define PACKAGE_VERSION ""
| #define PACKAGE_STRING ""
| #define PACKAGE_BUGREPORT ""
| #define PACKAGE "giFT-OpenNap"
| #define VERSION "0.0.1"
| /* end confdefs.h.  */
| #include <ac_nonexistent.h>
configure:3873: checking for egrep
configure:3883: result: grep -E
configure:3888: checking for ANSI C header files
configure:3914: gcc -c -g -O2  conftest.c >&5
configure:3917: $? = 0
configure:3920: test -s conftest.o
configure:3923: $? = 0
configure:4012: gcc -o conftest -g -O2   conftest.c  >&5
configure:4015: $? = 0
configure:4017: ./conftest
configure:4020: $? = 0
configure:4035: result: yes
configure:4059: checking for sys/types.h
configure:4076: gcc -c -g -O2  conftest.c >&5
configure:4079: $? = 0
configure:4082: test -s conftest.o
configure:4085: $? = 0
configure:4096: result: yes
configure:4059: checking for sys/stat.h
configure:4076: gcc -c -g -O2  conftest.c >&5
configure:4079: $? = 0
configure:4082: test -s conftest.o
configure:4085: $? = 0
configure:4096: result: yes
configure:4059: checking for stdlib.h
configure:4076: gcc -c -g -O2  conftest.c >&5
configure:4079: $? = 0
configure:4082: test -s conftest.o
configure:4085: $? = 0
configure:4096: result: yes
configure:4059: checking for string.h
configure:4076: gcc -c -g -O2  conftest.c >&5
configure:4079: $? = 0
configure:4082: test -s conftest.o
configure:4085: $? = 0
configure:4096: result: yes
configure:4059: checking for memory.h
configure:4076: gcc -c -g -O2  conftest.c >&5
configure:4079: $? = 0
configure:4082: test -s conftest.o
configure:4085: $? = 0
configure:4096: result: yes
configure:4059: checking for strings.h
configure:4076: gcc -c -g -O2  conftest.c >&5
configure:4079: $? = 0
configure:4082: test -s conftest.o
configure:4085: $? = 0
configure:4096: result: yes
configure:4059: checking for inttypes.h
configure:4076: gcc -c -g -O2  conftest.c >&5
configure:4079: $? = 0
configure:4082: test -s conftest.o
configure:4085: $? = 0
configure:4096: result: yes
configure:4059: checking for stdint.h
configure:4076: gcc -c -g -O2  conftest.c >&5
configure:4079: $? = 0
configure:4082: test -s conftest.o
configure:4085: $? = 0
configure:4096: result: yes
configure:4059: checking for unistd.h
configure:4076: gcc -c -g -O2  conftest.c >&5
configure:4079: $? = 0
configure:4082: test -s conftest.o
configure:4085: $? = 0
configure:4096: result: yes
configure:4122: checking dlfcn.h usability
configure:4135: gcc -c -g -O2  conftest.c >&5
configure:4138: $? = 0
configure:4141: test -s conftest.o
configure:4144: $? = 0
configure:4154: result: yes
configure:4158: checking dlfcn.h presence
configure:4169: gcc -E  conftest.c
configure:4175: $? = 0
configure:4194: result: yes
configure:4230: checking for dlfcn.h
configure:4237: result: yes
configure:4435: checking for ranlib
configure:4451: found /usr/bin/ranlib
configure:4462: result: ranlib
configure:4515: checking for strip
configure:4531: found /usr/bin/strip
configure:4542: result: strip
configure:4752: checking for objdir
configure:4763: result: .libs
configure:4780: checking for gcc option to produce PIC
configure:4926: result: -fPIC
configure:4930: checking if gcc PIC flag -fPIC works
configure:4954: gcc -c -g -O2 -fPIC -DPIC  conftest.c >&5
configure:4957: $? = 0
configure:4960: test -s conftest.o
configure:4963: $? = 0
configure:5001: result: yes
configure:5017: checking if gcc static flag -static works
configure:5042: gcc -o conftest -g -O2   -static conftest.c  >&5
configure:5045: $? = 0
configure:5048: test -s conftest
configure:5051: $? = 0
configure:5067: result: yes
configure:5079: checking if gcc supports -c -o file.o
configure:5102: gcc -c -g -O2 -o out/conftest2.o  conftest.c >&5
configure:5123: result: yes
configure:5128: checking if gcc supports -c -o file.lo
configure:5156: gcc -c -g -O2 -c -o conftest.lo  conftest.c >&5
configure:5159: $? = 0
configure:5162: test -s conftest.lo
configure:5165: $? = 0
configure:5187: result: yes
configure:5218: checking if gcc supports -fno-rtti -fno-exceptions
configure:5241: gcc -c -g -O2 -fno-rtti -fno-exceptions -c conftest.c  conftest.c >&5
configure:5244: $? = 0
configure:5247: test -s conftest.o
configure:5250: $? = 0
configure:5267: result: yes
configure:5278: checking whether the linker (/usr/bin/ld) supports shared libraries
configure:5973: result: yes
configure:5978: checking how to hardcode library paths into programs
configure:6002: result: immediate
configure:6007: checking whether stripping libraries is possible
configure:6012: result: yes
configure:6023: checking dynamic linker characteristics
configure:6443: result: GNU/Linux ld.so
configure:6448: checking if libtool supports shared libraries
configure:6450: result: yes
configure:6453: checking whether to build shared libraries
configure:6474: result: yes
configure:6477: checking whether to build static libraries
configure:6481: result: no
configure:7155: checking whether -lc should be explicitly linked in
configure:7163: gcc -c -g -O2  conftest.c >&5
configure:7166: $? = 0
configure:7180: gcc -shared conftest.o  -v -Wl,-soname -Wl,conftest -o conftest 2\>\&1 \| grep  -lc  \>/dev/null 2\>\&1
configure:7183: $? = 0
configure:7196: result: no
configure:7788: checking for pkg-config
configure:7806: found /usr/bin/pkg-config
configure:7819: result: /usr/bin/pkg-config
configure:7836: checking for libgift >= 0.10.0
configure:7840: result: yes
configure:7844: checking GIFT_OPENNAP_CFLAGS
configure:7847: result: -I/usr/local/include  
configure:7850: checking GIFT_OPENNAP_LIBS
configure:7853: result: -L/usr/local/lib -lgift  
configure:7906: checking for strcasestr
configure:7956: gcc -o conftest -g -O2   conftest.c  >&5
configure:7959: $? = 0
configure:7962: test -s conftest
configure:7965: $? = 0
configure:7976: result: yes
configure:8097: creating ./config.status

## ---------------------- ##
## Running config.status. ##
## ---------------------- ##

This file was extended by config.status, which was
generated by GNU Autoconf 2.57.  Invocation command line was

  CONFIG_FILES    = 
  CONFIG_HEADERS  = 
  CONFIG_LINKS    = 
  CONFIG_COMMANDS = 
  $ ./config.status 

on sphere

config.status:672: creating Makefile
config.status:672: creating data/Makefile
config.status:672: creating src/Makefile
config.status:776: creating config.h
config.status:1009: executing depfiles commands

## ---------------- ##
## Cache variables. ##
## ---------------- ##

ac_cv_build=i686-pc-linux-gnu
ac_cv_build_alias=i686-pc-linux-gnu
ac_cv_c_compiler_gnu=yes
ac_cv_env_CC_set=
ac_cv_env_CC_value=
ac_cv_env_CFLAGS_set=
ac_cv_env_CFLAGS_value=
ac_cv_env_CPPFLAGS_set=
ac_cv_env_CPPFLAGS_value=
ac_cv_env_CPP_set=
ac_cv_env_CPP_value=
ac_cv_env_LDFLAGS_set=
ac_cv_env_LDFLAGS_value=
ac_cv_env_build_alias_set=
ac_cv_env_build_alias_value=
ac_cv_env_host_alias_set=
ac_cv_env_host_alias_value=
ac_cv_env_target_alias_set=
ac_cv_env_target_alias_value=
ac_cv_exeext=
ac_cv_func_strcasestr=yes
ac_cv_header_dlfcn_h=yes
ac_cv_header_inttypes_h=yes
ac_cv_header_memory_h=yes
ac_cv_header_stdc=yes
ac_cv_header_stdint_h=yes
ac_cv_header_stdlib_h=yes
ac_cv_header_string_h=yes
ac_cv_header_strings_h=yes
ac_cv_header_sys_stat_h=yes
ac_cv_header_sys_types_h=yes
ac_cv_header_unistd_h=yes
ac_cv_host=i686-pc-linux-gnu
ac_cv_host_alias=i686-pc-linux-gnu
ac_cv_objext=o
ac_cv_path_PKG_CONFIG=/usr/bin/pkg-config
ac_cv_path_install='/usr/bin/install -c'
ac_cv_prog_AWK=gawk
ac_cv_prog_CPP='gcc -E'
ac_cv_prog_ac_ct_CC=gcc
ac_cv_prog_ac_ct_RANLIB=ranlib
ac_cv_prog_ac_ct_STRIP=strip
ac_cv_prog_cc_g=yes
ac_cv_prog_cc_stdc=
ac_cv_prog_egrep='grep -E'
ac_cv_prog_make_make_set=yes
am_cv_CC_dependencies_compiler_type=gcc
lt_cv_archive_cmds_need_lc=no
lt_cv_compiler_c_o=yes
lt_cv_compiler_o_lo=yes
lt_cv_deplibs_check_method=pass_all
lt_cv_file_magic_cmd='$MAGIC_CMD'
lt_cv_file_magic_test_file='/lib/libc.so.6 /lib/libc-2.3.1.so'
lt_cv_global_symbol_to_c_name_address='sed -n -e '\''s/^: \([^ ]*\) $/  {\"\1\", (lt_ptr) 0},/p'\'' -e '\''s/^[BCDEGRST] \([^ ]*\) \([^ ]*\)$/  {"\2", (lt_ptr) \&\2},/p'\'''
lt_cv_global_symbol_to_cdecl='sed -n -e '\''s/^. .* \(.*\)$/extern char \1;/p'\'''
lt_cv_ld_reload_flag=-r
lt_cv_path_LD=/usr/bin/ld
lt_cv_path_NM='/usr/bin/nm -B'
lt_cv_path_SED=/bin/sed
lt_cv_prog_cc_can_build_shared=yes
lt_cv_prog_cc_no_builtin=
lt_cv_prog_cc_pic=' -fPIC'
lt_cv_prog_cc_pic_works=yes
lt_cv_prog_cc_shlib=
lt_cv_prog_cc_static=-static
lt_cv_prog_cc_static_works=yes
lt_cv_prog_cc_wl=-Wl,
lt_cv_prog_gnu_ld=yes
lt_cv_sys_global_symbol_pipe='sed -n -e '\''s/^.*[ 	]\([ABCDGISTW][ABCDGISTW]*\)[ 	][ 	]*\(\)\([_A-Za-z][_A-Za-z0-9]*\)$/\1 \2\3 \3/p'\'''

## ----------------- ##
## Output variables. ##
## ----------------- ##

ACLOCAL='${SHELL} /home/HEx/gift/giFT-OpenNap/missing --run aclocal-1.7'
AMDEPBACKSLASH='\'
AMDEP_FALSE='#'
AMDEP_TRUE=''
AMTAR='${SHELL} /home/HEx/gift/giFT-OpenNap/missing --run tar'
AUTOCONF='${SHELL} /home/HEx/gift/giFT-OpenNap/missing --run autoconf'
AUTOHEADER='${SHELL} /home/HEx/gift/giFT-OpenNap/missing --run autoheader'
AUTOMAKE='${SHELL} /home/HEx/gift/giFT-OpenNap/missing --run automake-1.7'
AWK='gawk'
CC='gcc'
CCDEPMODE='depmode=gcc'
CFLAGS='-g -O2'
CPP='gcc -E'
CPPFLAGS=''
CYGPATH_W='echo'
DATADIR='/usr/local/share/giFT/OpenNap'
DEFS='-DHAVE_CONFIG_H'
DEPDIR='.deps'
ECHO='echo'
ECHO_C=''
ECHO_N='-n'
ECHO_T=''
EGREP='grep -E'
EXEEXT=''
GIFT_OPENNAP_CFLAGS='-I/usr/local/include  '
GIFT_OPENNAP_LIBS='-L/usr/local/lib -lgift  '
INSTALL_DATA='${INSTALL} -m 644'
INSTALL_PROGRAM='${INSTALL}'
INSTALL_SCRIPT='${INSTALL}'
INSTALL_STRIP_PROGRAM='${SHELL} $(install_sh) -c -s'
LDFLAGS=''
LIBOBJS=''
LIBS=''
LIBTOOL='$(SHELL) $(top_builddir)/libtool'
LN_S='ln -s'
LTLIBOBJS=''
MAKEINFO='${SHELL} /home/HEx/gift/giFT-OpenNap/missing --run makeinfo'
OBJEXT='o'
PACKAGE='giFT-OpenNap'
PACKAGE_BUGREPORT=''
PACKAGE_NAME=''
PACKAGE_STRING=''
PACKAGE_TARNAME=''
PACKAGE_VERSION=''
PATH_SEPARATOR=':'
PKG_CONFIG='/usr/bin/pkg-config'
RANLIB='ranlib'
SET_MAKE=''
SHELL='/bin/sh'
STRIP='strip'
VERSION='0.0.1'
ac_ct_CC='gcc'
ac_ct_RANLIB='ranlib'
ac_ct_STRIP='strip'
am__fastdepCC_FALSE=''
am__fastdepCC_TRUE='#'
am__include='include'
am__leading_dot='.'
am__quote=''
bindir='${exec_prefix}/bin'
build='i686-pc-linux-gnu'
build_alias=''
build_cpu='i686'
build_os='linux-gnu'
build_vendor='pc'
datadir='${prefix}/share'
exec_prefix='${prefix}'
host='i686-pc-linux-gnu'
host_alias=''
host_cpu='i686'
host_os='linux-gnu'
host_vendor='pc'
includedir='${prefix}/include'
infodir='${prefix}/info'
install_sh='/home/HEx/gift/giFT-OpenNap/install-sh'
libdir='${exec_prefix}/lib'
libexecdir='${exec_prefix}/libexec'
localstatedir='${prefix}/var'
mandir='${prefix}/man'
oldincludedir='/usr/include'
plugindir='/usr/local/lib/giFT'
prefix='/usr/local'
program_transform_name='s,x,x,'
sbindir='${exec_prefix}/sbin'
sharedstatedir='${prefix}/com'
sysconfdir='${prefix}/etc'
target_alias=''

## ----------- ##
## confdefs.h. ##
## ----------- ##

#define DATADIR "/usr/local/share/giFT/OpenNap"
#define HAVE_DLFCN_H 1
#define HAVE_INTTYPES_H 1
#define HAVE_MEMORY_H 1
#define HAVE_STDINT_H 1
#define HAVE_STDLIB_H 1
#define HAVE_STRCASESTR 1
#define HAVE_STRINGS_H 1
#define HAVE_STRING_H 1
#define HAVE_SYS_STAT_H 1
#define HAVE_SYS_TYPES_H 1
#define HAVE_UNISTD_H 1
#define PACKAGE "giFT-OpenNap"
#define PACKAGE_BUGREPORT ""
#define PACKAGE_NAME ""
#define PACKAGE_STRING ""
#define PACKAGE_TARNAME ""
#define PACKAGE_VERSION ""
#define STDC_HEADERS 1
#define VERSION "0.0.1"

configure: exit 0

## ---------------------- ##
## Running config.status. ##
## ---------------------- ##

This file was extended by config.status, which was
generated by GNU Autoconf 2.57.  Invocation command line was

  CONFIG_FILES    = 
  CONFIG_HEADERS  = 
  CONFIG_LINKS    = 
  CONFIG_COMMANDS = 
  $ ./config.status config.h

on sphere

config.status:776: creating config.h
config.status:887: config.h is unchanged
