This file contains any messages produced by compilers while
running configure, to aid debugging if configure makes a mistake.

It was created by giFT configure 0.11.9, which was
generated by GNU Autoconf 2.61.  Invocation command line was

  $ ../configure --srcdir=.. --prefix=/home/HEx/gift/giFT/gift-0.11.9/_inst

## --------- ##
## Platform. ##
## --------- ##

hostname = sphere
uname -m = i686
uname -r = 2.6.20-16-generic
uname -s = Linux
uname -v = #2 SMP Thu Jun 7 20:19:32 UTC 2007

/usr/bin/uname -p = unknown
/bin/uname -X     = unknown

/bin/arch              = i686
/usr/bin/arch -k       = unknown
/usr/convex/getsysinfo = unknown
/usr/bin/hostinfo      = unknown
/bin/machine           = unknown
/usr/bin/oslevel       = unknown
/bin/universe          = unknown

PATH: /usr/local/sbin
PATH: /usr/local/bin
PATH: /usr/sbin
PATH: /usr/bin
PATH: /sbin
PATH: /bin
PATH: /usr/games
PATH: /home/HEx/bin
PATH: /usr/local/bin


## ----------- ##
## Core tests. ##
## ----------- ##

configure:2091: checking for a BSD-compatible install
configure:2147: result: /usr/bin/install -c
configure:2158: checking whether build environment is sane
configure:2201: result: yes
configure:2266: checking for gawk
configure:2282: found /usr/bin/gawk
configure:2293: result: gawk
configure:2304: checking whether make sets $(MAKE)
configure:2325: result: yes
configure:2511: checking whether to enable maintainer-specific portions of Makefiles
configure:2520: result: no
configure:2606: checking for gcc
configure:2622: found /usr/bin/gcc
configure:2633: result: gcc
configure:2871: checking for C compiler version
configure:2878: gcc --version >&5
gcc (GCC) 4.1.2 (Ubuntu 4.1.2-0ubuntu4)
Copyright (C) 2006 Free Software Foundation, Inc.
This is free software; see the source for copying conditions.  There is NO
warranty; not even for MERCHANTABILITY or FITNESS FOR A PARTICULAR PURPOSE.

configure:2881: $? = 0
configure:2888: gcc -v >&5
Using built-in specs.
Target: i486-linux-gnu
Configured with: ../src/configure -v --enable-languages=c,c++,fortran,objc,obj-c++,treelang --prefix=/usr --enable-shared --with-system-zlib --libexecdir=/usr/lib --without-included-gettext --enable-threads=posix --enable-nls --program-suffix=-4.1 --enable-__cxa_atexit --enable-clocale=gnu --enable-libstdcxx-debug --enable-mpfr --enable-checking=release i486-linux-gnu
Thread model: posix
gcc version 4.1.2 (Ubuntu 4.1.2-0ubuntu4)
configure:2891: $? = 0
configure:2898: gcc -V >&5
gcc: '-V' option must have argument
configure:2901: $? = 1
configure:2924: checking for C compiler default output file name
configure:2951: gcc    conftest.c  >&5
configure:2954: $? = 0
configure:2992: result: a.out
configure:3009: checking whether the C compiler works
configure:3019: ./a.out
configure:3022: $? = 0
configure:3039: result: yes
configure:3046: checking whether we are cross compiling
configure:3048: result: no
configure:3051: checking for suffix of executables
configure:3058: gcc -o conftest    conftest.c  >&5
configure:3061: $? = 0
configure:3085: result: 
configure:3091: checking for suffix of object files
configure:3117: gcc -c   conftest.c >&5
configure:3120: $? = 0
configure:3143: result: o
configure:3147: checking whether we are using the GNU C compiler
configure:3176: gcc -c   conftest.c >&5
configure:3182: $? = 0
configure:3199: result: yes
configure:3204: checking whether gcc accepts -g
configure:3234: gcc -c -g  conftest.c >&5
configure:3240: $? = 0
configure:3339: result: yes
configure:3356: checking for gcc option to accept ISO C89
configure:3430: gcc  -c -g -O2  conftest.c >&5
configure:3436: $? = 0
configure:3459: result: none needed
configure:3488: checking for style of include used by make
configure:3516: result: GNU
configure:3544: checking dependency style of gcc
configure:3634: result: gcc3
configure:3699: checking for gcc
configure:3726: result: gcc
configure:3964: checking for C compiler version
configure:3971: gcc --version >&5
gcc (GCC) 4.1.2 (Ubuntu 4.1.2-0ubuntu4)
Copyright (C) 2006 Free Software Foundation, Inc.
This is free software; see the source for copying conditions.  There is NO
warranty; not even for MERCHANTABILITY or FITNESS FOR A PARTICULAR PURPOSE.

configure:3974: $? = 0
configure:3981: gcc -v >&5
Using built-in specs.
Target: i486-linux-gnu
Configured with: ../src/configure -v --enable-languages=c,c++,fortran,objc,obj-c++,treelang --prefix=/usr --enable-shared --with-system-zlib --libexecdir=/usr/lib --without-included-gettext --enable-threads=posix --enable-nls --program-suffix=-4.1 --enable-__cxa_atexit --enable-clocale=gnu --enable-libstdcxx-debug --enable-mpfr --enable-checking=release i486-linux-gnu
Thread model: posix
gcc version 4.1.2 (Ubuntu 4.1.2-0ubuntu4)
configure:3984: $? = 0
configure:3991: gcc -V >&5
gcc: '-V' option must have argument
configure:3994: $? = 1
configure:3997: checking whether we are using the GNU C compiler
configure:4049: result: yes
configure:4054: checking whether gcc accepts -g
configure:4189: result: yes
configure:4206: checking for gcc option to accept ISO C89
configure:4309: result: none needed
configure:4329: checking dependency style of gcc
configure:4419: result: gcc3
configure:4445: checking how to run the C preprocessor
configure:4485: gcc -E  conftest.c
configure:4491: $? = 0
configure:4522: gcc -E  conftest.c
conftest.c:11:28: error: ac_nonexistent.h: No such file or directory
configure:4528: $? = 1
configure: failed program was:
| /* confdefs.h.  */
| #define PACKAGE_NAME "giFT"
| #define PACKAGE_TARNAME "gift"
| #define PACKAGE_VERSION "0.11.9"
| #define PACKAGE_STRING "giFT 0.11.9"
| #define PACKAGE_BUGREPORT ""
| #define PACKAGE "gift"
| #define VERSION "0.11.9"
| #define BUILD_DATE "Sat Jun 23 12:21:48 BST 2007"
| /* end confdefs.h.  */
| #include <ac_nonexistent.h>
configure:4561: result: gcc -E
configure:4590: gcc -E  conftest.c
configure:4596: $? = 0
configure:4627: gcc -E  conftest.c
conftest.c:11:28: error: ac_nonexistent.h: No such file or directory
configure:4633: $? = 1
configure: failed program was:
| /* confdefs.h.  */
| #define PACKAGE_NAME "giFT"
| #define PACKAGE_TARNAME "gift"
| #define PACKAGE_VERSION "0.11.9"
| #define PACKAGE_STRING "giFT 0.11.9"
| #define PACKAGE_BUGREPORT ""
| #define PACKAGE "gift"
| #define VERSION "0.11.9"
| #define BUILD_DATE "Sat Jun 23 12:21:48 BST 2007"
| /* end confdefs.h.  */
| #include <ac_nonexistent.h>
configure:4671: checking for grep that handles long lines and -e
configure:4745: result: /bin/grep
configure:4750: checking for egrep
configure:4828: result: /bin/grep -E
configure:4833: checking for ANSI C header files
configure:4863: gcc -c -g -O2  conftest.c >&5
configure:4869: $? = 0
configure:4968: gcc -o conftest -g -O2   conftest.c  >&5
configure:4971: $? = 0
configure:4977: ./conftest
configure:4980: $? = 0
configure:4997: result: yes
configure:5020: checking for a BSD-compatible install
configure:5076: result: /usr/bin/install -c
configure:5089: checking for sed
configure:5107: found /bin/sed
configure:5119: result: /bin/sed
configure:5132: checking for perl
configure:5150: found /usr/bin/perl
configure:5162: result: /usr/bin/perl
configure:5172: checking for xsltproc
configure:5190: found /usr/bin/xsltproc
configure:5202: result: /usr/bin/xsltproc
configure:5300: checking build system type
configure:5318: result: i686-pc-linux-gnu
configure:5340: checking host system type
configure:5355: result: i686-pc-linux-gnu
configure:5377: checking for a sed that does not truncate output
configure:5431: result: /bin/sed
configure:5445: checking for ld used by gcc
configure:5512: result: /usr/bin/ld
configure:5521: checking if the linker (/usr/bin/ld) is GNU ld
configure:5536: result: yes
configure:5541: checking for /usr/bin/ld option to reload object files
configure:5548: result: -r
configure:5566: checking for BSD-compatible nm
configure:5615: result: /usr/bin/nm -B
configure:5619: checking whether ln -s works
configure:5623: result: yes
configure:5630: checking how to recognise dependent libraries
configure:5806: result: pass_all
configure:6048: checking for sys/types.h
configure:6069: gcc -c -g -O2  conftest.c >&5
configure:6075: $? = 0
configure:6091: result: yes
configure:6048: checking for sys/stat.h
configure:6069: gcc -c -g -O2  conftest.c >&5
configure:6075: $? = 0
configure:6091: result: yes
configure:6048: checking for stdlib.h
configure:6069: gcc -c -g -O2  conftest.c >&5
configure:6075: $? = 0
configure:6091: result: yes
configure:6048: checking for string.h
configure:6069: gcc -c -g -O2  conftest.c >&5
configure:6075: $? = 0
configure:6091: result: yes
configure:6048: checking for memory.h
configure:6069: gcc -c -g -O2  conftest.c >&5
configure:6075: $? = 0
configure:6091: result: yes
configure:6048: checking for strings.h
configure:6069: gcc -c -g -O2  conftest.c >&5
configure:6075: $? = 0
configure:6091: result: yes
configure:6048: checking for inttypes.h
configure:6069: gcc -c -g -O2  conftest.c >&5
configure:6075: $? = 0
configure:6091: result: yes
configure:6048: checking for stdint.h
configure:6069: gcc -c -g -O2  conftest.c >&5
configure:6075: $? = 0
configure:6091: result: yes
configure:6048: checking for unistd.h
configure:6069: gcc -c -g -O2  conftest.c >&5
configure:6075: $? = 0
configure:6091: result: yes
configure:6118: checking dlfcn.h usability
configure:6135: gcc -c -g -O2  conftest.c >&5
configure:6141: $? = 0
configure:6155: result: yes
configure:6159: checking dlfcn.h presence
configure:6174: gcc -E  conftest.c
configure:6180: $? = 0
configure:6194: result: yes
configure:6222: checking for dlfcn.h
configure:6230: result: yes
configure:6301: checking for g++
configure:6317: found /usr/bin/g++
configure:6328: result: g++
configure:6359: checking for C++ compiler version
configure:6366: g++ --version >&5
g++ (GCC) 4.1.2 (Ubuntu 4.1.2-0ubuntu4)
Copyright (C) 2006 Free Software Foundation, Inc.
This is free software; see the source for copying conditions.  There is NO
warranty; not even for MERCHANTABILITY or FITNESS FOR A PARTICULAR PURPOSE.

configure:6369: $? = 0
configure:6376: g++ -v >&5
Using built-in specs.
Target: i486-linux-gnu
Configured with: ../src/configure -v --enable-languages=c,c++,fortran,objc,obj-c++,treelang --prefix=/usr --enable-shared --with-system-zlib --libexecdir=/usr/lib --without-included-gettext --enable-threads=posix --enable-nls --program-suffix=-4.1 --enable-__cxa_atexit --enable-clocale=gnu --enable-libstdcxx-debug --enable-mpfr --enable-checking=release i486-linux-gnu
Thread model: posix
gcc version 4.1.2 (Ubuntu 4.1.2-0ubuntu4)
configure:6379: $? = 0
configure:6386: g++ -V >&5
g++: '-V' option must have argument
configure:6389: $? = 1
configure:6392: checking whether we are using the GNU C++ compiler
configure:6421: g++ -c   conftest.cpp >&5
configure:6427: $? = 0
configure:6444: result: yes
configure:6449: checking whether g++ accepts -g
configure:6479: g++ -c -g  conftest.cpp >&5
configure:6485: $? = 0
configure:6584: result: yes
configure:6609: checking dependency style of g++
configure:6699: result: gcc3
configure:6726: checking how to run the C++ preprocessor
configure:6762: g++ -E  conftest.cpp
configure:6768: $? = 0
configure:6799: g++ -E  conftest.cpp
conftest.cpp:22:28: error: ac_nonexistent.h: No such file or directory
configure:6805: $? = 1
configure: failed program was:
| /* confdefs.h.  */
| #define PACKAGE_NAME "giFT"
| #define PACKAGE_TARNAME "gift"
| #define PACKAGE_VERSION "0.11.9"
| #define PACKAGE_STRING "giFT 0.11.9"
| #define PACKAGE_BUGREPORT ""
| #define PACKAGE "gift"
| #define VERSION "0.11.9"
| #define BUILD_DATE "Sat Jun 23 12:21:48 BST 2007"
| #define STDC_HEADERS 1
| #define HAVE_SYS_TYPES_H 1
| #define HAVE_SYS_STAT_H 1
| #define HAVE_STDLIB_H 1
| #define HAVE_STRING_H 1
| #define HAVE_MEMORY_H 1
| #define HAVE_STRINGS_H 1
| #define HAVE_INTTYPES_H 1
| #define HAVE_STDINT_H 1
| #define HAVE_UNISTD_H 1
| #define HAVE_DLFCN_H 1
| /* end confdefs.h.  */
| #include <ac_nonexistent.h>
configure:6838: result: g++ -E
configure:6867: g++ -E  conftest.cpp
configure:6873: $? = 0
configure:6904: g++ -E  conftest.cpp
conftest.cpp:22:28: error: ac_nonexistent.h: No such file or directory
configure:6910: $? = 1
configure: failed program was:
| /* confdefs.h.  */
| #define PACKAGE_NAME "giFT"
| #define PACKAGE_TARNAME "gift"
| #define PACKAGE_VERSION "0.11.9"
| #define PACKAGE_STRING "giFT 0.11.9"
| #define PACKAGE_BUGREPORT ""
| #define PACKAGE "gift"
| #define VERSION "0.11.9"
| #define BUILD_DATE "Sat Jun 23 12:21:48 BST 2007"
| #define STDC_HEADERS 1
| #define HAVE_SYS_TYPES_H 1
| #define HAVE_SYS_STAT_H 1
| #define HAVE_STDLIB_H 1
| #define HAVE_STRING_H 1
| #define HAVE_MEMORY_H 1
| #define HAVE_STRINGS_H 1
| #define HAVE_INTTYPES_H 1
| #define HAVE_STDINT_H 1
| #define HAVE_UNISTD_H 1
| #define HAVE_DLFCN_H 1
| /* end confdefs.h.  */
| #include <ac_nonexistent.h>
configure:7003: checking for g77
configure:7033: result: no
configure:7003: checking for xlf
configure:7033: result: no
configure:7003: checking for f77
configure:7033: result: no
configure:7003: checking for frt
configure:7033: result: no
configure:7003: checking for pgf77
configure:7033: result: no
configure:7003: checking for cf77
configure:7033: result: no
configure:7003: checking for fort77
configure:7033: result: no
configure:7003: checking for fl32
configure:7033: result: no
configure:7003: checking for af77
configure:7033: result: no
configure:7003: checking for xlf90
configure:7033: result: no
configure:7003: checking for f90
configure:7033: result: no
configure:7003: checking for pgf90
configure:7033: result: no
configure:7003: checking for pghpf
configure:7033: result: no
configure:7003: checking for epcf90
configure:7033: result: no
configure:7003: checking for gfortran
configure:7033: result: no
configure:7003: checking for g95
configure:7033: result: no
configure:7003: checking for xlf95
configure:7033: result: no
configure:7003: checking for f95
configure:7033: result: no
configure:7003: checking for fort
configure:7033: result: no
configure:7003: checking for ifort
configure:7033: result: no
configure:7003: checking for ifc
configure:7033: result: no
configure:7003: checking for efc
configure:7033: result: no
configure:7003: checking for pgf95
configure:7033: result: no
configure:7003: checking for lf95
configure:7033: result: no
configure:7003: checking for ftn
configure:7033: result: no
configure:7060: checking for Fortran 77 compiler version
configure:7067:  --version >&5
../configure: line 7068: --version: command not found
configure:7070: $? = 127
configure:7077:  -v >&5
../configure: line 7078: -v: command not found
configure:7080: $? = 127
configure:7087:  -V >&5
../configure: line 7088: -V: command not found
configure:7090: $? = 127
configure:7098: checking whether we are using the GNU Fortran 77 compiler
configure:7117:  -c  conftest.F >&5
../configure: line 7118: -c: command not found
configure:7123: $? = 127
configure: failed program was:
|       program main
| #ifndef __GNUC__
|        choke me
| #endif
| 
|       end
configure:7140: result: no
configure:7146: checking whether  accepts -g
configure:7163:  -c -g conftest.f >&5
../configure: line 7164: -c: command not found
configure:7169: $? = 127
configure: failed program was:
|       program main
| 
|       end
configure:7185: result: no
configure:7215: checking the maximum length of command line arguments
configure:7324: result: 32768
configure:7335: checking command to parse /usr/bin/nm -B output from gcc object
configure:7440: gcc -c -g -O2  conftest.c >&5
configure:7443: $? = 0
configure:7447: /usr/bin/nm -B conftest.o \| sed -n -e 's/^.*[ 	]\([ABCDGIRSTW][ABCDGIRSTW]*\)[ 	][ 	]*\([_A-Za-z][_A-Za-z0-9]*\)$/\1 \2 \2/p' \> conftest.nm
configure:7450: $? = 0
configure:7502: gcc -o conftest -g -O2   conftest.c conftstm.o >&5
configure:7505: $? = 0
configure:7543: result: ok
configure:7547: checking for objdir
configure:7562: result: .libs
configure:7654: checking for ar
configure:7670: found /usr/bin/ar
configure:7681: result: ar
configure:7750: checking for ranlib
configure:7766: found /usr/bin/ranlib
configure:7777: result: ranlib
configure:7846: checking for strip
configure:7862: found /usr/bin/strip
configure:7873: result: strip
configure:8159: checking if gcc supports -fno-rtti -fno-exceptions
configure:8177: gcc -c -g -O2  -fno-rtti -fno-exceptions conftest.c >&5
cc1: warning: command line option "-fno-rtti" is valid for C++/ObjC++ but not for C
configure:8181: $? = 0
configure:8194: result: no
configure:8209: checking for gcc option to produce PIC
configure:8419: result: -fPIC
configure:8427: checking if gcc PIC flag -fPIC works
configure:8445: gcc -c -g -O2  -fPIC -DPIC conftest.c >&5
configure:8449: $? = 0
configure:8462: result: yes
configure:8490: checking if gcc static flag -static works
configure:8518: result: yes
configure:8528: checking if gcc supports -c -o file.o
configure:8549: gcc -c -g -O2  -o out/conftest2.o conftest.c >&5
configure:8553: $? = 0
configure:8575: result: yes
configure:8601: checking whether the gcc linker (/usr/bin/ld) supports shared libraries
configure:9556: result: yes
configure:9577: checking whether -lc should be explicitly linked in
configure:9582: gcc -c -g -O2  conftest.c >&5
configure:9585: $? = 0
configure:9600: gcc -shared conftest.o  -v -Wl,-soname -Wl,conftest -o conftest 2\>\&1 \| grep  -lc  \>/dev/null 2\>\&1
configure:9603: $? = 0
configure:9615: result: no
configure:9623: checking dynamic linker characteristics
configure:10199: result: GNU/Linux ld.so
configure:10208: checking how to hardcode library paths into programs
configure:10233: result: immediate
configure:10247: checking whether stripping libraries is possible
configure:10252: result: yes
configure:11053: checking if libtool supports shared libraries
configure:11055: result: yes
configure:11058: checking whether to build shared libraries
configure:11079: result: yes
configure:11082: checking whether to build static libraries
configure:11086: result: no
configure:11178: creating libtool
configure:11766: checking for ld used by g++
configure:11833: result: /usr/bin/ld
configure:11842: checking if the linker (/usr/bin/ld) is GNU ld
configure:11857: result: yes
configure:11908: checking whether the g++ linker (/usr/bin/ld) supports shared libraries
configure:12842: result: yes
configure:12860: g++ -c -g -O2  conftest.cpp >&5
configure:12863: $? = 0
configure:12982: checking for g++ option to produce PIC
configure:13256: result: -fPIC
configure:13264: checking if g++ PIC flag -fPIC works
configure:13282: g++ -c -g -O2  -fPIC -DPIC conftest.cpp >&5
configure:13286: $? = 0
configure:13299: result: yes
configure:13327: checking if g++ static flag -static works
configure:13355: result: yes
configure:13365: checking if g++ supports -c -o file.o
configure:13386: g++ -c -g -O2  -o out/conftest2.o conftest.cpp >&5
configure:13390: $? = 0
configure:13412: result: yes
configure:13438: checking whether the g++ linker (/usr/bin/ld) supports shared libraries
configure:13466: result: yes
configure:13533: checking dynamic linker characteristics
configure:14109: result: GNU/Linux ld.so
configure:14118: checking how to hardcode library paths into programs
configure:14143: result: immediate
configure:20264: checking for gethostbyname in -lnsl
configure:20299: gcc -o conftest -g -O2   conftest.c -lnsl   >&5
configure:20305: $? = 0
configure:20323: result: yes
configure:20335: checking for socket in -lsocket
configure:20370: gcc -o conftest -g -O2   conftest.c -lsocket  -lnsl  >&5
/usr/bin/ld: cannot find -lsocket
collect2: ld returned 1 exit status
configure:20376: $? = 1
configure: failed program was:
| /* confdefs.h.  */
| #define PACKAGE_NAME "giFT"
| #define PACKAGE_TARNAME "gift"
| #define PACKAGE_VERSION "0.11.9"
| #define PACKAGE_STRING "giFT 0.11.9"
| #define PACKAGE_BUGREPORT ""
| #define PACKAGE "gift"
| #define VERSION "0.11.9"
| #define BUILD_DATE "Sat Jun 23 12:21:48 BST 2007"
| #define STDC_HEADERS 1
| #define HAVE_SYS_TYPES_H 1
| #define HAVE_SYS_STAT_H 1
| #define HAVE_STDLIB_H 1
| #define HAVE_STRING_H 1
| #define HAVE_MEMORY_H 1
| #define HAVE_STRINGS_H 1
| #define HAVE_INTTYPES_H 1
| #define HAVE_STDINT_H 1
| #define HAVE_UNISTD_H 1
| #define HAVE_DLFCN_H 1
| #define HAVE_LIBNSL 1
| /* end confdefs.h.  */
| 
| /* Override any GCC internal prototype to avoid an error.
|    Use char because int might match the return type of a GCC
|    builtin and then its argument prototype would still apply.  */
| #ifdef __cplusplus
| extern "C"
| #endif
| char socket ();
| int
| main ()
| {
| return socket ();
|   ;
|   return 0;
| }
configure:20394: result: no
configure:20406: checking for opendir in -lmingwex
configure:20441: gcc -o conftest -g -O2   conftest.c -lmingwex  -lnsl  >&5
/usr/bin/ld: cannot find -lmingwex
collect2: ld returned 1 exit status
configure:20447: $? = 1
configure: failed program was:
| /* confdefs.h.  */
| #define PACKAGE_NAME "giFT"
| #define PACKAGE_TARNAME "gift"
| #define PACKAGE_VERSION "0.11.9"
| #define PACKAGE_STRING "giFT 0.11.9"
| #define PACKAGE_BUGREPORT ""
| #define PACKAGE "gift"
| #define VERSION "0.11.9"
| #define BUILD_DATE "Sat Jun 23 12:21:48 BST 2007"
| #define STDC_HEADERS 1
| #define HAVE_SYS_TYPES_H 1
| #define HAVE_SYS_STAT_H 1
| #define HAVE_STDLIB_H 1
| #define HAVE_STRING_H 1
| #define HAVE_MEMORY_H 1
| #define HAVE_STRINGS_H 1
| #define HAVE_INTTYPES_H 1
| #define HAVE_STDINT_H 1
| #define HAVE_UNISTD_H 1
| #define HAVE_DLFCN_H 1
| #define HAVE_LIBNSL 1
| /* end confdefs.h.  */
| 
| /* Override any GCC internal prototype to avoid an error.
|    Use char because int might match the return type of a GCC
|    builtin and then its argument prototype would still apply.  */
| #ifdef __cplusplus
| extern "C"
| #endif
| char opendir ();
| int
| main ()
| {
| return opendir ();
|   ;
|   return 0;
| }
configure:20465: result: no
configure:20477: checking for inet_ntoa in -lbind
configure:20512: gcc -o conftest -g -O2   conftest.c -lbind  -lnsl  >&5
/usr/bin/ld: cannot find -lbind
collect2: ld returned 1 exit status
configure:20518: $? = 1
configure: failed program was:
| /* confdefs.h.  */
| #define PACKAGE_NAME "giFT"
| #define PACKAGE_TARNAME "gift"
| #define PACKAGE_VERSION "0.11.9"
| #define PACKAGE_STRING "giFT 0.11.9"
| #define PACKAGE_BUGREPORT ""
| #define PACKAGE "gift"
| #define VERSION "0.11.9"
| #define BUILD_DATE "Sat Jun 23 12:21:48 BST 2007"
| #define STDC_HEADERS 1
| #define HAVE_SYS_TYPES_H 1
| #define HAVE_SYS_STAT_H 1
| #define HAVE_STDLIB_H 1
| #define HAVE_STRING_H 1
| #define HAVE_MEMORY_H 1
| #define HAVE_STRINGS_H 1
| #define HAVE_INTTYPES_H 1
| #define HAVE_STDINT_H 1
| #define HAVE_UNISTD_H 1
| #define HAVE_DLFCN_H 1
| #define HAVE_LIBNSL 1
| /* end confdefs.h.  */
| 
| /* Override any GCC internal prototype to avoid an error.
|    Use char because int might match the return type of a GCC
|    builtin and then its argument prototype would still apply.  */
| #ifdef __cplusplus
| extern "C"
| #endif
| char inet_ntoa ();
| int
| main ()
| {
| return inet_ntoa ();
|   ;
|   return 0;
| }
configure:20536: result: no
configure:20548: checking for openlog in -lbe
configure:20583: gcc -o conftest -g -O2   conftest.c -lbe  -lnsl  >&5
/usr/bin/ld: cannot find -lbe
collect2: ld returned 1 exit status
configure:20589: $? = 1
configure: failed program was:
| /* confdefs.h.  */
| #define PACKAGE_NAME "giFT"
| #define PACKAGE_TARNAME "gift"
| #define PACKAGE_VERSION "0.11.9"
| #define PACKAGE_STRING "giFT 0.11.9"
| #define PACKAGE_BUGREPORT ""
| #define PACKAGE "gift"
| #define VERSION "0.11.9"
| #define BUILD_DATE "Sat Jun 23 12:21:48 BST 2007"
| #define STDC_HEADERS 1
| #define HAVE_SYS_TYPES_H 1
| #define HAVE_SYS_STAT_H 1
| #define HAVE_STDLIB_H 1
| #define HAVE_STRING_H 1
| #define HAVE_MEMORY_H 1
| #define HAVE_STRINGS_H 1
| #define HAVE_INTTYPES_H 1
| #define HAVE_STDINT_H 1
| #define HAVE_UNISTD_H 1
| #define HAVE_DLFCN_H 1
| #define HAVE_LIBNSL 1
| /* end confdefs.h.  */
| 
| /* Override any GCC internal prototype to avoid an error.
|    Use char because int might match the return type of a GCC
|    builtin and then its argument prototype would still apply.  */
| #ifdef __cplusplus
| extern "C"
| #endif
| char openlog ();
| int
| main ()
| {
| return openlog ();
|   ;
|   return 0;
| }
configure:20607: result: no
configure:20621: checking if -lws2_32 is needed
configure:20649: gcc -o conftest -g -O2   conftest.c -lnsl  >&5
conftest.c:23:22: error: winsock2.h: No such file or directory
configure:20655: $? = 1
configure: failed program was:
| /* confdefs.h.  */
| #define PACKAGE_NAME "giFT"
| #define PACKAGE_TARNAME "gift"
| #define PACKAGE_VERSION "0.11.9"
| #define PACKAGE_STRING "giFT 0.11.9"
| #define PACKAGE_BUGREPORT ""
| #define PACKAGE "gift"
| #define VERSION "0.11.9"
| #define BUILD_DATE "Sat Jun 23 12:21:48 BST 2007"
| #define STDC_HEADERS 1
| #define HAVE_SYS_TYPES_H 1
| #define HAVE_SYS_STAT_H 1
| #define HAVE_STDLIB_H 1
| #define HAVE_STRING_H 1
| #define HAVE_MEMORY_H 1
| #define HAVE_STRINGS_H 1
| #define HAVE_INTTYPES_H 1
| #define HAVE_STDINT_H 1
| #define HAVE_UNISTD_H 1
| #define HAVE_DLFCN_H 1
| #define HAVE_LIBNSL 1
| /* end confdefs.h.  */
| #include <winsock2.h>
| int
| main ()
| {
| shutdown ((void *) 0, 0)
|   ;
|   return 0;
| }
configure:20697: gcc -o conftest -g -O2   conftest.c -lnsl  -lws2_32 >&5
conftest.c:23:22: error: winsock2.h: No such file or directory
configure:20703: $? = 1
configure: failed program was:
| /* confdefs.h.  */
| #define PACKAGE_NAME "giFT"
| #define PACKAGE_TARNAME "gift"
| #define PACKAGE_VERSION "0.11.9"
| #define PACKAGE_STRING "giFT 0.11.9"
| #define PACKAGE_BUGREPORT ""
| #define PACKAGE "gift"
| #define VERSION "0.11.9"
| #define BUILD_DATE "Sat Jun 23 12:21:48 BST 2007"
| #define STDC_HEADERS 1
| #define HAVE_SYS_TYPES_H 1
| #define HAVE_SYS_STAT_H 1
| #define HAVE_STDLIB_H 1
| #define HAVE_STRING_H 1
| #define HAVE_MEMORY_H 1
| #define HAVE_STRINGS_H 1
| #define HAVE_INTTYPES_H 1
| #define HAVE_STDINT_H 1
| #define HAVE_UNISTD_H 1
| #define HAVE_DLFCN_H 1
| #define HAVE_LIBNSL 1
| /* end confdefs.h.  */
| #include <winsock2.h>
| int
| main ()
| {
| shutdown ((void *) 0, 0)
|   ;
|   return 0;
| }
configure:20724: result: no
configure:20732: checking if -lwsock32 is needed
configure:20760: gcc -o conftest -g -O2   conftest.c -lnsl  >&5
conftest.c:23:22: error: winsock2.h: No such file or directory
configure:20766: $? = 1
configure: failed program was:
| /* confdefs.h.  */
| #define PACKAGE_NAME "giFT"
| #define PACKAGE_TARNAME "gift"
| #define PACKAGE_VERSION "0.11.9"
| #define PACKAGE_STRING "giFT 0.11.9"
| #define PACKAGE_BUGREPORT ""
| #define PACKAGE "gift"
| #define VERSION "0.11.9"
| #define BUILD_DATE "Sat Jun 23 12:21:48 BST 2007"
| #define STDC_HEADERS 1
| #define HAVE_SYS_TYPES_H 1
| #define HAVE_SYS_STAT_H 1
| #define HAVE_STDLIB_H 1
| #define HAVE_STRING_H 1
| #define HAVE_MEMORY_H 1
| #define HAVE_STRINGS_H 1
| #define HAVE_INTTYPES_H 1
| #define HAVE_STDINT_H 1
| #define HAVE_UNISTD_H 1
| #define HAVE_DLFCN_H 1
| #define HAVE_LIBNSL 1
| /* end confdefs.h.  */
| #include <winsock2.h>
| int
| main ()
| {
| shutdown ((void *) 0, 0)
|   ;
|   return 0;
| }
configure:20808: gcc -o conftest -g -O2   conftest.c -lnsl  -lwsock32 >&5
conftest.c:23:22: error: winsock2.h: No such file or directory
configure:20814: $? = 1
configure: failed program was:
| /* confdefs.h.  */
| #define PACKAGE_NAME "giFT"
| #define PACKAGE_TARNAME "gift"
| #define PACKAGE_VERSION "0.11.9"
| #define PACKAGE_STRING "giFT 0.11.9"
| #define PACKAGE_BUGREPORT ""
| #define PACKAGE "gift"
| #define VERSION "0.11.9"
| #define BUILD_DATE "Sat Jun 23 12:21:48 BST 2007"
| #define STDC_HEADERS 1
| #define HAVE_SYS_TYPES_H 1
| #define HAVE_SYS_STAT_H 1
| #define HAVE_STDLIB_H 1
| #define HAVE_STRING_H 1
| #define HAVE_MEMORY_H 1
| #define HAVE_STRINGS_H 1
| #define HAVE_INTTYPES_H 1
| #define HAVE_STDINT_H 1
| #define HAVE_UNISTD_H 1
| #define HAVE_DLFCN_H 1
| #define HAVE_LIBNSL 1
| /* end confdefs.h.  */
| #include <winsock2.h>
| int
| main ()
| {
| shutdown ((void *) 0, 0)
|   ;
|   return 0;
| }
configure:20835: result: no
configure:20854: checking for dirent.h that defines DIR
configure:20883: gcc -c -g -O2  conftest.c >&5
configure:20889: $? = 0
configure:20905: result: yes
configure:20918: checking for library containing opendir
configure:20959: gcc -o conftest -g -O2   conftest.c -lnsl  >&5
configure:20965: $? = 0
configure:20993: result: none required
configure:21087: checking for ANSI C header files
configure:21251: result: yes
configure:21261: checking for sys/wait.h that is POSIX.1 compatible
configure:21297: gcc -c -g -O2  conftest.c >&5
configure:21303: $? = 0
configure:21318: result: yes
configure:21368: checking dirent.h usability
configure:21385: gcc -c -g -O2  conftest.c >&5
configure:21391: $? = 0
configure:21405: result: yes
configure:21409: checking dirent.h presence
configure:21424: gcc -E  conftest.c
configure:21430: $? = 0
configure:21444: result: yes
configure:21472: checking for dirent.h
configure:21480: result: yes
configure:21368: checking fcntl.h usability
configure:21385: gcc -c -g -O2  conftest.c >&5
configure:21391: $? = 0
configure:21405: result: yes
configure:21409: checking fcntl.h presence
configure:21424: gcc -E  conftest.c
configure:21430: $? = 0
configure:21444: result: yes
configure:21472: checking for fcntl.h
configure:21480: result: yes
configure:21368: checking getopt.h usability
configure:21385: gcc -c -g -O2  conftest.c >&5
configure:21391: $? = 0
configure:21405: result: yes
configure:21409: checking getopt.h presence
configure:21424: gcc -E  conftest.c
configure:21430: $? = 0
configure:21444: result: yes
configure:21472: checking for getopt.h
configure:21480: result: yes
configure:21368: checking limits.h usability
configure:21385: gcc -c -g -O2  conftest.c >&5
configure:21391: $? = 0
configure:21405: result: yes
configure:21409: checking limits.h presence
configure:21424: gcc -E  conftest.c
configure:21430: $? = 0
configure:21444: result: yes
configure:21472: checking for limits.h
configure:21480: result: yes
configure:21368: checking linux/limits.h usability
configure:21385: gcc -c -g -O2  conftest.c >&5
configure:21391: $? = 0
configure:21405: result: yes
configure:21409: checking linux/limits.h presence
configure:21424: gcc -E  conftest.c
configure:21430: $? = 0
configure:21444: result: yes
configure:21472: checking for linux/limits.h
configure:21480: result: yes
configure:21358: checking for stdint.h
configure:21364: result: yes
configure:21368: checking sys/mman.h usability
configure:21385: gcc -c -g -O2  conftest.c >&5
configure:21391: $? = 0
configure:21405: result: yes
configure:21409: checking sys/mman.h presence
configure:21424: gcc -E  conftest.c
configure:21430: $? = 0
configure:21444: result: yes
configure:21472: checking for sys/mman.h
configure:21480: result: yes
configure:21368: checking sys/time.h usability
configure:21385: gcc -c -g -O2  conftest.c >&5
configure:21391: $? = 0
configure:21405: result: yes
configure:21409: checking sys/time.h presence
configure:21424: gcc -E  conftest.c
configure:21430: $? = 0
configure:21444: result: yes
configure:21472: checking for sys/time.h
configure:21480: result: yes
configure:21368: checking syslog.h usability
configure:21385: gcc -c -g -O2  conftest.c >&5
configure:21391: $? = 0
configure:21405: result: yes
configure:21409: checking syslog.h presence
configure:21424: gcc -E  conftest.c
configure:21430: $? = 0
configure:21444: result: yes
configure:21472: checking for syslog.h
configure:21480: result: yes
configure:21368: checking signal.h usability
configure:21385: gcc -c -g -O2  conftest.c >&5
configure:21391: $? = 0
configure:21405: result: yes
configure:21409: checking signal.h presence
configure:21424: gcc -E  conftest.c
configure:21430: $? = 0
configure:21444: result: yes
configure:21472: checking for signal.h
configure:21480: result: yes
configure:21358: checking for unistd.h
configure:21364: result: yes
configure:21358: checking for inttypes.h
configure:21364: result: yes
configure:21368: checking io.h usability
configure:21385: gcc -c -g -O2  conftest.c >&5
conftest.c:71:16: error: io.h: No such file or directory
configure:21391: $? = 1
configure: failed program was:
| /* confdefs.h.  */
| #define PACKAGE_NAME "giFT"
| #define PACKAGE_TARNAME "gift"
| #define PACKAGE_VERSION "0.11.9"
| #define PACKAGE_STRING "giFT 0.11.9"
| #define PACKAGE_BUGREPORT ""
| #define PACKAGE "gift"
| #define VERSION "0.11.9"
| #define BUILD_DATE "Sat Jun 23 12:21:48 BST 2007"
| #define STDC_HEADERS 1
| #define HAVE_SYS_TYPES_H 1
| #define HAVE_SYS_STAT_H 1
| #define HAVE_STDLIB_H 1
| #define HAVE_STRING_H 1
| #define HAVE_MEMORY_H 1
| #define HAVE_STRINGS_H 1
| #define HAVE_INTTYPES_H 1
| #define HAVE_STDINT_H 1
| #define HAVE_UNISTD_H 1
| #define HAVE_DLFCN_H 1
| #define HAVE_LIBNSL 1
| #define HAVE_DIRENT_H 1
| #define STDC_HEADERS 1
| #define HAVE_SYS_WAIT_H 1
| #define HAVE_DIRENT_H 1
| #define HAVE_FCNTL_H 1
| #define HAVE_GETOPT_H 1
| #define HAVE_LIMITS_H 1
| #define HAVE_LINUX_LIMITS_H 1
| #define HAVE_STDINT_H 1
| #define HAVE_SYS_MMAN_H 1
| #define HAVE_SYS_TIME_H 1
| #define HAVE_SYSLOG_H 1
| #define HAVE_SIGNAL_H 1
| #define HAVE_UNISTD_H 1
| #define HAVE_INTTYPES_H 1
| /* end confdefs.h.  */
| #include <stdio.h>
| #ifdef HAVE_SYS_TYPES_H
| # include <sys/types.h>
| #endif
| #ifdef HAVE_SYS_STAT_H
| # include <sys/stat.h>
| #endif
| #ifdef STDC_HEADERS
| # include <stdlib.h>
| # include <stddef.h>
| #else
| # ifdef HAVE_STDLIB_H
| #  include <stdlib.h>
| # endif
| #endif
| #ifdef HAVE_STRING_H
| # if !defined STDC_HEADERS && defined HAVE_MEMORY_H
| #  include <memory.h>
| # endif
| # include <string.h>
| #endif
| #ifdef HAVE_STRINGS_H
| # include <strings.h>
| #endif
| #ifdef HAVE_INTTYPES_H
| # include <inttypes.h>
| #endif
| #ifdef HAVE_STDINT_H
| # include <stdint.h>
| #endif
| #ifdef HAVE_UNISTD_H
| # include <unistd.h>
| #endif
| #include <io.h>
configure:21405: result: no
configure:21409: checking io.h presence
configure:21424: gcc -E  conftest.c
conftest.c:38:16: error: io.h: No such file or directory
configure:21430: $? = 1
configure: failed program was:
| /* confdefs.h.  */
| #define PACKAGE_NAME "giFT"
| #define PACKAGE_TARNAME "gift"
| #define PACKAGE_VERSION "0.11.9"
| #define PACKAGE_STRING "giFT 0.11.9"
| #define PACKAGE_BUGREPORT ""
| #define PACKAGE "gift"
| #define VERSION "0.11.9"
| #define BUILD_DATE "Sat Jun 23 12:21:48 BST 2007"
| #define STDC_HEADERS 1
| #define HAVE_SYS_TYPES_H 1
| #define HAVE_SYS_STAT_H 1
| #define HAVE_STDLIB_H 1
| #define HAVE_STRING_H 1
| #define HAVE_MEMORY_H 1
| #define HAVE_STRINGS_H 1
| #define HAVE_INTTYPES_H 1
| #define HAVE_STDINT_H 1
| #define HAVE_UNISTD_H 1
| #define HAVE_DLFCN_H 1
| #define HAVE_LIBNSL 1
| #define HAVE_DIRENT_H 1
| #define STDC_HEADERS 1
| #define HAVE_SYS_WAIT_H 1
| #define HAVE_DIRENT_H 1
| #define HAVE_FCNTL_H 1
| #define HAVE_GETOPT_H 1
| #define HAVE_LIMITS_H 1
| #define HAVE_LINUX_LIMITS_H 1
| #define HAVE_STDINT_H 1
| #define HAVE_SYS_MMAN_H 1
| #define HAVE_SYS_TIME_H 1
| #define HAVE_SYSLOG_H 1
| #define HAVE_SIGNAL_H 1
| #define HAVE_UNISTD_H 1
| #define HAVE_INTTYPES_H 1
| /* end confdefs.h.  */
| #include <io.h>
configure:21444: result: no
configure:21472: checking for io.h
configure:21480: result: no
configure:21496: checking for an ANSI C-conforming const
configure:21571: gcc -c -g -O2  conftest.c >&5
configure:21577: $? = 0
configure:21592: result: yes
configure:21602: checking whether time.h and sys/time.h may both be included
configure:21632: gcc -c -g -O2  conftest.c >&5
configure:21638: $? = 0
configure:21653: result: yes
configure:21663: checking whether struct tm is in sys/time.h or time.h
configure:21693: gcc -c -g -O2  conftest.c >&5
configure:21699: $? = 0
configure:21714: result: time.h
configure:21754: checking whether byte ordering is bigendian
configure:21787: gcc -c -g -O2  conftest.c >&5
configure:21793: $? = 0
configure:21825: gcc -c -g -O2  conftest.c >&5
conftest.c: In function 'main':
conftest.c:46: error: 'not' undeclared (first use in this function)
conftest.c:46: error: (Each undeclared identifier is reported only once
conftest.c:46: error: for each function it appears in.)
conftest.c:46: error: expected ';' before 'big'
configure:21831: $? = 1
configure: failed program was:
| /* confdefs.h.  */
| #define PACKAGE_NAME "giFT"
| #define PACKAGE_TARNAME "gift"
| #define PACKAGE_VERSION "0.11.9"
| #define PACKAGE_STRING "giFT 0.11.9"
| #define PACKAGE_BUGREPORT ""
| #define PACKAGE "gift"
| #define VERSION "0.11.9"
| #define BUILD_DATE "Sat Jun 23 12:21:48 BST 2007"
| #define STDC_HEADERS 1
| #define HAVE_SYS_TYPES_H 1
| #define HAVE_SYS_STAT_H 1
| #define HAVE_STDLIB_H 1
| #define HAVE_STRING_H 1
| #define HAVE_MEMORY_H 1
| #define HAVE_STRINGS_H 1
| #define HAVE_INTTYPES_H 1
| #define HAVE_STDINT_H 1
| #define HAVE_UNISTD_H 1
| #define HAVE_DLFCN_H 1
| #define HAVE_LIBNSL 1
| #define HAVE_DIRENT_H 1
| #define STDC_HEADERS 1
| #define HAVE_SYS_WAIT_H 1
| #define HAVE_DIRENT_H 1
| #define HAVE_FCNTL_H 1
| #define HAVE_GETOPT_H 1
| #define HAVE_LIMITS_H 1
| #define HAVE_LINUX_LIMITS_H 1
| #define HAVE_STDINT_H 1
| #define HAVE_SYS_MMAN_H 1
| #define HAVE_SYS_TIME_H 1
| #define HAVE_SYSLOG_H 1
| #define HAVE_SIGNAL_H 1
| #define HAVE_UNISTD_H 1
| #define HAVE_INTTYPES_H 1
| #define TIME_WITH_SYS_TIME 1
| /* end confdefs.h.  */
| #include <sys/types.h>
| #include <sys/param.h>
| 
| int
| main ()
| {
| #if BYTE_ORDER != BIG_ENDIAN
|  not big endian
| #endif
| 
|   ;
|   return 0;
| }
configure:21971: result: no
configure:22001: checking for an implementation of va_copy()
configure:22030: gcc -o conftest -g -O2   conftest.c -lnsl  >&5
conftest.c: In function 'f':
conftest.c:8: warning: incompatible implicit declaration of built-in function 'exit'
configure:22036: $? = 0
configure:22053: result: yes
configure:22056: checking for an implementation of __va_copy()
configure:22085: gcc -o conftest -g -O2   conftest.c -lnsl  >&5
conftest.c: In function 'f':
conftest.c:8: warning: incompatible implicit declaration of built-in function 'exit'
configure:22091: $? = 0
configure:22108: result: yes
configure:22111: checking whether va_lists can be copied by value
configure:22148: gcc -o conftest -g -O2   conftest.c -lnsl  >&5
conftest.c: In function 'f':
conftest.c:46: warning: incompatible implicit declaration of built-in function 'exit'
configure:22151: $? = 0
configure:22157: ./conftest
configure:22160: $? = 0
configure:22176: result: yes
configure:22204: checking for short
configure:22234: gcc -c -g -O2  conftest.c >&5
configure:22240: $? = 0
configure:22255: result: yes
configure:22262: checking size of short
configure:22564: gcc -o conftest -g -O2   conftest.c -lnsl  >&5
configure:22567: $? = 0
configure:22573: ./conftest
configure:22576: $? = 0
configure:22599: result: 2
configure:22609: checking for int
configure:22639: gcc -c -g -O2  conftest.c >&5
configure:22645: $? = 0
configure:22660: result: yes
configure:22667: checking size of int
configure:22969: gcc -o conftest -g -O2   conftest.c -lnsl  >&5
configure:22972: $? = 0
configure:22978: ./conftest
configure:22981: $? = 0
configure:23004: result: 4
configure:23014: checking for long
configure:23044: gcc -c -g -O2  conftest.c >&5
configure:23050: $? = 0
configure:23065: result: yes
configure:23072: checking size of long
configure:23374: gcc -o conftest -g -O2   conftest.c -lnsl  >&5
configure:23377: $? = 0
configure:23383: ./conftest
configure:23386: $? = 0
configure:23409: result: 4
configure:23419: checking for long long
configure:23449: gcc -c -g -O2  conftest.c >&5
configure:23455: $? = 0
configure:23470: result: yes
configure:23477: checking size of long long
configure:23779: gcc -o conftest -g -O2   conftest.c -lnsl  >&5
configure:23782: $? = 0
configure:23788: ./conftest
configure:23791: $? = 0
configure:23814: result: 8
configure:23824: checking for void *
configure:23854: gcc -c -g -O2  conftest.c >&5
configure:23860: $? = 0
configure:23875: result: yes
configure:23882: checking size of void *
configure:24184: gcc -o conftest -g -O2   conftest.c -lnsl  >&5
configure:24187: $? = 0
configure:24193: ./conftest
configure:24196: $? = 0
configure:24219: result: 4
configure:24258: checking for uint8_t
configure:24296: gcc -c -g -O2  conftest.c >&5
configure:24302: $? = 0
configure:24317: result: yes
configure:24329: checking for int8_t
configure:24367: gcc -c -g -O2  conftest.c >&5
configure:24373: $? = 0
configure:24388: result: yes
configure:24400: checking for uint16_t
configure:24438: gcc -c -g -O2  conftest.c >&5
configure:24444: $? = 0
configure:24459: result: yes
configure:24471: checking for int16_t
configure:24509: gcc -c -g -O2  conftest.c >&5
configure:24515: $? = 0
configure:24530: result: yes
configure:24542: checking for uint32_t
configure:24580: gcc -c -g -O2  conftest.c >&5
configure:24586: $? = 0
configure:24601: result: yes
configure:24613: checking for int32_t
configure:24651: gcc -c -g -O2  conftest.c >&5
configure:24657: $? = 0
configure:24672: result: yes
configure:24704: checking for in_addr_t
configure:24737: gcc -c -g -O2  conftest.c >&5
configure:24743: $? = 0
configure:24758: result: yes
configure:24771: checking for in_port_t
configure:24804: gcc -c -g -O2  conftest.c >&5
configure:24810: $? = 0
configure:24825: result: yes
configure:24839: checking for pid_t
configure:24869: gcc -c -g -O2  conftest.c >&5
configure:24875: $? = 0
configure:24890: result: yes
configure:24902: checking for off_t
configure:24932: gcc -c -g -O2  conftest.c >&5
configure:24938: $? = 0
configure:24953: result: yes
configure:24965: checking for ssize_t
configure:24995: gcc -c -g -O2  conftest.c >&5
configure:25001: $? = 0
configure:25016: result: yes
configure:25028: checking for size_t
configure:25058: gcc -c -g -O2  conftest.c >&5
configure:25064: $? = 0
configure:25079: result: yes
configure:25093: checking for getopt
configure:25121: gcc -o conftest -g -O2   conftest.c -lnsl  >&5
configure:25127: $? = 0
configure:25144: result: yes
configure:25156: checking for getopt_long
configure:25184: gcc -o conftest -g -O2   conftest.c -lnsl  >&5
configure:25190: $? = 0
configure:25207: result: yes
configure:25221: checking for working memcmp
configure:25274: gcc -o conftest -g -O2   conftest.c -lnsl  >&5
configure:25277: $? = 0
configure:25283: ./conftest
configure:25286: $? = 0
configure:25302: result: yes
configure:25317: checking for stdlib.h
configure:25323: result: yes
configure:25317: checking for unistd.h
configure:25323: result: yes
configure:25456: checking for getpagesize
configure:25512: gcc -o conftest -g -O2   conftest.c -lnsl  >&5
configure:25518: $? = 0
configure:25536: result: yes
configure:25546: checking for working mmap
configure:25693: gcc -o conftest -g -O2   conftest.c -lnsl  >&5
configure:25696: $? = 0
configure:25702: ./conftest
configure:25705: $? = 0
configure:25721: result: yes
configure:25763: checking for ftruncate
configure:25819: gcc -o conftest -g -O2   conftest.c -lnsl  >&5
configure:25825: $? = 0
configure:25843: result: yes
configure:25763: checking for gettimeofday
configure:25819: gcc -o conftest -g -O2   conftest.c -lnsl  >&5
configure:25825: $? = 0
configure:25843: result: yes
configure:25763: checking for madvise
configure:25819: gcc -o conftest -g -O2   conftest.c -lnsl  >&5
configure:25825: $? = 0
configure:25843: result: yes
configure:25763: checking for memdup
configure:25819: gcc -o conftest -g -O2   conftest.c -lnsl  >&5
/tmp/ccQ1Pn0l.o: In function `main':
/home/HEx/gift/giFT/gift-0.11.9/_build/conftest.c:84: undefined reference to `memdup'
collect2: ld returned 1 exit status
configure:25825: $? = 1
configure: failed program was:
| /* confdefs.h.  */
| #define PACKAGE_NAME "giFT"
| #define PACKAGE_TARNAME "gift"
| #define PACKAGE_VERSION "0.11.9"
| #define PACKAGE_STRING "giFT 0.11.9"
| #define PACKAGE_BUGREPORT ""
| #define PACKAGE "gift"
| #define VERSION "0.11.9"
| #define BUILD_DATE "Sat Jun 23 12:21:48 BST 2007"
| #define STDC_HEADERS 1
| #define HAVE_SYS_TYPES_H 1
| #define HAVE_SYS_STAT_H 1
| #define HAVE_STDLIB_H 1
| #define HAVE_STRING_H 1
| #define HAVE_MEMORY_H 1
| #define HAVE_STRINGS_H 1
| #define HAVE_INTTYPES_H 1
| #define HAVE_STDINT_H 1
| #define HAVE_UNISTD_H 1
| #define HAVE_DLFCN_H 1
| #define HAVE_LIBNSL 1
| #define HAVE_DIRENT_H 1
| #define STDC_HEADERS 1
| #define HAVE_SYS_WAIT_H 1
| #define HAVE_DIRENT_H 1
| #define HAVE_FCNTL_H 1
| #define HAVE_GETOPT_H 1
| #define HAVE_LIMITS_H 1
| #define HAVE_LINUX_LIMITS_H 1
| #define HAVE_STDINT_H 1
| #define HAVE_SYS_MMAN_H 1
| #define HAVE_SYS_TIME_H 1
| #define HAVE_SYSLOG_H 1
| #define HAVE_SIGNAL_H 1
| #define HAVE_UNISTD_H 1
| #define HAVE_INTTYPES_H 1
| #define TIME_WITH_SYS_TIME 1
| #define SIZEOF_SHORT 2
| #define SIZEOF_INT 4
| #define SIZEOF_LONG 4
| #define SIZEOF_LONG_LONG 8
| #define SIZEOF_VOID_P 4
| #define USE_GETOPT 1
| #define USE_GETOPT_LONG 1
| #define HAVE_STDLIB_H 1
| #define HAVE_UNISTD_H 1
| #define HAVE_GETPAGESIZE 1
| #define HAVE_MMAP 1
| /* end confdefs.h.  */
| /* Define memdup to an innocuous variant, in case <limits.h> declares memdup.
|    For example, HP-UX 11i <limits.h> declares gettimeofday.  */
| #define memdup innocuous_memdup
| 
| /* System header to define __stub macros and hopefully few prototypes,
|     which can conflict with char memdup (); below.
|     Prefer <limits.h> to <assert.h> if __STDC__ is defined, since
|     <limits.h> exists even on freestanding compilers.  */
| 
| #ifdef __STDC__
| # include <limits.h>
| #else
| # include <assert.h>
| #endif
| 
| #undef memdup
| 
| /* Override any GCC internal prototype to avoid an error.
|    Use char because int might match the return type of a GCC
|    builtin and then its argument prototype would still apply.  */
| #ifdef __cplusplus
| extern "C"
| #endif
| char memdup ();
| /* The GNU C library defines this for functions which it implements
|     to always fail with ENOSYS.  Some functions are actually named
|     something starting with __ and the normal name is an alias.  */
| #if defined __stub_memdup || defined __stub___memdup
| choke me
| #endif
| 
| int
| main ()
| {
| return memdup ();
|   ;
|   return 0;
| }
configure:25843: result: no
configure:25763: checking for mkstemp
configure:25819: gcc -o conftest -g -O2   conftest.c -lnsl  >&5
configure:25825: $? = 0
configure:25843: result: yes
configure:25763: checking for nice
configure:25819: gcc -o conftest -g -O2   conftest.c -lnsl  >&5
configure:25825: $? = 0
configure:25843: result: yes
configure:25763: checking for select
configure:25819: gcc -o conftest -g -O2   conftest.c -lnsl  >&5
configure:25825: $? = 0
configure:25843: result: yes
configure:25763: checking for poll
configure:25819: gcc -o conftest -g -O2   conftest.c -lnsl  >&5
configure:25825: $? = 0
configure:25843: result: yes
configure:25763: checking for rmdir
configure:25819: gcc -o conftest -g -O2   conftest.c -lnsl  >&5
configure:25825: $? = 0
configure:25843: result: yes
configure:25763: checking for signal
configure:25819: gcc -o conftest -g -O2   conftest.c -lnsl  >&5
configure:25825: $? = 0
configure:25843: result: yes
configure:25763: checking for socket
configure:25819: gcc -o conftest -g -O2   conftest.c -lnsl  >&5
configure:25825: $? = 0
configure:25843: result: yes
configure:25763: checking for socketpair
configure:25819: gcc -o conftest -g -O2   conftest.c -lnsl  >&5
configure:25825: $? = 0
configure:25843: result: yes
configure:25763: checking for snprintf
configure:25819: gcc -o conftest -g -O2   conftest.c -lnsl  >&5
conftest.c:73: warning: conflicting types for built-in function 'snprintf'
configure:25825: $? = 0
configure:25843: result: yes
configure:25763: checking for _snprintf
configure:25819: gcc -o conftest -g -O2   conftest.c -lnsl  >&5
/tmp/ccGUzgQX.o: In function `main':
/home/HEx/gift/giFT/gift-0.11.9/_build/conftest.c:84: undefined reference to `_snprintf'
collect2: ld returned 1 exit status
configure:25825: $? = 1
configure: failed program was:
| /* confdefs.h.  */
| #define PACKAGE_NAME "giFT"
| #define PACKAGE_TARNAME "gift"
| #define PACKAGE_VERSION "0.11.9"
| #define PACKAGE_STRING "giFT 0.11.9"
| #define PACKAGE_BUGREPORT ""
| #define PACKAGE "gift"
| #define VERSION "0.11.9"
| #define BUILD_DATE "Sat Jun 23 12:21:48 BST 2007"
| #define STDC_HEADERS 1
| #define HAVE_SYS_TYPES_H 1
| #define HAVE_SYS_STAT_H 1
| #define HAVE_STDLIB_H 1
| #define HAVE_STRING_H 1
| #define HAVE_MEMORY_H 1
| #define HAVE_STRINGS_H 1
| #define HAVE_INTTYPES_H 1
| #define HAVE_STDINT_H 1
| #define HAVE_UNISTD_H 1
| #define HAVE_DLFCN_H 1
| #define HAVE_LIBNSL 1
| #define HAVE_DIRENT_H 1
| #define STDC_HEADERS 1
| #define HAVE_SYS_WAIT_H 1
| #define HAVE_DIRENT_H 1
| #define HAVE_FCNTL_H 1
| #define HAVE_GETOPT_H 1
| #define HAVE_LIMITS_H 1
| #define HAVE_LINUX_LIMITS_H 1
| #define HAVE_STDINT_H 1
| #define HAVE_SYS_MMAN_H 1
| #define HAVE_SYS_TIME_H 1
| #define HAVE_SYSLOG_H 1
| #define HAVE_SIGNAL_H 1
| #define HAVE_UNISTD_H 1
| #define HAVE_INTTYPES_H 1
| #define TIME_WITH_SYS_TIME 1
| #define SIZEOF_SHORT 2
| #define SIZEOF_INT 4
| #define SIZEOF_LONG 4
| #define SIZEOF_LONG_LONG 8
| #define SIZEOF_VOID_P 4
| #define USE_GETOPT 1
| #define USE_GETOPT_LONG 1
| #define HAVE_STDLIB_H 1
| #define HAVE_UNISTD_H 1
| #define HAVE_GETPAGESIZE 1
| #define HAVE_MMAP 1
| /* end confdefs.h.  */
| /* Define _snprintf to an innocuous variant, in case <limits.h> declares _snprintf.
|    For example, HP-UX 11i <limits.h> declares gettimeofday.  */
| #define _snprintf innocuous__snprintf
| 
| /* System header to define __stub macros and hopefully few prototypes,
|     which can conflict with char _snprintf (); below.
|     Prefer <limits.h> to <assert.h> if __STDC__ is defined, since
|     <limits.h> exists even on freestanding compilers.  */
| 
| #ifdef __STDC__
| # include <limits.h>
| #else
| # include <assert.h>
| #endif
| 
| #undef _snprintf
| 
| /* Override any GCC internal prototype to avoid an error.
|    Use char because int might match the return type of a GCC
|    builtin and then its argument prototype would still apply.  */
| #ifdef __cplusplus
| extern "C"
| #endif
| char _snprintf ();
| /* The GNU C library defines this for functions which it implements
|     to always fail with ENOSYS.  Some functions are actually named
|     something starting with __ and the normal name is an alias.  */
| #if defined __stub__snprintf || defined __stub____snprintf
| choke me
| #endif
| 
| int
| main ()
| {
| return _snprintf ();
|   ;
|   return 0;
| }
configure:25843: result: no
configure:25763: checking for vsnprintf
configure:25819: gcc -o conftest -g -O2   conftest.c -lnsl  >&5
conftest.c:73: warning: conflicting types for built-in function 'vsnprintf'
configure:25825: $? = 0
configure:25843: result: yes
configure:25763: checking for _vsnprintf
configure:25819: gcc -o conftest -g -O2   conftest.c -lnsl  >&5
/tmp/cc4GfuQQ.o: In function `main':
/home/HEx/gift/giFT/gift-0.11.9/_build/conftest.c:84: undefined reference to `_vsnprintf'
collect2: ld returned 1 exit status
configure:25825: $? = 1
configure: failed program was:
| /* confdefs.h.  */
| #define PACKAGE_NAME "giFT"
| #define PACKAGE_TARNAME "gift"
| #define PACKAGE_VERSION "0.11.9"
| #define PACKAGE_STRING "giFT 0.11.9"
| #define PACKAGE_BUGREPORT ""
| #define PACKAGE "gift"
| #define VERSION "0.11.9"
| #define BUILD_DATE "Sat Jun 23 12:21:48 BST 2007"
| #define STDC_HEADERS 1
| #define HAVE_SYS_TYPES_H 1
| #define HAVE_SYS_STAT_H 1
| #define HAVE_STDLIB_H 1
| #define HAVE_STRING_H 1
| #define HAVE_MEMORY_H 1
| #define HAVE_STRINGS_H 1
| #define HAVE_INTTYPES_H 1
| #define HAVE_STDINT_H 1
| #define HAVE_UNISTD_H 1
| #define HAVE_DLFCN_H 1
| #define HAVE_LIBNSL 1
| #define HAVE_DIRENT_H 1
| #define STDC_HEADERS 1
| #define HAVE_SYS_WAIT_H 1
| #define HAVE_DIRENT_H 1
| #define HAVE_FCNTL_H 1
| #define HAVE_GETOPT_H 1
| #define HAVE_LIMITS_H 1
| #define HAVE_LINUX_LIMITS_H 1
| #define HAVE_STDINT_H 1
| #define HAVE_SYS_MMAN_H 1
| #define HAVE_SYS_TIME_H 1
| #define HAVE_SYSLOG_H 1
| #define HAVE_SIGNAL_H 1
| #define HAVE_UNISTD_H 1
| #define HAVE_INTTYPES_H 1
| #define TIME_WITH_SYS_TIME 1
| #define SIZEOF_SHORT 2
| #define SIZEOF_INT 4
| #define SIZEOF_LONG 4
| #define SIZEOF_LONG_LONG 8
| #define SIZEOF_VOID_P 4
| #define USE_GETOPT 1
| #define USE_GETOPT_LONG 1
| #define HAVE_STDLIB_H 1
| #define HAVE_UNISTD_H 1
| #define HAVE_GETPAGESIZE 1
| #define HAVE_MMAP 1
| /* end confdefs.h.  */
| /* Define _vsnprintf to an innocuous variant, in case <limits.h> declares _vsnprintf.
|    For example, HP-UX 11i <limits.h> declares gettimeofday.  */
| #define _vsnprintf innocuous__vsnprintf
| 
| /* System header to define __stub macros and hopefully few prototypes,
|     which can conflict with char _vsnprintf (); below.
|     Prefer <limits.h> to <assert.h> if __STDC__ is defined, since
|     <limits.h> exists even on freestanding compilers.  */
| 
| #ifdef __STDC__
| # include <limits.h>
| #else
| # include <assert.h>
| #endif
| 
| #undef _vsnprintf
| 
| /* Override any GCC internal prototype to avoid an error.
|    Use char because int might match the return type of a GCC
|    builtin and then its argument prototype would still apply.  */
| #ifdef __cplusplus
| extern "C"
| #endif
| char _vsnprintf ();
| /* The GNU C library defines this for functions which it implements
|     to always fail with ENOSYS.  Some functions are actually named
|     something starting with __ and the normal name is an alias.  */
| #if defined __stub__vsnprintf || defined __stub____vsnprintf
| choke me
| #endif
| 
| int
| main ()
| {
| return _vsnprintf ();
|   ;
|   return 0;
| }
configure:25843: result: no
configure:25763: checking for strcasecmp
configure:25819: gcc -o conftest -g -O2   conftest.c -lnsl  >&5
conftest.c:73: warning: conflicting types for built-in function 'strcasecmp'
configure:25825: $? = 0
configure:25843: result: yes
configure:25763: checking for strcspn
configure:25819: gcc -o conftest -g -O2   conftest.c -lnsl  >&5
conftest.c:73: warning: conflicting types for built-in function 'strcspn'
configure:25825: $? = 0
configure:25843: result: yes
configure:25763: checking for strlcat
configure:25819: gcc -o conftest -g -O2   conftest.c -lnsl  >&5
/tmp/ccgbwjxN.o: In function `main':
/home/HEx/gift/giFT/gift-0.11.9/_build/conftest.c:84: undefined reference to `strlcat'
collect2: ld returned 1 exit status
configure:25825: $? = 1
configure: failed program was:
| /* confdefs.h.  */
| #define PACKAGE_NAME "giFT"
| #define PACKAGE_TARNAME "gift"
| #define PACKAGE_VERSION "0.11.9"
| #define PACKAGE_STRING "giFT 0.11.9"
| #define PACKAGE_BUGREPORT ""
| #define PACKAGE "gift"
| #define VERSION "0.11.9"
| #define BUILD_DATE "Sat Jun 23 12:21:48 BST 2007"
| #define STDC_HEADERS 1
| #define HAVE_SYS_TYPES_H 1
| #define HAVE_SYS_STAT_H 1
| #define HAVE_STDLIB_H 1
| #define HAVE_STRING_H 1
| #define HAVE_MEMORY_H 1
| #define HAVE_STRINGS_H 1
| #define HAVE_INTTYPES_H 1
| #define HAVE_STDINT_H 1
| #define HAVE_UNISTD_H 1
| #define HAVE_DLFCN_H 1
| #define HAVE_LIBNSL 1
| #define HAVE_DIRENT_H 1
| #define STDC_HEADERS 1
| #define HAVE_SYS_WAIT_H 1
| #define HAVE_DIRENT_H 1
| #define HAVE_FCNTL_H 1
| #define HAVE_GETOPT_H 1
| #define HAVE_LIMITS_H 1
| #define HAVE_LINUX_LIMITS_H 1
| #define HAVE_STDINT_H 1
| #define HAVE_SYS_MMAN_H 1
| #define HAVE_SYS_TIME_H 1
| #define HAVE_SYSLOG_H 1
| #define HAVE_SIGNAL_H 1
| #define HAVE_UNISTD_H 1
| #define HAVE_INTTYPES_H 1
| #define TIME_WITH_SYS_TIME 1
| #define SIZEOF_SHORT 2
| #define SIZEOF_INT 4
| #define SIZEOF_LONG 4
| #define SIZEOF_LONG_LONG 8
| #define SIZEOF_VOID_P 4
| #define USE_GETOPT 1
| #define USE_GETOPT_LONG 1
| #define HAVE_STDLIB_H 1
| #define HAVE_UNISTD_H 1
| #define HAVE_GETPAGESIZE 1
| #define HAVE_MMAP 1
| /* end confdefs.h.  */
| /* Define strlcat to an innocuous variant, in case <limits.h> declares strlcat.
|    For example, HP-UX 11i <limits.h> declares gettimeofday.  */
| #define strlcat innocuous_strlcat
| 
| /* System header to define __stub macros and hopefully few prototypes,
|     which can conflict with char strlcat (); below.
|     Prefer <limits.h> to <assert.h> if __STDC__ is defined, since
|     <limits.h> exists even on freestanding compilers.  */
| 
| #ifdef __STDC__
| # include <limits.h>
| #else
| # include <assert.h>
| #endif
| 
| #undef strlcat
| 
| /* Override any GCC internal prototype to avoid an error.
|    Use char because int might match the return type of a GCC
|    builtin and then its argument prototype would still apply.  */
| #ifdef __cplusplus
| extern "C"
| #endif
| char strlcat ();
| /* The GNU C library defines this for functions which it implements
|     to always fail with ENOSYS.  Some functions are actually named
|     something starting with __ and the normal name is an alias.  */
| #if defined __stub_strlcat || defined __stub___strlcat
| choke me
| #endif
| 
| int
| main ()
| {
| return strlcat ();
|   ;
|   return 0;
| }
configure:25843: result: no
configure:25763: checking for strlcpy
configure:25819: gcc -o conftest -g -O2   conftest.c -lnsl  >&5
/tmp/ccsuPp68.o: In function `main':
/home/HEx/gift/giFT/gift-0.11.9/_build/conftest.c:84: undefined reference to `strlcpy'
collect2: ld returned 1 exit status
configure:25825: $? = 1
configure: failed program was:
| /* confdefs.h.  */
| #define PACKAGE_NAME "giFT"
| #define PACKAGE_TARNAME "gift"
| #define PACKAGE_VERSION "0.11.9"
| #define PACKAGE_STRING "giFT 0.11.9"
| #define PACKAGE_BUGREPORT ""
| #define PACKAGE "gift"
| #define VERSION "0.11.9"
| #define BUILD_DATE "Sat Jun 23 12:21:48 BST 2007"
| #define STDC_HEADERS 1
| #define HAVE_SYS_TYPES_H 1
| #define HAVE_SYS_STAT_H 1
| #define HAVE_STDLIB_H 1
| #define HAVE_STRING_H 1
| #define HAVE_MEMORY_H 1
| #define HAVE_STRINGS_H 1
| #define HAVE_INTTYPES_H 1
| #define HAVE_STDINT_H 1
| #define HAVE_UNISTD_H 1
| #define HAVE_DLFCN_H 1
| #define HAVE_LIBNSL 1
| #define HAVE_DIRENT_H 1
| #define STDC_HEADERS 1
| #define HAVE_SYS_WAIT_H 1
| #define HAVE_DIRENT_H 1
| #define HAVE_FCNTL_H 1
| #define HAVE_GETOPT_H 1
| #define HAVE_LIMITS_H 1
| #define HAVE_LINUX_LIMITS_H 1
| #define HAVE_STDINT_H 1
| #define HAVE_SYS_MMAN_H 1
| #define HAVE_SYS_TIME_H 1
| #define HAVE_SYSLOG_H 1
| #define HAVE_SIGNAL_H 1
| #define HAVE_UNISTD_H 1
| #define HAVE_INTTYPES_H 1
| #define TIME_WITH_SYS_TIME 1
| #define SIZEOF_SHORT 2
| #define SIZEOF_INT 4
| #define SIZEOF_LONG 4
| #define SIZEOF_LONG_LONG 8
| #define SIZEOF_VOID_P 4
| #define USE_GETOPT 1
| #define USE_GETOPT_LONG 1
| #define HAVE_STDLIB_H 1
| #define HAVE_UNISTD_H 1
| #define HAVE_GETPAGESIZE 1
| #define HAVE_MMAP 1
| /* end confdefs.h.  */
| /* Define strlcpy to an innocuous variant, in case <limits.h> declares strlcpy.
|    For example, HP-UX 11i <limits.h> declares gettimeofday.  */
| #define strlcpy innocuous_strlcpy
| 
| /* System header to define __stub macros and hopefully few prototypes,
|     which can conflict with char strlcpy (); below.
|     Prefer <limits.h> to <assert.h> if __STDC__ is defined, since
|     <limits.h> exists even on freestanding compilers.  */
| 
| #ifdef __STDC__
| # include <limits.h>
| #else
| # include <assert.h>
| #endif
| 
| #undef strlcpy
| 
| /* Override any GCC internal prototype to avoid an error.
|    Use char because int might match the return type of a GCC
|    builtin and then its argument prototype would still apply.  */
| #ifdef __cplusplus
| extern "C"
| #endif
| char strlcpy ();
| /* The GNU C library defines this for functions which it implements
|     to always fail with ENOSYS.  Some functions are actually named
|     something starting with __ and the normal name is an alias.  */
| #if defined __stub_strlcpy || defined __stub___strlcpy
| choke me
| #endif
| 
| int
| main ()
| {
| return strlcpy ();
|   ;
|   return 0;
| }
configure:25843: result: no
configure:25763: checking for strmove
configure:25819: gcc -o conftest -g -O2   conftest.c -lnsl  >&5
/tmp/ccIZn1Ow.o: In function `main':
/home/HEx/gift/giFT/gift-0.11.9/_build/conftest.c:84: undefined reference to `strmove'
collect2: ld returned 1 exit status
configure:25825: $? = 1
configure: failed program was:
| /* confdefs.h.  */
| #define PACKAGE_NAME "giFT"
| #define PACKAGE_TARNAME "gift"
| #define PACKAGE_VERSION "0.11.9"
| #define PACKAGE_STRING "giFT 0.11.9"
| #define PACKAGE_BUGREPORT ""
| #define PACKAGE "gift"
| #define VERSION "0.11.9"
| #define BUILD_DATE "Sat Jun 23 12:21:48 BST 2007"
| #define STDC_HEADERS 1
| #define HAVE_SYS_TYPES_H 1
| #define HAVE_SYS_STAT_H 1
| #define HAVE_STDLIB_H 1
| #define HAVE_STRING_H 1
| #define HAVE_MEMORY_H 1
| #define HAVE_STRINGS_H 1
| #define HAVE_INTTYPES_H 1
| #define HAVE_STDINT_H 1
| #define HAVE_UNISTD_H 1
| #define HAVE_DLFCN_H 1
| #define HAVE_LIBNSL 1
| #define HAVE_DIRENT_H 1
| #define STDC_HEADERS 1
| #define HAVE_SYS_WAIT_H 1
| #define HAVE_DIRENT_H 1
| #define HAVE_FCNTL_H 1
| #define HAVE_GETOPT_H 1
| #define HAVE_LIMITS_H 1
| #define HAVE_LINUX_LIMITS_H 1
| #define HAVE_STDINT_H 1
| #define HAVE_SYS_MMAN_H 1
| #define HAVE_SYS_TIME_H 1
| #define HAVE_SYSLOG_H 1
| #define HAVE_SIGNAL_H 1
| #define HAVE_UNISTD_H 1
| #define HAVE_INTTYPES_H 1
| #define TIME_WITH_SYS_TIME 1
| #define SIZEOF_SHORT 2
| #define SIZEOF_INT 4
| #define SIZEOF_LONG 4
| #define SIZEOF_LONG_LONG 8
| #define SIZEOF_VOID_P 4
| #define USE_GETOPT 1
| #define USE_GETOPT_LONG 1
| #define HAVE_STDLIB_H 1
| #define HAVE_UNISTD_H 1
| #define HAVE_GETPAGESIZE 1
| #define HAVE_MMAP 1
| /* end confdefs.h.  */
| /* Define strmove to an innocuous variant, in case <limits.h> declares strmove.
|    For example, HP-UX 11i <limits.h> declares gettimeofday.  */
| #define strmove innocuous_strmove
| 
| /* System header to define __stub macros and hopefully few prototypes,
|     which can conflict with char strmove (); below.
|     Prefer <limits.h> to <assert.h> if __STDC__ is defined, since
|     <limits.h> exists even on freestanding compilers.  */
| 
| #ifdef __STDC__
| # include <limits.h>
| #else
| # include <assert.h>
| #endif
| 
| #undef strmove
| 
| /* Override any GCC internal prototype to avoid an error.
|    Use char because int might match the return type of a GCC
|    builtin and then its argument prototype would still apply.  */
| #ifdef __cplusplus
| extern "C"
| #endif
| char strmove ();
| /* The GNU C library defines this for functions which it implements
|     to always fail with ENOSYS.  Some functions are actually named
|     something starting with __ and the normal name is an alias.  */
| #if defined __stub_strmove || defined __stub___strmove
| choke me
| #endif
| 
| int
| main ()
| {
| return strmove ();
|   ;
|   return 0;
| }
configure:25843: result: no
configure:25763: checking for strpbrk
configure:25819: gcc -o conftest -g -O2   conftest.c -lnsl  >&5
conftest.c:73: warning: conflicting types for built-in function 'strpbrk'
configure:25825: $? = 0
configure:25843: result: yes
configure:25763: checking for strspn
configure:25819: gcc -o conftest -g -O2   conftest.c -lnsl  >&5
conftest.c:73: warning: conflicting types for built-in function 'strspn'
configure:25825: $? = 0
configure:25843: result: yes
configure:25763: checking for strtol
configure:25819: gcc -o conftest -g -O2   conftest.c -lnsl  >&5
configure:25825: $? = 0
configure:25843: result: yes
configure:25763: checking for strtoul
configure:25819: gcc -o conftest -g -O2   conftest.c -lnsl  >&5
configure:25825: $? = 0
configure:25843: result: yes
configure:25763: checking for unlink
configure:25819: gcc -o conftest -g -O2   conftest.c -lnsl  >&5
configure:25825: $? = 0
configure:25843: result: yes
configure:26034: checking for lt_dlopen in -lltdl
configure:26069: gcc -o conftest -g -O2 -Wall   conftest.c -lltdl  -lnsl  >&5
configure:26075: $? = 0
configure:26093: result: yes
configure:26096: checking for lt_dlsym in -lltdl
configure:26131: gcc -o conftest -g -O2 -Wall   conftest.c -lltdl  -lnsl  >&5
configure:26137: $? = 0
configure:26155: result: yes
configure:26197: checking ltdl.h usability
configure:26214: gcc -c -g -O2 -Wall  conftest.c >&5
configure:26220: $? = 0
configure:26234: result: yes
configure:26238: checking ltdl.h presence
configure:26253: gcc -E  conftest.c
configure:26259: $? = 0
configure:26273: result: yes
configure:26301: checking for ltdl.h
configure:26309: result: yes
configure:26652: checking for Ogg
configure:26692: gcc -o conftest -g -O2 -Wall -I/home/HEx/gift/giFT/gift-0.11.9/_inst/include   conftest.c -lnsl  -L/home/HEx/gift/giFT/gift-0.11.9/_inst/lib -logg >&5
configure:26695: $? = 0
configure:26701: ./conftest
configure:26704: $? = 0
configure:26724: result: yes
configure:26866: checking for Vorbis
configure:26906: gcc -o conftest -g -O2 -Wall -I/home/HEx/gift/giFT/gift-0.11.9/_inst/include -I/home/HEx/gift/giFT/gift-0.11.9/_inst/include   conftest.c -lnsl  -L/home/HEx/gift/giFT/gift-0.11.9/_inst/lib -lvorbis -lm -L/home/HEx/gift/giFT/gift-0.11.9/_inst/lib -logg >&5
configure:26909: $? = 0
configure:26915: ./conftest
configure:26918: $? = 0
configure:26938: result: yes
configure:27655: creating ./config.status

## ---------------------- ##
## Running config.status. ##
## ---------------------- ##

This file was extended by giFT config.status 0.11.9, which was
generated by GNU Autoconf 2.61.  Invocation command line was

  CONFIG_FILES    = 
  CONFIG_HEADERS  = 
  CONFIG_LINKS    = 
  CONFIG_COMMANDS = 
  $ ./config.status 

on sphere

config.status:735: creating Makefile
config.status:735: creating gift.spec
config.status:735: creating gift-setup
config.status:735: creating data/Makefile
config.status:735: creating doc/Makefile
config.status:735: creating etc/Makefile
config.status:735: creating etc/ui/Makefile
config.status:735: creating lib/Makefile
config.status:735: creating lib/libgift.pc
config.status:735: creating lib/giftconfig.h
config.status:735: creating m4/Makefile
config.status:735: creating plugin/Makefile
config.status:735: creating plugin/protocol_ver.h
config.status:735: creating src/Makefile
config.status:735: creating src/meta/Makefile
config.status:735: creating win32/Makefile
config.status:735: creating win32/giFTsetup/Makefile
config.status:735: creating win32/giFTtray/Makefile
config.status:735: creating config.h
config.status:1036: executing depfiles commands
config.status:1036: executing default commands

## ---------------- ##
## Cache variables. ##
## ---------------- ##

ac_cv_build=i686-pc-linux-gnu
ac_cv_c_bigendian=no
ac_cv_c_compiler_gnu=yes
ac_cv_c_const=yes
ac_cv_cxx_compiler_gnu=yes
ac_cv_env_CCC_set=
ac_cv_env_CCC_value=
ac_cv_env_CC_set=
ac_cv_env_CC_value=
ac_cv_env_CFLAGS_set=
ac_cv_env_CFLAGS_value=
ac_cv_env_CPPFLAGS_set=
ac_cv_env_CPPFLAGS_value=
ac_cv_env_CPP_set=
ac_cv_env_CPP_value=
ac_cv_env_CXXCPP_set=
ac_cv_env_CXXCPP_value=
ac_cv_env_CXXFLAGS_set=
ac_cv_env_CXXFLAGS_value=
ac_cv_env_CXX_set=
ac_cv_env_CXX_value=
ac_cv_env_F77_set=
ac_cv_env_F77_value=
ac_cv_env_FFLAGS_set=
ac_cv_env_FFLAGS_value=
ac_cv_env_LDFLAGS_set=
ac_cv_env_LDFLAGS_value=
ac_cv_env_LIBS_set=
ac_cv_env_LIBS_value=
ac_cv_env_build_alias_set=
ac_cv_env_build_alias_value=
ac_cv_env_host_alias_set=
ac_cv_env_host_alias_value=
ac_cv_env_target_alias_set=
ac_cv_env_target_alias_value=
ac_cv_f77_compiler_gnu=no
ac_cv_func__snprintf=no
ac_cv_func__vsnprintf=no
ac_cv_func_ftruncate=yes
ac_cv_func_getopt=yes
ac_cv_func_getopt_long=yes
ac_cv_func_getpagesize=yes
ac_cv_func_gettimeofday=yes
ac_cv_func_madvise=yes
ac_cv_func_memcmp_working=yes
ac_cv_func_memdup=no
ac_cv_func_mkstemp=yes
ac_cv_func_mmap_fixed_mapped=yes
ac_cv_func_nice=yes
ac_cv_func_poll=yes
ac_cv_func_rmdir=yes
ac_cv_func_select=yes
ac_cv_func_signal=yes
ac_cv_func_snprintf=yes
ac_cv_func_socket=yes
ac_cv_func_socketpair=yes
ac_cv_func_strcasecmp=yes
ac_cv_func_strcspn=yes
ac_cv_func_strlcat=no
ac_cv_func_strlcpy=no
ac_cv_func_strmove=no
ac_cv_func_strpbrk=yes
ac_cv_func_strspn=yes
ac_cv_func_strtol=yes
ac_cv_func_strtoul=yes
ac_cv_func_unlink=yes
ac_cv_func_vsnprintf=yes
ac_cv_gift_int32=int
ac_cv_header_dirent_dirent_h=yes
ac_cv_header_dirent_h=yes
ac_cv_header_dlfcn_h=yes
ac_cv_header_fcntl_h=yes
ac_cv_header_getopt_h=yes
ac_cv_header_inttypes_h=yes
ac_cv_header_io_h=no
ac_cv_header_limits_h=yes
ac_cv_header_linux_limits_h=yes
ac_cv_header_ltdl_h=yes
ac_cv_header_memory_h=yes
ac_cv_header_signal_h=yes
ac_cv_header_stdc=yes
ac_cv_header_stdint_h=yes
ac_cv_header_stdlib_h=yes
ac_cv_header_string_h=yes
ac_cv_header_strings_h=yes
ac_cv_header_sys_mman_h=yes
ac_cv_header_sys_stat_h=yes
ac_cv_header_sys_time_h=yes
ac_cv_header_sys_types_h=yes
ac_cv_header_sys_wait_h=yes
ac_cv_header_syslog_h=yes
ac_cv_header_time=yes
ac_cv_header_unistd_h=yes
ac_cv_host=i686-pc-linux-gnu
ac_cv_lib_be_openlog=no
ac_cv_lib_bind_inet_ntoa=no
ac_cv_lib_ltdl_lt_dlopen=yes
ac_cv_lib_ltdl_lt_dlsym=yes
ac_cv_lib_mingwex_opendir=no
ac_cv_lib_nsl_gethostbyname=yes
ac_cv_lib_socket_socket=no
ac_cv_objext=o
ac_cv_path_EGREP='/bin/grep -E'
ac_cv_path_GREP=/bin/grep
ac_cv_path_PERL=/usr/bin/perl
ac_cv_path_SED=/bin/sed
ac_cv_path_XSLTPROC=/usr/bin/xsltproc
ac_cv_path_install='/usr/bin/install -c'
ac_cv_prog_AWK=gawk
ac_cv_prog_CPP='gcc -E'
ac_cv_prog_CXXCPP='g++ -E'
ac_cv_prog_ac_ct_AR=ar
ac_cv_prog_ac_ct_CC=gcc
ac_cv_prog_ac_ct_CXX=g++
ac_cv_prog_ac_ct_RANLIB=ranlib
ac_cv_prog_ac_ct_STRIP=strip
ac_cv_prog_cc_c89=
ac_cv_prog_cc_g=yes
ac_cv_prog_cxx_g=yes
ac_cv_prog_f77_g=no
ac_cv_prog_make_make_set=yes
ac_cv_search_opendir='none required'
ac_cv_sizeof_int=4
ac_cv_sizeof_long=4
ac_cv_sizeof_long_long=8
ac_cv_sizeof_short=2
ac_cv_sizeof_void_p=4
ac_cv_struct_tm=time.h
ac_cv_type_in_addr_t=yes
ac_cv_type_in_port_t=yes
ac_cv_type_int16_t=yes
ac_cv_type_int32_t=yes
ac_cv_type_int8_t=yes
ac_cv_type_int=yes
ac_cv_type_long=yes
ac_cv_type_long_long=yes
ac_cv_type_off_t=yes
ac_cv_type_pid_t=yes
ac_cv_type_short=yes
ac_cv_type_size_t=yes
ac_cv_type_ssize_t=yes
ac_cv_type_uint16_t=yes
ac_cv_type_uint32_t=yes
ac_cv_type_uint8_t=yes
ac_cv_type_void_p=yes
am_cv_CC_dependencies_compiler_type=gcc3
am_cv_CXX_dependencies_compiler_type=gcc3
am_cv_prog_cc_stdc=
gift_cv_gift_cv_need_ws2_lib_save_LIBS='-lnsl '
gift_cv_gift_cv_need_wsock32_lib_save_LIBS='-lnsl '
gift_cv_link_without_gift_cv_need_ws2_lib_failed=yes
gift_cv_link_without_gift_cv_need_wsock32_lib_failed=yes
gift_cv_need_ws2_lib=no
gift_cv_need_wsock32_lib=no
libgift_cv___va_copy=yes
libgift_cv_va_copy=yes
libgift_cv_va_copy_by_val=yes
lt_cv_deplibs_check_method=pass_all
lt_cv_file_magic_cmd='$MAGIC_CMD'
lt_cv_file_magic_test_file=
lt_cv_ld_reload_flag=-r
lt_cv_objdir=.libs
lt_cv_path_LD=/usr/bin/ld
lt_cv_path_LDCXX=/usr/bin/ld
lt_cv_path_NM='/usr/bin/nm -B'
lt_cv_path_SED=/bin/sed
lt_cv_prog_compiler_c_o=yes
lt_cv_prog_compiler_c_o_CXX=yes
lt_cv_prog_compiler_rtti_exceptions=no
lt_cv_prog_gnu_ld=yes
lt_cv_prog_gnu_ldcxx=yes
lt_cv_sys_global_symbol_pipe='sed -n -e '\''s/^.*[ 	]\([ABCDGIRSTW][ABCDGIRSTW]*\)[ 	][ 	]*\([_A-Za-z][_A-Za-z0-9]*\)$/\1 \2 \2/p'\'''
lt_cv_sys_global_symbol_to_c_name_address='sed -n -e '\''s/^: \([^ ]*\) $/  {\"\1\", (lt_ptr) 0},/p'\'' -e '\''s/^[BCDEGRST] \([^ ]*\) \([^ ]*\)$/  {"\2", (lt_ptr) \&\2},/p'\'''
lt_cv_sys_global_symbol_to_cdecl='sed -n -e '\''s/^. .* \(.*\)$/extern int \1;/p'\'''
lt_cv_sys_max_cmd_len=32768
lt_lt_cv_prog_compiler_c_o='"yes"'
lt_lt_cv_prog_compiler_c_o_CXX='"yes"'
lt_lt_cv_sys_global_symbol_pipe='"sed -n -e '\''s/^.*[ 	]\\([ABCDGIRSTW][ABCDGIRSTW]*\\)[ 	][ 	]*\\([_A-Za-z][_A-Za-z0-9]*\\)\$/\\1 \\2 \\2/p'\''"'
lt_lt_cv_sys_global_symbol_to_c_name_address='"sed -n -e '\''s/^: \\([^ ]*\\) \$/  {\\\"\\1\\\", (lt_ptr) 0},/p'\'' -e '\''s/^[BCDEGRST] \\([^ ]*\\) \\([^ ]*\\)\$/  {\"\\2\", (lt_ptr) \\&\\2},/p'\''"'
lt_lt_cv_sys_global_symbol_to_cdecl='"sed -n -e '\''s/^. .* \\(.*\\)\$/extern int \\1;/p'\''"'

## ----------------- ##
## Output variables. ##
## ----------------- ##

ACLOCAL='${SHELL} /home/HEx/gift/giFT/gift-0.11.9/missing --run aclocal-1.9'
AMDEPBACKSLASH='\'
AMDEP_FALSE='#'
AMDEP_TRUE=''
AMTAR='${SHELL} /home/HEx/gift/giFT/gift-0.11.9/missing --run tar'
AR='ar'
AUTOCONF='${SHELL} /home/HEx/gift/giFT/gift-0.11.9/missing --run autoconf'
AUTOHEADER='${SHELL} /home/HEx/gift/giFT/gift-0.11.9/missing --run autoheader'
AUTOMAKE='${SHELL} /home/HEx/gift/giFT/gift-0.11.9/missing --run automake-1.9'
AWK='gawk'
BUILD_DOCS_FALSE='#'
BUILD_DOCS_TRUE=''
CC='gcc'
CCDEPMODE='depmode=gcc3'
CFLAGS='-g -O2 -Wall'
CPP='gcc -E'
CPPFLAGS=''
CXX='g++'
CXXCPP='g++ -E'
CXXDEPMODE='depmode=gcc3'
CXXFLAGS='-g -O2'
CYGPATH_W='echo'
DEFS='-DHAVE_CONFIG_H'
DEPDIR='.deps'
DL_CFLAGS=''
DL_LDFLAGS=''
DL_LIBS='-lltdl'
ECHO='echo'
ECHO_C=''
ECHO_N='-n'
ECHO_T=''
EGREP='/bin/grep -E'
EXEEXT=''
F77=''
FFLAGS=''
GIFTD_MAJOR='0'
GIFTD_MICRO='9'
GIFTD_MINOR='11'
GIFTD_VERSION='0.11.9'
GIFTD_VERSIONSTR='"0.11.9"'
GIFT_CFLAGS='-g -O2 -Wall'
GIFT_LDFLAGS=''
GIFT_LIBS='-lnsl '
GREP='/bin/grep'
INSTALL_DATA='${INSTALL} -m 644'
INSTALL_PROGRAM='${INSTALL}'
INSTALL_SCRIPT='${INSTALL}'
INSTALL_STRIP_PROGRAM='${SHELL} $(install_sh) -c -s'
LDFLAGS=''
LIBGIFTPROTO_MAJOR='0'
LIBGIFTPROTO_MICRO='9'
LIBGIFTPROTO_MINOR='11'
LIBGIFTPROTO_VERSION='0.11.9'
LIBGIFTPROTO_VERSIONSTR='"0.11.9"'
LIBGIFT_MAJOR='0'
LIBGIFT_MICRO='9'
LIBGIFT_MINOR='11'
LIBGIFT_VERSION='0.11.9'
LIBGIFT_VERSIONSTR='"0.11.9"'
LIBMAGIC_FALSE=''
LIBMAGIC_TRUE='#'
LIBOBJS=''
LIBOGG_FALSE='#'
LIBOGG_TRUE=''
LIBS='-lnsl '
LIBTOOL='$(SHELL) $(top_builddir)/libtool'
LIBVORBIS_FALSE='#'
LIBVORBIS_TRUE=''
LN_S='ln -s'
LTDL_FALSE='#'
LTDL_TRUE=''
LTLIBOBJS=''
MAINT='#'
MAINTAINER_MODE_FALSE=''
MAINTAINER_MODE_TRUE='#'
MAKEINFO='${SHELL} /home/HEx/gift/giFT/gift-0.11.9/missing --run makeinfo'
OBJEXT='o'
OGG_CFLAGS='-I/home/HEx/gift/giFT/gift-0.11.9/_inst/include'
OGG_LIBS='-L/home/HEx/gift/giFT/gift-0.11.9/_inst/lib -logg'
PACKAGE='gift'
PACKAGE_BUGREPORT=''
PACKAGE_NAME='giFT'
PACKAGE_STRING='giFT 0.11.9'
PACKAGE_TARNAME='gift'
PACKAGE_VERSION='0.11.9'
PATH_SEPARATOR=':'
PERL='/usr/bin/perl'
PERL_CFLAGS=''
PERL_FALSE=''
PERL_LIBS=''
PERL_TRUE='#'
RANLIB='ranlib'
SED='/bin/sed'
SET_MAKE=''
SHELL='/bin/bash'
STRIP='strip'
USE_LTDL=''
VERSION='0.11.9'
VORBISENC_LIBS='-L/home/HEx/gift/giFT/gift-0.11.9/_inst/lib -lvorbisenc'
VORBISFILE_LIBS='-L/home/HEx/gift/giFT/gift-0.11.9/_inst/lib -lvorbisfile'
VORBIS_CFLAGS='-I/home/HEx/gift/giFT/gift-0.11.9/_inst/include'
VORBIS_LIBS='-L/home/HEx/gift/giFT/gift-0.11.9/_inst/lib -lvorbis -lm'
XSLTPROC='/usr/bin/xsltproc'
ac_ct_CC='gcc'
ac_ct_CXX='g++'
ac_ct_F77=''
am__fastdepCC_FALSE='#'
am__fastdepCC_TRUE=''
am__fastdepCXX_FALSE='#'
am__fastdepCXX_TRUE=''
am__include='include'
am__leading_dot='.'
am__quote=''
am__tar='${AMTAR} chof - "$$tardir"'
am__untar='${AMTAR} xf -'
bindir='${exec_prefix}/bin'
build='i686-pc-linux-gnu'
build_alias=''
build_cpu='i686'
build_os='linux-gnu'
build_vendor='pc'
datadir='${datarootdir}'
datarootdir='${prefix}/share'
docdir='${datarootdir}/doc/${PACKAGE_TARNAME}'
dvidir='${docdir}'
exec_prefix='${prefix}'
giftdatadir='/home/HEx/gift/giFT/gift-0.11.9/_inst/share/giFT'
giftperldir='/home/HEx/gift/giFT/gift-0.11.9/_inst/bin'
host='i686-pc-linux-gnu'
host_alias=''
host_cpu='i686'
host_os='linux-gnu'
host_vendor='pc'
htmldir='${docdir}'
includedir='${prefix}/include'
infodir='${datarootdir}/info'
install_sh='/home/HEx/gift/giFT/gift-0.11.9/install-sh'
libdir='${exec_prefix}/lib'
libexecdir='${exec_prefix}/libexec'
libgiftincdir='/home/HEx/gift/giFT/gift-0.11.9/_inst/include/libgift'
localedir='${datarootdir}/locale'
localstatedir='${prefix}/var'
mandir='${datarootdir}/man'
mkdir_p='mkdir -p --'
oldincludedir='/usr/include'
pdfdir='${docdir}'
perlpath=''
plugindir='${exec_prefix}/lib/giFT'
prefix='/home/HEx/gift/giFT/gift-0.11.9/_inst'
program_transform_name='s,x,x,'
psdir='${docdir}'
sbindir='${exec_prefix}/sbin'
sharedstatedir='${prefix}/com'
sysconfdir='${prefix}/etc'
target_alias=''

## ------------------- ##
## File substitutions. ##
## ------------------- ##

GIFT_FEATURES='gconfdefs.h'

## ----------- ##
## confdefs.h. ##
## ----------- ##

#define PACKAGE_NAME "giFT"
#define PACKAGE_TARNAME "gift"
#define PACKAGE_VERSION "0.11.9"
#define PACKAGE_STRING "giFT 0.11.9"
#define PACKAGE_BUGREPORT ""
#define PACKAGE "gift"
#define VERSION "0.11.9"
#define BUILD_DATE "Sat Jun 23 12:21:48 BST 2007"
#define STDC_HEADERS 1
#define HAVE_SYS_TYPES_H 1
#define HAVE_SYS_STAT_H 1
#define HAVE_STDLIB_H 1
#define HAVE_STRING_H 1
#define HAVE_MEMORY_H 1
#define HAVE_STRINGS_H 1
#define HAVE_INTTYPES_H 1
#define HAVE_STDINT_H 1
#define HAVE_UNISTD_H 1
#define HAVE_DLFCN_H 1
#define HAVE_LIBNSL 1
#define HAVE_DIRENT_H 1
#define STDC_HEADERS 1
#define HAVE_SYS_WAIT_H 1
#define HAVE_DIRENT_H 1
#define HAVE_FCNTL_H 1
#define HAVE_GETOPT_H 1
#define HAVE_LIMITS_H 1
#define HAVE_LINUX_LIMITS_H 1
#define HAVE_STDINT_H 1
#define HAVE_SYS_MMAN_H 1
#define HAVE_SYS_TIME_H 1
#define HAVE_SYSLOG_H 1
#define HAVE_SIGNAL_H 1
#define HAVE_UNISTD_H 1
#define HAVE_INTTYPES_H 1
#define TIME_WITH_SYS_TIME 1
#define SIZEOF_SHORT 2
#define SIZEOF_INT 4
#define SIZEOF_LONG 4
#define SIZEOF_LONG_LONG 8
#define SIZEOF_VOID_P 4
#define USE_GETOPT 1
#define USE_GETOPT_LONG 1
#define HAVE_STDLIB_H 1
#define HAVE_UNISTD_H 1
#define HAVE_GETPAGESIZE 1
#define HAVE_MMAP 1
#define HAVE_LTDL_H 1
#define USE_LTDL 1
#define USE_LIBOGG 1
#define USE_LIBVORBIS 1

configure: exit 0
