This file contains any messages produced by compilers while
running configure, to aid debugging if configure makes a mistake.

configure:588: checking for a BSD compatible install
configure:641: checking whether build environment is sane
configure:698: checking whether make sets ${MAKE}
configure:745: checking for working aclocal
configure:758: checking for working autoconf
configure:771: checking for working automake
configure:784: checking for working autoheader
configure:797: checking for working makeinfo
configure:822: checking for gcc
configure:935: checking whether the C compiler (gcc  ) works
configure:951: gcc -o conftest    conftest.c  1>&5
configure:977: checking whether the C compiler (gcc  ) is a cross-compiler
configure:982: checking whether we are using GNU C
configure:991: gcc -E conftest.c
configure:1010: checking whether gcc accepts -g
configure:1045: checking for gcc option to accept ANSI C
configure:1098: gcc  -c -g -O2  conftest.c 1>&5
configure:1122: checking how to run the C preprocessor
configure:1143: gcc -E  conftest.c >/dev/null 2>conftest.out
configure:1202: checking for ANSI C header files
configure:1215: gcc -E  conftest.c >/dev/null 2>conftest.out
configure:1282: gcc -o conftest -g -O2   conftest.c  1>&5
configure:1317: checking for a BSD compatible install
configure:1446: checking host system type
configure:1467: checking build system type
configure:1487: checking for ranlib
configure:1526: checking for ld used by GCC
configure:1589: checking if the linker (/usr/bin/ld) is GNU ld
GNU ld version 2.9.1 (with BFD 2.9.1.0.23)
configure:1605: checking for BSD-compatible nm
configure:1643: checking command to parse /usr/bin/nm -B output
configure:1706: gcc -c -g -O2  conftest.c 1>&5
configure:1710: /usr/bin/nm -B conftest.o | sed -n -e 's/^.* \([ABCDGISTW]\) *\(\)\([_A-Za-z][_A-Za-z0-9]*\)$/\1 \2\3 \3/p' > conftest.nm
configure:1762: gcc -o conftest -g -O2   conftest.c conftestm.o 1>&5
configure:1808: checking for _ prefix in compiled symbols
configure:1846: checking whether ln -s works
ltconfig:586: checking for object suffix
ltconfig:587: gcc -c -g -O2  conftest.c 1>&5
ltconfig:717: checking if gcc PIC flag -fPIC works
ltconfig:718: gcc -c -g -O2 -fPIC -DPIC  conftest.c 1>&5
ltconfig:760: checking if gcc supports -c -o file.o
ltconfig:761: gcc -c -g -O2 -c -o conftest2.o  conftest.c 1>&5
ltconfig:788: checking if gcc supports -c -o file.lo
ltconfig:789: gcc -c -g -O2 -c -o conftest.lo  conftest.c 1>&5
ltconfig:840: checking if gcc supports -fno-rtti -fno-exceptions
ltconfig:841: gcc -c -g -O2 -fno-rtti -fno-exceptions -c conftest.c  conftest.c 1>&5
ltconfig:884: checking if gcc static flag -static works
ltconfig:885: gcc -o conftest -g -O2   -static conftest.c  1>&5
GNU ld version 2.9.1 (with BFD 2.9.1.0.23)
ltconfig:1447: checking if global_symbol_pipe works
ltconfig:1448: gcc -c -g -O2  conftest.c 1>&5
ltconfig:1451: eval "/usr/bin/nm -B conftest.o | sed -n -e 's/^.*[ 	]\([ABCDGISTW]\)[ 	][ 	]*\(\)\([_A-Za-z][_A-Za-z0-9]*\)$/\1 \2\3 \3/p' > conftest.nm"
ltconfig:1503: gcc -o conftest -g -O2 -fno-builtin -fno-rtti -fno-exceptions   conftest.c conftestm.o 1>&5
configure:2182: checking for gethostbyname in -lnsl
configure:2201: gcc -o conftest -g -O2   conftest.c -lnsl   1>&5
configure:2229: checking for socket in -lsocket
configure:2248: gcc -o conftest -g -O2   conftest.c -lsocket  -lnsl  1>&5
/usr/bin/ld: cannot open -lsocket: No such file or directory
collect2: ld returned 1 exit status
configure: failed program was:
#line 2237 "configure"
#include "confdefs.h"
/* Override any gcc2 internal prototype to avoid an error.  */
/* We use char because int might match the return type of a gcc2
    builtin and then its argument prototype would still apply.  */
char socket();

int main() {
socket()
; return 0; }
configure:2282: checking for dirent.h that defines DIR
configure:2295: gcc -c -g -O2  conftest.c 1>&5
configure:2320: checking for opendir in -ldir
configure:2339: gcc -o conftest -g -O2   conftest.c -ldir  -lnsl  1>&5
/usr/bin/ld: cannot open -ldir: No such file or directory
collect2: ld returned 1 exit status
configure: failed program was:
#line 2328 "configure"
#include "confdefs.h"
/* Override any gcc2 internal prototype to avoid an error.  */
/* We use char because int might match the return type of a gcc2
    builtin and then its argument prototype would still apply.  */
char opendir();

int main() {
opendir()
; return 0; }
configure:2403: checking for ANSI C header files
configure:2507: checking for sys/wait.h that is POSIX.1 compatible
configure:2528: gcc -c -g -O2  conftest.c 1>&5
configure:2552: checking for fcntl.h
configure:2562: gcc -E  conftest.c >/dev/null 2>conftest.out
configure:2552: checking for sys/time.h
configure:2562: gcc -E  conftest.c >/dev/null 2>conftest.out
configure:2552: checking for unistd.h
configure:2562: gcc -E  conftest.c >/dev/null 2>conftest.out
configure:2591: checking for working const
configure:2645: gcc -c -g -O2  conftest.c 1>&5
configure:2666: checking for pid_t
configure:2699: checking for size_t
configure:2732: checking whether time.h and sys/time.h may both be included
configure:2746: gcc -c -g -O2  conftest.c 1>&5
configure:2767: checking whether struct tm is in sys/time.h or time.h
configure:2780: gcc -c -g -O2  conftest.c 1>&5
configure:2803: checking for 8-bit clean memcmp
configure:2821: gcc -o conftest -g -O2   conftest.c -lnsl  1>&5
configure:2841: checking for socket
configure:2869: gcc -o conftest -g -O2   conftest.c -lnsl  1>&5
configure:2841: checking for select
configure:2869: gcc -o conftest -g -O2   conftest.c -lnsl  1>&5
configure:2841: checking for strdup
configure:2869: gcc -o conftest -g -O2   conftest.c -lnsl  1>&5
configure:2841: checking for strstr
configure:2869: gcc -o conftest -g -O2   conftest.c -lnsl  1>&5
configure:2902: gcc -c -g -O2  conftest.c 1>&5
configure:3010: checking host system type
configure:3068: checking for dlopen
configure:3096: gcc -o conftest -g -O2   conftest.c -lnsl  1>&5
/tmp/ccJkW2e2.o: In function `main':
/home/HEx/gift/giFT/configure:3090: undefined reference to `dlopen'
collect2: ld returned 1 exit status
configure: failed program was:
#line 3073 "configure"
#include "confdefs.h"
/* System header to define __stub macros and hopefully few prototypes,
    which can conflict with char dlopen(); below.  */
#include <assert.h>
/* Override any gcc2 internal prototype to avoid an error.  */
/* We use char because int might match the return type of a gcc2
    builtin and then its argument prototype would still apply.  */
char dlopen();

int main() {

/* The GNU C library defines this for functions which it implements
    to always fail with ENOSYS.  Some functions are actually named
    something starting with __ and the normal name is an alias.  */
#if defined (__stub_dlopen) || defined (__stub___dlopen)
choke me
#else
dlopen();
#endif

; return 0; }
configure:3166: checking for dlopen in -ldl
configure:3185: gcc -o conftest -g -O2   conftest.c -ldl  -lnsl  1>&5
configure:3201: checking for dlsym in -ldl
configure:3220: gcc -o conftest -g -O2   conftest.c -ldl  -lnsl  1>&5
configure:3341: checking for gtk-config
configure:3376: checking for GTK - version >= 1.2.0
configure:3477: gcc -o conftest -g -Wall -I/usr/include/gtk-1.2 -I/usr/include/glib-1.2 -I/usr/lib/glib/include -I/usr/X11R6/include   conftest.c -L/usr/lib -L/usr/X11R6/lib -lgtk -lgdk -rdynamic -lgmodule -lglib -ldl -lXext -lX11 -lm -lnsl  1>&5
