This file contains any messages produced by compilers while
running configure, to aid debugging if configure makes a mistake.

It was created by gift-openft configure 0.2.1.3, which was
generated by GNU Autoconf 2.59.  Invocation command line was

  $ ./configure --cache-file=config.cache --enable-maintainer-mode

## --------- ##
## Platform. ##
## --------- ##

hostname = sphere
uname -m = i686
uname -r = 2.4.25
uname -s = Linux
uname -v = #30 Thu Feb 19 13:54:21 GMT 2004

/usr/bin/uname -p = unknown
/bin/uname -X     = unknown

/bin/arch              = i686
/usr/bin/arch -k       = unknown
/usr/convex/getsysinfo = unknown
hostinfo               = unknown
/bin/machine           = unknown
/usr/bin/oslevel       = unknown
/bin/universe          = unknown

PATH: /usr/local/bin
PATH: /usr/bin
PATH: /bin
PATH: /usr/bin/X11
PATH: /usr/games
PATH: /home/HEx/bin
PATH: /usr/local/bin
PATH: /home/HEx/bin
PATH: /usr/local/bin


## ----------- ##
## Core tests. ##
## ----------- ##

configure:1418: loading cache config.cache
configure:1583: checking for a BSD-compatible install
configure:1638: result: /usr/bin/install -c
configure:1649: checking whether build environment is sane
configure:1692: result: yes
configure:1725: checking for gawk
configure:1751: result: gawk
configure:1761: checking whether make sets $(MAKE)
configure:1781: result: yes
configure:1947: checking whether to enable maintainer-specific portions of Makefiles
configure:1956: result: yes
configure:2025: checking for gcc
configure:2051: result: gcc
configure:2295: checking for C compiler version
configure:2298: gcc --version </dev/null >&5
gcc (GCC) 3.3.3 (Debian 20040321)
Copyright (C) 2003 Free Software Foundation, Inc.
This is free software; see the source for copying conditions.  There is NO
warranty; not even for MERCHANTABILITY or FITNESS FOR A PARTICULAR PURPOSE.

configure:2301: $? = 0
configure:2303: gcc -v </dev/null >&5
Reading specs from /usr/lib/gcc-lib/i486-linux/3.3.3/specs
Configured with: ../src/configure -v --enable-languages=c,c++,java,f77,pascal,objc,ada,treelang --prefix=/usr --mandir=/usr/share/man --infodir=/usr/share/info --with-gxx-include-dir=/usr/include/c++/3.3 --enable-shared --with-system-zlib --enable-nls --without-included-gettext --enable-__cxa_atexit --enable-clocale=gnu --enable-debug --enable-java-gc=boehm --enable-java-awt=xlib,gtk --enable-objc-gc i486-linux
Thread model: posix
gcc version 3.3.3 (Debian 20040321)
configure:2306: $? = 0
configure:2308: gcc -V </dev/null >&5
gcc: `-V' option must have argument
configure:2311: $? = 1
configure:2334: checking for C compiler default output file name
configure:2337: gcc    conftest.c  >&5
configure:2340: $? = 0
configure:2386: result: a.out
configure:2391: checking whether the C compiler works
configure:2397: ./a.out
configure:2400: $? = 0
configure:2417: result: yes
configure:2424: checking whether we are cross compiling
configure:2426: result: no
configure:2429: checking for suffix of executables
configure:2431: gcc -o conftest    conftest.c  >&5
configure:2434: $? = 0
configure:2459: result: 
configure:2465: checking for suffix of object files
configure:2511: result: o
configure:2515: checking whether we are using the GNU C compiler
configure:2570: result: yes
configure:2576: checking whether gcc accepts -g
configure:2626: result: yes
configure:2643: checking for gcc option to accept ANSI C
configure:2749: result: none needed
configure:2767: gcc -c -g -O2  conftest.c >&5
conftest.c:2: error: parse error before "me"
configure:2773: $? = 1
configure: failed program was:
| #ifndef __cplusplus
|   choke me
| #endif
configure:2914: checking for style of include used by make
configure:2942: result: GNU
configure:2970: checking dependency style of gcc
configure:3053: result: gcc
configure:3074: checking for gcc option to accept ANSI C
configure:3170: result: none needed
configure:3186: checking how to run the C preprocessor
configure:3304: result: gcc -E
configure:3328: gcc -E  conftest.c
configure:3334: $? = 0
configure:3366: gcc -E  conftest.c
conftest.c:15:28: ac_nonexistent.h: No such file or directory
configure:3372: $? = 1
configure: failed program was:
| /* confdefs.h.  */
| 
| #define PACKAGE_NAME "gift-openft"
| #define PACKAGE_TARNAME "gift-openft"
| #define PACKAGE_VERSION "0.2.1.3"
| #define PACKAGE_STRING "gift-openft 0.2.1.3"
| #define PACKAGE_BUGREPORT ""
| #define OPENFT_MAJOR 0
| #define OPENFT_MINOR 2
| #define OPENFT_MICRO 1
| #define OPENFT_REV 3
| #define PACKAGE "gift-openft"
| #define VERSION "0.2.1.3"
| /* end confdefs.h.  */
| #include <ac_nonexistent.h>
configure:3416: checking for egrep
configure:3426: result: grep -E
configure:3431: checking for ANSI C header files
configure:3583: result: yes
configure:3606: checking for a BSD-compatible install
configure:3661: result: /usr/bin/install -c
configure:3674: checking for sed
configure:3704: result: /bin/sed
configure:3726: checking for sys/types.h
configure:3771: result: yes
configure:3726: checking for sys/stat.h
configure:3771: result: yes
configure:3726: checking for stdlib.h
configure:3771: result: yes
configure:3726: checking for string.h
configure:3771: result: yes
configure:3726: checking for memory.h
configure:3771: result: yes
configure:3726: checking for strings.h
configure:3771: result: yes
configure:3726: checking for inttypes.h
configure:3771: result: yes
configure:3726: checking for stdint.h
configure:3771: result: yes
configure:3726: checking for unistd.h
configure:3771: result: yes
configure:3788: checking for sys/resource.h
configure:3793: result: yes
configure:4012: checking build system type
configure:4030: result: i686-pc-linux-gnu
configure:4038: checking host system type
configure:4052: result: i686-pc-linux-gnu
configure:4060: checking for a sed that does not truncate output
configure:4114: result: /bin/sed
configure:4128: checking for ld used by gcc
configure:4195: result: /usr/bin/ld
configure:4204: checking if the linker (/usr/bin/ld) is GNU ld
configure:4219: result: yes
configure:4224: checking for /usr/bin/ld option to reload object files
configure:4231: result: -r
configure:4240: checking for BSD-compatible nm
configure:4282: result: /usr/bin/nm -B
configure:4286: checking whether ln -s works
configure:4290: result: yes
configure:4297: checking how to recognise dependent libraries
configure:4471: result: pass_all
configure:4683: checking for dlfcn.h
configure:4688: result: yes
configure:4879: checking for g++
configure:4905: result: g++
configure:4921: checking for C++ compiler version
configure:4924: g++ --version </dev/null >&5
g++ (GCC) 3.3.3 (Debian 20040321)
Copyright (C) 2003 Free Software Foundation, Inc.
This is free software; see the source for copying conditions.  There is NO
warranty; not even for MERCHANTABILITY or FITNESS FOR A PARTICULAR PURPOSE.

configure:4927: $? = 0
configure:4929: g++ -v </dev/null >&5
Reading specs from /usr/lib/gcc-lib/i486-linux/3.3.3/specs
Configured with: ../src/configure -v --enable-languages=c,c++,java,f77,pascal,objc,ada,treelang --prefix=/usr --mandir=/usr/share/man --infodir=/usr/share/info --with-gxx-include-dir=/usr/include/c++/3.3 --enable-shared --with-system-zlib --enable-nls --without-included-gettext --enable-__cxa_atexit --enable-clocale=gnu --enable-debug --enable-java-gc=boehm --enable-java-awt=xlib,gtk --enable-objc-gc i486-linux
Thread model: posix
gcc version 3.3.3 (Debian 20040321)
configure:4932: $? = 0
configure:4934: g++ -V </dev/null >&5
g++: `-V' option must have argument
configure:4937: $? = 1
configure:4940: checking whether we are using the GNU C++ compiler
configure:4995: result: yes
configure:5001: checking whether g++ accepts -g
configure:5051: result: yes
configure:5093: g++ -c -g -O2  conftest.cc >&5
configure:5099: $? = 0
configure:5102: test -z 			 || test ! -s conftest.err
configure:5105: $? = 0
configure:5108: test -s conftest.o
configure:5111: $? = 0
configure:5137: g++ -c -g -O2  conftest.cc >&5
conftest.cc: In function `int main()':
conftest.cc:31: error: `exit' undeclared (first use this function)
conftest.cc:31: error: (Each undeclared identifier is reported only once for 
   each function it appears in.)
configure:5143: $? = 1
configure: failed program was:
| /* confdefs.h.  */
| 
| #define PACKAGE_NAME "gift-openft"
| #define PACKAGE_TARNAME "gift-openft"
| #define PACKAGE_VERSION "0.2.1.3"
| #define PACKAGE_STRING "gift-openft 0.2.1.3"
| #define PACKAGE_BUGREPORT ""
| #define OPENFT_MAJOR 0
| #define OPENFT_MINOR 2
| #define OPENFT_MICRO 1
| #define OPENFT_REV 3
| #define PACKAGE "gift-openft"
| #define VERSION "0.2.1.3"
| #define STDC_HEADERS 1
| #define HAVE_SYS_TYPES_H 1
| #define HAVE_SYS_STAT_H 1
| #define HAVE_STDLIB_H 1
| #define HAVE_STRING_H 1
| #define HAVE_MEMORY_H 1
| #define HAVE_STRINGS_H 1
| #define HAVE_INTTYPES_H 1
| #define HAVE_STDINT_H 1
| #define HAVE_UNISTD_H 1
| #define HAVE_SYS_RESOURCE_H 1
| #define HAVE_DLFCN_H 1
| /* end confdefs.h.  */
| 
| int
| main ()
| {
| exit (42);
|   ;
|   return 0;
| }
configure:5093: g++ -c -g -O2  conftest.cc >&5
configure:5099: $? = 0
configure:5102: test -z 			 || test ! -s conftest.err
configure:5105: $? = 0
configure:5108: test -s conftest.o
configure:5111: $? = 0
configure:5137: g++ -c -g -O2  conftest.cc >&5
configure:5143: $? = 0
configure:5146: test -z 			 || test ! -s conftest.err
configure:5149: $? = 0
configure:5152: test -s conftest.o
configure:5155: $? = 0
configure:5180: checking dependency style of g++
configure:5263: result: gcc3
configure:5285: checking how to run the C++ preprocessor
configure:5399: result: g++ -E
configure:5423: g++ -E  conftest.cc
configure:5429: $? = 0
configure:5461: g++ -E  conftest.cc
conftest.cc:30:28: ac_nonexistent.h: No such file or directory
configure:5467: $? = 1
configure: failed program was:
| /* confdefs.h.  */
| 
| #define PACKAGE_NAME "gift-openft"
| #define PACKAGE_TARNAME "gift-openft"
| #define PACKAGE_VERSION "0.2.1.3"
| #define PACKAGE_STRING "gift-openft 0.2.1.3"
| #define PACKAGE_BUGREPORT ""
| #define OPENFT_MAJOR 0
| #define OPENFT_MINOR 2
| #define OPENFT_MICRO 1
| #define OPENFT_REV 3
| #define PACKAGE "gift-openft"
| #define VERSION "0.2.1.3"
| #define STDC_HEADERS 1
| #define HAVE_SYS_TYPES_H 1
| #define HAVE_SYS_STAT_H 1
| #define HAVE_STDLIB_H 1
| #define HAVE_STRING_H 1
| #define HAVE_MEMORY_H 1
| #define HAVE_STRINGS_H 1
| #define HAVE_INTTYPES_H 1
| #define HAVE_STDINT_H 1
| #define HAVE_UNISTD_H 1
| #define HAVE_SYS_RESOURCE_H 1
| #define HAVE_DLFCN_H 1
| #ifdef __cplusplus
| extern "C" void std::exit (int) throw (); using std::exit;
| #endif
| /* end confdefs.h.  */
| #include <ac_nonexistent.h>
configure:5562: checking for g77
configure:5591: result: no
configure:5562: checking for f77
configure:5591: result: no
configure:5562: checking for xlf
configure:5591: result: no
configure:5562: checking for frt
configure:5591: result: no
configure:5562: checking for pgf77
configure:5591: result: no
configure:5562: checking for fort77
configure:5591: result: no
configure:5562: checking for fl32
configure:5591: result: no
configure:5562: checking for af77
configure:5591: result: no
configure:5562: checking for f90
configure:5591: result: no
configure:5562: checking for xlf90
configure:5591: result: no
configure:5562: checking for pgf90
configure:5591: result: no
configure:5562: checking for epcf90
configure:5591: result: no
configure:5562: checking for f95
configure:5591: result: no
configure:5562: checking for fort
configure:5591: result: no
configure:5562: checking for xlf95
configure:5591: result: no
configure:5562: checking for ifc
configure:5591: result: no
configure:5562: checking for efc
configure:5591: result: no
configure:5562: checking for pgf95
configure:5591: result: no
configure:5562: checking for lf95
configure:5591: result: no
configure:5562: checking for gfortran
configure:5591: result: no
configure:5606: checking for Fortran 77 compiler version
configure:5606:  --version </dev/null >&5
./configure: line 1: --version: command not found
configure:5609: $? = 127
configure:5611:  -v </dev/null >&5
./configure: line 1: -v: command not found
configure:5614: $? = 127
configure:5616:  -V </dev/null >&5
./configure: line 1: -V: command not found
configure:5619: $? = 127
configure:5627: checking whether we are using the GNU Fortran 77 compiler
configure:5672: result: no
configure:5678: checking whether  accepts -g
configure:5720: result: no
configure:5750: checking the maximum length of command line arguments
configure:5815: result: 32768
configure:5826: checking command to parse /usr/bin/nm -B output from gcc object
configure:6018: result: ok
configure:6022: checking for objdir
configure:6037: result: .libs
configure:6127: checking for ar
configure:6154: result: ar
configure:6207: checking for ranlib
configure:6234: result: ranlib
configure:6287: checking for strip
configure:6314: result: strip
configure:6576: checking if gcc static flag  works
configure:6599: result: yes
configure:6617: checking if gcc supports -fno-rtti -fno-exceptions
configure:6650: result: no
configure:6665: checking for gcc option to produce PIC
configure:6842: result: -fPIC
configure:6850: checking if gcc PIC flag -fPIC works
configure:6871: gcc -c -g -O2  -fPIC -DPIC conftest.c >&5
configure:6875: $? = 0
configure:6883: result: yes
configure:6907: checking if gcc supports -c -o file.o
configure:6952: result: yes
configure:6978: checking whether the gcc linker (/usr/bin/ld) supports shared libraries
configure:7824: result: yes
configure:7850: checking whether -lc should be explicitly linked in
configure:7855: gcc -c -g -O2  conftest.c >&5
configure:7858: $? = 0
configure:7872: gcc -shared conftest.o  -v -Wl,-soname -Wl,conftest -o conftest 2\>\&1 \| grep  -lc  \>/dev/null 2\>\&1
configure:7875: $? = 0
configure:7887: result: no
configure:7895: checking dynamic linker characteristics
configure:8435: result: GNU/Linux ld.so
configure:8439: checking how to hardcode library paths into programs
configure:8464: result: immediate
configure:8478: checking whether stripping libraries is possible
configure:8483: result: yes
configure:9306: checking if libtool supports shared libraries
configure:9308: result: yes
configure:9311: checking whether to build shared libraries
configure:9369: result: yes
configure:9372: checking whether to build static libraries
configure:9376: result: no
configure:9468: creating libtool
configure:10015: checking for ld used by g++
configure:10082: result: /usr/bin/ld
configure:10091: checking if the linker (/usr/bin/ld) is GNU ld
configure:10106: result: yes
configure:10157: checking whether the g++ linker (/usr/bin/ld) supports shared libraries
configure:10983: result: yes
configure:11001: g++ -c -g -O2  conftest.cc >&5
configure:11004: $? = 0
configure:11100: checking for g++ option to produce PIC
configure:11352: result: -fPIC
configure:11360: checking if g++ PIC flag -fPIC works
configure:11381: g++ -c -g -O2  -fPIC -DPIC conftest.cc >&5
configure:11385: $? = 0
configure:11393: result: yes
configure:11417: checking if g++ supports -c -o file.o
configure:11462: result: yes
configure:11488: checking whether the g++ linker (/usr/bin/ld) supports shared libraries
configure:11513: result: yes
configure:11584: checking dynamic linker characteristics
configure:12124: result: GNU/Linux ld.so
configure:12128: checking how to hardcode library paths into programs
configure:12153: result: immediate
configure:12167: checking whether stripping libraries is possible
configure:12172: result: yes
configure:19434: checking for giftd
configure:19464: result: /usr/local/bin/giftd
configure:19503: checking for pkg-config
configure:19533: result: /usr/bin/pkg-config
configure:19602: checking for libgift >= 0.11.4 libgift < 0.12.0
configure:19606: result: yes
configure:19610: checking OPENFT_CFLAGS
configure:19613: result: -I/usr/local/include  
configure:19616: checking OPENFT_LIBS
configure:19619: result: -L/usr/local/lib -lgift  
configure:19691: checking for zlib version 1.1.4+ in /usr
configure:19713: gcc -o conftest -g -O2 -Wall -g3 -O0  -I/usr/include  conftest.c  -L/usr/lib >&5
conftest.c:32: warning: return type of `main' is not `int'
conftest.c: In function `main':
conftest.c:33: warning: implicit declaration of function `exit'
configure:19716: $? = 0
configure:19718: ./conftest
configure:19721: $? = 0
configure:19735: result: yes
configure:19739: checking for gzread
configure:19826: result: no
configure:19832: checking for gzread in -lz
configure:19893: result: yes
configure:19944: checking for db4/db.h
configure:19949: result: no
configure:19944: checking for db.h
configure:19949: result: yes
configure:20098: checking for libdb (-ldb)
configure:20141: gcc -o conftest -g -O2 -Wall -g3 -O0  -I/usr/include  conftest.c -lz  -L/usr/lib -ldb >&5
configure:20144: $? = 0
configure:20146: ./conftest
configure:20149: $? = 0
configure:20175: result: yes
configure:20339: creating ./config.status

## ---------------------- ##
## Running config.status. ##
## ---------------------- ##

This file was extended by gift-openft config.status 0.2.1.3, which was
generated by GNU Autoconf 2.59.  Invocation command line was

  CONFIG_FILES    = 
  CONFIG_HEADERS  = 
  CONFIG_LINKS    = 
  CONFIG_COMMANDS = 
  $ ./config.status 

on sphere

config.status:771: creating Makefile
config.status:771: creating m4/Makefile
config.status:771: creating src/Makefile
config.status:771: creating src/proto/Makefile
config.status:771: creating data/Makefile
config.status:771: creating etc/Makefile
config.status:771: creating openft.spec
config.status:837: creating config.h
config.status:1143: executing depfiles commands

## ---------------- ##
## Cache variables. ##
## ---------------- ##

ac_cv_build=i686-pc-linux-gnu
ac_cv_build_alias=i686-pc-linux-gnu
ac_cv_c_compiler_gnu=yes
ac_cv_cxx_compiler_gnu=yes
ac_cv_env_CC_set=
ac_cv_env_CC_value=
ac_cv_env_CFLAGS_set=
ac_cv_env_CFLAGS_value=
ac_cv_env_CPPFLAGS_set=
ac_cv_env_CPPFLAGS_value=
ac_cv_env_CPP_set=
ac_cv_env_CPP_value=
ac_cv_env_CXXCPP_set=
ac_cv_env_CXXCPP_value=
ac_cv_env_CXXFLAGS_set=
ac_cv_env_CXXFLAGS_value=
ac_cv_env_CXX_set=
ac_cv_env_CXX_value=
ac_cv_env_F77_set=
ac_cv_env_F77_value=
ac_cv_env_FFLAGS_set=
ac_cv_env_FFLAGS_value=
ac_cv_env_LDFLAGS_set=
ac_cv_env_LDFLAGS_value=
ac_cv_env_build_alias_set=
ac_cv_env_build_alias_value=
ac_cv_env_host_alias_set=
ac_cv_env_host_alias_value=
ac_cv_env_target_alias_set=
ac_cv_env_target_alias_value=
ac_cv_exeext=
ac_cv_f77_compiler_gnu=no
ac_cv_func_gzread=no
ac_cv_header_db4_db_h=no
ac_cv_header_db_h=yes
ac_cv_header_dlfcn_h=yes
ac_cv_header_inttypes_h=yes
ac_cv_header_memory_h=yes
ac_cv_header_stdc=yes
ac_cv_header_stdint_h=yes
ac_cv_header_stdlib_h=yes
ac_cv_header_string_h=yes
ac_cv_header_strings_h=yes
ac_cv_header_sys_resource_h=yes
ac_cv_header_sys_stat_h=yes
ac_cv_header_sys_types_h=yes
ac_cv_header_unistd_h=yes
ac_cv_host=i686-pc-linux-gnu
ac_cv_host_alias=i686-pc-linux-gnu
ac_cv_lib_z_gzread=yes
ac_cv_objext=o
ac_cv_path_PKG_CONFIG=/usr/bin/pkg-config
ac_cv_path_SED=/bin/sed
ac_cv_path_ac_prefix_program=/usr/local/bin/giftd
ac_cv_path_install='/usr/bin/install -c'
ac_cv_prog_AWK=gawk
ac_cv_prog_CPP='gcc -E'
ac_cv_prog_CXXCPP='g++ -E'
ac_cv_prog_ac_ct_AR=ar
ac_cv_prog_ac_ct_CC=gcc
ac_cv_prog_ac_ct_CXX=g++
ac_cv_prog_ac_ct_RANLIB=ranlib
ac_cv_prog_ac_ct_STRIP=strip
ac_cv_prog_cc_g=yes
ac_cv_prog_cc_stdc=
ac_cv_prog_cxx_g=yes
ac_cv_prog_egrep='grep -E'
ac_cv_prog_f77_g=no
ac_cv_prog_make_make_set=yes
am_cv_CC_dependencies_compiler_type=gcc
am_cv_CXX_dependencies_compiler_type=gcc3
am_cv_prog_cc_stdc=
lt_cv_archive_cmds_need_lc=no
lt_cv_compiler_c_o=yes
lt_cv_compiler_o_lo=yes
lt_cv_deplibs_check_method=pass_all
lt_cv_file_magic_cmd='$MAGIC_CMD'
lt_cv_file_magic_test_file='/lib/libc.so.6 /lib/libc-2.3.2.so'
lt_cv_global_symbol_to_c_name_address='sed -n -e '\''s/^: \([^ ]*\) $/  {\"\1\", (lt_ptr) 0},/p'\'' -e '\''s/^[BCDEGRST] \([^ ]*\) \([^ ]*\)$/  {"\2", (lt_ptr) \&\2},/p'\'''
lt_cv_global_symbol_to_cdecl='sed -n -e '\''s/^. .* \(.*\)$/extern char \1;/p'\'''
lt_cv_ld_reload_flag=-r
lt_cv_objdir=.libs
lt_cv_path_LD=/usr/bin/ld
lt_cv_path_LDCXX=/usr/bin/ld
lt_cv_path_NM='/usr/bin/nm -B'
lt_cv_path_SED=/bin/sed
lt_cv_prog_cc_can_build_shared=yes
lt_cv_prog_cc_no_builtin=
lt_cv_prog_cc_pic='        -fPIC'
lt_cv_prog_cc_pic_works=yes
lt_cv_prog_cc_shlib=
lt_cv_prog_cc_static=-static
lt_cv_prog_cc_static_works=yes
lt_cv_prog_cc_wl=-Wl,
lt_cv_prog_compiler_c_o=yes
lt_cv_prog_compiler_c_o_CXX=yes
lt_cv_prog_compiler_rtti_exceptions=no
lt_cv_prog_gnu_ld=yes
lt_cv_prog_gnu_ldcxx=yes
lt_cv_sys_global_symbol_pipe='sed -n -e '\''s/^.*[ 	]\([ABCDGISTW][ABCDGISTW]*\)[ 	][ 	]*\(\)\([_A-Za-z][_A-Za-z0-9]*\)$/\1 \2\3 \3/p'\'''
lt_cv_sys_max_cmd_len=32768
lt_lt_cv_prog_compiler_c_o='"yes"'
lt_lt_cv_prog_compiler_c_o_CXX='"yes"'
lt_lt_cv_sys_global_symbol_pipe='"sed -n -e '\''s/^.*[ 	]\\([ABCDGISTW][ABCDGISTW]*\\)[ 	][ 	]*\\(\\)\\([_A-Za-z][_A-Za-z0-9]*\\)\$/\\1 \\2\\3 \\3/p'\''"'
lt_lt_cv_sys_global_symbol_to_c_name_address='""'
lt_lt_cv_sys_global_symbol_to_cdecl='""'

## ----------------- ##
## Output variables. ##
## ----------------- ##

ACLOCAL='${SHELL} /home/HEx/gift/OpenFT/missing --run aclocal-1.7'
AMDEPBACKSLASH='\'
AMDEP_FALSE='#'
AMDEP_TRUE=''
AMTAR='${SHELL} /home/HEx/gift/OpenFT/missing --run tar'
AR='ar'
AUTOCONF='${SHELL} /home/HEx/gift/OpenFT/missing --run autoconf'
AUTOHEADER='${SHELL} /home/HEx/gift/OpenFT/missing --run autoheader'
AUTOMAKE='${SHELL} /home/HEx/gift/OpenFT/missing --run automake-1.7'
AWK='gawk'
CC='gcc'
CCDEPMODE='depmode=gcc'
CFLAGS='-g -O2 -Wall -g3 -O0'
CPP='gcc -E'
CPPFLAGS=' -I/usr/include'
CXX='g++'
CXXCPP='g++ -E'
CXXDEPMODE='depmode=gcc3'
CXXFLAGS='-g -O2'
CYGPATH_W='echo'
DEFS='-DHAVE_CONFIG_H'
DEPDIR='.deps'
ECHO='echo'
ECHO_C=''
ECHO_N='-n'
ECHO_T=''
EGREP='grep -E'
EXEEXT=''
F77=''
FFLAGS=''
INSTALL_DATA='${INSTALL} -m 644'
INSTALL_PROGRAM='${INSTALL}'
INSTALL_SCRIPT='${INSTALL}'
INSTALL_STRIP_PROGRAM='${SHELL} $(install_sh) -c -s'
LDFLAGS=''
LIBDB_CFLAGS=''
LIBDB_FALSE='#'
LIBDB_LIBS='-ldb'
LIBDB_TRUE=''
LIBOBJS=''
LIBS='-lz  -L/usr/lib'
LIBTOOL='$(SHELL) $(top_builddir)/libtool'
LN_S='ln -s'
LTLIBOBJS=''
MAINT=''
MAINTAINER_MODE_FALSE='#'
MAINTAINER_MODE_TRUE=''
MAKEINFO='${SHELL} /home/HEx/gift/OpenFT/missing --run makeinfo'
OBJEXT='o'
OPENFT_CFLAGS='-I/usr/local/include  '
OPENFT_LIBS='-L/usr/local/lib -lgift   -lgiftproto'
PACKAGE='gift-openft'
PACKAGE_BUGREPORT=''
PACKAGE_NAME='gift-openft'
PACKAGE_STRING='gift-openft 0.2.1.3'
PACKAGE_TARNAME='gift-openft'
PACKAGE_VERSION='0.2.1.3'
PATH_SEPARATOR=':'
PKG_CONFIG='/usr/bin/pkg-config'
PLUGIN_LDFLAGS='-module -avoid-version'
RANLIB='ranlib'
SED='/bin/sed'
SET_MAKE=''
SHELL='/bin/sh'
STRIP='strip'
USE_ZLIB=''
VERSION='0.2.1.3'
ac_ct_AR='ar'
ac_ct_CC='gcc'
ac_ct_CXX='g++'
ac_ct_F77=''
ac_ct_RANLIB='ranlib'
ac_ct_STRIP='strip'
ac_prefix_program='/usr/local/bin/giftd'
am__fastdepCC_FALSE=''
am__fastdepCC_TRUE='#'
am__fastdepCXX_FALSE='#'
am__fastdepCXX_TRUE=''
am__include='include'
am__leading_dot='.'
am__quote=''
bindir='${exec_prefix}/bin'
build='i686-pc-linux-gnu'
build_alias=''
build_cpu='i686'
build_os='linux-gnu'
build_vendor='pc'
datadir='/usr/local/share/giFT'
exec_prefix='${prefix}'
host='i686-pc-linux-gnu'
host_alias=''
host_cpu='i686'
host_os='linux-gnu'
host_vendor='pc'
includedir='${prefix}/include'
infodir='${prefix}/info'
install_sh='/home/HEx/gift/OpenFT/install-sh'
libdir='${exec_prefix}/lib'
libexecdir='${exec_prefix}/libexec'
localstatedir='${prefix}/var'
mandir='${prefix}/man'
oldincludedir='/usr/include'
plugindir='/usr/local/lib/giFT'
prefix='/usr/local'
program_transform_name='s,x,x,'
sbindir='${exec_prefix}/sbin'
sharedstatedir='${prefix}/com'
sysconfdir='${prefix}/etc'
target_alias=''

## ----------- ##
## confdefs.h. ##
## ----------- ##

#define HAVE_DB_H 1
#define HAVE_DLFCN_H 1
#define HAVE_INTTYPES_H 1
#define HAVE_LIBZ 1
#define HAVE_MEMORY_H 1
#define HAVE_STDINT_H 1
#define HAVE_STDLIB_H 1
#define HAVE_STRINGS_H 1
#define HAVE_STRING_H 1
#define HAVE_SYS_RESOURCE_H 1
#define HAVE_SYS_STAT_H 1
#define HAVE_SYS_TYPES_H 1
#define HAVE_UNISTD_H 1
#define OPENFT_MAJOR 0
#define OPENFT_MICRO 1
#define OPENFT_MINOR 2
#define OPENFT_REV 3
#define PACKAGE "gift-openft"
#define PACKAGE_BUGREPORT ""
#define PACKAGE_NAME "gift-openft"
#define PACKAGE_STRING "gift-openft 0.2.1.3"
#define PACKAGE_TARNAME "gift-openft"
#define PACKAGE_VERSION "0.2.1.3"
#define STDC_HEADERS 1
#define USE_LIBDB 1
#define USE_ZLIB 1
#define VERSION "0.2.1.3"
#endif
#ifdef __cplusplus
extern "C" void std::exit (int) throw (); using std::exit;

configure: exit 0

## ---------------------- ##
## Running config.status. ##
## ---------------------- ##

This file was extended by gift-openft config.status 0.2.1.3, which was
generated by GNU Autoconf 2.59.  Invocation command line was

  CONFIG_FILES    = 
  CONFIG_HEADERS  = 
  CONFIG_LINKS    = 
  CONFIG_COMMANDS = 
  $ ./config.status config.h

on sphere

config.status:837: creating config.h
config.status:963: config.h is unchanged

## ---------------------- ##
## Running config.status. ##
## ---------------------- ##

This file was extended by gift-openft config.status 0.2.1.3, which was
generated by GNU Autoconf 2.59.  Invocation command line was

  CONFIG_FILES    = 
  CONFIG_HEADERS  = 
  CONFIG_LINKS    = 
  CONFIG_COMMANDS = 
  $ ./config.status src/Makefile depfiles

on sphere

config.status:771: creating src/Makefile
config.status:1143: executing depfiles commands

## ---------------------- ##
## Running config.status. ##
## ---------------------- ##

This file was extended by gift-openft config.status 0.2.1.3, which was
generated by GNU Autoconf 2.59.  Invocation command line was

  CONFIG_FILES    = 
  CONFIG_HEADERS  = 
  CONFIG_LINKS    = 
  CONFIG_COMMANDS = 
  $ ./config.status src/Makefile depfiles

on sphere

config.status:771: creating src/Makefile
config.status:1143: executing depfiles commands
