This file contains any messages produced by compilers while
running configure, to aid debugging if configure makes a mistake.

It was created by gift-ares configure 0.3.0, which was
generated by GNU Autoconf 2.59.  Invocation command line was

  $ ./configure 

## --------- ##
## Platform. ##
## --------- ##

hostname = sphere
uname -m = i686
uname -r = 2.6.20-15-generic
uname -s = Linux
uname -v = #2 SMP Sat Apr 14 00:54:01 UTC 2007

/usr/bin/uname -p = unknown
/bin/uname -X     = unknown

/bin/arch              = i686
/usr/bin/arch -k       = unknown
/usr/convex/getsysinfo = unknown
hostinfo               = unknown
/bin/machine           = unknown
/usr/bin/oslevel       = unknown
/bin/universe          = unknown

PATH: /usr/local/sbin
PATH: /usr/local/bin
PATH: /usr/sbin
PATH: /usr/bin
PATH: /sbin
PATH: /bin
PATH: /usr/games
PATH: /home/HEx/bin
PATH: /usr/local/bin


## ----------- ##
## Core tests. ##
## ----------- ##

configure:1556: checking for a BSD-compatible install
configure:1611: result: /usr/bin/install -c
configure:1622: checking whether build environment is sane
configure:1665: result: yes
configure:1698: checking for gawk
configure:1714: found /usr/bin/gawk
configure:1724: result: gawk
configure:1734: checking whether make sets $(MAKE)
configure:1754: result: yes
configure:1981: checking for gcc
configure:1997: found /usr/bin/gcc
configure:2007: result: gcc
configure:2251: checking for C compiler version
configure:2254: gcc --version </dev/null >&5
gcc (GCC) 4.1.2 (Ubuntu 4.1.2-0ubuntu4)
Copyright (C) 2006 Free Software Foundation, Inc.
This is free software; see the source for copying conditions.  There is NO
warranty; not even for MERCHANTABILITY or FITNESS FOR A PARTICULAR PURPOSE.

configure:2257: $? = 0
configure:2259: gcc -v </dev/null >&5
Using built-in specs.
Target: i486-linux-gnu
Configured with: ../src/configure -v --enable-languages=c,c++,fortran,objc,obj-c++,treelang --prefix=/usr --enable-shared --with-system-zlib --libexecdir=/usr/lib --without-included-gettext --enable-threads=posix --enable-nls --program-suffix=-4.1 --enable-__cxa_atexit --enable-clocale=gnu --enable-libstdcxx-debug --enable-mpfr --enable-checking=release i486-linux-gnu
Thread model: posix
gcc version 4.1.2 (Ubuntu 4.1.2-0ubuntu4)
configure:2262: $? = 0
configure:2264: gcc -V </dev/null >&5
gcc: '-V' option must have argument
configure:2267: $? = 1
configure:2290: checking for C compiler default output file name
configure:2293: gcc    conftest.c  >&5
configure:2296: $? = 0
configure:2342: result: a.out
configure:2347: checking whether the C compiler works
configure:2353: ./a.out
configure:2356: $? = 0
configure:2373: result: yes
configure:2380: checking whether we are cross compiling
configure:2382: result: no
configure:2385: checking for suffix of executables
configure:2387: gcc -o conftest    conftest.c  >&5
configure:2390: $? = 0
configure:2415: result: 
configure:2421: checking for suffix of object files
configure:2442: gcc -c   conftest.c >&5
configure:2445: $? = 0
configure:2467: result: o
configure:2471: checking whether we are using the GNU C compiler
configure:2495: gcc -c   conftest.c >&5
configure:2501: $? = 0
configure:2504: test -z 			 || test ! -s conftest.err
configure:2507: $? = 0
configure:2510: test -s conftest.o
configure:2513: $? = 0
configure:2526: result: yes
configure:2532: checking whether gcc accepts -g
configure:2553: gcc -c -g  conftest.c >&5
configure:2559: $? = 0
configure:2562: test -z 			 || test ! -s conftest.err
configure:2565: $? = 0
configure:2568: test -s conftest.o
configure:2571: $? = 0
configure:2582: result: yes
configure:2599: checking for gcc option to accept ANSI C
configure:2669: gcc  -c -g -O2  conftest.c >&5
configure:2675: $? = 0
configure:2678: test -z 			 || test ! -s conftest.err
configure:2681: $? = 0
configure:2684: test -s conftest.o
configure:2687: $? = 0
configure:2705: result: none needed
configure:2723: gcc -c -g -O2  conftest.c >&5
conftest.c:2: error: expected '=', ',', ';', 'asm' or '__attribute__' before 'me'
configure:2729: $? = 1
configure: failed program was:
| #ifndef __cplusplus
|   choke me
| #endif
configure:2870: checking for style of include used by make
configure:2898: result: GNU
configure:2926: checking dependency style of gcc
configure:3009: result: gcc3
configure:3032: checking how to run the C preprocessor
configure:3067: gcc -E  conftest.c
configure:3073: $? = 0
configure:3105: gcc -E  conftest.c
conftest.c:13:28: error: ac_nonexistent.h: No such file or directory
configure:3111: $? = 1
configure: failed program was:
| /* confdefs.h.  */
| 
| #define PACKAGE_NAME "gift-ares"
| #define PACKAGE_TARNAME "gift-ares"
| #define PACKAGE_VERSION "0.3.0"
| #define PACKAGE_STRING "gift-ares 0.3.0"
| #define PACKAGE_BUGREPORT ""
| #define PACKAGE "gift-ares"
| #define VERSION "0.3.0"
| #define BUILD_DATE "Tue May  8 02:02:11 BST 2007"
| #define GIFT_PLUGIN 1
| /* end confdefs.h.  */
| #include <ac_nonexistent.h>
configure:3150: result: gcc -E
configure:3174: gcc -E  conftest.c
configure:3180: $? = 0
configure:3212: gcc -E  conftest.c
conftest.c:13:28: error: ac_nonexistent.h: No such file or directory
configure:3218: $? = 1
configure: failed program was:
| /* confdefs.h.  */
| 
| #define PACKAGE_NAME "gift-ares"
| #define PACKAGE_TARNAME "gift-ares"
| #define PACKAGE_VERSION "0.3.0"
| #define PACKAGE_STRING "gift-ares 0.3.0"
| #define PACKAGE_BUGREPORT ""
| #define PACKAGE "gift-ares"
| #define VERSION "0.3.0"
| #define BUILD_DATE "Tue May  8 02:02:11 BST 2007"
| #define GIFT_PLUGIN 1
| /* end confdefs.h.  */
| #include <ac_nonexistent.h>
configure:3262: checking for egrep
configure:3272: result: grep -E
configure:3277: checking for ANSI C header files
configure:3302: gcc -c -g -O2  conftest.c >&5
configure:3308: $? = 0
configure:3311: test -z 			 || test ! -s conftest.err
configure:3314: $? = 0
configure:3317: test -s conftest.o
configure:3320: $? = 0
configure:3409: gcc -o conftest -g -O2   conftest.c  >&5
conftest.c: In function 'main':
conftest.c:30: warning: incompatible implicit declaration of built-in function 'exit'
configure:3412: $? = 0
configure:3414: ./conftest
configure:3417: $? = 0
configure:3432: result: yes
configure:3455: checking for a BSD-compatible install
configure:3510: result: /usr/bin/install -c
configure:3601: checking build system type
configure:3619: result: i686-pc-linux-gnu
configure:3627: checking host system type
configure:3641: result: i686-pc-linux-gnu
configure:3649: checking for a sed that does not truncate output
configure:3703: result: /bin/sed
configure:3717: checking for ld used by gcc
configure:3784: result: /usr/bin/ld
configure:3793: checking if the linker (/usr/bin/ld) is GNU ld
configure:3808: result: yes
configure:3813: checking for /usr/bin/ld option to reload object files
configure:3820: result: -r
configure:3838: checking for BSD-compatible nm
configure:3887: result: /usr/bin/nm -B
configure:3891: checking whether ln -s works
configure:3895: result: yes
configure:3902: checking how to recognise dependent libraries
configure:4078: result: pass_all
configure:4322: checking for sys/types.h
configure:4338: gcc -c -g -O2  conftest.c >&5
configure:4344: $? = 0
configure:4347: test -z 			 || test ! -s conftest.err
configure:4350: $? = 0
configure:4353: test -s conftest.o
configure:4356: $? = 0
configure:4367: result: yes
configure:4322: checking for sys/stat.h
configure:4338: gcc -c -g -O2  conftest.c >&5
configure:4344: $? = 0
configure:4347: test -z 			 || test ! -s conftest.err
configure:4350: $? = 0
configure:4353: test -s conftest.o
configure:4356: $? = 0
configure:4367: result: yes
configure:4322: checking for stdlib.h
configure:4338: gcc -c -g -O2  conftest.c >&5
configure:4344: $? = 0
configure:4347: test -z 			 || test ! -s conftest.err
configure:4350: $? = 0
configure:4353: test -s conftest.o
configure:4356: $? = 0
configure:4367: result: yes
configure:4322: checking for string.h
configure:4338: gcc -c -g -O2  conftest.c >&5
configure:4344: $? = 0
configure:4347: test -z 			 || test ! -s conftest.err
configure:4350: $? = 0
configure:4353: test -s conftest.o
configure:4356: $? = 0
configure:4367: result: yes
configure:4322: checking for memory.h
configure:4338: gcc -c -g -O2  conftest.c >&5
configure:4344: $? = 0
configure:4347: test -z 			 || test ! -s conftest.err
configure:4350: $? = 0
configure:4353: test -s conftest.o
configure:4356: $? = 0
configure:4367: result: yes
configure:4322: checking for strings.h
configure:4338: gcc -c -g -O2  conftest.c >&5
configure:4344: $? = 0
configure:4347: test -z 			 || test ! -s conftest.err
configure:4350: $? = 0
configure:4353: test -s conftest.o
configure:4356: $? = 0
configure:4367: result: yes
configure:4322: checking for inttypes.h
configure:4338: gcc -c -g -O2  conftest.c >&5
configure:4344: $? = 0
configure:4347: test -z 			 || test ! -s conftest.err
configure:4350: $? = 0
configure:4353: test -s conftest.o
configure:4356: $? = 0
configure:4367: result: yes
configure:4322: checking for stdint.h
configure:4338: gcc -c -g -O2  conftest.c >&5
configure:4344: $? = 0
configure:4347: test -z 			 || test ! -s conftest.err
configure:4350: $? = 0
configure:4353: test -s conftest.o
configure:4356: $? = 0
configure:4367: result: yes
configure:4322: checking for unistd.h
configure:4338: gcc -c -g -O2  conftest.c >&5
configure:4344: $? = 0
configure:4347: test -z 			 || test ! -s conftest.err
configure:4350: $? = 0
configure:4353: test -s conftest.o
configure:4356: $? = 0
configure:4367: result: yes
configure:4393: checking dlfcn.h usability
configure:4405: gcc -c -g -O2  conftest.c >&5
configure:4411: $? = 0
configure:4414: test -z 			 || test ! -s conftest.err
configure:4417: $? = 0
configure:4420: test -s conftest.o
configure:4423: $? = 0
configure:4433: result: yes
configure:4437: checking dlfcn.h presence
configure:4447: gcc -E  conftest.c
configure:4453: $? = 0
configure:4473: result: yes
configure:4508: checking for dlfcn.h
configure:4515: result: yes
configure:4580: checking for g++
configure:4596: found /usr/bin/g++
configure:4606: result: g++
configure:4622: checking for C++ compiler version
configure:4625: g++ --version </dev/null >&5
g++ (GCC) 4.1.2 (Ubuntu 4.1.2-0ubuntu4)
Copyright (C) 2006 Free Software Foundation, Inc.
This is free software; see the source for copying conditions.  There is NO
warranty; not even for MERCHANTABILITY or FITNESS FOR A PARTICULAR PURPOSE.

configure:4628: $? = 0
configure:4630: g++ -v </dev/null >&5
Using built-in specs.
Target: i486-linux-gnu
Configured with: ../src/configure -v --enable-languages=c,c++,fortran,objc,obj-c++,treelang --prefix=/usr --enable-shared --with-system-zlib --libexecdir=/usr/lib --without-included-gettext --enable-threads=posix --enable-nls --program-suffix=-4.1 --enable-__cxa_atexit --enable-clocale=gnu --enable-libstdcxx-debug --enable-mpfr --enable-checking=release i486-linux-gnu
Thread model: posix
gcc version 4.1.2 (Ubuntu 4.1.2-0ubuntu4)
configure:4633: $? = 0
configure:4635: g++ -V </dev/null >&5
g++: '-V' option must have argument
configure:4638: $? = 1
configure:4641: checking whether we are using the GNU C++ compiler
configure:4665: g++ -c   conftest.cc >&5
configure:4671: $? = 0
configure:4674: test -z 			 || test ! -s conftest.err
configure:4677: $? = 0
configure:4680: test -s conftest.o
configure:4683: $? = 0
configure:4696: result: yes
configure:4702: checking whether g++ accepts -g
configure:4723: g++ -c -g  conftest.cc >&5
configure:4729: $? = 0
configure:4732: test -z 			 || test ! -s conftest.err
configure:4735: $? = 0
configure:4738: test -s conftest.o
configure:4741: $? = 0
configure:4752: result: yes
configure:4794: g++ -c -g -O2  conftest.cc >&5
configure:4800: $? = 0
configure:4803: test -z 			 || test ! -s conftest.err
configure:4806: $? = 0
configure:4809: test -s conftest.o
configure:4812: $? = 0
configure:4838: g++ -c -g -O2  conftest.cc >&5
conftest.cc: In function 'int main()':
conftest.cc:28: error: 'exit' was not declared in this scope
configure:4844: $? = 1
configure: failed program was:
| /* confdefs.h.  */
| 
| #define PACKAGE_NAME "gift-ares"
| #define PACKAGE_TARNAME "gift-ares"
| #define PACKAGE_VERSION "0.3.0"
| #define PACKAGE_STRING "gift-ares 0.3.0"
| #define PACKAGE_BUGREPORT ""
| #define PACKAGE "gift-ares"
| #define VERSION "0.3.0"
| #define BUILD_DATE "Tue May  8 02:02:11 BST 2007"
| #define GIFT_PLUGIN 1
| #define STDC_HEADERS 1
| #define HAVE_SYS_TYPES_H 1
| #define HAVE_SYS_STAT_H 1
| #define HAVE_STDLIB_H 1
| #define HAVE_STRING_H 1
| #define HAVE_MEMORY_H 1
| #define HAVE_STRINGS_H 1
| #define HAVE_INTTYPES_H 1
| #define HAVE_STDINT_H 1
| #define HAVE_UNISTD_H 1
| #define HAVE_DLFCN_H 1
| /* end confdefs.h.  */
| 
| int
| main ()
| {
| exit (42);
|   ;
|   return 0;
| }
configure:4794: g++ -c -g -O2  conftest.cc >&5
configure:4800: $? = 0
configure:4803: test -z 			 || test ! -s conftest.err
configure:4806: $? = 0
configure:4809: test -s conftest.o
configure:4812: $? = 0
configure:4838: g++ -c -g -O2  conftest.cc >&5
configure:4844: $? = 0
configure:4847: test -z 			 || test ! -s conftest.err
configure:4850: $? = 0
configure:4853: test -s conftest.o
configure:4856: $? = 0
configure:4881: checking dependency style of g++
configure:4964: result: gcc3
configure:4991: checking how to run the C++ preprocessor
configure:5022: g++ -E  conftest.cc
configure:5028: $? = 0
configure:5060: g++ -E  conftest.cc
conftest.cc:27:28: error: ac_nonexistent.h: No such file or directory
configure:5066: $? = 1
configure: failed program was:
| /* confdefs.h.  */
| 
| #define PACKAGE_NAME "gift-ares"
| #define PACKAGE_TARNAME "gift-ares"
| #define PACKAGE_VERSION "0.3.0"
| #define PACKAGE_STRING "gift-ares 0.3.0"
| #define PACKAGE_BUGREPORT ""
| #define PACKAGE "gift-ares"
| #define VERSION "0.3.0"
| #define BUILD_DATE "Tue May  8 02:02:11 BST 2007"
| #define GIFT_PLUGIN 1
| #define STDC_HEADERS 1
| #define HAVE_SYS_TYPES_H 1
| #define HAVE_SYS_STAT_H 1
| #define HAVE_STDLIB_H 1
| #define HAVE_STRING_H 1
| #define HAVE_MEMORY_H 1
| #define HAVE_STRINGS_H 1
| #define HAVE_INTTYPES_H 1
| #define HAVE_STDINT_H 1
| #define HAVE_UNISTD_H 1
| #define HAVE_DLFCN_H 1
| #ifdef __cplusplus
| extern "C" void std::exit (int) throw (); using std::exit;
| #endif
| /* end confdefs.h.  */
| #include <ac_nonexistent.h>
configure:5105: result: g++ -E
configure:5129: g++ -E  conftest.cc
configure:5135: $? = 0
configure:5167: g++ -E  conftest.cc
conftest.cc:27:28: error: ac_nonexistent.h: No such file or directory
configure:5173: $? = 1
configure: failed program was:
| /* confdefs.h.  */
| 
| #define PACKAGE_NAME "gift-ares"
| #define PACKAGE_TARNAME "gift-ares"
| #define PACKAGE_VERSION "0.3.0"
| #define PACKAGE_STRING "gift-ares 0.3.0"
| #define PACKAGE_BUGREPORT ""
| #define PACKAGE "gift-ares"
| #define VERSION "0.3.0"
| #define BUILD_DATE "Tue May  8 02:02:11 BST 2007"
| #define GIFT_PLUGIN 1
| #define STDC_HEADERS 1
| #define HAVE_SYS_TYPES_H 1
| #define HAVE_SYS_STAT_H 1
| #define HAVE_STDLIB_H 1
| #define HAVE_STRING_H 1
| #define HAVE_MEMORY_H 1
| #define HAVE_STRINGS_H 1
| #define HAVE_INTTYPES_H 1
| #define HAVE_STDINT_H 1
| #define HAVE_UNISTD_H 1
| #define HAVE_DLFCN_H 1
| #ifdef __cplusplus
| extern "C" void std::exit (int) throw (); using std::exit;
| #endif
| /* end confdefs.h.  */
| #include <ac_nonexistent.h>
configure:5270: checking for g77
configure:5299: result: no
configure:5270: checking for f77
configure:5299: result: no
configure:5270: checking for xlf
configure:5299: result: no
configure:5270: checking for frt
configure:5299: result: no
configure:5270: checking for pgf77
configure:5299: result: no
configure:5270: checking for fort77
configure:5299: result: no
configure:5270: checking for fl32
configure:5299: result: no
configure:5270: checking for af77
configure:5299: result: no
configure:5270: checking for f90
configure:5299: result: no
configure:5270: checking for xlf90
configure:5299: result: no
configure:5270: checking for pgf90
configure:5299: result: no
configure:5270: checking for epcf90
configure:5299: result: no
configure:5270: checking for f95
configure:5299: result: no
configure:5270: checking for fort
configure:5299: result: no
configure:5270: checking for xlf95
configure:5299: result: no
configure:5270: checking for ifc
configure:5299: result: no
configure:5270: checking for efc
configure:5299: result: no
configure:5270: checking for pgf95
configure:5299: result: no
configure:5270: checking for lf95
configure:5299: result: no
configure:5270: checking for gfortran
configure:5299: result: no
configure:5311: checking for Fortran 77 compiler version
configure:5314:  --version </dev/null >&5
./configure: line 5315: --version: command not found
configure:5317: $? = 127
configure:5319:  -v </dev/null >&5
./configure: line 5320: -v: command not found
configure:5322: $? = 127
configure:5324:  -V </dev/null >&5
./configure: line 5325: -V: command not found
configure:5327: $? = 127
configure:5335: checking whether we are using the GNU Fortran 77 compiler
configure:5349:  -c  conftest.F >&5
./configure: line 5350: -c: command not found
configure:5355: $? = 127
configure: failed program was:
|       program main
| #ifndef __GNUC__
|        choke me
| #endif
| 
|       end
configure:5380: result: no
configure:5386: checking whether  accepts -g
configure:5398:  -c -g conftest.f >&5
./configure: line 5399: -c: command not found
configure:5404: $? = 127
configure: failed program was:
|       program main
| 
|       end
configure:5428: result: no
configure:5458: checking the maximum length of command line arguments
configure:5567: result: 32768
configure:5578: checking command to parse /usr/bin/nm -B output from gcc object
configure:5683: gcc -c -g -O2  conftest.c >&5
configure:5686: $? = 0
configure:5690: /usr/bin/nm -B conftest.o \| sed -n -e 's/^.*[ 	]\([ABCDGIRSTW][ABCDGIRSTW]*\)[ 	][ 	]*\([_A-Za-z][_A-Za-z0-9]*\)$/\1 \2 \2/p' \> conftest.nm
configure:5693: $? = 0
configure:5745: gcc -o conftest -g -O2   conftest.c conftstm.o >&5
configure:5748: $? = 0
configure:5786: result: ok
configure:5790: checking for objdir
configure:5805: result: .libs
configure:5895: checking for ar
configure:5911: found /usr/bin/ar
configure:5922: result: ar
configure:5975: checking for ranlib
configure:5991: found /usr/bin/ranlib
configure:6002: result: ranlib
configure:6055: checking for strip
configure:6071: found /usr/bin/strip
configure:6082: result: strip
configure:6354: checking if gcc supports -fno-rtti -fno-exceptions
configure:6372: gcc -c -g -O2  -fno-rtti -fno-exceptions conftest.c >&5
cc1: warning: command line option "-fno-rtti" is valid for C++/ObjC++ but not for C
configure:6376: $? = 0
configure:6389: result: no
configure:6404: checking for gcc option to produce PIC
configure:6614: result: -fPIC
configure:6622: checking if gcc PIC flag -fPIC works
configure:6640: gcc -c -g -O2  -fPIC -DPIC conftest.c >&5
configure:6644: $? = 0
configure:6657: result: yes
configure:6685: checking if gcc static flag -static works
configure:6713: result: yes
configure:6723: checking if gcc supports -c -o file.o
configure:6744: gcc -c -g -O2  -o out/conftest2.o conftest.c >&5
configure:6748: $? = 0
configure:6770: result: yes
configure:6796: checking whether the gcc linker (/usr/bin/ld) supports shared libraries
configure:7762: result: yes
configure:7783: checking whether -lc should be explicitly linked in
configure:7788: gcc -c -g -O2  conftest.c >&5
configure:7791: $? = 0
configure:7806: gcc -shared conftest.o  -v -Wl,-soname -Wl,conftest -o conftest 2\>\&1 \| grep  -lc  \>/dev/null 2\>\&1
configure:7809: $? = 0
configure:7821: result: no
configure:7829: checking dynamic linker characteristics
configure:8429: result: GNU/Linux ld.so
configure:8438: checking how to hardcode library paths into programs
configure:8463: result: immediate
configure:8477: checking whether stripping libraries is possible
configure:8482: result: yes
configure:9309: checking if libtool supports shared libraries
configure:9311: result: yes
configure:9314: checking whether to build shared libraries
configure:9335: result: yes
configure:9338: checking whether to build static libraries
configure:9342: result: no
configure:9434: creating libtool
configure:10022: checking for ld used by g++
configure:10089: result: /usr/bin/ld
configure:10098: checking if the linker (/usr/bin/ld) is GNU ld
configure:10113: result: yes
configure:10164: checking whether the g++ linker (/usr/bin/ld) supports shared libraries
configure:11100: result: yes
configure:11118: g++ -c -g -O2  conftest.cpp >&5
configure:11121: $? = 0
configure:11240: checking for g++ option to produce PIC
configure:11514: result: -fPIC
configure:11522: checking if g++ PIC flag -fPIC works
configure:11540: g++ -c -g -O2  -fPIC -DPIC conftest.cpp >&5
configure:11544: $? = 0
configure:11557: result: yes
configure:11585: checking if g++ static flag -static works
configure:11613: result: yes
configure:11623: checking if g++ supports -c -o file.o
configure:11644: g++ -c -g -O2  -o out/conftest2.o conftest.cpp >&5
configure:11648: $? = 0
configure:11670: result: yes
configure:11696: checking whether the g++ linker (/usr/bin/ld) supports shared libraries
configure:11727: result: yes
configure:11794: checking dynamic linker characteristics
configure:12394: result: GNU/Linux ld.so
configure:12403: checking how to hardcode library paths into programs
configure:12428: result: immediate
configure:18624: checking for giftd
configure:18642: found /usr/local/bin/giftd
configure:18654: result: /usr/local/bin/giftd
configure:18691: checking for pkg-config
configure:18709: found /usr/bin/pkg-config
configure:18721: result: /usr/bin/pkg-config
configure:18790: checking for libgift >= 0.11.8 libgift < 0.12.0
configure:18794: result: yes
configure:18798: checking GIFT_CFLAGS
configure:18801: result: -I/usr/local/include  
configure:18804: checking GIFT_LIBS
configure:18807: result: -L/usr/local/lib -lgift  
configure:18846: checking for ANSI C header files
configure:19001: result: yes
configure:19013: checking for an ANSI C-conforming const
configure:19080: gcc -c -g -O2  conftest.c >&5
configure:19086: $? = 0
configure:19089: test -z 			 || test ! -s conftest.err
configure:19092: $? = 0
configure:19095: test -s conftest.o
configure:19098: $? = 0
configure:19109: result: yes
configure:19119: checking whether time.h and sys/time.h may both be included
configure:19144: gcc -c -g -O2  conftest.c >&5
configure:19150: $? = 0
configure:19153: test -z 			 || test ! -s conftest.err
configure:19156: $? = 0
configure:19159: test -s conftest.o
configure:19162: $? = 0
configure:19173: result: yes
configure:19183: checking whether struct tm is in sys/time.h or time.h
configure:19206: gcc -c -g -O2  conftest.c >&5
configure:19212: $? = 0
configure:19215: test -z 			 || test ! -s conftest.err
configure:19218: $? = 0
configure:19221: test -s conftest.o
configure:19224: $? = 0
configure:19235: result: time.h
configure:19245: checking whether INADDR_NONE is defined
configure:19267: gcc -c -g -O2  conftest.c >&5
configure:19273: $? = 0
configure:19276: test -z 			 || test ! -s conftest.err
configure:19279: $? = 0
configure:19282: test -s conftest.o
configure:19285: $? = 0
configure:19296: result: yes
configure:19307: checking for working memcmp
configure:19355: gcc -o conftest -g -O2   conftest.c  >&5
configure:19358: $? = 0
configure:19360: ./conftest
configure:19363: $? = 0
configure:19377: result: yes
configure:19392: checking for strdup
configure:19449: gcc -o conftest -g -O2   conftest.c  >&5
conftest.c:53: warning: conflicting types for built-in function 'strdup'
configure:19455: $? = 0
configure:19458: test -z 			 || test ! -s conftest.err
configure:19461: $? = 0
configure:19464: test -s conftest
configure:19467: $? = 0
configure:19479: result: yes
configure:19573: checking for zlib version 1.1.3+ in /usr
configure:19595: gcc -o conftest -g -O2  -I/usr/include  conftest.c  -L/usr/lib >&5
conftest.c: In function 'main':
conftest.c:34: warning: incompatible implicit declaration of built-in function 'exit'
conftest.c:33: warning: return type of 'main' is not 'int'
configure:19598: $? = 0
configure:19600: ./conftest
configure:19603: $? = 0
configure:19617: result: yes
configure:19621: checking for gzread
configure:19678: gcc -o conftest -g -O2  -I/usr/include  conftest.c  -L/usr/lib >&5
/tmp/ccfAlrCh.o: In function `main':
/home/HEx/gift/gift-ares/conftest.c:70: undefined reference to `gzread'
/tmp/ccfAlrCh.o:(.data+0x0): undefined reference to `gzread'
collect2: ld returned 1 exit status
configure:19684: $? = 1
configure: failed program was:
| /* confdefs.h.  */
| 
| #define PACKAGE_NAME "gift-ares"
| #define PACKAGE_TARNAME "gift-ares"
| #define PACKAGE_VERSION "0.3.0"
| #define PACKAGE_STRING "gift-ares 0.3.0"
| #define PACKAGE_BUGREPORT ""
| #define PACKAGE "gift-ares"
| #define VERSION "0.3.0"
| #define BUILD_DATE "Tue May  8 02:02:11 BST 2007"
| #define GIFT_PLUGIN 1
| #define STDC_HEADERS 1
| #define HAVE_SYS_TYPES_H 1
| #define HAVE_SYS_STAT_H 1
| #define HAVE_STDLIB_H 1
| #define HAVE_STRING_H 1
| #define HAVE_MEMORY_H 1
| #define HAVE_STRINGS_H 1
| #define HAVE_INTTYPES_H 1
| #define HAVE_STDINT_H 1
| #define HAVE_UNISTD_H 1
| #define HAVE_DLFCN_H 1
| #ifdef __cplusplus
| extern "C" void std::exit (int) throw (); using std::exit;
| #endif
| #define STDC_HEADERS 1
| #define TIME_WITH_SYS_TIME 1
| #define HAVE_STRDUP 1
| #define DEBUG 1
| /* end confdefs.h.  */
| /* Define gzread to an innocuous variant, in case <limits.h> declares gzread.
|    For example, HP-UX 11i <limits.h> declares gettimeofday.  */
| #define gzread innocuous_gzread
| 
| /* System header to define __stub macros and hopefully few prototypes,
|     which can conflict with char gzread (); below.
|     Prefer <limits.h> to <assert.h> if __STDC__ is defined, since
|     <limits.h> exists even on freestanding compilers.  */
| 
| #ifdef __STDC__
| # include <limits.h>
| #else
| # include <assert.h>
| #endif
| 
| #undef gzread
| 
| /* Override any gcc2 internal prototype to avoid an error.  */
| #ifdef __cplusplus
| extern "C"
| {
| #endif
| /* We use char because int might match the return type of a gcc2
|    builtin and then its argument prototype would still apply.  */
| char gzread ();
| /* The GNU C library defines this for functions which it implements
|     to always fail with ENOSYS.  Some functions are actually named
|     something starting with __ and the normal name is an alias.  */
| #if defined (__stub_gzread) || defined (__stub___gzread)
| choke me
| #else
| char (*f) () = gzread;
| #endif
| #ifdef __cplusplus
| }
| #endif
| 
| int
| main ()
| {
| return f != gzread;
|   ;
|   return 0;
| }
configure:19708: result: no
configure:19714: checking for gzread in -lz
configure:19744: gcc -o conftest -g -O2  -I/usr/include  conftest.c -lz   -L/usr/lib >&5
configure:19750: $? = 0
configure:19753: test -z 			 || test ! -s conftest.err
configure:19756: $? = 0
configure:19759: test -s conftest
configure:19762: $? = 0
configure:19775: result: yes
configure:19988: creating ./config.status

## ---------------------- ##
## Running config.status. ##
## ---------------------- ##

This file was extended by gift-ares config.status 0.3.0, which was
generated by GNU Autoconf 2.59.  Invocation command line was

  CONFIG_FILES    = 
  CONFIG_HEADERS  = 
  CONFIG_LINKS    = 
  CONFIG_COMMANDS = 
  $ ./config.status 

on sphere

config.status:764: creating Makefile
config.status:764: creating lib/Makefile
config.status:764: creating gift/Makefile
config.status:764: creating data/Makefile
config.status:764: creating m4/Makefile
config.status:764: creating win32/Makefile
config.status:830: creating config.h
config.status:1132: executing depfiles commands

## ---------------- ##
## Cache variables. ##
## ---------------- ##

ac_cv_build=i686-pc-linux-gnu
ac_cv_build_alias=i686-pc-linux-gnu
ac_cv_c_compiler_gnu=yes
ac_cv_c_const=yes
ac_cv_cxx_compiler_gnu=yes
ac_cv_env_CC_set=
ac_cv_env_CC_value=
ac_cv_env_CFLAGS_set=
ac_cv_env_CFLAGS_value=
ac_cv_env_CPPFLAGS_set=
ac_cv_env_CPPFLAGS_value=
ac_cv_env_CPP_set=
ac_cv_env_CPP_value=
ac_cv_env_CXXCPP_set=
ac_cv_env_CXXCPP_value=
ac_cv_env_CXXFLAGS_set=
ac_cv_env_CXXFLAGS_value=
ac_cv_env_CXX_set=
ac_cv_env_CXX_value=
ac_cv_env_F77_set=
ac_cv_env_F77_value=
ac_cv_env_FFLAGS_set=
ac_cv_env_FFLAGS_value=
ac_cv_env_LDFLAGS_set=
ac_cv_env_LDFLAGS_value=
ac_cv_env_build_alias_set=
ac_cv_env_build_alias_value=
ac_cv_env_host_alias_set=
ac_cv_env_host_alias_value=
ac_cv_env_target_alias_set=
ac_cv_env_target_alias_value=
ac_cv_exeext=
ac_cv_f77_compiler_gnu=no
ac_cv_func_gzread=no
ac_cv_func_memcmp_working=yes
ac_cv_func_strdup=yes
ac_cv_have_inaddr_none=yes
ac_cv_header_dlfcn_h=yes
ac_cv_header_inttypes_h=yes
ac_cv_header_memory_h=yes
ac_cv_header_stdc=yes
ac_cv_header_stdint_h=yes
ac_cv_header_stdlib_h=yes
ac_cv_header_string_h=yes
ac_cv_header_strings_h=yes
ac_cv_header_sys_stat_h=yes
ac_cv_header_sys_types_h=yes
ac_cv_header_time=yes
ac_cv_header_unistd_h=yes
ac_cv_host=i686-pc-linux-gnu
ac_cv_host_alias=i686-pc-linux-gnu
ac_cv_lib_z_gzread=yes
ac_cv_objext=o
ac_cv_path_PKG_CONFIG=/usr/bin/pkg-config
ac_cv_path_ac_prefix_program=/usr/local/bin/giftd
ac_cv_path_install='/usr/bin/install -c'
ac_cv_prog_AWK=gawk
ac_cv_prog_CPP='gcc -E'
ac_cv_prog_CXXCPP='g++ -E'
ac_cv_prog_ac_ct_AR=ar
ac_cv_prog_ac_ct_CC=gcc
ac_cv_prog_ac_ct_CXX=g++
ac_cv_prog_ac_ct_RANLIB=ranlib
ac_cv_prog_ac_ct_STRIP=strip
ac_cv_prog_cc_g=yes
ac_cv_prog_cc_stdc=
ac_cv_prog_cxx_g=yes
ac_cv_prog_egrep='grep -E'
ac_cv_prog_f77_g=no
ac_cv_prog_make_make_set=yes
ac_cv_struct_tm=time.h
am_cv_CC_dependencies_compiler_type=gcc3
am_cv_CXX_dependencies_compiler_type=gcc3
lt_cv_deplibs_check_method=pass_all
lt_cv_file_magic_cmd='$MAGIC_CMD'
lt_cv_file_magic_test_file=
lt_cv_ld_reload_flag=-r
lt_cv_objdir=.libs
lt_cv_path_LD=/usr/bin/ld
lt_cv_path_LDCXX=/usr/bin/ld
lt_cv_path_NM='/usr/bin/nm -B'
lt_cv_path_SED=/bin/sed
lt_cv_prog_compiler_c_o=yes
lt_cv_prog_compiler_c_o_CXX=yes
lt_cv_prog_compiler_rtti_exceptions=no
lt_cv_prog_gnu_ld=yes
lt_cv_prog_gnu_ldcxx=yes
lt_cv_sys_global_symbol_pipe='sed -n -e '\''s/^.*[ 	]\([ABCDGIRSTW][ABCDGIRSTW]*\)[ 	][ 	]*\([_A-Za-z][_A-Za-z0-9]*\)$/\1 \2 \2/p'\'''
lt_cv_sys_global_symbol_to_c_name_address='sed -n -e '\''s/^: \([^ ]*\) $/  {\"\1\", (lt_ptr) 0},/p'\'' -e '\''s/^[BCDEGRST] \([^ ]*\) \([^ ]*\)$/  {"\2", (lt_ptr) \&\2},/p'\'''
lt_cv_sys_global_symbol_to_cdecl='sed -n -e '\''s/^. .* \(.*\)$/extern int \1;/p'\'''
lt_cv_sys_max_cmd_len=32768
lt_lt_cv_prog_compiler_c_o='"yes"'
lt_lt_cv_prog_compiler_c_o_CXX='"yes"'
lt_lt_cv_sys_global_symbol_pipe='"sed -n -e '\''s/^.*[ 	]\\([ABCDGIRSTW][ABCDGIRSTW]*\\)[ 	][ 	]*\\([_A-Za-z][_A-Za-z0-9]*\\)\$/\\1 \\2 \\2/p'\''"'
lt_lt_cv_sys_global_symbol_to_c_name_address='"sed -n -e '\''s/^: \\([^ ]*\\) \$/  {\\\"\\1\\\", (lt_ptr) 0},/p'\'' -e '\''s/^[BCDEGRST] \\([^ ]*\\) \\([^ ]*\\)\$/  {\"\\2\", (lt_ptr) \\&\\2},/p'\''"'
lt_lt_cv_sys_global_symbol_to_cdecl='"sed -n -e '\''s/^. .* \\(.*\\)\$/extern int \\1;/p'\''"'

## ----------------- ##
## Output variables. ##
## ----------------- ##

ACLOCAL='${SHELL} /home/HEx/gift/gift-ares/missing --run aclocal-1.7'
AMDEPBACKSLASH='\'
AMDEP_FALSE='#'
AMDEP_TRUE=''
AMTAR='${SHELL} /home/HEx/gift/gift-ares/missing --run tar'
AR='ar'
AUTOCONF='${SHELL} /home/HEx/gift/gift-ares/missing --run autoconf'
AUTOHEADER='${SHELL} /home/HEx/gift/gift-ares/missing --run autoheader'
AUTOMAKE='${SHELL} /home/HEx/gift/gift-ares/missing --run automake-1.7'
AWK='gawk'
CC='gcc'
CCDEPMODE='depmode=gcc3'
CFLAGS='-g -O2'
CPP='gcc -E'
CPPFLAGS=' -I/usr/include'
CXX='g++'
CXXCPP='g++ -E'
CXXDEPMODE='depmode=gcc3'
CXXFLAGS='-g -O2'
CYGPATH_W='echo'
DEBUG_FALSE='#'
DEBUG_TRUE=''
DEFS='-DHAVE_CONFIG_H'
DEPDIR='.deps'
ECHO='echo'
ECHO_C=''
ECHO_N='-n'
ECHO_T=''
EGREP='grep -E'
EXEEXT=''
F77=''
FFLAGS=''
GIFT_CFLAGS='-I/usr/local/include  '
GIFT_LIBS='-L/usr/local/lib -lgift   -lgiftproto'
HEAVY_DEBUG_FALSE=''
HEAVY_DEBUG_TRUE='#'
INSTALL_DATA='${INSTALL} -m 644'
INSTALL_PROGRAM='${INSTALL}'
INSTALL_SCRIPT='${INSTALL}'
INSTALL_STRIP_PROGRAM='${SHELL} $(install_sh) -c -s'
LDFLAGS=''
LIBOBJS=''
LIBS='-lz  -L/usr/lib'
LIBTOOL='$(SHELL) $(top_builddir)/libtool'
LN_S='ln -s'
LTLIBOBJS=''
MAKEINFO='${SHELL} /home/HEx/gift/gift-ares/missing --run makeinfo'
OBJEXT='o'
PACKAGE='gift-ares'
PACKAGE_BUGREPORT=''
PACKAGE_NAME='gift-ares'
PACKAGE_STRING='gift-ares 0.3.0'
PACKAGE_TARNAME='gift-ares'
PACKAGE_VERSION='0.3.0'
PATH_SEPARATOR=':'
PKG_CONFIG='/usr/bin/pkg-config'
RANLIB='ranlib'
SET_MAKE=''
SHELL='/bin/sh'
STRIP='strip'
VERSION='0.3.0'
ac_ct_AR='ar'
ac_ct_CC='gcc'
ac_ct_CXX='g++'
ac_ct_F77=''
ac_ct_RANLIB='ranlib'
ac_ct_STRIP='strip'
ac_prefix_program='/usr/local/bin/giftd'
am__fastdepCC_FALSE='#'
am__fastdepCC_TRUE=''
am__fastdepCXX_FALSE='#'
am__fastdepCXX_TRUE=''
am__include='include'
am__leading_dot='.'
am__quote=''
bindir='${exec_prefix}/bin'
build='i686-pc-linux-gnu'
build_alias=''
build_cpu='i686'
build_os='linux-gnu'
build_vendor='pc'
datadir='/usr/local/share/giFT'
exec_prefix='${prefix}'
host='i686-pc-linux-gnu'
host_alias=''
host_cpu='i686'
host_os='linux-gnu'
host_vendor='pc'
includedir='${prefix}/include'
infodir='${prefix}/info'
install_sh='/home/HEx/gift/gift-ares/install-sh'
libdir='${exec_prefix}/lib'
libexecdir='${exec_prefix}/libexec'
localstatedir='${prefix}/var'
mandir='${prefix}/man'
oldincludedir='/usr/include'
plugindir='/usr/local/lib/giFT'
prefix='/usr/local'
program_transform_name='s,x,x,'
sbindir='${exec_prefix}/sbin'
sharedstatedir='${prefix}/com'
sysconfdir='${prefix}/etc'
target_alias=''

## ----------- ##
## confdefs.h. ##
## ----------- ##

#define BUILD_DATE "Tue May  8 02:02:11 BST 2007"
#define DEBUG 1
#define GIFT_PLUGIN 1
#define HAVE_DLFCN_H 1
#define HAVE_INTTYPES_H 1
#define HAVE_LIBZ 1
#define HAVE_MEMORY_H 1
#define HAVE_STDINT_H 1
#define HAVE_STDLIB_H 1
#define HAVE_STRDUP 1
#define HAVE_STRINGS_H 1
#define HAVE_STRING_H 1
#define HAVE_SYS_STAT_H 1
#define HAVE_SYS_TYPES_H 1
#define HAVE_UNISTD_H 1
#define PACKAGE "gift-ares"
#define PACKAGE_BUGREPORT ""
#define PACKAGE_NAME "gift-ares"
#define PACKAGE_STRING "gift-ares 0.3.0"
#define PACKAGE_TARNAME "gift-ares"
#define PACKAGE_VERSION "0.3.0"
#define STDC_HEADERS 1
#define STDC_HEADERS 1
#define TIME_WITH_SYS_TIME 1
#define VERSION "0.3.0"
#endif
#ifdef __cplusplus
extern "C" void std::exit (int) throw (); using std::exit;

configure: exit 0
