This file contains any messages produced by compilers while
running configure, to aid debugging if configure makes a mistake.

It was created by configure, which was
generated by GNU Autoconf 2.52.  Invocation command line was

  $ ./configure 

## ---------- ##
## Platform.  ##
## ---------- ##

hostname = sphere.chronosempire.org.uk
uname -m = i686
uname -r = 2.4.18
uname -s = Linux
uname -v = #5 Wed Jun 5 00:16:42 BST 2002

/usr/bin/uname -p = unknown
/bin/uname -X     = unknown

/bin/arch              = i686
/usr/bin/arch -k       = unknown
/usr/convex/getsysinfo = unknown
hostinfo               = unknown
/bin/machine           = unknown
/usr/bin/oslevel       = unknown
/bin/universe          = unknown

PATH = /usr/local/bin:/usr/bin:/bin:/usr/bin/X11:/usr/games:/usr/local/bin:/home/HEx/bin

## ------------ ##
## Core tests.  ##
## ------------ ##

configure:1135: PATH=".;."; conftest.sh
./configure: conftest.sh: command not found
configure:1138: $? = 127
configure:1191: checking for a BSD compatible install
configure:1240: result: /usr/bin/install -c
configure:1251: checking whether build environment is sane
configure:1294: result: yes
configure:1309: checking whether make sets ${MAKE}
configure:1329: result: yes
configure:1357: checking for working aclocal
configure:1364: result: found
configure:1372: checking for working autoconf
configure:1379: result: found
configure:1387: checking for working automake
configure:1394: result: found
configure:1402: checking for working autoheader
configure:1409: result: found
configure:1417: checking for working makeinfo
configure:1424: result: found
configure:1482: checking for gcc
configure:1497: found /usr/bin/gcc
configure:1505: result: gcc
configure:1733: checking for C compiler version
configure:1736: gcc --version </dev/null >&5
2.95.4
configure:1739: $? = 0
configure:1741: gcc -v </dev/null >&5
Reading specs from /usr/lib/gcc-lib/i386-linux/2.95.4/specs
gcc version 2.95.4 20011006 (Debian prerelease)
configure:1744: $? = 0
configure:1746: gcc -V </dev/null >&5
gcc: argument to `-V' is missing
configure:1749: $? = 1
configure:1769: checking for C compiler default output
configure:1772: gcc    conftest.c  >&5
configure:1775: $? = 0
configure:1804: result: a.out
configure:1809: checking whether the C compiler works
configure:1815: ./a.out
configure:1818: $? = 0
configure:1833: result: yes
configure:1840: checking whether we are cross compiling
configure:1842: result: no
configure:1845: checking for executable suffix
configure:1847: gcc -o conftest    conftest.c  >&5
configure:1850: $? = 0
configure:1872: result: 
configure:1878: checking for object suffix
configure:1896: gcc -c   conftest.c >&5
configure:1899: $? = 0
configure:1918: result: o
configure:1922: checking whether we are using the GNU C compiler
configure:1943: gcc -c   conftest.c >&5
configure:1946: $? = 0
configure:1949: test -s conftest.o
configure:1952: $? = 0
configure:1964: result: yes
configure:1970: checking whether gcc accepts -g
configure:1988: gcc -c -g  conftest.c >&5
configure:1991: $? = 0
configure:1994: test -s conftest.o
configure:1997: $? = 0
configure:2007: result: yes
configure:2034: gcc -c -g -O2  conftest.c >&5
conftest.c:2: parse error before `me'
configure:2037: $? = 1
configure: failed program was:
#ifndef __cplusplus
  choke me
#endif
configure:2135: checking for gcc option to accept ANSI C
configure:2194: gcc  -c -g -O2  conftest.c >&5
configure:2197: $? = 0
configure:2200: test -s conftest.o
configure:2203: $? = 0
configure:2217: result: none needed
configure:2233: checking how to run the C preprocessor
configure:2259: gcc -E  conftest.c
configure:2265: $? = 0
configure:2292: gcc -E  conftest.c
configure:2289: ac_nonexistent.h: No such file or directory
configure:2298: $? = 1
configure: failed program was:
#line 2288 "configure"
#include "confdefs.h"
#include <ac_nonexistent.h>
configure:2335: result: gcc -E
configure:2350: gcc -E  conftest.c
configure:2356: $? = 0
configure:2383: gcc -E  conftest.c
configure:2380: ac_nonexistent.h: No such file or directory
configure:2389: $? = 1
configure: failed program was:
#line 2379 "configure"
#include "confdefs.h"
#include <ac_nonexistent.h>
configure:2428: checking for ANSI C header files
configure:2442: gcc -E  conftest.c
configure:2448: $? = 0
configure:2535: gcc -o conftest -g -O2   conftest.c  >&5
configure:2538: $? = 0
configure:2540: ./conftest
configure:2543: $? = 0
configure:2556: result: yes
configure:2578: checking for a BSD compatible install
configure:2627: result: /usr/bin/install -c
configure:2710: checking build system type
configure:2728: result: i686-pc-linux-gnu
configure:2735: checking host system type
configure:2749: result: i686-pc-linux-gnu
configure:2777: checking for ld used by GCC
configure:2840: result: /usr/bin/ld
configure:2849: checking if the linker (/usr/bin/ld) is GNU ld
GNU ld version 2.11.92.0.10 20011021 Debian/GNU Linux
configure:2861: result: yes
configure:2865: checking for /usr/bin/ld option to reload object files
configure:2872: result: -r
configure:2877: checking for BSD-compatible nm
configure:2913: result: /usr/bin/nm -B
configure:2916: checking for a sed that does not truncate output
configure:2998: result: /bin/sed
configure:3001: checking whether ln -s works
configure:3005: result: yes
configure:3012: checking how to recognise dependant libraries
configure:3193: result: pass_all
configure:3199: checking command to parse /usr/bin/nm -B output
configure:3280: gcc -c -g -O2  conftest.c >&5
configure:3283: $? = 0
configure:3287: /usr/bin/nm -B conftest.o \| sed -n -e 's/^.*[ 	]\([ABCDGISTW][ABCDGISTW]*\)[ 	][ 	]*\(\)\([_A-Za-z][_A-Za-z0-9]*\)$/\1 \2\3 \3/p' \> conftest.nm
configure:3290: $? = 0
configure:3342: gcc -o conftest -g -O2   conftest.c conftstm.o >&5
configure:3345: $? = 0
configure:3389: result: ok
configure:3396: checking for dlfcn.h
configure:3406: gcc -E  conftest.c
configure:3412: $? = 0
configure:3431: result: yes
configure:3618: checking for ranlib
configure:3633: found /usr/bin/ranlib
configure:3642: result: ranlib
configure:3692: checking for strip
configure:3707: found /usr/bin/strip
configure:3716: result: strip
configure:3918: checking for objdir
configure:3929: result: .libs
configure:3944: checking for gcc option to produce PIC
configure:4090: result: -fPIC
configure:4094: checking if gcc PIC flag -fPIC works
configure:4114: gcc -c -g -O2 -fPIC -DPIC  conftest.c >&5
configure:4117: $? = 0
configure:4120: test -s conftest.o
configure:4123: $? = 0
configure:4159: result: yes
configure:4175: checking if gcc static flag -static works
configure:4196: gcc -o conftest -g -O2   -static conftest.c  >&5
configure:4199: $? = 0
configure:4202: test -s conftest
configure:4205: $? = 0
configure:4219: result: yes
configure:4230: checking if gcc supports -c -o file.o
configure:4250: gcc -c -g -O2 -o out/conftest2.o  conftest.c >&5
configure:4274: result: yes
configure:4279: checking if gcc supports -c -o file.lo
configure:4303: gcc -c -g -O2 -c -o conftest.lo  conftest.c >&5
configure:4306: $? = 0
configure:4309: test -s conftest.lo
configure:4312: $? = 0
configure:4333: result: yes
configure:4364: checking if gcc supports -fno-rtti -fno-exceptions
configure:4383: gcc -c -g -O2 -fno-rtti -fno-exceptions -c conftest.c  conftest.c >&5
configure:4386: $? = 0
configure:4389: test -s conftest.o
configure:4392: $? = 0
configure:4408: result: yes
configure:4419: checking whether the linker (/usr/bin/ld) supports shared libraries
configure:5111: result: yes
configure:5116: checking how to hardcode library paths into programs
configure:5140: result: immediate
configure:5145: checking whether stripping libraries is possible
configure:5150: result: yes
configure:5161: checking dynamic linker characteristics
configure:5563: result: GNU/Linux ld.so
configure:5568: checking if libtool supports shared libraries
configure:5570: result: yes
configure:5573: checking whether to build shared libraries
configure:5594: result: yes
configure:5597: checking whether to build static libraries
configure:5601: result: no
configure:6219: checking whether -lc should be explicitly linked in
configure:6227: gcc -c -g -O2  conftest.c >&5
configure:6230: $? = 0
configure:6244: gcc -shared conftest.o  -v -Wl,-soname -Wl,conftest -o conftest 2\>\&1 \| grep  -lc  \>/dev/null 2\>\&1
configure:6247: $? = 0
configure:6260: result: no
configure:6830: checking for gethostbyname in -lnsl
configure:6857: gcc -o conftest -g -O2   conftest.c -lnsl   >&5
configure:6860: $? = 0
configure:6863: test -s conftest
configure:6866: $? = 0
configure:6877: result: yes
configure:6888: checking for socket in -lsocket
configure:6915: gcc -o conftest -g -O2   conftest.c -lsocket  -lnsl  >&5
/usr/bin/ld: cannot find -lsocket
collect2: ld returned 1 exit status
configure:6918: $? = 1
configure: failed program was:
#line 6896 "configure"
#include "confdefs.h"

/* Override any gcc2 internal prototype to avoid an error.  */
#ifdef __cplusplus
extern "C"
#endif
/* We use char because int might match the return type of a gcc2
   builtin and then its argument prototype would still apply.  */
char socket ();
int
main ()
{
socket ();
  ;
  return 0;
}
configure:6935: result: no
configure:6951: checking for dirent.h that defines DIR
configure:6972: gcc -c -g -O2  conftest.c >&5
configure:6975: $? = 0
configure:6978: test -s conftest.o
configure:6981: $? = 0
configure:6991: result: yes
configure:7004: checking for opendir in -ldir
configure:7031: gcc -o conftest -g -O2   conftest.c -ldir  -lnsl  >&5
/usr/bin/ld: cannot find -ldir
collect2: ld returned 1 exit status
configure:7034: $? = 1
configure: failed program was:
#line 7012 "configure"
#include "confdefs.h"

/* Override any gcc2 internal prototype to avoid an error.  */
#ifdef __cplusplus
extern "C"
#endif
/* We use char because int might match the return type of a gcc2
   builtin and then its argument prototype would still apply.  */
char opendir ();
int
main ()
{
opendir ();
  ;
  return 0;
}
configure:7051: result: no
configure:7113: checking for ANSI C header files
configure:7241: result: yes
configure:7251: checking for sys/wait.h that is POSIX.1 compatible
configure:7279: gcc -c -g -O2  conftest.c >&5
configure:7282: $? = 0
configure:7285: test -s conftest.o
configure:7288: $? = 0
configure:7298: result: yes
configure:7311: checking for dirent.h
configure:7321: gcc -E  conftest.c
configure:7327: $? = 0
configure:7346: result: yes
configure:7311: checking for fcntl.h
configure:7321: gcc -E  conftest.c
configure:7327: $? = 0
configure:7346: result: yes
configure:7311: checking for limits.h
configure:7321: gcc -E  conftest.c
configure:7327: $? = 0
configure:7346: result: yes
configure:7311: checking for linux/limits.h
configure:7321: gcc -E  conftest.c
configure:7327: $? = 0
configure:7346: result: yes
configure:7311: checking for sys/mman.h
configure:7321: gcc -E  conftest.c
configure:7327: $? = 0
configure:7346: result: yes
configure:7311: checking for sys/time.h
configure:7321: gcc -E  conftest.c
configure:7327: $? = 0
configure:7346: result: yes
configure:7311: checking for syslog.h
configure:7321: gcc -E  conftest.c
configure:7327: $? = 0
configure:7346: result: yes
configure:7311: checking for unistd.h
configure:7321: gcc -E  conftest.c
configure:7327: $? = 0
configure:7346: result: yes
configure:7357: checking for gcc option to accept ANSI C
configure:7414: gcc  -c -g -O2  conftest.c >&5
configure:7417: $? = 0
configure:7420: test -s conftest.o
configure:7423: $? = 0
configure:7440: result: none needed
configure:7448: checking for an ANSI C-conforming const
configure:7512: gcc -c -g -O2  conftest.c >&5
configure:7515: $? = 0
configure:7518: test -s conftest.o
configure:7521: $? = 0
configure:7531: result: yes
configure:7547: checking for sys/types.h
configure:7559: gcc -c -g -O2  conftest.c >&5
configure:7562: $? = 0
configure:7565: test -s conftest.o
configure:7568: $? = 0
configure:7578: result: yes
configure:7547: checking for sys/stat.h
configure:7559: gcc -c -g -O2  conftest.c >&5
configure:7562: $? = 0
configure:7565: test -s conftest.o
configure:7568: $? = 0
configure:7578: result: yes
configure:7547: checking for stdlib.h
configure:7559: gcc -c -g -O2  conftest.c >&5
configure:7562: $? = 0
configure:7565: test -s conftest.o
configure:7568: $? = 0
configure:7578: result: yes
configure:7547: checking for string.h
configure:7559: gcc -c -g -O2  conftest.c >&5
configure:7562: $? = 0
configure:7565: test -s conftest.o
configure:7568: $? = 0
configure:7578: result: yes
configure:7547: checking for memory.h
configure:7559: gcc -c -g -O2  conftest.c >&5
configure:7562: $? = 0
configure:7565: test -s conftest.o
configure:7568: $? = 0
configure:7578: result: yes
configure:7547: checking for strings.h
configure:7559: gcc -c -g -O2  conftest.c >&5
configure:7562: $? = 0
configure:7565: test -s conftest.o
configure:7568: $? = 0
configure:7578: result: yes
configure:7547: checking for inttypes.h
configure:7559: gcc -c -g -O2  conftest.c >&5
configure:7562: $? = 0
configure:7565: test -s conftest.o
configure:7568: $? = 0
configure:7578: result: yes
configure:7547: checking for stdint.h
configure:7559: gcc -c -g -O2  conftest.c >&5
configure:7562: $? = 0
configure:7565: test -s conftest.o
configure:7568: $? = 0
configure:7578: result: yes
configure:7547: checking for unistd.h
configure:7578: result: yes
configure:7588: checking for pid_t
configure:7609: gcc -c -g -O2  conftest.c >&5
configure:7612: $? = 0
configure:7615: test -s conftest.o
configure:7618: $? = 0
configure:7628: result: yes
configure:7640: checking for size_t
configure:7661: gcc -c -g -O2  conftest.c >&5
configure:7664: $? = 0
configure:7667: test -s conftest.o
configure:7670: $? = 0
configure:7680: result: yes
configure:7692: checking whether time.h and sys/time.h may both be included
configure:7714: gcc -c -g -O2  conftest.c >&5
configure:7717: $? = 0
configure:7720: test -s conftest.o
configure:7723: $? = 0
configure:7733: result: yes
configure:7743: checking whether struct tm is in sys/time.h or time.h
configure:7763: gcc -c -g -O2  conftest.c >&5
configure:7766: $? = 0
configure:7769: test -s conftest.o
configure:7772: $? = 0
configure:7782: result: time.h
configure:7792: checking whether byte ordering is bigendian
configure:7817: gcc -c -g -O2  conftest.c >&5
configure:7820: $? = 0
configure:7823: test -s conftest.o
configure:7826: $? = 0
configure:7847: gcc -c -g -O2  conftest.c >&5
configure: In function `main':
configure:7838: `not' undeclared (first use in this function)
configure:7838: (Each undeclared identifier is reported only once
configure:7838: for each function it appears in.)
configure:7838: parse error before `big'
configure:7850: $? = 1
configure: failed program was:
#line 7830 "configure"
#include "confdefs.h"
#include <sys/types.h>
#include <sys/param.h>

int
main ()
{
#if BYTE_ORDER != BIG_ENDIAN
 not big endian
#endif

  ;
  return 0;
}
configure:7914: result: no
configure:7924: checking for short
configure:7945: gcc -c -g -O2  conftest.c >&5
configure:7948: $? = 0
configure:7951: test -s conftest.o
configure:7954: $? = 0
configure:7964: result: yes
configure:7967: checking size of short
configure:8131: gcc -o conftest -g -O2   conftest.c -lnsl  >&5
configure:8134: $? = 0
configure:8136: ./conftest
configure:8139: $? = 0
configure:8155: result: 2
configure:8161: checking for long
configure:8182: gcc -c -g -O2  conftest.c >&5
configure:8185: $? = 0
configure:8188: test -s conftest.o
configure:8191: $? = 0
configure:8201: result: yes
configure:8204: checking size of long
configure:8368: gcc -o conftest -g -O2   conftest.c -lnsl  >&5
configure:8371: $? = 0
configure:8373: ./conftest
configure:8376: $? = 0
configure:8392: result: 4
configure:8398: checking for int
configure:8419: gcc -c -g -O2  conftest.c >&5
configure:8422: $? = 0
configure:8425: test -s conftest.o
configure:8428: $? = 0
configure:8438: result: yes
configure:8441: checking size of int
configure:8605: gcc -o conftest -g -O2   conftest.c -lnsl  >&5
configure:8608: $? = 0
configure:8610: ./conftest
configure:8613: $? = 0
configure:8629: result: 4
configure:8635: checking for void *
configure:8656: gcc -c -g -O2  conftest.c >&5
configure:8659: $? = 0
configure:8662: test -s conftest.o
configure:8665: $? = 0
configure:8675: result: yes
configure:8678: checking size of void *
configure:8842: gcc -o conftest -g -O2   conftest.c -lnsl  >&5
configure:8845: $? = 0
configure:8847: ./conftest
configure:8850: $? = 0
configure:8866: result: 4
configure:8883: checking for void * size
configure:8914: gcc -o conftest -g -O2   conftest.c -lnsl  >&5
configure:8917: $? = 0
configure:8919: ./conftest
configure:8922: $? = 0
configure:8928: result: long
configure:9114: checking for working memcmp
configure:9159: gcc -o conftest -g -O2   conftest.c -lnsl  >&5
configure:9162: $? = 0
configure:9164: ./conftest
configure:9167: $? = 0
configure:9179: result: yes
configure:9186: checking for stdlib.h
configure:9221: result: yes
configure:9186: checking for unistd.h
configure:9221: result: yes
configure:9234: checking for getpagesize
configure:9271: gcc -o conftest -g -O2   conftest.c -lnsl  >&5
configure:9274: $? = 0
configure:9277: test -s conftest
configure:9280: $? = 0
configure:9290: result: yes
configure:9300: checking for working mmap
configure:9436: gcc -o conftest -g -O2   conftest.c -lnsl  >&5
configure:9439: $? = 0
configure:9441: ./conftest
configure:9444: $? = 0
configure:9456: result: yes
configure:9470: checking for madvise
configure:9507: gcc -o conftest -g -O2   conftest.c -lnsl  >&5
configure:9510: $? = 0
configure:9513: test -s conftest
configure:9516: $? = 0
configure:9526: result: yes
configure:9470: checking for nice
configure:9507: gcc -o conftest -g -O2   conftest.c -lnsl  >&5
configure:9510: $? = 0
configure:9513: test -s conftest
configure:9516: $? = 0
configure:9526: result: yes
configure:9470: checking for select
configure:9507: gcc -o conftest -g -O2   conftest.c -lnsl  >&5
configure:9510: $? = 0
configure:9513: test -s conftest
configure:9516: $? = 0
configure:9526: result: yes
configure:9470: checking for socket
configure:9507: gcc -o conftest -g -O2   conftest.c -lnsl  >&5
configure:9510: $? = 0
configure:9513: test -s conftest
configure:9516: $? = 0
configure:9526: result: yes
configure:9470: checking for strdup
configure:9507: gcc -o conftest -g -O2   conftest.c -lnsl  >&5
configure:9510: $? = 0
configure:9513: test -s conftest
configure:9516: $? = 0
configure:9526: result: yes
configure:9470: checking for strstr
configure:9507: gcc -o conftest -g -O2   conftest.c -lnsl  >&5
configure:9510: $? = 0
configure:9513: test -s conftest
configure:9516: $? = 0
configure:9526: result: yes
configure:9649: checking for dlopen
configure:9686: gcc -o conftest -g -O2   conftest.c -lnsl  >&5
/tmp/ccjvetS3.o: In function `main':
/home/HEx/gift/gift-new/giFT/configure:9677: undefined reference to `dlopen'
collect2: ld returned 1 exit status
configure:9689: $? = 1
configure: failed program was:
#line 9655 "configure"
#include "confdefs.h"
/* System header to define __stub macros and hopefully few prototypes,
    which can conflict with char dlopen (); below.  */
#include <assert.h>
/* Override any gcc2 internal prototype to avoid an error.  */
#ifdef __cplusplus
extern "C"
#endif
/* We use char because int might match the return type of a gcc2
   builtin and then its argument prototype would still apply.  */
char dlopen ();
char (*f) ();

int
main ()
{
/* The GNU C library defines this for functions which it implements
    to always fail with ENOSYS.  Some functions are actually named
    something starting with __ and the normal name is an alias.  */
#if defined (__stub_dlopen) || defined (__stub___dlopen)
choke me
#else
f = dlopen;
#endif

  ;
  return 0;
}
configure:9705: result: no
configure:9774: checking for dlopen in -ldl
configure:9801: gcc -o conftest -g -O2   conftest.c -ldl  -lnsl  >&5
configure:9804: $? = 0
configure:9807: test -s conftest
configure:9810: $? = 0
configure:9821: result: yes
configure:9824: checking for dlsym in -ldl
configure:9851: gcc -o conftest -g -O2   conftest.c -ldl  -lnsl  >&5
configure:9854: $? = 0
configure:9857: test -s conftest
configure:9860: $? = 0
configure:9871: result: yes
configure:9919: checking for sed
configure:9936: found /bin/sed
configure:9947: result: /bin/sed
configure:9956: checking for perl
configure:9973: found /usr/bin/perl
configure:9984: result: /usr/bin/perl
configure:9991: checking for Perl compile flags
configure:10009: result: ok
configure:10011: checking for perl_parse in -lperl
configure:10038: gcc -o conftest -g -Wall   conftest.c -lperl -rdynamic -L/usr/local/lib /usr/lib/perl/5.6.1/auto/DynaLoader/DynaLoader.a -L/usr/lib/perl/5.6.1/CORE -lperl -ldl -lm -lcrypt -lnsl  >&5
configure:10041: $? = 0
configure:10044: test -s conftest
configure:10047: $? = 0
configure:10058: result: yes
configure:10069: checking for Perl_eval_pv
configure:10106: gcc -o conftest -g -Wall   conftest.c -lnsl  >&5
/tmp/ccmE5iqt.o: In function `main':
/home/HEx/gift/gift-new/giFT/configure:10097: undefined reference to `Perl_eval_pv'
collect2: ld returned 1 exit status
configure:10109: $? = 1
configure: failed program was:
#line 10075 "configure"
#include "confdefs.h"
/* System header to define __stub macros and hopefully few prototypes,
    which can conflict with char Perl_eval_pv (); below.  */
#include <assert.h>
/* Override any gcc2 internal prototype to avoid an error.  */
#ifdef __cplusplus
extern "C"
#endif
/* We use char because int might match the return type of a gcc2
   builtin and then its argument prototype would still apply.  */
char Perl_eval_pv ();
char (*f) ();

int
main ()
{
/* The GNU C library defines this for functions which it implements
    to always fail with ENOSYS.  Some functions are actually named
    something starting with __ and the normal name is an alias.  */
#if defined (__stub_Perl_eval_pv) || defined (__stub___Perl_eval_pv)
choke me
#else
f = Perl_eval_pv;
#endif

  ;
  return 0;
}
configure:10125: result: no
configure:10152: checking where to look for ZLIB
configure:10159: checking for gzread
configure:10196: gcc -o conftest -g -Wall   conftest.c -lnsl  >&5
/tmp/cckfz84j.o: In function `main':
/home/HEx/gift/gift-new/giFT/configure:10187: undefined reference to `gzread'
collect2: ld returned 1 exit status
configure:10199: $? = 1
configure: failed program was:
#line 10165 "configure"
#include "confdefs.h"
/* System header to define __stub macros and hopefully few prototypes,
    which can conflict with char gzread (); below.  */
#include <assert.h>
/* Override any gcc2 internal prototype to avoid an error.  */
#ifdef __cplusplus
extern "C"
#endif
/* We use char because int might match the return type of a gcc2
   builtin and then its argument prototype would still apply.  */
char gzread ();
char (*f) ();

int
main ()
{
/* The GNU C library defines this for functions which it implements
    to always fail with ENOSYS.  Some functions are actually named
    something starting with __ and the normal name is an alias.  */
#if defined (__stub_gzread) || defined (__stub___gzread)
choke me
#else
f = gzread;
#endif

  ;
  return 0;
}
configure:10215: result: no
configure:10221: checking for gzread in -lz
configure:10248: gcc -o conftest -g -Wall   conftest.c -lz  -lnsl  >&5
configure:10251: $? = 0
configure:10254: test -s conftest
configure:10257: $? = 0
configure:10268: result: yes
configure:10288: checking for zlib version 1.1.4+ in /usr
configure:10310: gcc -o conftest -g -Wall  -I/usr/include  conftest.c -lz -lnsl  -L/usr/lib >&5
configure:10303: warning: return type of `main' is not `int'
configure:10313: $? = 0
configure:10315: ./conftest
configure:10318: $? = 0
configure:10335: result: yes
configure:10337: result: yes
configure:10776: creating ./config.status

## ----------------------- ##
## Running config.status.  ##
## ----------------------- ##

This file was extended by config.status 2.52, executed with
  CONFIG_FILES    = 
  CONFIG_HEADERS  = 
  CONFIG_LINKS    = 
  CONFIG_COMMANDS = 
  > ./config.status 
on sphere.chronosempire.org.uk

config.status:11352: creating giFT-setup
config.status:11352: creating gift.spec
config.status:11352: creating Makefile
config.status:11352: creating lib/Makefile
config.status:11352: creating src/Makefile
config.status:11352: creating ui/Makefile
config.status:11352: creating OpenFT/Makefile
config.status:11352: creating ui/perl/Makefile
config.status:11352: creating data/Makefile
config.status:11352: creating data/OpenFT/Makefile
config.status:11352: creating etc/Makefile
config.status:11352: creating etc/OpenFT/Makefile
config.status:11352: creating etc/ui/Makefile
config.status:11444: creating config.h
config.status:11585: config.h is unchanged

## ----------------- ##
## Cache variables.  ##
## ----------------- ##

ac_cv_build=i686-pc-linux-gnu
ac_cv_build_alias=i686-pc-linux-gnu
ac_cv_c_bigendian=no
ac_cv_c_compiler_gnu=yes
ac_cv_c_const=yes
ac_cv_env_CC_set=
ac_cv_env_CC_value=
ac_cv_env_CFLAGS_set=
ac_cv_env_CFLAGS_value=
ac_cv_env_CPPFLAGS_set=
ac_cv_env_CPPFLAGS_value=
ac_cv_env_CPP_set=
ac_cv_env_CPP_value=
ac_cv_env_LDFLAGS_set=
ac_cv_env_LDFLAGS_value=
ac_cv_env_build_alias_set=
ac_cv_env_build_alias_value=
ac_cv_env_host_alias_set=
ac_cv_env_host_alias_value=
ac_cv_env_target_alias_set=
ac_cv_env_target_alias_value=
ac_cv_func_Perl_eval_pv=no
ac_cv_func_dlopen=no
ac_cv_func_getpagesize=yes
ac_cv_func_gzread=no
ac_cv_func_madvise=yes
ac_cv_func_memcmp_working=yes
ac_cv_func_mmap_fixed_mapped=yes
ac_cv_func_nice=yes
ac_cv_func_select=yes
ac_cv_func_socket=yes
ac_cv_func_strdup=yes
ac_cv_func_strstr=yes
ac_cv_header_dirent_dirent_h=yes
ac_cv_header_dirent_h=yes
ac_cv_header_dlfcn_h=yes
ac_cv_header_fcntl_h=yes
ac_cv_header_inttypes_h=yes
ac_cv_header_limits_h=yes
ac_cv_header_linux_limits_h=yes
ac_cv_header_memory_h=yes
ac_cv_header_stdc=yes
ac_cv_header_stdint_h=yes
ac_cv_header_stdlib_h=yes
ac_cv_header_string_h=yes
ac_cv_header_strings_h=yes
ac_cv_header_sys_mman_h=yes
ac_cv_header_sys_stat_h=yes
ac_cv_header_sys_time_h=yes
ac_cv_header_sys_types_h=yes
ac_cv_header_sys_wait_h=yes
ac_cv_header_syslog_h=yes
ac_cv_header_time=yes
ac_cv_header_unistd_h=yes
ac_cv_host=i686-pc-linux-gnu
ac_cv_host_alias=i686-pc-linux-gnu
ac_cv_lib_dir_opendir=no
ac_cv_lib_dl_dlopen=yes
ac_cv_lib_dl_dlsym=yes
ac_cv_lib_nsl_gethostbyname=yes
ac_cv_lib_perl_perl_parse=yes
ac_cv_lib_socket_socket=no
ac_cv_lib_z_gzread=yes
ac_cv_objext=o
ac_cv_path_install='/usr/bin/install -c'
ac_cv_path_perlpath=/usr/bin/perl
ac_cv_path_sedpath=/bin/sed
ac_cv_prog_CPP='gcc -E'
ac_cv_prog_ac_ct_CC=gcc
ac_cv_prog_ac_ct_RANLIB=ranlib
ac_cv_prog_ac_ct_STRIP=strip
ac_cv_prog_cc_g=yes
ac_cv_prog_cc_stdc=
ac_cv_prog_make_make_set=yes
ac_cv_sizeof_int=4
ac_cv_sizeof_long=4
ac_cv_sizeof_short=2
ac_cv_sizeof_void_p=4
ac_cv_struct_tm=time.h
ac_cv_type_int=yes
ac_cv_type_long=yes
ac_cv_type_pid_t=yes
ac_cv_type_short=yes
ac_cv_type_size_t=yes
ac_cv_type_void_p=yes
am_cv_prog_cc_stdc=
lt_cv_archive_cmds_need_lc=no
lt_cv_compiler_c_o=yes
lt_cv_compiler_o_lo=yes
lt_cv_deplibs_check_method=pass_all
lt_cv_file_magic_cmd='$MAGIC_CMD'
lt_cv_file_magic_test_file='/lib/libc.so.6 /lib/libc-2.2.4.so'
lt_cv_global_symbol_to_c_name_address='sed -n -e '\''s/^: \([^ ]*\) $/  {\"\1\", (lt_ptr) 0},/p'\'' -e '\''s/^[BCDEGRST] \([^ ]*\) \([^ ]*\)$/  {"\2", (lt_ptr) \&\2},/p'\'''
lt_cv_global_symbol_to_cdecl='sed -n -e '\''s/^. .* \(.*\)$/extern char \1;/p'\'''
lt_cv_ld_reload_flag=-r
lt_cv_path_LD=/usr/bin/ld
lt_cv_path_NM='/usr/bin/nm -B'
lt_cv_path_SED=/bin/sed
lt_cv_prog_cc_can_build_shared=yes
lt_cv_prog_cc_no_builtin=
lt_cv_prog_cc_pic=' -fPIC'
lt_cv_prog_cc_pic_works=yes
lt_cv_prog_cc_shlib=
lt_cv_prog_cc_static=-static
lt_cv_prog_cc_static_works=yes
lt_cv_prog_cc_wl=-Wl,
lt_cv_prog_gnu_ld=yes
lt_cv_sys_global_symbol_pipe='sed -n -e '\''s/^.*[ 	]\([ABCDGISTW][ABCDGISTW]*\)[ 	][ 	]*\(\)\([_A-Za-z][_A-Za-z0-9]*\)$/\1 \2\3 \3/p'\'''
lt_cv_sys_path_separator=:

## ------------ ##
## confdefs.h.  ##
## ------------ ##

#define PACKAGE "giFT"
#define VERSION "0.10.0"
#define STDC_HEADERS 1
#define HAVE_DLFCN_H 1
#define HAVE_LIBNSL 1
#define HAVE_DIRENT_H 1
#define STDC_HEADERS 1
#define HAVE_SYS_WAIT_H 1
#define HAVE_DIRENT_H 1
#define HAVE_FCNTL_H 1
#define HAVE_LIMITS_H 1
#define HAVE_LINUX_LIMITS_H 1
#define HAVE_SYS_MMAN_H 1
#define HAVE_SYS_TIME_H 1
#define HAVE_SYSLOG_H 1
#define HAVE_UNISTD_H 1
#define HAVE_SYS_TYPES_H 1
#define HAVE_SYS_STAT_H 1
#define HAVE_STDLIB_H 1
#define HAVE_STRING_H 1
#define HAVE_MEMORY_H 1
#define HAVE_STRINGS_H 1
#define HAVE_INTTYPES_H 1
#define HAVE_STDINT_H 1
#define HAVE_UNISTD_H 1
#define TIME_WITH_SYS_TIME 1
#define SIZEOF_SHORT 2
#define SIZEOF_LONG 4
#define SIZEOF_INT 4
#define SIZEOF_VOID_P 4
#define HAVE_STDLIB_H 1
#define HAVE_UNISTD_H 1
#define HAVE_GETPAGESIZE 1
#define HAVE_MMAP 1
#define HAVE_MADVISE 1
#define HAVE_NICE 1
#define HAVE_SELECT 1
#define HAVE_SOCKET 1
#define HAVE_STRDUP 1
#define HAVE_STRSTR 1
#define USE_DLOPEN 1
#define PLUGIN_DIR "/usr/local/lib/giFT"
#define DATA_DIR "/usr/local/share/giFT"
#define USE_PERL 1
#define HAVE_LIBZ 1
#define USE_ZLIB 1


configure: exit 0
