This file contains any messages produced by compilers while
running configure, to aid debugging if configure makes a mistake.

It was created by giFTcurs configure 0.6.2, which was
generated by GNU Autoconf 2.59.  Invocation command line was

  $ ./configure 

## --------- ##
## Platform. ##
## --------- ##

hostname = sphere
uname -m = i686
uname -r = 2.4.25
uname -s = Linux
uname -v = #30 Thu Feb 19 13:54:21 GMT 2004

/usr/bin/uname -p = unknown
/bin/uname -X     = unknown

/bin/arch              = i686
/usr/bin/arch -k       = unknown
/usr/convex/getsysinfo = unknown
hostinfo               = unknown
/bin/machine           = unknown
/usr/bin/oslevel       = unknown
/bin/universe          = unknown

PATH: /usr/local/bin
PATH: /usr/bin
PATH: /bin
PATH: /usr/bin/X11
PATH: /usr/games
PATH: /home/HEx/bin
PATH: /usr/local/bin
PATH: /home/HEx/bin
PATH: /usr/local/bin


## ----------- ##
## Core tests. ##
## ----------- ##

configure:1383: checking for a BSD-compatible install
configure:1438: result: /usr/bin/install -c
configure:1449: checking whether build environment is sane
configure:1492: result: yes
configure:1525: checking for gawk
configure:1554: result: no
configure:1525: checking for mawk
configure:1541: found /usr/bin/mawk
configure:1551: result: mawk
configure:1561: checking whether make sets $(MAKE)
configure:1581: result: yes
configure:1792: checking for gcc
configure:1808: found /usr/bin/gcc
configure:1818: result: gcc
configure:2062: checking for C compiler version
configure:2065: gcc --version </dev/null >&5
gcc (GCC) 3.3.3 (Debian 20040321)
Copyright (C) 2003 Free Software Foundation, Inc.
This is free software; see the source for copying conditions.  There is NO
warranty; not even for MERCHANTABILITY or FITNESS FOR A PARTICULAR PURPOSE.

configure:2068: $? = 0
configure:2070: gcc -v </dev/null >&5
Reading specs from /usr/lib/gcc-lib/i486-linux/3.3.3/specs
Configured with: ../src/configure -v --enable-languages=c,c++,java,f77,pascal,objc,ada,treelang --prefix=/usr --mandir=/usr/share/man --infodir=/usr/share/info --with-gxx-include-dir=/usr/include/c++/3.3 --enable-shared --with-system-zlib --enable-nls --without-included-gettext --enable-__cxa_atexit --enable-clocale=gnu --enable-debug --enable-java-gc=boehm --enable-java-awt=xlib,gtk --enable-objc-gc i486-linux
Thread model: posix
gcc version 3.3.3 (Debian 20040321)
configure:2073: $? = 0
configure:2075: gcc -V </dev/null >&5
gcc: `-V' option must have argument
configure:2078: $? = 1
configure:2101: checking for C compiler default output file name
configure:2104: gcc    conftest.c  >&5
configure:2107: $? = 0
configure:2153: result: a.out
configure:2158: checking whether the C compiler works
configure:2164: ./a.out
configure:2167: $? = 0
configure:2184: result: yes
configure:2191: checking whether we are cross compiling
configure:2193: result: no
configure:2196: checking for suffix of executables
configure:2198: gcc -o conftest    conftest.c  >&5
configure:2201: $? = 0
configure:2226: result: 
configure:2232: checking for suffix of object files
configure:2253: gcc -c   conftest.c >&5
configure:2256: $? = 0
configure:2278: result: o
configure:2282: checking whether we are using the GNU C compiler
configure:2306: gcc -c   conftest.c >&5
configure:2312: $? = 0
configure:2315: test -z 			 || test ! -s conftest.err
configure:2318: $? = 0
configure:2321: test -s conftest.o
configure:2324: $? = 0
configure:2337: result: yes
configure:2343: checking whether gcc accepts -g
configure:2364: gcc -c -g  conftest.c >&5
configure:2370: $? = 0
configure:2373: test -z 			 || test ! -s conftest.err
configure:2376: $? = 0
configure:2379: test -s conftest.o
configure:2382: $? = 0
configure:2393: result: yes
configure:2410: checking for gcc option to accept ANSI C
configure:2480: gcc  -c -g -O2  conftest.c >&5
configure:2486: $? = 0
configure:2489: test -z 			 || test ! -s conftest.err
configure:2492: $? = 0
configure:2495: test -s conftest.o
configure:2498: $? = 0
configure:2516: result: none needed
configure:2534: gcc -c -g -O2  conftest.c >&5
conftest.c:2: error: parse error before "me"
configure:2540: $? = 1
configure: failed program was:
| #ifndef __cplusplus
|   choke me
| #endif
configure:2681: checking for style of include used by make
configure:2709: result: GNU
configure:2737: checking dependency style of gcc
configure:2820: result: gcc3
configure:2850: checking for a BSD-compatible install
configure:2905: result: /usr/bin/install -c
configure:2932: checking whether NLS is requested
configure:2941: result: yes
configure:2979: checking for msgfmt
configure:3013: result: no
configure:3019: checking for gmsgfmt
configure:3050: result: :
configure:3089: checking for xgettext
configure:3123: result: no
configure:3160: checking for msgmerge
configure:3193: result: no
configure:3231: checking build system type
configure:3249: result: i686-pc-linux-gnu
configure:3257: checking host system type
configure:3271: result: i686-pc-linux-gnu
configure:3320: checking for ranlib
configure:3336: found /usr/bin/ranlib
configure:3347: result: ranlib
configure:3361: checking for strerror in -lcposix
configure:3391: gcc -o conftest -g -O2   conftest.c -lcposix   >&5
/usr/bin/ld: cannot find -lcposix
collect2: ld returned 1 exit status
configure:3397: $? = 1
configure: failed program was:
| /* confdefs.h.  */
| 
| #define PACKAGE_NAME "giFTcurs"
| #define PACKAGE_TARNAME "giFTcurs"
| #define PACKAGE_VERSION "0.6.2"
| #define PACKAGE_STRING "giFTcurs 0.6.2"
| #define PACKAGE_BUGREPORT "giftcurs-devel@nongnu.org"
| #define PACKAGE "giFTcurs"
| #define VERSION "0.6.2"
| /* end confdefs.h.  */
| 
| /* Override any gcc2 internal prototype to avoid an error.  */
| #ifdef __cplusplus
| extern "C"
| #endif
| /* We use char because int might match the return type of a gcc2
|    builtin and then its argument prototype would still apply.  */
| char strerror ();
| int
| main ()
| {
| strerror ();
|   ;
|   return 0;
| }
configure:3422: result: no
configure:3435: checking how to run the C preprocessor
configure:3470: gcc -E  conftest.c
configure:3476: $? = 0
configure:3508: gcc -E  conftest.c
conftest.c:11:28: ac_nonexistent.h: No such file or directory
configure:3514: $? = 1
configure: failed program was:
| /* confdefs.h.  */
| 
| #define PACKAGE_NAME "giFTcurs"
| #define PACKAGE_TARNAME "giFTcurs"
| #define PACKAGE_VERSION "0.6.2"
| #define PACKAGE_STRING "giFTcurs 0.6.2"
| #define PACKAGE_BUGREPORT "giftcurs-devel@nongnu.org"
| #define PACKAGE "giFTcurs"
| #define VERSION "0.6.2"
| /* end confdefs.h.  */
| #include <ac_nonexistent.h>
configure:3553: result: gcc -E
configure:3577: gcc -E  conftest.c
configure:3583: $? = 0
configure:3615: gcc -E  conftest.c
conftest.c:11:28: ac_nonexistent.h: No such file or directory
configure:3621: $? = 1
configure: failed program was:
| /* confdefs.h.  */
| 
| #define PACKAGE_NAME "giFTcurs"
| #define PACKAGE_TARNAME "giFTcurs"
| #define PACKAGE_VERSION "0.6.2"
| #define PACKAGE_STRING "giFTcurs 0.6.2"
| #define PACKAGE_BUGREPORT "giftcurs-devel@nongnu.org"
| #define PACKAGE "giFTcurs"
| #define VERSION "0.6.2"
| /* end confdefs.h.  */
| #include <ac_nonexistent.h>
configure:3665: checking for egrep
configure:3675: result: grep -E
configure:3680: checking for ANSI C header files
configure:3705: gcc -c -g -O2  conftest.c >&5
configure:3711: $? = 0
configure:3714: test -z 			 || test ! -s conftest.err
configure:3717: $? = 0
configure:3720: test -s conftest.o
configure:3723: $? = 0
configure:3809: gcc -o conftest -g -O2   conftest.c  >&5
configure:3812: $? = 0
configure:3814: ./conftest
configure:3817: $? = 0
configure:3832: result: yes
configure:3842: checking for an ANSI C-conforming const
configure:3909: gcc -c -g -O2  conftest.c >&5
configure:3915: $? = 0
configure:3918: test -z 			 || test ! -s conftest.err
configure:3921: $? = 0
configure:3924: test -s conftest.o
configure:3927: $? = 0
configure:3938: result: yes
configure:3949: checking for signed
configure:3970: gcc -c -g -O2  conftest.c >&5
configure:3976: $? = 0
configure:3979: test -z 			 || test ! -s conftest.err
configure:3982: $? = 0
configure:3985: test -s conftest.o
configure:3988: $? = 0
configure:3999: result: yes
configure:4009: checking for inline
configure:4030: gcc -c -g -O2  conftest.c >&5
configure:4036: $? = 0
configure:4039: test -z 			 || test ! -s conftest.err
configure:4042: $? = 0
configure:4045: test -s conftest.o
configure:4048: $? = 0
configure:4060: result: inline
configure:4093: checking for sys/types.h
configure:4109: gcc -c -g -O2  conftest.c >&5
configure:4115: $? = 0
configure:4118: test -z 			 || test ! -s conftest.err
configure:4121: $? = 0
configure:4124: test -s conftest.o
configure:4127: $? = 0
configure:4138: result: yes
configure:4093: checking for sys/stat.h
configure:4109: gcc -c -g -O2  conftest.c >&5
configure:4115: $? = 0
configure:4118: test -z 			 || test ! -s conftest.err
configure:4121: $? = 0
configure:4124: test -s conftest.o
configure:4127: $? = 0
configure:4138: result: yes
configure:4093: checking for stdlib.h
configure:4109: gcc -c -g -O2  conftest.c >&5
configure:4115: $? = 0
configure:4118: test -z 			 || test ! -s conftest.err
configure:4121: $? = 0
configure:4124: test -s conftest.o
configure:4127: $? = 0
configure:4138: result: yes
configure:4093: checking for string.h
configure:4109: gcc -c -g -O2  conftest.c >&5
configure:4115: $? = 0
configure:4118: test -z 			 || test ! -s conftest.err
configure:4121: $? = 0
configure:4124: test -s conftest.o
configure:4127: $? = 0
configure:4138: result: yes
configure:4093: checking for memory.h
configure:4109: gcc -c -g -O2  conftest.c >&5
configure:4115: $? = 0
configure:4118: test -z 			 || test ! -s conftest.err
configure:4121: $? = 0
configure:4124: test -s conftest.o
configure:4127: $? = 0
configure:4138: result: yes
configure:4093: checking for strings.h
configure:4109: gcc -c -g -O2  conftest.c >&5
configure:4115: $? = 0
configure:4118: test -z 			 || test ! -s conftest.err
configure:4121: $? = 0
configure:4124: test -s conftest.o
configure:4127: $? = 0
configure:4138: result: yes
configure:4093: checking for inttypes.h
configure:4109: gcc -c -g -O2  conftest.c >&5
configure:4115: $? = 0
configure:4118: test -z 			 || test ! -s conftest.err
configure:4121: $? = 0
configure:4124: test -s conftest.o
configure:4127: $? = 0
configure:4138: result: yes
configure:4093: checking for stdint.h
configure:4109: gcc -c -g -O2  conftest.c >&5
configure:4115: $? = 0
configure:4118: test -z 			 || test ! -s conftest.err
configure:4121: $? = 0
configure:4124: test -s conftest.o
configure:4127: $? = 0
configure:4138: result: yes
configure:4093: checking for unistd.h
configure:4109: gcc -c -g -O2  conftest.c >&5
configure:4115: $? = 0
configure:4118: test -z 			 || test ! -s conftest.err
configure:4121: $? = 0
configure:4124: test -s conftest.o
configure:4127: $? = 0
configure:4138: result: yes
configure:4150: checking for off_t
configure:4174: gcc -c -g -O2  conftest.c >&5
configure:4180: $? = 0
configure:4183: test -z 			 || test ! -s conftest.err
configure:4186: $? = 0
configure:4189: test -s conftest.o
configure:4192: $? = 0
configure:4203: result: yes
configure:4215: checking for size_t
configure:4239: gcc -c -g -O2  conftest.c >&5
configure:4245: $? = 0
configure:4248: test -z 			 || test ! -s conftest.err
configure:4251: $? = 0
configure:4254: test -s conftest.o
configure:4257: $? = 0
configure:4268: result: yes
configure:4281: checking for long long
configure:4303: gcc -o conftest -g -O2   conftest.c  >&5
configure:4309: $? = 0
configure:4312: test -z 			 || test ! -s conftest.err
configure:4315: $? = 0
configure:4318: test -s conftest
configure:4321: $? = 0
configure:4333: result: yes
configure:4344: checking for long double
configure:4403: result: yes
configure:4414: checking for wchar_t
configure:4436: gcc -c -g -O2  conftest.c >&5
configure:4442: $? = 0
configure:4445: test -z 			 || test ! -s conftest.err
configure:4448: $? = 0
configure:4451: test -s conftest.o
configure:4454: $? = 0
configure:4465: result: yes
configure:4476: checking for wint_t
configure:4498: gcc -c -g -O2  conftest.c >&5
configure:4504: $? = 0
configure:4507: test -z 			 || test ! -s conftest.err
configure:4510: $? = 0
configure:4513: test -s conftest.o
configure:4516: $? = 0
configure:4527: result: yes
configure:4538: checking for inttypes.h
configure:4560: gcc -c -g -O2  conftest.c >&5
configure:4566: $? = 0
configure:4569: test -z 			 || test ! -s conftest.err
configure:4572: $? = 0
configure:4575: test -s conftest.o
configure:4578: $? = 0
configure:4589: result: yes
configure:4600: checking for stdint.h
configure:4622: gcc -c -g -O2  conftest.c >&5
configure:4628: $? = 0
configure:4631: test -z 			 || test ! -s conftest.err
configure:4634: $? = 0
configure:4637: test -s conftest.o
configure:4640: $? = 0
configure:4651: result: yes
configure:4664: checking for intmax_t
configure:4694: gcc -c -g -O2  conftest.c >&5
configure:4700: $? = 0
configure:4703: test -z 			 || test ! -s conftest.err
configure:4706: $? = 0
configure:4709: test -s conftest.o
configure:4712: $? = 0
configure:4723: result: yes
configure:4735: checking whether printf() supports POSIX/XSI format strings
configure:4785: gcc -o conftest -g -O2   conftest.c  >&5
configure:4788: $? = 0
configure:4790: ./conftest
configure:4793: $? = 0
configure:4808: result: yes
configure:4822: checking for working alloca.h
configure:4843: gcc -o conftest -g -O2   conftest.c  >&5
configure:4849: $? = 0
configure:4852: test -z 			 || test ! -s conftest.err
configure:4855: $? = 0
configure:4858: test -s conftest
configure:4861: $? = 0
configure:4873: result: yes
configure:4883: checking for alloca
configure:4924: gcc -o conftest -g -O2   conftest.c  >&5
configure:4930: $? = 0
configure:4933: test -z 			 || test ! -s conftest.err
configure:4936: $? = 0
configure:4939: test -s conftest
configure:4942: $? = 0
configure:4954: result: yes
configure:5182: checking for stdlib.h
configure:5187: result: yes
configure:5182: checking for unistd.h
configure:5187: result: yes
configure:5330: checking for getpagesize
configure:5387: gcc -o conftest -g -O2   conftest.c  >&5
configure:5393: $? = 0
configure:5396: test -z 			 || test ! -s conftest.err
configure:5399: $? = 0
configure:5402: test -s conftest
configure:5405: $? = 0
configure:5417: result: yes
configure:5427: checking for working mmap
configure:5569: gcc -o conftest -g -O2   conftest.c  >&5
configure:5572: $? = 0
configure:5574: ./conftest
configure:5577: $? = 0
configure:5591: result: yes
configure:5603: checking whether we are using the GNU C Library 2.1 or newer
configure:5634: result: yes
configure:5642: checking whether integer division by zero raises SIGFPE
configure:5704: gcc -o conftest -g -O2   conftest.c  >&5
conftest.c:53: warning: built-in function `nan' declared as non-function
configure:5707: $? = 0
configure:5709: ./conftest
configure:5712: $? = 0
configure:5727: result: yes
configure:5740: checking for unsigned long long
configure:5762: gcc -o conftest -g -O2   conftest.c  >&5
configure:5768: $? = 0
configure:5771: test -z 			 || test ! -s conftest.err
configure:5774: $? = 0
configure:5777: test -s conftest
configure:5780: $? = 0
configure:5792: result: yes
configure:5824: checking for inttypes.h
configure:5847: gcc -c -g -O2  conftest.c >&5
configure:5853: $? = 0
configure:5856: test -z 			 || test ! -s conftest.err
configure:5859: $? = 0
configure:5862: test -s conftest.o
configure:5865: $? = 0
configure:5877: result: yes
configure:5890: checking whether the inttypes.h PRIxNN macros are broken
configure:5916: gcc -c -g -O2  conftest.c >&5
configure:5922: $? = 0
configure:5925: test -z 			 || test ! -s conftest.err
configure:5928: $? = 0
configure:5931: test -s conftest.o
configure:5934: $? = 0
configure:5946: result: no
configure:5963: checking for stdint.h
configure:5968: result: yes
configure:6107: checking for SIZE_MAX
configure:7160: result: yes
configure:7177: checking for stdint.h
configure:7182: result: yes
configure:7362: checking for ld used by GCC
configure:7426: result: /usr/bin/ld
configure:7435: checking if the linker (/usr/bin/ld) is GNU ld
configure:7448: result: yes
configure:7454: checking for shared library run path origin
configure:7467: result: done
configure:7873: checking for ptrdiff_t
configure:7897: gcc -c -g -O2  conftest.c >&5
configure:7903: $? = 0
configure:7906: test -z 			 || test ! -s conftest.err
configure:7909: $? = 0
configure:7912: test -s conftest.o
configure:7915: $? = 0
configure:7926: result: yes
configure:7963: checking argz.h usability
configure:7975: gcc -c -g -O2  conftest.c >&5
configure:7981: $? = 0
configure:7984: test -z 			 || test ! -s conftest.err
configure:7987: $? = 0
configure:7990: test -s conftest.o
configure:7993: $? = 0
configure:8003: result: yes
configure:8007: checking argz.h presence
configure:8017: gcc -E  conftest.c
configure:8023: $? = 0
configure:8043: result: yes
configure:8078: checking for argz.h
configure:8085: result: yes
configure:7963: checking limits.h usability
configure:7975: gcc -c -g -O2  conftest.c >&5
configure:7981: $? = 0
configure:7984: test -z 			 || test ! -s conftest.err
configure:7987: $? = 0
configure:7990: test -s conftest.o
configure:7993: $? = 0
configure:8003: result: yes
configure:8007: checking limits.h presence
configure:8017: gcc -E  conftest.c
configure:8023: $? = 0
configure:8043: result: yes
configure:8078: checking for limits.h
configure:8085: result: yes
configure:7963: checking locale.h usability
configure:7975: gcc -c -g -O2  conftest.c >&5
configure:7981: $? = 0
configure:7984: test -z 			 || test ! -s conftest.err
configure:7987: $? = 0
configure:7990: test -s conftest.o
configure:7993: $? = 0
configure:8003: result: yes
configure:8007: checking locale.h presence
configure:8017: gcc -E  conftest.c
configure:8023: $? = 0
configure:8043: result: yes
configure:8078: checking for locale.h
configure:8085: result: yes
configure:7963: checking nl_types.h usability
configure:7975: gcc -c -g -O2  conftest.c >&5
configure:7981: $? = 0
configure:7984: test -z 			 || test ! -s conftest.err
configure:7987: $? = 0
configure:7990: test -s conftest.o
configure:7993: $? = 0
configure:8003: result: yes
configure:8007: checking nl_types.h presence
configure:8017: gcc -E  conftest.c
configure:8023: $? = 0
configure:8043: result: yes
configure:8078: checking for nl_types.h
configure:8085: result: yes
configure:7963: checking malloc.h usability
configure:7975: gcc -c -g -O2  conftest.c >&5
configure:7981: $? = 0
configure:7984: test -z 			 || test ! -s conftest.err
configure:7987: $? = 0
configure:7990: test -s conftest.o
configure:7993: $? = 0
configure:8003: result: yes
configure:8007: checking malloc.h presence
configure:8017: gcc -E  conftest.c
configure:8023: $? = 0
configure:8043: result: yes
configure:8078: checking for malloc.h
configure:8085: result: yes
configure:7963: checking stddef.h usability
configure:7975: gcc -c -g -O2  conftest.c >&5
configure:7981: $? = 0
configure:7984: test -z 			 || test ! -s conftest.err
configure:7987: $? = 0
configure:7990: test -s conftest.o
configure:7993: $? = 0
configure:8003: result: yes
configure:8007: checking stddef.h presence
configure:8017: gcc -E  conftest.c
configure:8023: $? = 0
configure:8043: result: yes
configure:8078: checking for stddef.h
configure:8085: result: yes
configure:7954: checking for stdlib.h
configure:7959: result: yes
configure:7954: checking for string.h
configure:7959: result: yes
configure:7954: checking for unistd.h
configure:7959: result: yes
configure:7963: checking sys/param.h usability
configure:7975: gcc -c -g -O2  conftest.c >&5
configure:7981: $? = 0
configure:7984: test -z 			 || test ! -s conftest.err
configure:7987: $? = 0
configure:7990: test -s conftest.o
configure:7993: $? = 0
configure:8003: result: yes
configure:8007: checking sys/param.h presence
configure:8017: gcc -E  conftest.c
configure:8023: $? = 0
configure:8043: result: yes
configure:8078: checking for sys/param.h
configure:8085: result: yes
configure:8127: checking for asprintf
configure:8184: gcc -o conftest -g -O2   conftest.c  >&5
configure:8190: $? = 0
configure:8193: test -z 			 || test ! -s conftest.err
configure:8196: $? = 0
configure:8199: test -s conftest
configure:8202: $? = 0
configure:8214: result: yes
configure:8127: checking for fwprintf
configure:8184: gcc -o conftest -g -O2   conftest.c  >&5
configure:8190: $? = 0
configure:8193: test -z 			 || test ! -s conftest.err
configure:8196: $? = 0
configure:8199: test -s conftest
configure:8202: $? = 0
configure:8214: result: yes
configure:8127: checking for getcwd
configure:8184: gcc -o conftest -g -O2   conftest.c  >&5
configure:8190: $? = 0
configure:8193: test -z 			 || test ! -s conftest.err
configure:8196: $? = 0
configure:8199: test -s conftest
configure:8202: $? = 0
configure:8214: result: yes
configure:8127: checking for getegid
configure:8184: gcc -o conftest -g -O2   conftest.c  >&5
configure:8190: $? = 0
configure:8193: test -z 			 || test ! -s conftest.err
configure:8196: $? = 0
configure:8199: test -s conftest
configure:8202: $? = 0
configure:8214: result: yes
configure:8127: checking for geteuid
configure:8184: gcc -o conftest -g -O2   conftest.c  >&5
configure:8190: $? = 0
configure:8193: test -z 			 || test ! -s conftest.err
configure:8196: $? = 0
configure:8199: test -s conftest
configure:8202: $? = 0
configure:8214: result: yes
configure:8127: checking for getgid
configure:8184: gcc -o conftest -g -O2   conftest.c  >&5
configure:8190: $? = 0
configure:8193: test -z 			 || test ! -s conftest.err
configure:8196: $? = 0
configure:8199: test -s conftest
configure:8202: $? = 0
configure:8214: result: yes
configure:8127: checking for getuid
configure:8184: gcc -o conftest -g -O2   conftest.c  >&5
configure:8190: $? = 0
configure:8193: test -z 			 || test ! -s conftest.err
configure:8196: $? = 0
configure:8199: test -s conftest
configure:8202: $? = 0
configure:8214: result: yes
configure:8127: checking for mempcpy
configure:8184: gcc -o conftest -g -O2   conftest.c  >&5
configure:8190: $? = 0
configure:8193: test -z 			 || test ! -s conftest.err
configure:8196: $? = 0
configure:8199: test -s conftest
configure:8202: $? = 0
configure:8214: result: yes
configure:8127: checking for munmap
configure:8184: gcc -o conftest -g -O2   conftest.c  >&5
configure:8190: $? = 0
configure:8193: test -z 			 || test ! -s conftest.err
configure:8196: $? = 0
configure:8199: test -s conftest
configure:8202: $? = 0
configure:8214: result: yes
configure:8127: checking for putenv
configure:8184: gcc -o conftest -g -O2   conftest.c  >&5
configure:8190: $? = 0
configure:8193: test -z 			 || test ! -s conftest.err
configure:8196: $? = 0
configure:8199: test -s conftest
configure:8202: $? = 0
configure:8214: result: yes
configure:8127: checking for setenv
configure:8184: gcc -o conftest -g -O2   conftest.c  >&5
configure:8190: $? = 0
configure:8193: test -z 			 || test ! -s conftest.err
configure:8196: $? = 0
configure:8199: test -s conftest
configure:8202: $? = 0
configure:8214: result: yes
configure:8127: checking for setlocale
configure:8184: gcc -o conftest -g -O2   conftest.c  >&5
configure:8190: $? = 0
configure:8193: test -z 			 || test ! -s conftest.err
configure:8196: $? = 0
configure:8199: test -s conftest
configure:8202: $? = 0
configure:8214: result: yes
configure:8127: checking for snprintf
configure:8184: gcc -o conftest -g -O2   conftest.c  >&5
conftest.c:87: warning: conflicting types for built-in function `snprintf'
configure:8190: $? = 0
configure:8193: test -z 			 || test ! -s conftest.err
configure:8196: $? = 0
configure:8199: test -s conftest
configure:8202: $? = 0
configure:8214: result: yes
configure:8127: checking for stpcpy
configure:8184: gcc -o conftest -g -O2   conftest.c  >&5
configure:8190: $? = 0
configure:8193: test -z 			 || test ! -s conftest.err
configure:8196: $? = 0
configure:8199: test -s conftest
configure:8202: $? = 0
configure:8214: result: yes
configure:8127: checking for strcasecmp
configure:8184: gcc -o conftest -g -O2   conftest.c  >&5
configure:8190: $? = 0
configure:8193: test -z 			 || test ! -s conftest.err
configure:8196: $? = 0
configure:8199: test -s conftest
configure:8202: $? = 0
configure:8214: result: yes
configure:8127: checking for strdup
configure:8184: gcc -o conftest -g -O2   conftest.c  >&5
configure:8190: $? = 0
configure:8193: test -z 			 || test ! -s conftest.err
configure:8196: $? = 0
configure:8199: test -s conftest
configure:8202: $? = 0
configure:8214: result: yes
configure:8127: checking for strtoul
configure:8184: gcc -o conftest -g -O2   conftest.c  >&5
configure:8190: $? = 0
configure:8193: test -z 			 || test ! -s conftest.err
configure:8196: $? = 0
configure:8199: test -s conftest
configure:8202: $? = 0
configure:8214: result: yes
configure:8127: checking for tsearch
configure:8184: gcc -o conftest -g -O2   conftest.c  >&5
configure:8190: $? = 0
configure:8193: test -z 			 || test ! -s conftest.err
configure:8196: $? = 0
configure:8199: test -s conftest
configure:8202: $? = 0
configure:8214: result: yes
configure:8127: checking for wcslen
configure:8184: gcc -o conftest -g -O2   conftest.c  >&5
configure:8190: $? = 0
configure:8193: test -z 			 || test ! -s conftest.err
configure:8196: $? = 0
configure:8199: test -s conftest
configure:8202: $? = 0
configure:8214: result: yes
configure:8127: checking for __argz_count
configure:8184: gcc -o conftest -g -O2   conftest.c  >&5
configure:8190: $? = 0
configure:8193: test -z 			 || test ! -s conftest.err
configure:8196: $? = 0
configure:8199: test -s conftest
configure:8202: $? = 0
configure:8214: result: yes
configure:8127: checking for __argz_stringify
configure:8184: gcc -o conftest -g -O2   conftest.c  >&5
configure:8190: $? = 0
configure:8193: test -z 			 || test ! -s conftest.err
configure:8196: $? = 0
configure:8199: test -s conftest
configure:8202: $? = 0
configure:8214: result: yes
configure:8127: checking for __argz_next
configure:8184: gcc -o conftest -g -O2   conftest.c  >&5
configure:8190: $? = 0
configure:8193: test -z 			 || test ! -s conftest.err
configure:8196: $? = 0
configure:8199: test -s conftest
configure:8202: $? = 0
configure:8214: result: yes
configure:8127: checking for __fsetlocking
configure:8184: gcc -o conftest -g -O2   conftest.c  >&5
configure:8190: $? = 0
configure:8193: test -z 			 || test ! -s conftest.err
configure:8196: $? = 0
configure:8199: test -s conftest
configure:8202: $? = 0
configure:8214: result: yes
configure:8226: checking whether _snprintf is declared
configure:8251: gcc -c -g -O2  conftest.c >&5
conftest.c: In function `main':
conftest.c:80: error: `_snprintf' undeclared (first use in this function)
conftest.c:80: error: (Each undeclared identifier is reported only once
conftest.c:80: error: for each function it appears in.)
configure:8257: $? = 1
configure: failed program was:
| /* confdefs.h.  */
| 
| #define PACKAGE_NAME "giFTcurs"
| #define PACKAGE_TARNAME "giFTcurs"
| #define PACKAGE_VERSION "0.6.2"
| #define PACKAGE_STRING "giFTcurs 0.6.2"
| #define PACKAGE_BUGREPORT "giftcurs-devel@nongnu.org"
| #define PACKAGE "giFTcurs"
| #define VERSION "0.6.2"
| #define STDC_HEADERS 1
| #define HAVE_SYS_TYPES_H 1
| #define HAVE_SYS_STAT_H 1
| #define HAVE_STDLIB_H 1
| #define HAVE_STRING_H 1
| #define HAVE_MEMORY_H 1
| #define HAVE_STRINGS_H 1
| #define HAVE_INTTYPES_H 1
| #define HAVE_STDINT_H 1
| #define HAVE_UNISTD_H 1
| #define HAVE_LONG_LONG 1
| #define HAVE_LONG_DOUBLE 1
| #define HAVE_WCHAR_T 1
| #define HAVE_WINT_T 1
| #define HAVE_INTTYPES_H_WITH_UINTMAX 1
| #define HAVE_STDINT_H_WITH_UINTMAX 1
| #define HAVE_INTMAX_T 1
| #define HAVE_POSIX_PRINTF 1
| #define HAVE_ALLOCA_H 1
| #define HAVE_ALLOCA 1
| #define HAVE_STDLIB_H 1
| #define HAVE_UNISTD_H 1
| #define HAVE_GETPAGESIZE 1
| #define HAVE_MMAP 1
| #define INTDIV0_RAISES_SIGFPE 1
| #define HAVE_UNSIGNED_LONG_LONG 1
| #define HAVE_UINTMAX_T 1
| #define HAVE_INTTYPES_H 1
| #define HAVE_STDINT_H 1
| #define HAVE_STDINT_H 1
| #define HAVE_ARGZ_H 1
| #define HAVE_LIMITS_H 1
| #define HAVE_LOCALE_H 1
| #define HAVE_NL_TYPES_H 1
| #define HAVE_MALLOC_H 1
| #define HAVE_STDDEF_H 1
| #define HAVE_STDLIB_H 1
| #define HAVE_STRING_H 1
| #define HAVE_UNISTD_H 1
| #define HAVE_SYS_PARAM_H 1
| #define HAVE_ASPRINTF 1
| #define HAVE_FWPRINTF 1
| #define HAVE_GETCWD 1
| #define HAVE_GETEGID 1
| #define HAVE_GETEUID 1
| #define HAVE_GETGID 1
| #define HAVE_GETUID 1
| #define HAVE_MEMPCPY 1
| #define HAVE_MUNMAP 1
| #define HAVE_PUTENV 1
| #define HAVE_SETENV 1
| #define HAVE_SETLOCALE 1
| #define HAVE_SNPRINTF 1
| #define HAVE_STPCPY 1
| #define HAVE_STRCASECMP 1
| #define HAVE_STRDUP 1
| #define HAVE_STRTOUL 1
| #define HAVE_TSEARCH 1
| #define HAVE_WCSLEN 1
| #define HAVE___ARGZ_COUNT 1
| #define HAVE___ARGZ_STRINGIFY 1
| #define HAVE___ARGZ_NEXT 1
| #define HAVE___FSETLOCKING 1
| /* end confdefs.h.  */
| #include <stdio.h>
| int
| main ()
| {
| 
| #ifndef _snprintf
|   char *p = (char *) _snprintf;
| #endif
| 
|   ;
|   return 0;
| }
configure:8280: result: no
configure:8294: checking whether _snwprintf is declared
configure:8319: gcc -c -g -O2  conftest.c >&5
conftest.c: In function `main':
conftest.c:81: error: `_snwprintf' undeclared (first use in this function)
conftest.c:81: error: (Each undeclared identifier is reported only once
conftest.c:81: error: for each function it appears in.)
configure:8325: $? = 1
configure: failed program was:
| /* confdefs.h.  */
| 
| #define PACKAGE_NAME "giFTcurs"
| #define PACKAGE_TARNAME "giFTcurs"
| #define PACKAGE_VERSION "0.6.2"
| #define PACKAGE_STRING "giFTcurs 0.6.2"
| #define PACKAGE_BUGREPORT "giftcurs-devel@nongnu.org"
| #define PACKAGE "giFTcurs"
| #define VERSION "0.6.2"
| #define STDC_HEADERS 1
| #define HAVE_SYS_TYPES_H 1
| #define HAVE_SYS_STAT_H 1
| #define HAVE_STDLIB_H 1
| #define HAVE_STRING_H 1
| #define HAVE_MEMORY_H 1
| #define HAVE_STRINGS_H 1
| #define HAVE_INTTYPES_H 1
| #define HAVE_STDINT_H 1
| #define HAVE_UNISTD_H 1
| #define HAVE_LONG_LONG 1
| #define HAVE_LONG_DOUBLE 1
| #define HAVE_WCHAR_T 1
| #define HAVE_WINT_T 1
| #define HAVE_INTTYPES_H_WITH_UINTMAX 1
| #define HAVE_STDINT_H_WITH_UINTMAX 1
| #define HAVE_INTMAX_T 1
| #define HAVE_POSIX_PRINTF 1
| #define HAVE_ALLOCA_H 1
| #define HAVE_ALLOCA 1
| #define HAVE_STDLIB_H 1
| #define HAVE_UNISTD_H 1
| #define HAVE_GETPAGESIZE 1
| #define HAVE_MMAP 1
| #define INTDIV0_RAISES_SIGFPE 1
| #define HAVE_UNSIGNED_LONG_LONG 1
| #define HAVE_UINTMAX_T 1
| #define HAVE_INTTYPES_H 1
| #define HAVE_STDINT_H 1
| #define HAVE_STDINT_H 1
| #define HAVE_ARGZ_H 1
| #define HAVE_LIMITS_H 1
| #define HAVE_LOCALE_H 1
| #define HAVE_NL_TYPES_H 1
| #define HAVE_MALLOC_H 1
| #define HAVE_STDDEF_H 1
| #define HAVE_STDLIB_H 1
| #define HAVE_STRING_H 1
| #define HAVE_UNISTD_H 1
| #define HAVE_SYS_PARAM_H 1
| #define HAVE_ASPRINTF 1
| #define HAVE_FWPRINTF 1
| #define HAVE_GETCWD 1
| #define HAVE_GETEGID 1
| #define HAVE_GETEUID 1
| #define HAVE_GETGID 1
| #define HAVE_GETUID 1
| #define HAVE_MEMPCPY 1
| #define HAVE_MUNMAP 1
| #define HAVE_PUTENV 1
| #define HAVE_SETENV 1
| #define HAVE_SETLOCALE 1
| #define HAVE_SNPRINTF 1
| #define HAVE_STPCPY 1
| #define HAVE_STRCASECMP 1
| #define HAVE_STRDUP 1
| #define HAVE_STRTOUL 1
| #define HAVE_TSEARCH 1
| #define HAVE_WCSLEN 1
| #define HAVE___ARGZ_COUNT 1
| #define HAVE___ARGZ_STRINGIFY 1
| #define HAVE___ARGZ_NEXT 1
| #define HAVE___FSETLOCKING 1
| #define HAVE_DECL__SNPRINTF 0
| /* end confdefs.h.  */
| #include <stdio.h>
| int
| main ()
| {
| 
| #ifndef _snwprintf
|   char *p = (char *) _snwprintf;
| #endif
| 
|   ;
|   return 0;
| }
configure:8348: result: no
configure:8363: checking whether feof_unlocked is declared
configure:8388: gcc -c -g -O2  conftest.c >&5
configure:8394: $? = 0
configure:8397: test -z 			 || test ! -s conftest.err
configure:8400: $? = 0
configure:8403: test -s conftest.o
configure:8406: $? = 0
configure:8417: result: yes
configure:8431: checking whether fgets_unlocked is declared
configure:8456: gcc -c -g -O2  conftest.c >&5
conftest.c: In function `main':
conftest.c:83: error: `fgets_unlocked' undeclared (first use in this function)
conftest.c:83: error: (Each undeclared identifier is reported only once
conftest.c:83: error: for each function it appears in.)
configure:8462: $? = 1
configure: failed program was:
| /* confdefs.h.  */
| 
| #define PACKAGE_NAME "giFTcurs"
| #define PACKAGE_TARNAME "giFTcurs"
| #define PACKAGE_VERSION "0.6.2"
| #define PACKAGE_STRING "giFTcurs 0.6.2"
| #define PACKAGE_BUGREPORT "giftcurs-devel@nongnu.org"
| #define PACKAGE "giFTcurs"
| #define VERSION "0.6.2"
| #define STDC_HEADERS 1
| #define HAVE_SYS_TYPES_H 1
| #define HAVE_SYS_STAT_H 1
| #define HAVE_STDLIB_H 1
| #define HAVE_STRING_H 1
| #define HAVE_MEMORY_H 1
| #define HAVE_STRINGS_H 1
| #define HAVE_INTTYPES_H 1
| #define HAVE_STDINT_H 1
| #define HAVE_UNISTD_H 1
| #define HAVE_LONG_LONG 1
| #define HAVE_LONG_DOUBLE 1
| #define HAVE_WCHAR_T 1
| #define HAVE_WINT_T 1
| #define HAVE_INTTYPES_H_WITH_UINTMAX 1
| #define HAVE_STDINT_H_WITH_UINTMAX 1
| #define HAVE_INTMAX_T 1
| #define HAVE_POSIX_PRINTF 1
| #define HAVE_ALLOCA_H 1
| #define HAVE_ALLOCA 1
| #define HAVE_STDLIB_H 1
| #define HAVE_UNISTD_H 1
| #define HAVE_GETPAGESIZE 1
| #define HAVE_MMAP 1
| #define INTDIV0_RAISES_SIGFPE 1
| #define HAVE_UNSIGNED_LONG_LONG 1
| #define HAVE_UINTMAX_T 1
| #define HAVE_INTTYPES_H 1
| #define HAVE_STDINT_H 1
| #define HAVE_STDINT_H 1
| #define HAVE_ARGZ_H 1
| #define HAVE_LIMITS_H 1
| #define HAVE_LOCALE_H 1
| #define HAVE_NL_TYPES_H 1
| #define HAVE_MALLOC_H 1
| #define HAVE_STDDEF_H 1
| #define HAVE_STDLIB_H 1
| #define HAVE_STRING_H 1
| #define HAVE_UNISTD_H 1
| #define HAVE_SYS_PARAM_H 1
| #define HAVE_ASPRINTF 1
| #define HAVE_FWPRINTF 1
| #define HAVE_GETCWD 1
| #define HAVE_GETEGID 1
| #define HAVE_GETEUID 1
| #define HAVE_GETGID 1
| #define HAVE_GETUID 1
| #define HAVE_MEMPCPY 1
| #define HAVE_MUNMAP 1
| #define HAVE_PUTENV 1
| #define HAVE_SETENV 1
| #define HAVE_SETLOCALE 1
| #define HAVE_SNPRINTF 1
| #define HAVE_STPCPY 1
| #define HAVE_STRCASECMP 1
| #define HAVE_STRDUP 1
| #define HAVE_STRTOUL 1
| #define HAVE_TSEARCH 1
| #define HAVE_WCSLEN 1
| #define HAVE___ARGZ_COUNT 1
| #define HAVE___ARGZ_STRINGIFY 1
| #define HAVE___ARGZ_NEXT 1
| #define HAVE___FSETLOCKING 1
| #define HAVE_DECL__SNPRINTF 0
| #define HAVE_DECL__SNWPRINTF 0
| #define HAVE_DECL_FEOF_UNLOCKED 1
| /* end confdefs.h.  */
| #include <stdio.h>
| int
| main ()
| {
| 
| #ifndef fgets_unlocked
|   char *p = (char *) fgets_unlocked;
| #endif
| 
|   ;
|   return 0;
| }
configure:8485: result: no
configure:8499: checking whether getc_unlocked is declared
configure:8524: gcc -c -g -O2  conftest.c >&5
configure:8530: $? = 0
configure:8533: test -z 			 || test ! -s conftest.err
configure:8536: $? = 0
configure:8539: test -s conftest.o
configure:8542: $? = 0
configure:8553: result: yes
configure:8621: checking for iconv
configure:8648: gcc -o conftest -g -O2   conftest.c  >&5
configure:8654: $? = 0
configure:8657: test -z 			 || test ! -s conftest.err
configure:8660: $? = 0
configure:8663: test -s conftest
configure:8666: $? = 0
configure:8731: result: yes
configure:8754: checking for iconv declaration
configure:8788: gcc -c -g -O2  conftest.c >&5
configure:8794: $? = 0
configure:8797: test -z 			 || test ! -s conftest.err
configure:8800: $? = 0
configure:8803: test -s conftest.o
configure:8806: $? = 0
configure:8821: result: 
         extern size_t iconv (iconv_t cd, char * *inbuf, size_t *inbytesleft, char * *outbuf, size_t *outbytesleft);
configure:8832: checking for nl_langinfo and CODESET
configure:8853: gcc -o conftest -g -O2   conftest.c  >&5
configure:8859: $? = 0
configure:8862: test -z 			 || test ! -s conftest.err
configure:8865: $? = 0
configure:8868: test -s conftest
configure:8871: $? = 0
configure:8884: result: yes
configure:8896: checking for LC_MESSAGES
configure:8917: gcc -o conftest -g -O2   conftest.c  >&5
configure:8923: $? = 0
configure:8926: test -z 			 || test ! -s conftest.err
configure:8929: $? = 0
configure:8932: test -s conftest
configure:8935: $? = 0
configure:8947: result: yes
configure:8963: checking for bison
configure:8979: found /usr/bin/bison
configure:8989: result: bison
configure:9002: checking version of bison
configure:9011: result: 1.875, ok
configure:9033: checking whether NLS is requested
configure:9042: result: yes
configure:9058: checking whether included gettext is requested
configure:9068: result: no
configure:9079: checking for GNU gettext in libc
configure:9103: gcc -o conftest -g -O2   conftest.c  >&5
configure:9109: $? = 0
configure:9112: test -z 			 || test ! -s conftest.err
configure:9115: $? = 0
configure:9118: test -s conftest
configure:9121: $? = 0
configure:9133: result: yes
configure:9684: checking whether to use NLS
configure:9686: result: yes
configure:9689: checking where the gettext function comes from
configure:9700: result: libc
configure:9981: checking location of ncurses.h file...
configure:9989: result: Found ncurses on /usr/include/ncurses.h
configure:10264: checking for use_default_colors
configure:10321: gcc -o conftest -g -O2   conftest.c -lncurses >&5
configure:10327: $? = 0
configure:10330: test -z 			 || test ! -s conftest.err
configure:10333: $? = 0
configure:10336: test -s conftest
configure:10339: $? = 0
configure:10351: result: yes
configure:10264: checking for resizeterm
configure:10321: gcc -o conftest -g -O2   conftest.c -lncurses >&5
configure:10327: $? = 0
configure:10330: test -z 			 || test ! -s conftest.err
configure:10333: $? = 0
configure:10336: test -s conftest
configure:10339: $? = 0
configure:10351: result: yes
configure:10264: checking for resize_term
configure:10321: gcc -o conftest -g -O2   conftest.c -lncurses >&5
configure:10327: $? = 0
configure:10330: test -z 			 || test ! -s conftest.err
configure:10333: $? = 0
configure:10336: test -s conftest
configure:10339: $? = 0
configure:10351: result: yes
configure:10264: checking for wadd_wch
configure:10321: gcc -o conftest -g -O2   conftest.c -lncurses >&5
/tmp/ccIgsJkC.o(.text+0x11): In function `main':
/home/HEx/gift/giFTcurs-0.6.2/conftest.c:131: undefined reference to `wadd_wch'
/tmp/ccIgsJkC.o(.data+0x0):/home/HEx/gift/giFTcurs-0.6.2/conftest.c:130: undefined reference to `wadd_wch'
collect2: ld returned 1 exit status
configure:10327: $? = 1
configure: failed program was:
| /* confdefs.h.  */
| 
| #define PACKAGE_NAME "giFTcurs"
| #define PACKAGE_TARNAME "giFTcurs"
| #define PACKAGE_VERSION "0.6.2"
| #define PACKAGE_STRING "giFTcurs 0.6.2"
| #define PACKAGE_BUGREPORT "giftcurs-devel@nongnu.org"
| #define PACKAGE "giFTcurs"
| #define VERSION "0.6.2"
| #define STDC_HEADERS 1
| #define HAVE_SYS_TYPES_H 1
| #define HAVE_SYS_STAT_H 1
| #define HAVE_STDLIB_H 1
| #define HAVE_STRING_H 1
| #define HAVE_MEMORY_H 1
| #define HAVE_STRINGS_H 1
| #define HAVE_INTTYPES_H 1
| #define HAVE_STDINT_H 1
| #define HAVE_UNISTD_H 1
| #define HAVE_LONG_LONG 1
| #define HAVE_LONG_DOUBLE 1
| #define HAVE_WCHAR_T 1
| #define HAVE_WINT_T 1
| #define HAVE_INTTYPES_H_WITH_UINTMAX 1
| #define HAVE_STDINT_H_WITH_UINTMAX 1
| #define HAVE_INTMAX_T 1
| #define HAVE_POSIX_PRINTF 1
| #define HAVE_ALLOCA_H 1
| #define HAVE_ALLOCA 1
| #define HAVE_STDLIB_H 1
| #define HAVE_UNISTD_H 1
| #define HAVE_GETPAGESIZE 1
| #define HAVE_MMAP 1
| #define INTDIV0_RAISES_SIGFPE 1
| #define HAVE_UNSIGNED_LONG_LONG 1
| #define HAVE_UINTMAX_T 1
| #define HAVE_INTTYPES_H 1
| #define HAVE_STDINT_H 1
| #define HAVE_STDINT_H 1
| #define HAVE_ARGZ_H 1
| #define HAVE_LIMITS_H 1
| #define HAVE_LOCALE_H 1
| #define HAVE_NL_TYPES_H 1
| #define HAVE_MALLOC_H 1
| #define HAVE_STDDEF_H 1
| #define HAVE_STDLIB_H 1
| #define HAVE_STRING_H 1
| #define HAVE_UNISTD_H 1
| #define HAVE_SYS_PARAM_H 1
| #define HAVE_ASPRINTF 1
| #define HAVE_FWPRINTF 1
| #define HAVE_GETCWD 1
| #define HAVE_GETEGID 1
| #define HAVE_GETEUID 1
| #define HAVE_GETGID 1
| #define HAVE_GETUID 1
| #define HAVE_MEMPCPY 1
| #define HAVE_MUNMAP 1
| #define HAVE_PUTENV 1
| #define HAVE_SETENV 1
| #define HAVE_SETLOCALE 1
| #define HAVE_SNPRINTF 1
| #define HAVE_STPCPY 1
| #define HAVE_STRCASECMP 1
| #define HAVE_STRDUP 1
| #define HAVE_STRTOUL 1
| #define HAVE_TSEARCH 1
| #define HAVE_WCSLEN 1
| #define HAVE___ARGZ_COUNT 1
| #define HAVE___ARGZ_STRINGIFY 1
| #define HAVE___ARGZ_NEXT 1
| #define HAVE___FSETLOCKING 1
| #define HAVE_DECL__SNPRINTF 0
| #define HAVE_DECL__SNWPRINTF 0
| #define HAVE_DECL_FEOF_UNLOCKED 1
| #define HAVE_DECL_FGETS_UNLOCKED 0
| #define HAVE_DECL_GETC_UNLOCKED 1
| #define HAVE_ICONV 1
| #define ICONV_CONST 
| #define HAVE_LANGINFO_CODESET 1
| #define HAVE_LC_MESSAGES 1
| #define ENABLE_NLS 1
| #define HAVE_GETTEXT 1
| #define HAVE_DCGETTEXT 1
| #define HAS_CURSES 1
| #define USE_NCURSES 1
| #define HAVE_USE_DEFAULT_COLORS 1
| #define HAVE_RESIZETERM 1
| #define HAVE_RESIZE_TERM 1
| /* end confdefs.h.  */
| /* Define wadd_wch to an innocuous variant, in case <limits.h> declares wadd_wch.
|    For example, HP-UX 11i <limits.h> declares gettimeofday.  */
| #define wadd_wch innocuous_wadd_wch
| 
| /* System header to define __stub macros and hopefully few prototypes,
|     which can conflict with char wadd_wch (); below.
|     Prefer <limits.h> to <assert.h> if __STDC__ is defined, since
|     <limits.h> exists even on freestanding compilers.  */
| 
| #ifdef __STDC__
| # include <limits.h>
| #else
| # include <assert.h>
| #endif
| 
| #undef wadd_wch
| 
| /* Override any gcc2 internal prototype to avoid an error.  */
| #ifdef __cplusplus
| extern "C"
| {
| #endif
| /* We use char because int might match the return type of a gcc2
|    builtin and then its argument prototype would still apply.  */
| char wadd_wch ();
| /* The GNU C library defines this for functions which it implements
|     to always fail with ENOSYS.  Some functions are actually named
|     something starting with __ and the normal name is an alias.  */
| #if defined (__stub_wadd_wch) || defined (__stub___wadd_wch)
| choke me
| #else
| char (*f) () = wadd_wch;
| #endif
| #ifdef __cplusplus
| }
| #endif
| 
| int
| main ()
| {
| return f != wadd_wch;
|   ;
|   return 0;
| }
configure:10351: result: no
configure:10416: checking for pkg-config
configure:10434: found /usr/bin/pkg-config
configure:10447: result: /usr/bin/pkg-config
configure:10470: checking for GLIB - version >= 2.0.0
configure:10589: gcc -o conftest -g -O2 -I/usr/include/glib-2.0 -I/usr/lib/glib-2.0/include     conftest.c -lglib-2.0    >&5
configure:10592: $? = 0
configure:10594: ./conftest
configure:10597: $? = 0
configure:10615: result: yes (version 2.2.3)
configure:10712: checking for socket in -lsocket
configure:10742: gcc -o conftest -g -O2   conftest.c -lsocket   >&5
/usr/bin/ld: cannot find -lsocket
collect2: ld returned 1 exit status
configure:10748: $? = 1
configure: failed program was:
| /* confdefs.h.  */
| 
| #define PACKAGE_NAME "giFTcurs"
| #define PACKAGE_TARNAME "giFTcurs"
| #define PACKAGE_VERSION "0.6.2"
| #define PACKAGE_STRING "giFTcurs 0.6.2"
| #define PACKAGE_BUGREPORT "giftcurs-devel@nongnu.org"
| #define PACKAGE "giFTcurs"
| #define VERSION "0.6.2"
| #define STDC_HEADERS 1
| #define HAVE_SYS_TYPES_H 1
| #define HAVE_SYS_STAT_H 1
| #define HAVE_STDLIB_H 1
| #define HAVE_STRING_H 1
| #define HAVE_MEMORY_H 1
| #define HAVE_STRINGS_H 1
| #define HAVE_INTTYPES_H 1
| #define HAVE_STDINT_H 1
| #define HAVE_UNISTD_H 1
| #define HAVE_LONG_LONG 1
| #define HAVE_LONG_DOUBLE 1
| #define HAVE_WCHAR_T 1
| #define HAVE_WINT_T 1
| #define HAVE_INTTYPES_H_WITH_UINTMAX 1
| #define HAVE_STDINT_H_WITH_UINTMAX 1
| #define HAVE_INTMAX_T 1
| #define HAVE_POSIX_PRINTF 1
| #define HAVE_ALLOCA_H 1
| #define HAVE_ALLOCA 1
| #define HAVE_STDLIB_H 1
| #define HAVE_UNISTD_H 1
| #define HAVE_GETPAGESIZE 1
| #define HAVE_MMAP 1
| #define INTDIV0_RAISES_SIGFPE 1
| #define HAVE_UNSIGNED_LONG_LONG 1
| #define HAVE_UINTMAX_T 1
| #define HAVE_INTTYPES_H 1
| #define HAVE_STDINT_H 1
| #define HAVE_STDINT_H 1
| #define HAVE_ARGZ_H 1
| #define HAVE_LIMITS_H 1
| #define HAVE_LOCALE_H 1
| #define HAVE_NL_TYPES_H 1
| #define HAVE_MALLOC_H 1
| #define HAVE_STDDEF_H 1
| #define HAVE_STDLIB_H 1
| #define HAVE_STRING_H 1
| #define HAVE_UNISTD_H 1
| #define HAVE_SYS_PARAM_H 1
| #define HAVE_ASPRINTF 1
| #define HAVE_FWPRINTF 1
| #define HAVE_GETCWD 1
| #define HAVE_GETEGID 1
| #define HAVE_GETEUID 1
| #define HAVE_GETGID 1
| #define HAVE_GETUID 1
| #define HAVE_MEMPCPY 1
| #define HAVE_MUNMAP 1
| #define HAVE_PUTENV 1
| #define HAVE_SETENV 1
| #define HAVE_SETLOCALE 1
| #define HAVE_SNPRINTF 1
| #define HAVE_STPCPY 1
| #define HAVE_STRCASECMP 1
| #define HAVE_STRDUP 1
| #define HAVE_STRTOUL 1
| #define HAVE_TSEARCH 1
| #define HAVE_WCSLEN 1
| #define HAVE___ARGZ_COUNT 1
| #define HAVE___ARGZ_STRINGIFY 1
| #define HAVE___ARGZ_NEXT 1
| #define HAVE___FSETLOCKING 1
| #define HAVE_DECL__SNPRINTF 0
| #define HAVE_DECL__SNWPRINTF 0
| #define HAVE_DECL_FEOF_UNLOCKED 1
| #define HAVE_DECL_FGETS_UNLOCKED 0
| #define HAVE_DECL_GETC_UNLOCKED 1
| #define HAVE_ICONV 1
| #define ICONV_CONST 
| #define HAVE_LANGINFO_CODESET 1
| #define HAVE_LC_MESSAGES 1
| #define ENABLE_NLS 1
| #define HAVE_GETTEXT 1
| #define HAVE_DCGETTEXT 1
| #define HAS_CURSES 1
| #define USE_NCURSES 1
| #define HAVE_USE_DEFAULT_COLORS 1
| #define HAVE_RESIZETERM 1
| #define HAVE_RESIZE_TERM 1
| /* end confdefs.h.  */
| 
| /* Override any gcc2 internal prototype to avoid an error.  */
| #ifdef __cplusplus
| extern "C"
| #endif
| /* We use char because int might match the return type of a gcc2
|    builtin and then its argument prototype would still apply.  */
| char socket ();
| int
| main ()
| {
| socket ();
|   ;
|   return 0;
| }
configure:10773: result: no
configure:10793: checking for Gpm_Open in -lgpm
configure:10823: gcc -o conftest -g -O2   conftest.c -lgpm   >&5
configure:10829: $? = 0
configure:10832: test -z 			 || test ! -s conftest.err
configure:10835: $? = 0
configure:10838: test -s conftest
configure:10841: $? = 0
configure:10854: result: yes
configure:10885: checking getopt.h usability
configure:10897: gcc -c -g -O2  conftest.c >&5
configure:10903: $? = 0
configure:10906: test -z 			 || test ! -s conftest.err
configure:10909: $? = 0
configure:10912: test -s conftest.o
configure:10915: $? = 0
configure:10925: result: yes
configure:10929: checking getopt.h presence
configure:10939: gcc -E  conftest.c
configure:10945: $? = 0
configure:10965: result: yes
configure:11000: checking for getopt.h
configure:11007: result: yes
configure:10885: checking sys/vfs.h usability
configure:10897: gcc -c -g -O2  conftest.c >&5
configure:10903: $? = 0
configure:10906: test -z 			 || test ! -s conftest.err
configure:10909: $? = 0
configure:10912: test -s conftest.o
configure:10915: $? = 0
configure:10925: result: yes
configure:10929: checking sys/vfs.h presence
configure:10939: gcc -E  conftest.c
configure:10945: $? = 0
configure:10965: result: yes
configure:11000: checking for sys/vfs.h
configure:11007: result: yes
configure:10885: checking sys/mount.h usability
configure:10897: gcc -c -g -O2  conftest.c >&5
configure:10903: $? = 0
configure:10906: test -z 			 || test ! -s conftest.err
configure:10909: $? = 0
configure:10912: test -s conftest.o
configure:10915: $? = 0
configure:10925: result: yes
configure:10929: checking sys/mount.h presence
configure:10939: gcc -E  conftest.c
configure:10945: $? = 0
configure:10965: result: yes
configure:11000: checking for sys/mount.h
configure:11007: result: yes
configure:10885: checking sys/statvfs.h usability
configure:10897: gcc -c -g -O2  conftest.c >&5
configure:10903: $? = 0
configure:10906: test -z 			 || test ! -s conftest.err
configure:10909: $? = 0
configure:10912: test -s conftest.o
configure:10915: $? = 0
configure:10925: result: yes
configure:10929: checking sys/statvfs.h presence
configure:10939: gcc -E  conftest.c
configure:10945: $? = 0
configure:10965: result: yes
configure:11000: checking for sys/statvfs.h
configure:11007: result: yes
configure:10885: checking regex.h usability
configure:10897: gcc -c -g -O2  conftest.c >&5
configure:10903: $? = 0
configure:10906: test -z 			 || test ! -s conftest.err
configure:10909: $? = 0
configure:10912: test -s conftest.o
configure:10915: $? = 0
configure:10925: result: yes
configure:10929: checking regex.h presence
configure:10939: gcc -E  conftest.c
configure:10945: $? = 0
configure:10965: result: yes
configure:11000: checking for regex.h
configure:11007: result: yes
configure:10885: checking termios.h usability
configure:10897: gcc -c -g -O2  conftest.c >&5
configure:10903: $? = 0
configure:10906: test -z 			 || test ! -s conftest.err
configure:10909: $? = 0
configure:10912: test -s conftest.o
configure:10915: $? = 0
configure:10925: result: yes
configure:10929: checking termios.h presence
configure:10939: gcc -E  conftest.c
configure:10945: $? = 0
configure:10965: result: yes
configure:11000: checking for termios.h
configure:11007: result: yes
configure:10885: checking sys/ioctl.h usability
configure:10897: gcc -c -g -O2  conftest.c >&5
configure:10903: $? = 0
configure:10906: test -z 			 || test ! -s conftest.err
configure:10909: $? = 0
configure:10912: test -s conftest.o
configure:10915: $? = 0
configure:10925: result: yes
configure:10929: checking sys/ioctl.h presence
configure:10939: gcc -E  conftest.c
configure:10945: $? = 0
configure:10965: result: yes
configure:11000: checking for sys/ioctl.h
configure:11007: result: yes
configure:10885: checking sys/un.h usability
configure:10897: gcc -c -g -O2  conftest.c >&5
configure:10903: $? = 0
configure:10906: test -z 			 || test ! -s conftest.err
configure:10909: $? = 0
configure:10912: test -s conftest.o
configure:10915: $? = 0
configure:10925: result: yes
configure:10929: checking sys/un.h presence
configure:10939: gcc -E  conftest.c
configure:10945: $? = 0
configure:10965: result: yes
configure:11000: checking for sys/un.h
configure:11007: result: yes
configure:11022: checking if gcc needs -no-cpp-precomp
configure:11036: result: no
configure:11044: checking for flags to pass to gcc
configure:11059: result: -Wall -Winline -Wpointer-arith -Wwrite-strings -Wstrict-prototypes 
configure:11071: checking for socket
configure:11128: gcc -o conftest -g -O2 -Wall -Winline -Wpointer-arith -Wwrite-strings -Wstrict-prototypes    conftest.c  >&5
conftest.c:123: warning: function declaration isn't a prototype
conftest.c:130: warning: function declaration isn't a prototype
conftest.c:138: warning: function declaration isn't a prototype
configure:11134: $? = 0
configure:11137: test -z 			 || test ! -s conftest.err
configure:11140: $? = 0
configure:11143: test -s conftest
configure:11146: $? = 0
configure:11158: result: yes
configure:11180: checking for strnlen
configure:11237: gcc -o conftest -g -O2 -Wall -Winline -Wpointer-arith -Wwrite-strings -Wstrict-prototypes    conftest.c  >&5
conftest.c:124: warning: function declaration isn't a prototype
conftest.c:131: warning: function declaration isn't a prototype
conftest.c:139: warning: function declaration isn't a prototype
configure:11243: $? = 0
configure:11246: test -z 			 || test ! -s conftest.err
configure:11249: $? = 0
configure:11252: test -s conftest
configure:11255: $? = 0
configure:11267: result: yes
configure:11180: checking for statfs
configure:11237: gcc -o conftest -g -O2 -Wall -Winline -Wpointer-arith -Wwrite-strings -Wstrict-prototypes    conftest.c  >&5
conftest.c:125: warning: function declaration isn't a prototype
conftest.c:132: warning: function declaration isn't a prototype
conftest.c:140: warning: function declaration isn't a prototype
configure:11243: $? = 0
configure:11246: test -z 			 || test ! -s conftest.err
configure:11249: $? = 0
configure:11252: test -s conftest
configure:11255: $? = 0
configure:11267: result: yes
configure:11180: checking for getopt_long
configure:11237: gcc -o conftest -g -O2 -Wall -Winline -Wpointer-arith -Wwrite-strings -Wstrict-prototypes    conftest.c  >&5
conftest.c:126: warning: function declaration isn't a prototype
conftest.c:133: warning: function declaration isn't a prototype
conftest.c:141: warning: function declaration isn't a prototype
configure:11243: $? = 0
configure:11246: test -z 			 || test ! -s conftest.err
configure:11249: $? = 0
configure:11252: test -s conftest
configure:11255: $? = 0
configure:11267: result: yes
configure:11180: checking for hstrerror
configure:11237: gcc -o conftest -g -O2 -Wall -Winline -Wpointer-arith -Wwrite-strings -Wstrict-prototypes    conftest.c  >&5
conftest.c:127: warning: function declaration isn't a prototype
conftest.c:134: warning: function declaration isn't a prototype
conftest.c:142: warning: function declaration isn't a prototype
configure:11243: $? = 0
configure:11246: test -z 			 || test ! -s conftest.err
configure:11249: $? = 0
configure:11252: test -s conftest
configure:11255: $? = 0
configure:11267: result: yes
configure:11180: checking for gai_strerror
configure:11237: gcc -o conftest -g -O2 -Wall -Winline -Wpointer-arith -Wwrite-strings -Wstrict-prototypes    conftest.c  >&5
conftest.c:128: warning: function declaration isn't a prototype
conftest.c:135: warning: function declaration isn't a prototype
conftest.c:143: warning: function declaration isn't a prototype
configure:11243: $? = 0
configure:11246: test -z 			 || test ! -s conftest.err
configure:11249: $? = 0
configure:11252: test -s conftest
configure:11255: $? = 0
configure:11267: result: yes
configure:11281: checking for getaddrinfo
configure:11338: gcc -o conftest -g -O2 -Wall -Winline -Wpointer-arith -Wwrite-strings -Wstrict-prototypes    conftest.c  >&5
conftest.c:129: warning: function declaration isn't a prototype
conftest.c:136: warning: function declaration isn't a prototype
conftest.c:144: warning: function declaration isn't a prototype
configure:11344: $? = 0
configure:11347: test -z 			 || test ! -s conftest.err
configure:11350: $? = 0
configure:11353: test -s conftest
configure:11356: $? = 0
configure:11368: result: yes
configure:11673: creating ./config.status

## ---------------------- ##
## Running config.status. ##
## ---------------------- ##

This file was extended by giFTcurs config.status 0.6.2, which was
generated by GNU Autoconf 2.59.  Invocation command line was

  CONFIG_FILES    = 
  CONFIG_HEADERS  = 
  CONFIG_LINKS    = 
  CONFIG_COMMANDS = 
  $ ./config.status 

on sphere

config.status:783: creating Makefile
config.status:783: creating src/Makefile
config.status:783: creating intl/Makefile
config.status:783: creating po/Makefile.in
config.status:849: creating config.h
config.status:1339: executing depfiles commands
config.status:1339: executing default-1 commands

## ---------------- ##
## Cache variables. ##
## ---------------- ##

ac_cv_build=i686-pc-linux-gnu
ac_cv_build_alias=i686-pc-linux-gnu
ac_cv_c_compiler_gnu=yes
ac_cv_c_const=yes
ac_cv_c_inline=inline
ac_cv_env_CC_set=
ac_cv_env_CC_value=
ac_cv_env_CFLAGS_set=
ac_cv_env_CFLAGS_value=
ac_cv_env_CPPFLAGS_set=
ac_cv_env_CPPFLAGS_value=
ac_cv_env_CPP_set=
ac_cv_env_CPP_value=
ac_cv_env_LDFLAGS_set=
ac_cv_env_LDFLAGS_value=
ac_cv_env_build_alias_set=
ac_cv_env_build_alias_value=
ac_cv_env_host_alias_set=
ac_cv_env_host_alias_value=
ac_cv_env_target_alias_set=
ac_cv_env_target_alias_value=
ac_cv_exeext=
ac_cv_func___argz_count=yes
ac_cv_func___argz_next=yes
ac_cv_func___argz_stringify=yes
ac_cv_func___fsetlocking=yes
ac_cv_func_alloca_works=yes
ac_cv_func_asprintf=yes
ac_cv_func_fwprintf=yes
ac_cv_func_gai_strerror=yes
ac_cv_func_getaddrinfo=yes
ac_cv_func_getcwd=yes
ac_cv_func_getegid=yes
ac_cv_func_geteuid=yes
ac_cv_func_getgid=yes
ac_cv_func_getopt_long=yes
ac_cv_func_getpagesize=yes
ac_cv_func_getuid=yes
ac_cv_func_hstrerror=yes
ac_cv_func_mempcpy=yes
ac_cv_func_mmap_fixed_mapped=yes
ac_cv_func_munmap=yes
ac_cv_func_putenv=yes
ac_cv_func_resize_term=yes
ac_cv_func_resizeterm=yes
ac_cv_func_setenv=yes
ac_cv_func_setlocale=yes
ac_cv_func_snprintf=yes
ac_cv_func_socket=yes
ac_cv_func_statfs=yes
ac_cv_func_stpcpy=yes
ac_cv_func_strcasecmp=yes
ac_cv_func_strdup=yes
ac_cv_func_strnlen=yes
ac_cv_func_strtoul=yes
ac_cv_func_tsearch=yes
ac_cv_func_use_default_colors=yes
ac_cv_func_wadd_wch=no
ac_cv_func_wcslen=yes
ac_cv_gnu_library_2_1=yes
ac_cv_have_decl__snprintf=no
ac_cv_have_decl__snwprintf=no
ac_cv_have_decl_feof_unlocked=yes
ac_cv_have_decl_fgets_unlocked=no
ac_cv_have_decl_getc_unlocked=yes
ac_cv_header_argz_h=yes
ac_cv_header_getopt_h=yes
ac_cv_header_inttypes_h=yes
ac_cv_header_limits_h=yes
ac_cv_header_locale_h=yes
ac_cv_header_malloc_h=yes
ac_cv_header_memory_h=yes
ac_cv_header_nl_types_h=yes
ac_cv_header_regex_h=yes
ac_cv_header_stdc=yes
ac_cv_header_stddef_h=yes
ac_cv_header_stdint_h=yes
ac_cv_header_stdlib_h=yes
ac_cv_header_string_h=yes
ac_cv_header_strings_h=yes
ac_cv_header_sys_ioctl_h=yes
ac_cv_header_sys_mount_h=yes
ac_cv_header_sys_param_h=yes
ac_cv_header_sys_stat_h=yes
ac_cv_header_sys_statvfs_h=yes
ac_cv_header_sys_types_h=yes
ac_cv_header_sys_un_h=yes
ac_cv_header_sys_vfs_h=yes
ac_cv_header_termios_h=yes
ac_cv_header_unistd_h=yes
ac_cv_host=i686-pc-linux-gnu
ac_cv_host_alias=i686-pc-linux-gnu
ac_cv_lib_cposix_strerror=no
ac_cv_lib_gpm_Gpm_Open=yes
ac_cv_lib_socket_socket=no
ac_cv_objext=o
ac_cv_path_GMSGFMT=:
ac_cv_path_MSGFMT=:
ac_cv_path_MSGMERGE=:
ac_cv_path_PKG_CONFIG=/usr/bin/pkg-config
ac_cv_path_XGETTEXT=:
ac_cv_path_install='/usr/bin/install -c'
ac_cv_prog_AWK=mawk
ac_cv_prog_CPP='gcc -E'
ac_cv_prog_INTLBISON=bison
ac_cv_prog_ac_ct_CC=gcc
ac_cv_prog_ac_ct_RANLIB=ranlib
ac_cv_prog_cc_g=yes
ac_cv_prog_cc_stdc=
ac_cv_prog_egrep='grep -E'
ac_cv_prog_make_make_set=yes
ac_cv_type_long_long=yes
ac_cv_type_off_t=yes
ac_cv_type_ptrdiff_t=yes
ac_cv_type_size_t=yes
ac_cv_type_unsigned_long_long=yes
ac_cv_working_alloca_h=yes
acl_cv_hardcode_direct=no
acl_cv_hardcode_libdir_flag_spec='${wl}-rpath ${wl}$libdir'
acl_cv_hardcode_libdir_separator=
acl_cv_hardcode_minus_L=no
acl_cv_libext=a
acl_cv_path_LD=/usr/bin/ld
acl_cv_prog_gnu_ld=yes
acl_cv_rpath=done
acl_cv_shlibext=so
acl_cv_wl=-Wl,
am_cv_CC_dependencies_compiler_type=gcc3
am_cv_func_iconv=yes
am_cv_langinfo_codeset=yes
am_cv_lib_iconv=no
am_cv_proto_iconv='extern size_t iconv (iconv_t cd, char * *inbuf, size_t *inbytesleft, char * *outbuf, size_t *outbytesleft);'
am_cv_proto_iconv_arg1=
am_cv_val_LC_MESSAGES=yes
ax_cv_try_gcc_flags='-Wall -Winline -Wpointer-arith -Wwrite-strings -Wstrict-prototypes '
bh_cv_c_signed=yes
gt_cv_c_intmax_t=yes
gt_cv_c_long_double=yes
gt_cv_c_wchar_t=yes
gt_cv_c_wint_t=yes
gt_cv_func_gnugettext2_libc=yes
gt_cv_func_printf_posix=yes
gt_cv_header_inttypes_h=yes
gt_cv_int_divbyzero_sigfpe=yes
gt_cv_inttypes_pri_broken=no
jm_ac_cv_header_inttypes_h=yes
jm_ac_cv_header_stdint_h=yes
nls_cv_force_use_gnu_gettext=no
nls_cv_header_intl=
nls_cv_header_libgt=
nls_cv_use_gnu_gettext=no

## ----------------- ##
## Output variables. ##
## ----------------- ##

ACLOCAL='${SHELL} /home/HEx/gift/giFTcurs-0.6.2/missing --run aclocal-1.7'
ALLOCA=''
AMDEPBACKSLASH='\'
AMDEP_FALSE='#'
AMDEP_TRUE=''
AMTAR='${SHELL} /home/HEx/gift/giFTcurs-0.6.2/missing --run tar'
AUTOCONF='${SHELL} /home/HEx/gift/giFTcurs-0.6.2/missing --run autoconf'
AUTOHEADER='${SHELL} /home/HEx/gift/giFTcurs-0.6.2/missing --run autoheader'
AUTOMAKE='${SHELL} /home/HEx/gift/giFTcurs-0.6.2/missing --run automake-1.7'
AWK='mawk'
BUILD_INCLUDED_LIBINTL='no'
CATOBJEXT='.gmo'
CC='gcc'
CCDEPMODE='depmode=gcc3'
CFLAGS='-g -O2 -Wall -Winline -Wpointer-arith -Wwrite-strings -Wstrict-prototypes '
CPP='gcc -E'
CPPFLAGS=''
CURSES_INCLUDEDIR=''
CURSES_LIBS='-lncurses'
CYGPATH_W='echo'
DATADIRNAME='share'
DEFS='-DHAVE_CONFIG_H'
DEPDIR='.deps'
ECHO_C=''
ECHO_N='-n'
ECHO_T=''
EGREP='grep -E'
EXEEXT=''
GENCAT='gencat'
GLIBC21='yes'
GLIB_CFLAGS='-I/usr/include/glib-2.0 -I/usr/lib/glib-2.0/include  '
GLIB_GENMARSHAL='glib-genmarshal'
GLIB_LIBS='-lglib-2.0  '
GLIB_MKENUMS='glib-mkenums'
GMSGFMT=':'
GOBJECT_QUERY='gobject-query'
HAS_WIDE_CURSES_FALSE=''
HAS_WIDE_CURSES_TRUE='#'
HAVE_ASPRINTF='1'
HAVE_POSIX_PRINTF='1'
HAVE_SNPRINTF='1'
HAVE_WPRINTF='0'
INSTALL_DATA='${INSTALL} -m 644'
INSTALL_PROGRAM='${INSTALL}'
INSTALL_SCRIPT='${INSTALL}'
INSTALL_STRIP_PROGRAM='${SHELL} $(install_sh) -c -s'
INSTOBJEXT='.mo'
INTLBISON='bison'
INTLLIBS=''
INTLOBJS=''
INTL_LIBTOOL_SUFFIX_PREFIX=''
LDFLAGS=''
LIBICONV=''
LIBINTL=''
LIBOBJS=''
LIBS=''
LTLIBICONV=''
LTLIBINTL=''
LTLIBOBJS=''
MAKEINFO='${SHELL} /home/HEx/gift/giFTcurs-0.6.2/missing --run makeinfo'
MKINSTALLDIRS='$(top_builddir)/./mkinstalldirs'
MSGFMT=':'
MSGMERGE=':'
OBJEXT='o'
PACKAGE='giFTcurs'
PACKAGE_BUGREPORT='giftcurs-devel@nongnu.org'
PACKAGE_NAME='giFTcurs'
PACKAGE_STRING='giFTcurs 0.6.2'
PACKAGE_TARNAME='giFTcurs'
PACKAGE_VERSION='0.6.2'
PATH_SEPARATOR=':'
PKG_CONFIG='/usr/bin/pkg-config'
POSUB='po'
RANLIB='ranlib'
SET_MAKE=''
SHELL='/bin/sh'
STRIP=''
USE_INCLUDED_LIBINTL='no'
USE_NLS='yes'
VERSION='0.6.2'
XGETTEXT=':'
ac_ct_CC='gcc'
ac_ct_RANLIB='ranlib'
ac_ct_STRIP=''
am__fastdepCC_FALSE='#'
am__fastdepCC_TRUE=''
am__include='include'
am__leading_dot='.'
am__quote=''
bindir='${exec_prefix}/bin'
build='i686-pc-linux-gnu'
build_alias=''
build_cpu='i686'
build_os='linux-gnu'
build_vendor='pc'
datadir='${prefix}/share'
exec_prefix='${prefix}'
host='i686-pc-linux-gnu'
host_alias=''
host_cpu='i686'
host_os='linux-gnu'
host_vendor='pc'
includedir='${prefix}/include'
infodir='${prefix}/info'
install_sh='/home/HEx/gift/giFTcurs-0.6.2/install-sh'
libdir='${exec_prefix}/lib'
libexecdir='${exec_prefix}/libexec'
localstatedir='${prefix}/var'
mandir='${prefix}/man'
oldincludedir='/usr/include'
prefix='/usr/local'
program_transform_name='s,x,x,'
sbindir='${exec_prefix}/sbin'
sharedstatedir='${prefix}/com'
sysconfdir='${prefix}/etc'
target_alias=''

## ----------- ##
## confdefs.h. ##
## ----------- ##

#define ENABLE_NLS 1
#define HAS_CURSES 1
#define HAVE_ALLOCA 1
#define HAVE_ALLOCA_H 1
#define HAVE_ARGZ_H 1
#define HAVE_ASPRINTF 1
#define HAVE_DCGETTEXT 1
#define HAVE_DECL_FEOF_UNLOCKED 1
#define HAVE_DECL_FGETS_UNLOCKED 0
#define HAVE_DECL_GETC_UNLOCKED 1
#define HAVE_DECL__SNPRINTF 0
#define HAVE_DECL__SNWPRINTF 0
#define HAVE_FWPRINTF 1
#define HAVE_GAI_STRERROR 1
#define HAVE_GETADDRINFO 1
#define HAVE_GETCWD 1
#define HAVE_GETEGID 1
#define HAVE_GETEUID 1
#define HAVE_GETGID 1
#define HAVE_GETOPT_H 1
#define HAVE_GETOPT_LONG 1
#define HAVE_GETPAGESIZE 1
#define HAVE_GETTEXT 1
#define HAVE_GETUID 1
#define HAVE_HSTRERROR 1
#define HAVE_ICONV 1
#define HAVE_INTMAX_T 1
#define HAVE_INTTYPES_H 1
#define HAVE_INTTYPES_H 1
#define HAVE_INTTYPES_H_WITH_UINTMAX 1
#define HAVE_LANGINFO_CODESET 1
#define HAVE_LC_MESSAGES 1
#define HAVE_LIMITS_H 1
#define HAVE_LOCALE_H 1
#define HAVE_LONG_DOUBLE 1
#define HAVE_LONG_LONG 1
#define HAVE_MALLOC_H 1
#define HAVE_MEMORY_H 1
#define HAVE_MEMPCPY 1
#define HAVE_MMAP 1
#define HAVE_MUNMAP 1
#define HAVE_NL_TYPES_H 1
#define HAVE_POSIX_PRINTF 1
#define HAVE_PUTENV 1
#define HAVE_REGEX_H 1
#define HAVE_RESIZETERM 1
#define HAVE_RESIZE_TERM 1
#define HAVE_SETENV 1
#define HAVE_SETLOCALE 1
#define HAVE_SNPRINTF 1
#define HAVE_SOCKET 1
#define HAVE_STATFS 1
#define HAVE_STDDEF_H 1
#define HAVE_STDINT_H 1
#define HAVE_STDINT_H 1
#define HAVE_STDINT_H 1
#define HAVE_STDINT_H_WITH_UINTMAX 1
#define HAVE_STDLIB_H 1
#define HAVE_STDLIB_H 1
#define HAVE_STDLIB_H 1
#define HAVE_STPCPY 1
#define HAVE_STRCASECMP 1
#define HAVE_STRDUP 1
#define HAVE_STRINGS_H 1
#define HAVE_STRING_H 1
#define HAVE_STRING_H 1
#define HAVE_STRNLEN 1
#define HAVE_STRTOUL 1
#define HAVE_SYS_IOCTL_H 1
#define HAVE_SYS_MOUNT_H 1
#define HAVE_SYS_PARAM_H 1
#define HAVE_SYS_STATVFS_H 1
#define HAVE_SYS_STAT_H 1
#define HAVE_SYS_TYPES_H 1
#define HAVE_SYS_UN_H 1
#define HAVE_SYS_VFS_H 1
#define HAVE_TERMIOS_H 1
#define HAVE_TSEARCH 1
#define HAVE_UINTMAX_T 1
#define HAVE_UNISTD_H 1
#define HAVE_UNISTD_H 1
#define HAVE_UNISTD_H 1
#define HAVE_UNSIGNED_LONG_LONG 1
#define HAVE_USE_DEFAULT_COLORS 1
#define HAVE_WCHAR_T 1
#define HAVE_WCSLEN 1
#define HAVE_WINT_T 1
#define HAVE___ARGZ_COUNT 1
#define HAVE___ARGZ_NEXT 1
#define HAVE___ARGZ_STRINGIFY 1
#define HAVE___FSETLOCKING 1
#define ICONV_CONST 
#define INTDIV0_RAISES_SIGFPE 1
#define PACKAGE "giFTcurs"
#define PACKAGE_BUGREPORT "giftcurs-devel@nongnu.org"
#define PACKAGE_NAME "giFTcurs"
#define PACKAGE_STRING "giFTcurs 0.6.2"
#define PACKAGE_TARNAME "giFTcurs"
#define PACKAGE_VERSION "0.6.2"
#define STDC_HEADERS 1
#define USE_NCURSES 1
#define VERSION "0.6.2"

configure: exit 0
