This file contains any messages produced by compilers while
running configure, to aid debugging if configure makes a mistake.

It was created by configure, which was
generated by GNU Autoconf 2.52.  Invocation command line was

  $ ./configure --disable-libdl

## ---------- ##
## Platform.  ##
## ---------- ##

hostname = sphere
uname -m = i686
uname -r = 2.2.19
uname -s = Linux
uname -v = #1 Sat Oct 20 18:09:49 EST 2001

/usr/bin/uname -p = unknown
/bin/uname -X     = unknown

/bin/arch              = i686
/usr/bin/arch -k       = unknown
/usr/convex/getsysinfo = unknown
hostinfo               = unknown
/bin/machine           = unknown
/usr/bin/oslevel       = unknown
/bin/universe          = unknown

PATH = /usr/local/bin:/usr/bin:/bin:/usr/bin/X11:/usr/games:/usr/local/bin:/home/HEx/bin

## ------------ ##
## Core tests.  ##
## ------------ ##

configure:977: PATH=".;."; conftest.sh
./configure: conftest.sh: command not found
configure:980: $? = 127
configure:1033: checking for a BSD compatible install
configure:1082: result: /usr/bin/install -c
configure:1093: checking whether build environment is sane
configure:1136: result: yes
configure:1151: checking whether make sets ${MAKE}
configure:1171: result: yes
configure:1199: checking for working aclocal
configure:1206: result: found
configure:1214: checking for working autoconf
configure:1221: result: found
configure:1229: checking for working automake
configure:1236: result: found
configure:1244: checking for working autoheader
configure:1251: result: found
configure:1259: checking for working makeinfo
configure:1266: result: found
configure:1324: checking for gcc
configure:1339: found /usr/bin/gcc
configure:1347: result: gcc
configure:1575: checking for C compiler version
configure:1578: gcc --version </dev/null >&5
2.95.4
configure:1581: $? = 0
configure:1583: gcc -v </dev/null >&5
Reading specs from /usr/lib/gcc-lib/i386-linux/2.95.4/specs
gcc version 2.95.4 20011006 (Debian prerelease)
configure:1586: $? = 0
configure:1588: gcc -V </dev/null >&5
gcc: argument to `-V' is missing
configure:1591: $? = 1
configure:1611: checking for C compiler default output
configure:1614: gcc    conftest.c  >&5
configure:1617: $? = 0
configure:1646: result: a.out
configure:1651: checking whether the C compiler works
configure:1657: ./a.out
configure:1660: $? = 0
configure:1675: result: yes
configure:1682: checking whether we are cross compiling
configure:1684: result: no
configure:1687: checking for executable suffix
configure:1689: gcc -o conftest    conftest.c  >&5
configure:1692: $? = 0
configure:1714: result: 
configure:1720: checking for object suffix
configure:1738: gcc -c   conftest.c >&5
configure:1741: $? = 0
configure:1760: result: o
configure:1764: checking whether we are using the GNU C compiler
configure:1785: gcc -c   conftest.c >&5
configure:1788: $? = 0
configure:1791: test -s conftest.o
configure:1794: $? = 0
configure:1806: result: yes
configure:1812: checking whether gcc accepts -g
configure:1830: gcc -c -g  conftest.c >&5
configure:1833: $? = 0
configure:1836: test -s conftest.o
configure:1839: $? = 0
configure:1849: result: yes
configure:1876: gcc -c -g -O2  conftest.c >&5
conftest.c:2: parse error before `me'
configure:1879: $? = 1
configure: failed program was:
#ifndef __cplusplus
  choke me
#endif
configure:1977: checking for gcc option to accept ANSI C
configure:2036: gcc  -c -g -O2  conftest.c >&5
configure:2039: $? = 0
configure:2042: test -s conftest.o
configure:2045: $? = 0
configure:2059: result: none needed
configure:2075: checking how to run the C preprocessor
configure:2101: gcc -E  conftest.c
configure:2107: $? = 0
configure:2134: gcc -E  conftest.c
configure:2131: ac_nonexistent.h: No such file or directory
configure:2140: $? = 1
configure: failed program was:
#line 2130 "configure"
#include "confdefs.h"
#include <ac_nonexistent.h>
configure:2177: result: gcc -E
configure:2192: gcc -E  conftest.c
configure:2198: $? = 0
configure:2225: gcc -E  conftest.c
configure:2222: ac_nonexistent.h: No such file or directory
configure:2231: $? = 1
configure: failed program was:
#line 2221 "configure"
#include "confdefs.h"
#include <ac_nonexistent.h>
configure:2270: checking for ANSI C header files
configure:2284: gcc -E  conftest.c
configure:2290: $? = 0
configure:2377: gcc -o conftest -g -O2   conftest.c  >&5
configure:2380: $? = 0
configure:2382: ./conftest
configure:2385: $? = 0
configure:2398: result: yes
configure:2420: checking for a BSD compatible install
configure:2469: result: /usr/bin/install -c
configure:2552: checking build system type
configure:2570: result: i686-pc-linux-gnu
configure:2577: checking host system type
configure:2591: result: i686-pc-linux-gnu
configure:2636: checking for ranlib
configure:2651: found /usr/bin/ranlib
configure:2660: result: ranlib
configure:2682: checking for ld used by GCC
configure:2739: result: /usr/bin/ld
configure:2748: checking if the linker (/usr/bin/ld) is GNU ld
GNU ld version 2.11.92.0.10 20011021 Debian/GNU Linux
configure:2760: result: yes
configure:2763: checking for BSD-compatible nm
configure:2797: result: /usr/bin/nm -B
configure:2800: checking whether ln -s works
configure:2804: result: yes
ltconfig:603: checking for object suffix
ltconfig:604: gcc -c -g -O2  conftest.c 1>&5
ltconfig:629: checking for executable suffix
ltconfig:630: gcc -o conftest -g -O2   conftest.c  1>&5
ltconfig:776: checking if gcc PIC flag -fPIC works
ltconfig:777: gcc -c -g -O2 -fPIC -DPIC  conftest.c 1>&5
ltconfig:829: checking if gcc supports -c -o file.o
ltconfig:830: gcc -c -g -O2 -o out/conftest2.o  conftest.c 1>&5
ltconfig:862: checking if gcc supports -c -o file.lo
ltconfig:863: gcc -c -g -O2 -c -o conftest.lo  conftest.c 1>&5
ltconfig:914: checking if gcc supports -fno-rtti -fno-exceptions
ltconfig:915: gcc -c -g -O2 -fno-rtti -fno-exceptions -c conftest.c  conftest.c 1>&5
ltconfig:958: checking if gcc static flag -static works
ltconfig:959: gcc -o conftest -g -O2   -static conftest.c  1>&5
GNU ld version 2.11.92.0.10 20011021 Debian/GNU Linux
ltconfig:1653: checking if global_symbol_pipe works
ltconfig:1654: gcc -c -g -O2  conftest.c 1>&5
ltconfig:1657: eval "/usr/bin/nm -B conftest.o | sed -n -e 's/^.*[ 	]\([ABCDGISTW]\)[ 	][ 	]*\(\)\([_A-Za-z][_A-Za-z0-9]*\)$/\1 \2\3 \3/p' > conftest.nm"
ltconfig:1709: gcc -o conftest -g -O2 -fno-builtin -fno-rtti -fno-exceptions   conftest.c conftstm.o 1>&5
configure:3006: checking for gethostbyname in -lnsl
configure:3033: gcc -o conftest -g -O2   conftest.c -lnsl   >&5
configure:3036: $? = 0
configure:3039: test -s conftest
configure:3042: $? = 0
configure:3053: result: yes
configure:3064: checking for socket in -lsocket
configure:3091: gcc -o conftest -g -O2   conftest.c -lsocket  -lnsl  >&5
/usr/bin/ld: cannot find -lsocket
collect2: ld returned 1 exit status
configure:3094: $? = 1
configure: failed program was:
#line 3072 "configure"
#include "confdefs.h"

/* Override any gcc2 internal prototype to avoid an error.  */
#ifdef __cplusplus
extern "C"
#endif
/* We use char because int might match the return type of a gcc2
   builtin and then its argument prototype would still apply.  */
char socket ();
int
main ()
{
socket ();
  ;
  return 0;
}
configure:3111: result: no
configure:3127: checking for dirent.h that defines DIR
configure:3148: gcc -c -g -O2  conftest.c >&5
configure:3151: $? = 0
configure:3154: test -s conftest.o
configure:3157: $? = 0
configure:3167: result: yes
configure:3180: checking for opendir in -ldir
configure:3207: gcc -o conftest -g -O2   conftest.c -ldir  -lnsl  >&5
/usr/bin/ld: cannot find -ldir
collect2: ld returned 1 exit status
configure:3210: $? = 1
configure: failed program was:
#line 3188 "configure"
#include "confdefs.h"

/* Override any gcc2 internal prototype to avoid an error.  */
#ifdef __cplusplus
extern "C"
#endif
/* We use char because int might match the return type of a gcc2
   builtin and then its argument prototype would still apply.  */
char opendir ();
int
main ()
{
opendir ();
  ;
  return 0;
}
configure:3227: result: no
configure:3289: checking for ANSI C header files
configure:3417: result: yes
configure:3427: checking for sys/wait.h that is POSIX.1 compatible
configure:3455: gcc -c -g -O2  conftest.c >&5
configure:3458: $? = 0
configure:3461: test -s conftest.o
configure:3464: $? = 0
configure:3474: result: yes
configure:3487: checking for dirent.h
configure:3497: gcc -E  conftest.c
configure:3503: $? = 0
configure:3522: result: yes
configure:3487: checking for fcntl.h
configure:3497: gcc -E  conftest.c
configure:3503: $? = 0
configure:3522: result: yes
configure:3487: checking for sys/time.h
configure:3497: gcc -E  conftest.c
configure:3503: $? = 0
configure:3522: result: yes
configure:3487: checking for unistd.h
configure:3497: gcc -E  conftest.c
configure:3503: $? = 0
configure:3522: result: yes
configure:3487: checking for limits.h
configure:3497: gcc -E  conftest.c
configure:3503: $? = 0
configure:3522: result: yes
configure:3487: checking for linux/limits.h
configure:3497: gcc -E  conftest.c
configure:3503: $? = 0
configure:3522: result: yes
configure:3533: checking for gcc option to accept ANSI C
configure:3590: gcc  -c -g -O2  conftest.c >&5
configure:3593: $? = 0
configure:3596: test -s conftest.o
configure:3599: $? = 0
configure:3616: result: none needed
configure:3624: checking for an ANSI C-conforming const
configure:3688: gcc -c -g -O2  conftest.c >&5
configure:3691: $? = 0
configure:3694: test -s conftest.o
configure:3697: $? = 0
configure:3707: result: yes
configure:3723: checking for sys/types.h
configure:3735: gcc -c -g -O2  conftest.c >&5
configure:3738: $? = 0
configure:3741: test -s conftest.o
configure:3744: $? = 0
configure:3754: result: yes
configure:3723: checking for sys/stat.h
configure:3735: gcc -c -g -O2  conftest.c >&5
configure:3738: $? = 0
configure:3741: test -s conftest.o
configure:3744: $? = 0
configure:3754: result: yes
configure:3723: checking for stdlib.h
configure:3735: gcc -c -g -O2  conftest.c >&5
configure:3738: $? = 0
configure:3741: test -s conftest.o
configure:3744: $? = 0
configure:3754: result: yes
configure:3723: checking for string.h
configure:3735: gcc -c -g -O2  conftest.c >&5
configure:3738: $? = 0
configure:3741: test -s conftest.o
configure:3744: $? = 0
configure:3754: result: yes
configure:3723: checking for memory.h
configure:3735: gcc -c -g -O2  conftest.c >&5
configure:3738: $? = 0
configure:3741: test -s conftest.o
configure:3744: $? = 0
configure:3754: result: yes
configure:3723: checking for strings.h
configure:3735: gcc -c -g -O2  conftest.c >&5
configure:3738: $? = 0
configure:3741: test -s conftest.o
configure:3744: $? = 0
configure:3754: result: yes
configure:3723: checking for inttypes.h
configure:3735: gcc -c -g -O2  conftest.c >&5
configure:3738: $? = 0
configure:3741: test -s conftest.o
configure:3744: $? = 0
configure:3754: result: yes
configure:3723: checking for stdint.h
configure:3735: gcc -c -g -O2  conftest.c >&5
configure:3738: $? = 0
configure:3741: test -s conftest.o
configure:3744: $? = 0
configure:3754: result: yes
configure:3723: checking for unistd.h
configure:3754: result: yes
configure:3764: checking for pid_t
configure:3785: gcc -c -g -O2  conftest.c >&5
configure:3788: $? = 0
configure:3791: test -s conftest.o
configure:3794: $? = 0
configure:3804: result: yes
configure:3816: checking for size_t
configure:3837: gcc -c -g -O2  conftest.c >&5
configure:3840: $? = 0
configure:3843: test -s conftest.o
configure:3846: $? = 0
configure:3856: result: yes
configure:3868: checking whether time.h and sys/time.h may both be included
configure:3890: gcc -c -g -O2  conftest.c >&5
configure:3893: $? = 0
configure:3896: test -s conftest.o
configure:3899: $? = 0
configure:3909: result: yes
configure:3919: checking whether struct tm is in sys/time.h or time.h
configure:3939: gcc -c -g -O2  conftest.c >&5
configure:3942: $? = 0
configure:3945: test -s conftest.o
configure:3948: $? = 0
configure:3958: result: time.h
configure:3968: checking for short
configure:3989: gcc -c -g -O2  conftest.c >&5
configure:3992: $? = 0
configure:3995: test -s conftest.o
configure:3998: $? = 0
configure:4008: result: yes
configure:4011: checking size of short
configure:4175: gcc -o conftest -g -O2   conftest.c -lnsl  >&5
configure:4178: $? = 0
configure:4180: ./conftest
configure:4183: $? = 0
configure:4199: result: 2
configure:4205: checking for long
configure:4226: gcc -c -g -O2  conftest.c >&5
configure:4229: $? = 0
configure:4232: test -s conftest.o
configure:4235: $? = 0
configure:4245: result: yes
configure:4248: checking size of long
configure:4412: gcc -o conftest -g -O2   conftest.c -lnsl  >&5
configure:4415: $? = 0
configure:4417: ./conftest
configure:4420: $? = 0
configure:4436: result: 4
configure:4442: checking for int
configure:4463: gcc -c -g -O2  conftest.c >&5
configure:4466: $? = 0
configure:4469: test -s conftest.o
configure:4472: $? = 0
configure:4482: result: yes
configure:4485: checking size of int
configure:4649: gcc -o conftest -g -O2   conftest.c -lnsl  >&5
configure:4652: $? = 0
configure:4654: ./conftest
configure:4657: $? = 0
configure:4673: result: 4
configure:4679: checking for void *
configure:4700: gcc -c -g -O2  conftest.c >&5
configure:4703: $? = 0
configure:4706: test -s conftest.o
configure:4709: $? = 0
configure:4719: result: yes
configure:4722: checking size of void *
configure:4886: gcc -o conftest -g -O2   conftest.c -lnsl  >&5
configure:4889: $? = 0
configure:4891: ./conftest
configure:4894: $? = 0
configure:4910: result: 4
configure:4927: checking for void * size
configure:4958: gcc -o conftest -g -O2   conftest.c -lnsl  >&5
configure:4961: $? = 0
configure:4963: ./conftest
configure:4966: $? = 0
configure:4972: result: long
configure:5158: checking for working memcmp
configure:5203: gcc -o conftest -g -O2   conftest.c -lnsl  >&5
configure:5206: $? = 0
configure:5208: ./conftest
configure:5211: $? = 0
configure:5223: result: yes
configure:5230: checking for socket
configure:5267: gcc -o conftest -g -O2   conftest.c -lnsl  >&5
configure:5270: $? = 0
configure:5273: test -s conftest
configure:5276: $? = 0
configure:5286: result: yes
configure:5230: checking for select
configure:5267: gcc -o conftest -g -O2   conftest.c -lnsl  >&5
configure:5270: $? = 0
configure:5273: test -s conftest
configure:5276: $? = 0
configure:5286: result: yes
configure:5230: checking for strdup
configure:5267: gcc -o conftest -g -O2   conftest.c -lnsl  >&5
configure:5270: $? = 0
configure:5273: test -s conftest
configure:5276: $? = 0
configure:5286: result: yes
configure:5230: checking for strstr
configure:5267: gcc -o conftest -g -O2   conftest.c -lnsl  >&5
configure:5270: $? = 0
configure:5273: test -s conftest
configure:5276: $? = 0
configure:5286: result: yes
configure:5310: gcc -c -g -O2  conftest.c >&5
configure:5313: $? = 0
configure:5316: test -s conftest.o
configure:5319: $? = 0
configure:5745: checking where to look for ZLIB
configure:5752: checking for gzread
configure:5789: gcc -o conftest -g -Wall   conftest.c -lnsl  >&5
/tmp/ccLVETAO.o: In function `main':
/home/HEx/gift/gift-newer/giFT/configure:5780: undefined reference to `gzread'
collect2: ld returned 1 exit status
configure:5792: $? = 1
configure: failed program was:
#line 5758 "configure"
#include "confdefs.h"
/* System header to define __stub macros and hopefully few prototypes,
    which can conflict with char gzread (); below.  */
#include <assert.h>
/* Override any gcc2 internal prototype to avoid an error.  */
#ifdef __cplusplus
extern "C"
#endif
/* We use char because int might match the return type of a gcc2
   builtin and then its argument prototype would still apply.  */
char gzread ();
char (*f) ();

int
main ()
{
/* The GNU C library defines this for functions which it implements
    to always fail with ENOSYS.  Some functions are actually named
    something starting with __ and the normal name is an alias.  */
#if defined (__stub_gzread) || defined (__stub___gzread)
choke me
#else
f = gzread;
#endif

  ;
  return 0;
}
configure:5808: result: no
configure:5814: checking for gzread in -lz
configure:5841: gcc -o conftest -g -Wall   conftest.c -lz  -lnsl  >&5
/usr/bin/ld: cannot find -lz
collect2: ld returned 1 exit status
configure:5844: $? = 1
configure: failed program was:
#line 5822 "configure"
#include "confdefs.h"

/* Override any gcc2 internal prototype to avoid an error.  */
#ifdef __cplusplus
extern "C"
#endif
/* We use char because int might match the return type of a gcc2
   builtin and then its argument prototype would still apply.  */
char gzread ();
int
main ()
{
gzread ();
  ;
  return 0;
}
configure:5861: result: no
configure:5877: result: /usr/local
configure:5880: checking for zlib version 1.1.4 later
configure:5902: gcc -o conftest -g -Wall  -I/usr/local/include  conftest.c -lnsl  -L/usr/local/lib >&5
configure:5893: zlib.h: No such file or directory
configure:5905: $? = 1
configure: program exited with status 1
configure: failed program was:
#line 5891 "configure"
#include "confdefs.h"

      #include <zlib.h>
      #include <string.h>
      void main() {
        exit(strcmp(ZLIB_VERSION, "1.1.4") < 0);
      }

configure:5927: result: no
configure:6326: creating ./config.status

## ----------------------- ##
## Running config.status.  ##
## ----------------------- ##

This file was extended by config.status 2.52, executed with
  CONFIG_FILES    = 
  CONFIG_HEADERS  = 
  CONFIG_LINKS    = 
  CONFIG_COMMANDS = 
  > ./config.status 
on sphere

config.status:6889: creating giFT-setup
config.status:6889: creating gift.spec
config.status:6889: creating Makefile
config.status:6889: creating lib/Makefile
config.status:6889: creating src/Makefile
config.status:6889: creating ui/Makefile
config.status:6889: creating OpenFT/Makefile
config.status:6889: creating ui/perl/Makefile
config.status:6889: creating data/Makefile
config.status:6889: creating data/OpenFT/Makefile
config.status:6981: creating config.h

## ----------------- ##
## Cache variables.  ##
## ----------------- ##

ac_cv_build=i686-pc-linux-gnu
ac_cv_build_alias=i686-pc-linux-gnu
ac_cv_c_compiler_gnu=yes
ac_cv_c_const=yes
ac_cv_env_CC_set=
ac_cv_env_CC_value=
ac_cv_env_CFLAGS_set=
ac_cv_env_CFLAGS_value=
ac_cv_env_CPPFLAGS_set=
ac_cv_env_CPPFLAGS_value=
ac_cv_env_CPP_set=
ac_cv_env_CPP_value=
ac_cv_env_LDFLAGS_set=
ac_cv_env_LDFLAGS_value=
ac_cv_env_build_alias_set=
ac_cv_env_build_alias_value=
ac_cv_env_host_alias_set=
ac_cv_env_host_alias_value=
ac_cv_env_target_alias_set=
ac_cv_env_target_alias_value=
ac_cv_func_gzread=no
ac_cv_func_memcmp_working=yes
ac_cv_func_select=yes
ac_cv_func_socket=yes
ac_cv_func_strdup=yes
ac_cv_func_strstr=yes
ac_cv_header_dirent_dirent_h=yes
ac_cv_header_dirent_h=yes
ac_cv_header_fcntl_h=yes
ac_cv_header_inttypes_h=yes
ac_cv_header_limits_h=yes
ac_cv_header_linux_limits_h=yes
ac_cv_header_memory_h=yes
ac_cv_header_stdc=yes
ac_cv_header_stdint_h=yes
ac_cv_header_stdlib_h=yes
ac_cv_header_string_h=yes
ac_cv_header_strings_h=yes
ac_cv_header_sys_stat_h=yes
ac_cv_header_sys_time_h=yes
ac_cv_header_sys_types_h=yes
ac_cv_header_sys_wait_h=yes
ac_cv_header_time=yes
ac_cv_header_unistd_h=yes
ac_cv_host=i686-pc-linux-gnu
ac_cv_host_alias=i686-pc-linux-gnu
ac_cv_lib_dir_opendir=no
ac_cv_lib_nsl_gethostbyname=yes
ac_cv_lib_socket_socket=no
ac_cv_lib_z_gzread=no
ac_cv_objext=o
ac_cv_path_LD=/usr/bin/ld
ac_cv_path_NM='/usr/bin/nm -B'
ac_cv_path_install='/usr/bin/install -c'
ac_cv_prog_CPP='gcc -E'
ac_cv_prog_ac_ct_CC=gcc
ac_cv_prog_ac_ct_RANLIB=ranlib
ac_cv_prog_cc_g=yes
ac_cv_prog_cc_stdc=
ac_cv_prog_gnu_ld=yes
ac_cv_prog_make_make_set=yes
ac_cv_sizeof_int=4
ac_cv_sizeof_long=4
ac_cv_sizeof_short=2
ac_cv_sizeof_void_p=4
ac_cv_struct_tm=time.h
ac_cv_type_int=yes
ac_cv_type_long=yes
ac_cv_type_pid_t=yes
ac_cv_type_short=yes
ac_cv_type_size_t=yes
ac_cv_type_void_p=yes
am_cv_prog_cc_stdc=

## ------------ ##
## confdefs.h.  ##
## ------------ ##

#define PACKAGE "giFT"
#define VERSION "0.10.0"
#define STDC_HEADERS 1
#define HAVE_LIBNSL 1
#define HAVE_DIRENT_H 1
#define STDC_HEADERS 1
#define HAVE_SYS_WAIT_H 1
#define HAVE_DIRENT_H 1
#define HAVE_FCNTL_H 1
#define HAVE_SYS_TIME_H 1
#define HAVE_UNISTD_H 1
#define HAVE_LIMITS_H 1
#define HAVE_LINUX_LIMITS_H 1
#define HAVE_SYS_TYPES_H 1
#define HAVE_SYS_STAT_H 1
#define HAVE_STDLIB_H 1
#define HAVE_STRING_H 1
#define HAVE_MEMORY_H 1
#define HAVE_STRINGS_H 1
#define HAVE_INTTYPES_H 1
#define HAVE_STDINT_H 1
#define HAVE_UNISTD_H 1
#define TIME_WITH_SYS_TIME 1
#define SIZEOF_SHORT 2
#define SIZEOF_LONG 4
#define SIZEOF_INT 4
#define SIZEOF_VOID_P 4
#define HAVE_SOCKET 1
#define HAVE_SELECT 1
#define HAVE_STRDUP 1
#define HAVE_STRSTR 1
#define LINUX 1
#define DIR_SEP_CHAR '/'
#define DIR_SEP_STR "/"
#define PATH_SEP_CHAR ':'
#define PATH_SEP_STR ":"
#define PLUGIN_DIR "/usr/local/lib/giFT"
#define DATA_DIR "/usr/local/share/giFT"


configure: exit 0
