This file contains any messages produced by compilers while
running configure, to aid debugging if configure makes a mistake.

It was created by configure, which was
generated by GNU Autoconf 2.52.  Invocation command line was

  $ ./configure --cache-file=config.cache --disable-id3lib --enable-perl

## ---------- ##
## Platform.  ##
## ---------- ##

hostname = sphere
uname -m = i686
uname -r = 2.4.19
uname -s = Linux
uname -v = #6 Mon Nov 25 22:20:27 GMT 2002

/usr/bin/uname -p = unknown
/bin/uname -X     = unknown

/bin/arch              = i686
/usr/bin/arch -k       = unknown
/usr/convex/getsysinfo = unknown
hostinfo               = unknown
/bin/machine           = unknown
/usr/bin/oslevel       = unknown
/bin/universe          = unknown

PATH = /usr/local/bin:/usr/bin:/bin:/usr/bin/X11:/usr/games:/usr/local/bin:/home/HEx/bin

## ------------ ##
## Core tests.  ##
## ------------ ##

configure:1064: loading cache config.cache
configure:1143: PATH=".;."; conftest.sh
./configure: line 1144: conftest.sh: command not found
configure:1146: $? = 127
configure:1199: checking for a BSD compatible install
configure:1248: result: /usr/bin/install -c
configure:1259: checking whether build environment is sane
configure:1302: result: yes
configure:1317: checking whether make sets ${MAKE}
configure:1337: result: yes
configure:1365: checking for working aclocal
configure:1372: result: found
configure:1380: checking for working autoconf
configure:1387: result: found
configure:1395: checking for working automake
configure:1402: result: found
configure:1410: checking for working autoheader
configure:1417: result: found
configure:1425: checking for working makeinfo
configure:1432: result: found
configure:1494: checking for gcc
configure:1517: result: gcc
configure:1745: checking for C compiler version
configure:1748: gcc --version </dev/null >&5
2.95.4
configure:1751: $? = 0
configure:1753: gcc -v </dev/null >&5
Reading specs from /usr/lib/gcc-lib/i386-linux/2.95.4/specs
gcc version 2.95.4 20011006 (Debian prerelease)
configure:1756: $? = 0
configure:1758: gcc -V </dev/null >&5
gcc: argument to `-V' is missing
configure:1761: $? = 1
configure:1781: checking for C compiler default output
configure:1784: gcc    conftest.c  >&5
configure:1787: $? = 0
configure:1816: result: a.out
configure:1821: checking whether the C compiler works
configure:1827: ./a.out
configure:1830: $? = 0
configure:1845: result: yes
configure:1852: checking whether we are cross compiling
configure:1854: result: no
configure:1857: checking for executable suffix
configure:1859: gcc -o conftest    conftest.c  >&5
configure:1862: $? = 0
configure:1884: result: 
configure:1890: checking for object suffix
configure:1930: result: o
configure:1934: checking whether we are using the GNU C compiler
configure:1976: result: yes
configure:1982: checking whether gcc accepts -g
configure:2019: result: yes
configure:2046: gcc -c -g -O2  conftest.c >&5
conftest.c:2: parse error before `me'
configure:2049: $? = 1
configure: failed program was:
#ifndef __cplusplus
  choke me
#endif
configure:2147: checking for gcc option to accept ANSI C
configure:2229: result: none needed
configure:2245: checking how to run the C preprocessor
configure:2347: result: gcc -E
configure:2362: gcc -E  conftest.c
configure:2368: $? = 0
configure:2395: gcc -E  conftest.c
configure:2392: ac_nonexistent.h: No such file or directory
configure:2401: $? = 1
configure: failed program was:
#line 2391 "configure"
#include "confdefs.h"
#include <ac_nonexistent.h>
configure:2440: checking for ANSI C header files
configure:2568: result: yes
configure:2590: checking for a BSD compatible install
configure:2639: result: /usr/bin/install -c
configure:2722: checking build system type
configure:2740: result: i686-pc-linux-gnu
configure:2747: checking host system type
configure:2761: result: i686-pc-linux-gnu
configure:2789: checking for ld used by GCC
configure:2852: result: /usr/bin/ld
configure:2861: checking if the linker (/usr/bin/ld) is GNU ld
configure:2873: result: yes
configure:2877: checking for /usr/bin/ld option to reload object files
configure:2884: result: -r
configure:2889: checking for BSD-compatible nm
configure:2925: result: /usr/bin/nm -B
configure:2928: checking for a sed that does not truncate output
configure:3010: result: /bin/sed
configure:3013: checking whether ln -s works
configure:3017: result: yes
configure:3024: checking how to recognise dependant libraries
configure:3205: result: pass_all
configure:3211: checking command to parse /usr/bin/nm -B output
configure:3401: result: ok
configure:3408: checking for dlfcn.h
configure:3443: result: yes
configure:3630: checking for ranlib
configure:3654: result: ranlib
configure:3704: checking for strip
configure:3728: result: strip
configure:3930: checking for objdir
configure:3941: result: .libs
configure:3956: checking for gcc option to produce PIC
configure:4102: result:         -fPIC
configure:4106: checking if gcc PIC flag         -fPIC works
configure:4171: result: yes
configure:4187: checking if gcc static flag -static works
configure:4231: result: yes
configure:4242: checking if gcc supports -c -o file.o
configure:4286: result: yes
configure:4291: checking if gcc supports -c -o file.lo
configure:4345: result: yes
configure:4376: checking if gcc supports -fno-rtti -fno-exceptions
configure:4395: gcc -c -g -O2 -fno-rtti -fno-exceptions -c conftest.c  conftest.c >&5
configure:4398: $? = 0
configure:4401: test -s conftest.o
configure:4404: $? = 0
configure:4420: result: yes
configure:4431: checking whether the linker (/usr/bin/ld) supports shared libraries
configure:5123: result: yes
configure:5128: checking how to hardcode library paths into programs
configure:5152: result: immediate
configure:5157: checking whether stripping libraries is possible
configure:5162: result: yes
configure:5173: checking dynamic linker characteristics
configure:5575: result: GNU/Linux ld.so
configure:5580: checking if libtool supports shared libraries
configure:5582: result: yes
configure:5585: checking whether to build shared libraries
configure:5606: result: yes
configure:5609: checking whether to build static libraries
configure:5613: result: no
configure:6231: checking whether -lc should be explicitly linked in
configure:6272: result: no
configure:6840: checking for gethostbyname in -lnsl
configure:6887: result: yes
configure:6898: checking for socket in -lsocket
configure:6945: result: no
configure:6959: checking for dirent.h that defines DIR
configure:6999: result: yes
configure:7012: checking for opendir in -ldir
configure:7059: result: no
configure:7121: checking for ANSI C header files
configure:7249: result: yes
configure:7259: checking for sys/wait.h that is POSIX.1 compatible
configure:7306: result: yes
configure:7319: checking for dirent.h
configure:7354: result: yes
configure:7319: checking for fcntl.h
configure:7354: result: yes
configure:7319: checking for getopt.h
configure:7354: result: yes
configure:7319: checking for limits.h
configure:7354: result: yes
configure:7319: checking for linux/limits.h
configure:7354: result: yes
configure:7319: checking for sys/mman.h
configure:7354: result: yes
configure:7319: checking for sys/time.h
configure:7354: result: yes
configure:7319: checking for syslog.h
configure:7354: result: yes
configure:7319: checking for unistd.h
configure:7354: result: yes
configure:7364: checking for gcc option to accept ANSI C
configure:7447: result: none needed
configure:7455: checking for an ANSI C-conforming const
configure:7538: result: yes
configure:7554: checking for sys/types.h
configure:7585: result: yes
configure:7554: checking for sys/stat.h
configure:7585: result: yes
configure:7554: checking for stdlib.h
configure:7585: result: yes
configure:7554: checking for string.h
configure:7585: result: yes
configure:7554: checking for memory.h
configure:7585: result: yes
configure:7554: checking for strings.h
configure:7585: result: yes
configure:7554: checking for inttypes.h
configure:7585: result: yes
configure:7554: checking for stdint.h
configure:7585: result: yes
configure:7554: checking for unistd.h
configure:7585: result: yes
configure:7595: checking for pid_t
configure:7635: result: yes
configure:7647: checking for size_t
configure:7687: result: yes
configure:7699: checking whether time.h and sys/time.h may both be included
configure:7740: result: yes
configure:7750: checking whether struct tm is in sys/time.h or time.h
configure:7789: result: time.h
configure:7799: checking whether byte ordering is bigendian
configure:7921: result: no
configure:7931: checking for short
configure:7971: result: yes
configure:7974: checking size of short
configure:8162: result: 2
configure:8168: checking for int
configure:8208: result: yes
configure:8211: checking size of int
configure:8399: result: 4
configure:8405: checking for long
configure:8445: result: yes
configure:8448: checking size of long
configure:8636: result: 4
configure:8642: checking for long long
configure:8682: result: yes
configure:8685: checking size of long long
configure:8873: result: 8
configure:8879: checking for void *
configure:8919: result: yes
configure:8922: checking size of void *
configure:9110: result: 4
configure:9128: checking for uint8_t
configure:9169: result: yes
configure:9181: checking for int8_t
configure:9222: result: yes
configure:9234: checking for uint16_t
configure:9275: result: yes
configure:9287: checking for int16_t
configure:9328: result: yes
configure:9340: checking for uint32_t
configure:9381: result: yes
configure:9393: checking for int32_t
configure:9434: result: yes
configure:9446: checking for in_addr_t
configure:9488: result: yes
configure:9500: checking for getopt
configure:9538: result: yes
configure:9560: checking for void * size
configure:9591: gcc -o conftest -g -O2   conftest.c -lnsl  >&5
configure:9594: $? = 0
configure:9596: ./conftest
configure:9599: $? = 0
configure:9605: result: long
configure:9790: checking for working memcmp
configure:9855: result: yes
configure:9862: checking for stdlib.h
configure:9897: result: yes
configure:9862: checking for unistd.h
configure:9897: result: yes
configure:9910: checking for getpagesize
configure:9966: result: yes
configure:9976: checking for working mmap
configure:10132: result: yes
configure:10146: checking for madvise
configure:10202: result: yes
configure:10146: checking for nice
configure:10202: result: yes
configure:10146: checking for select
configure:10202: result: yes
configure:10146: checking for socket
configure:10202: result: yes
configure:10146: checking for strdup
configure:10202: result: yes
configure:10146: checking for strstr
configure:10202: result: yes
configure:10365: checking for dlopen
configure:10421: result: no
configure:10490: checking for dlopen in -ldl
configure:10537: result: yes
configure:10540: checking for dlsym in -ldl
configure:10587: result: yes
configure:10639: checking for sed
configure:10667: result: /bin/sed
configure:10676: checking for perl
configure:10704: result: /usr/bin/perl
configure:10711: checking for Perl compile flags
configure:10729: result: ok
configure:10731: checking for perl_parse in -lperl
configure:10778: result: yes
configure:10789: checking for Perl_eval_pv
configure:10845: result: no
configure:10983: checking for Vorbis
configure:11013: gcc -o conftest -g -Wall -I/usr/local/include    conftest.c -lnsl  -L/usr/local/lib -lvorbis -lm  >&5
configure:11016: $? = 0
configure:11018: ./conftest
configure:11021: $? = 0
configure:11037: result: yes
configure:11270: checking for ReadImage in -lMagick
configure:11317: result: yes
configure:11353: checking for gzread
configure:11409: result: no
configure:11415: checking for gzread in -lz
configure:11462: result: yes
configure:11482: checking for zlib version 1.1.4+ in /usr
configure:11504: gcc -o conftest -g -Wall  -I/usr/include  conftest.c -lz -lnsl  -L/usr/lib >&5
configure:11497: warning: return type of `main' is not `int'
configure:11507: $? = 0
configure:11509: ./conftest
configure:11512: $? = 0
configure:11529: result: yes
configure:11667: creating ./config.status

## ----------------------- ##
## Running config.status.  ##
## ----------------------- ##

This file was extended by config.status 2.52, executed with
  CONFIG_FILES    = 
  CONFIG_HEADERS  = 
  CONFIG_LINKS    = 
  CONFIG_COMMANDS = 
  > ./config.status 
on sphere

config.status:12256: creating giFT-setup
config.status:12256: creating gift.spec
config.status:12256: creating Makefile
config.status:12256: creating lib/Makefile
config.status:12256: creating src/Makefile
config.status:12256: creating OpenFT/Makefile
config.status:12256: creating eDonkey/Makefile
config.status:12256: creating data/Makefile
config.status:12256: creating data/OpenFT/Makefile
config.status:12348: creating config.h

## ----------------- ##
## Cache variables.  ##
## ----------------- ##

ac_cv_build=i686-pc-linux-gnu
ac_cv_build_alias=i686-pc-linux-gnu
ac_cv_c_bigendian=no
ac_cv_c_compiler_gnu=yes
ac_cv_c_const=yes
ac_cv_env_CC_set=
ac_cv_env_CC_value=
ac_cv_env_CFLAGS_set=
ac_cv_env_CFLAGS_value=
ac_cv_env_CPPFLAGS_set=
ac_cv_env_CPPFLAGS_value=
ac_cv_env_CPP_set=
ac_cv_env_CPP_value=
ac_cv_env_LDFLAGS_set=
ac_cv_env_LDFLAGS_value=
ac_cv_env_build_alias_set=
ac_cv_env_build_alias_value=
ac_cv_env_host_alias_set=
ac_cv_env_host_alias_value=
ac_cv_env_target_alias_set=
ac_cv_env_target_alias_value=
ac_cv_func_Perl_eval_pv=no
ac_cv_func_dlopen=no
ac_cv_func_getopt=yes
ac_cv_func_getpagesize=yes
ac_cv_func_gzread=no
ac_cv_func_madvise=yes
ac_cv_func_memcmp_working=yes
ac_cv_func_mmap_fixed_mapped=yes
ac_cv_func_nice=yes
ac_cv_func_select=yes
ac_cv_func_socket=yes
ac_cv_func_strdup=yes
ac_cv_func_strstr=yes
ac_cv_gift_int32=int
ac_cv_header_dirent_dirent_h=yes
ac_cv_header_dirent_h=yes
ac_cv_header_dlfcn_h=yes
ac_cv_header_fcntl_h=yes
ac_cv_header_getopt_h=yes
ac_cv_header_inttypes_h=yes
ac_cv_header_limits_h=yes
ac_cv_header_linux_limits_h=yes
ac_cv_header_memory_h=yes
ac_cv_header_stdc=yes
ac_cv_header_stdint_h=yes
ac_cv_header_stdlib_h=yes
ac_cv_header_string_h=yes
ac_cv_header_strings_h=yes
ac_cv_header_sys_mman_h=yes
ac_cv_header_sys_stat_h=yes
ac_cv_header_sys_time_h=yes
ac_cv_header_sys_types_h=yes
ac_cv_header_sys_wait_h=yes
ac_cv_header_syslog_h=yes
ac_cv_header_time=yes
ac_cv_header_unistd_h=yes
ac_cv_host=i686-pc-linux-gnu
ac_cv_host_alias=i686-pc-linux-gnu
ac_cv_lib_Magick_ReadImage=yes
ac_cv_lib_dir_opendir=no
ac_cv_lib_dl_dlopen=yes
ac_cv_lib_dl_dlsym=yes
ac_cv_lib_id3_ID3Tag_New=yes
ac_cv_lib_nsl_gethostbyname=yes
ac_cv_lib_perl_perl_parse=yes
ac_cv_lib_socket_socket=no
ac_cv_lib_z_gzread=yes
ac_cv_objext=o
ac_cv_path_install='/usr/bin/install -c'
ac_cv_path_perlpath=/usr/bin/perl
ac_cv_path_sedpath=/bin/sed
ac_cv_prog_CPP='gcc -E'
ac_cv_prog_ac_ct_CC=gcc
ac_cv_prog_ac_ct_RANLIB=ranlib
ac_cv_prog_ac_ct_STRIP=strip
ac_cv_prog_cc_g=yes
ac_cv_prog_cc_stdc=
ac_cv_prog_make_make_set=yes
ac_cv_sizeof_int=4
ac_cv_sizeof_long=4
ac_cv_sizeof_long_long=8
ac_cv_sizeof_short=2
ac_cv_sizeof_void_p=4
ac_cv_struct_tm=time.h
ac_cv_type_in_addr_t=yes
ac_cv_type_int=yes
ac_cv_type_int16_t=yes
ac_cv_type_int32_t=yes
ac_cv_type_int8_t=yes
ac_cv_type_long=yes
ac_cv_type_long_long=yes
ac_cv_type_pid_t=yes
ac_cv_type_short=yes
ac_cv_type_size_t=yes
ac_cv_type_uint16_t=yes
ac_cv_type_uint32_t=yes
ac_cv_type_uint8_t=yes
ac_cv_type_void_p=yes
am_cv_prog_cc_stdc=
lt_cv_archive_cmds_need_lc=no
lt_cv_compiler_c_o=yes
lt_cv_compiler_o_lo=yes
lt_cv_deplibs_check_method=pass_all
lt_cv_file_magic_cmd='$MAGIC_CMD'
lt_cv_file_magic_test_file='/lib/libc.so.6 /lib/libc-2.2.5.so'
lt_cv_global_symbol_to_c_name_address='sed -n -e '\''s/^: \([^ ]*\) $/  {\"\1\", (lt_ptr) 0},/p'\'' -e '\''s/^[BCDEGRST] \([^ ]*\) \([^ ]*\)$/  {"\2", (lt_ptr) \&\2},/p'\'''
lt_cv_global_symbol_to_cdecl='sed -n -e '\''s/^. .* \(.*\)$/extern char \1;/p'\'''
lt_cv_ld_reload_flag=-r
lt_cv_path_LD=/usr/bin/ld
lt_cv_path_NM='/usr/bin/nm -B'
lt_cv_path_SED=/bin/sed
lt_cv_prog_cc_can_build_shared=yes
lt_cv_prog_cc_no_builtin=
lt_cv_prog_cc_pic='         -fPIC'
lt_cv_prog_cc_pic_works=yes
lt_cv_prog_cc_shlib=
lt_cv_prog_cc_static=-static
lt_cv_prog_cc_static_works=yes
lt_cv_prog_cc_wl=-Wl,
lt_cv_prog_gnu_ld=yes
lt_cv_sys_global_symbol_pipe='sed -n -e '\''s/^.*[ 	]\([ABCDGISTW][ABCDGISTW]*\)[ 	][ 	]*\(\)\([_A-Za-z][_A-Za-z0-9]*\)$/\1 \2\3 \3/p'\'''
lt_cv_sys_path_separator=:

## ------------ ##
## confdefs.h.  ##
## ------------ ##

#define PACKAGE "giFT"
#define VERSION "0.10.0"
#define BUILD_DATE "Tue Nov 26 16:44:49 GMT 2002"
#define STDC_HEADERS 1
#define HAVE_DLFCN_H 1
#define HAVE_LIBNSL 1
#define HAVE_DIRENT_H 1
#define STDC_HEADERS 1
#define HAVE_SYS_WAIT_H 1
#define HAVE_DIRENT_H 1
#define HAVE_FCNTL_H 1
#define HAVE_GETOPT_H 1
#define HAVE_LIMITS_H 1
#define HAVE_LINUX_LIMITS_H 1
#define HAVE_SYS_MMAN_H 1
#define HAVE_SYS_TIME_H 1
#define HAVE_SYSLOG_H 1
#define HAVE_UNISTD_H 1
#define HAVE_SYS_TYPES_H 1
#define HAVE_SYS_STAT_H 1
#define HAVE_STDLIB_H 1
#define HAVE_STRING_H 1
#define HAVE_MEMORY_H 1
#define HAVE_STRINGS_H 1
#define HAVE_INTTYPES_H 1
#define HAVE_STDINT_H 1
#define HAVE_UNISTD_H 1
#define TIME_WITH_SYS_TIME 1
#define SIZEOF_SHORT 2
#define SIZEOF_INT 4
#define SIZEOF_LONG 4
#define SIZEOF_LONG_LONG 8
#define SIZEOF_VOID_P 4
#define USE_GETOPT 1
#define HAVE_STDLIB_H 1
#define HAVE_UNISTD_H 1
#define HAVE_GETPAGESIZE 1
#define HAVE_MMAP 1
#define HAVE_MADVISE 1
#define HAVE_NICE 1
#define HAVE_SELECT 1
#define HAVE_SOCKET 1
#define HAVE_STRDUP 1
#define HAVE_STRSTR 1
#define USE_DLOPEN 1
#define PLUGIN_DIR "/usr/local/lib/giFT"
#define DATA_DIR "/usr/local/share/giFT"
#define USE_PERL 1
#define USE_LIBVORBIS 1
#define USE_IMAGEMAGICK 1
#define HAVE_LIBZ 1
#define USE_ZLIB 1


configure: exit 0
