This file contains any messages produced by compilers while
running configure, to aid debugging if configure makes a mistake.

It was created by configure, which was
generated by GNU Autoconf 2.54.  Invocation command line was

  $ ./configure --cache-file=config.cache --enable-libdb --disable-id3lib

## --------- ##
## Platform. ##
## --------- ##

hostname = sphere
uname -m = i686
uname -r = 2.4.20
uname -s = Linux
uname -v = #18 Fri Feb 14 19:20:48 GMT 2003

/usr/bin/uname -p = unknown
/bin/uname -X     = unknown

/bin/arch              = i686
/usr/bin/arch -k       = unknown
/usr/convex/getsysinfo = unknown
hostinfo               = unknown
/bin/machine           = unknown
/usr/bin/oslevel       = unknown
/bin/universe          = unknown

PATH: /usr/local/bin
PATH: /usr/bin
PATH: /bin
PATH: /usr/bin/X11
PATH: /usr/games
PATH: /usr/local/bin
PATH: /home/HEx/bin


## ----------- ##
## Core tests. ##
## ----------- ##

configure:1335: loading cache config.cache
configure:1469: checking for a BSD-compatible install
configure:1523: result: /usr/bin/install -c
configure:1534: checking whether build environment is sane
configure:1577: result: yes
configure:1592: checking whether make sets ${MAKE}
configure:1612: result: yes
configure:1644: checking for working aclocal
configure:1651: result: found
configure:1659: checking for working autoconf
configure:1666: result: found
configure:1674: checking for working automake
configure:1681: result: found
configure:1689: checking for working autoheader
configure:1696: result: found
configure:1704: checking for working makeinfo
configure:1711: result: found
configure:1808: checking for gcc
configure:1834: result: gcc
configure:2076: checking for C compiler version
configure:2079: gcc --version </dev/null >&5
2.95.4
configure:2082: $? = 0
configure:2084: gcc -v </dev/null >&5
Reading specs from /usr/lib/gcc-lib/i386-linux/2.95.4/specs
gcc version 2.95.4 20011002 (Debian prerelease)
configure:2087: $? = 0
configure:2089: gcc -V </dev/null >&5
gcc: argument to `-V' is missing
configure:2092: $? = 1
configure:2112: checking for C compiler default output
configure:2115: gcc    conftest.c  >&5
configure:2118: $? = 0
configure:2152: result: a.out
configure:2157: checking whether the C compiler works
configure:2163: ./a.out
configure:2166: $? = 0
configure:2181: result: yes
configure:2188: checking whether we are cross compiling
configure:2190: result: no
configure:2193: checking for suffix of executables
configure:2195: gcc -o conftest    conftest.c  >&5
configure:2198: $? = 0
configure:2221: result: 
configure:2227: checking for suffix of object files
configure:2267: result: o
configure:2271: checking whether we are using the GNU C compiler
configure:2313: result: yes
configure:2319: checking whether gcc accepts -g
configure:2356: result: yes
configure:2373: checking for gcc option to accept ANSI C
configure:2456: result: none needed
configure:2474: gcc -c -g -O2  conftest.c >&5
conftest.c:2: parse error before `me'
configure:2477: $? = 1
configure: failed program was:
#ifndef __cplusplus
  choke me
#endif
configure:2579: checking for gcc option to accept ANSI C
configure:2661: result: none needed
configure:2677: checking how to run the C preprocessor
configure:2779: result: gcc -E
configure:2794: gcc -E  conftest.c
configure:2800: $? = 0
configure:2827: gcc -E  conftest.c
configure:2823: ac_nonexistent.h: No such file or directory
configure:2833: $? = 1
configure: failed program was:
#line 2822 "configure"
#include "confdefs.h"
#include <ac_nonexistent.h>
configure:2873: checking for egrep
configure:2883: result: grep -E
configure:2888: checking for ANSI C header files
configure:3015: result: yes
configure:3037: checking for a BSD-compatible install
configure:3091: result: /usr/bin/install -c
configure:3175: checking build system type
configure:3193: result: i686-pc-linux-gnu
configure:3201: checking host system type
configure:3215: result: i686-pc-linux-gnu
configure:3245: checking for ld used by GCC
configure:3308: result: /usr/bin/ld
configure:3317: checking if the linker (/usr/bin/ld) is GNU ld
configure:3329: result: yes
configure:3334: checking for /usr/bin/ld option to reload object files
configure:3341: result: -r
configure:3346: checking for BSD-compatible nm
configure:3382: result: /usr/bin/nm -B
configure:3385: checking for a sed that does not truncate output
configure:3467: result: /bin/sed
configure:3470: checking whether ln -s works
configure:3474: result: yes
configure:3481: checking how to recognise dependent libraries
configure:3662: result: pass_all
configure:3674: checking command to parse /usr/bin/nm -B output
configure:3867: result: ok
configure:3885: checking for sys/types.h
configure:3917: result: yes
configure:3885: checking for sys/stat.h
configure:3917: result: yes
configure:3885: checking for stdlib.h
configure:3917: result: yes
configure:3885: checking for string.h
configure:3917: result: yes
configure:3885: checking for memory.h
configure:3917: result: yes
configure:3885: checking for strings.h
configure:3917: result: yes
configure:3885: checking for inttypes.h
configure:3917: result: yes
configure:3885: checking for stdint.h
configure:3917: result: yes
configure:3885: checking for unistd.h
configure:3917: result: yes
configure:3934: checking for dlfcn.h
configure:3939: result: yes
configure:4228: checking for ranlib
configure:4255: result: ranlib
configure:4308: checking for strip
configure:4335: result: strip
configure:4540: checking for objdir
configure:4551: result: .libs
configure:4568: checking for gcc option to produce PIC
configure:4714: result:  -fPIC
configure:4718: checking if gcc PIC flag  -fPIC works
configure:4784: result: yes
configure:4800: checking if gcc static flag -static works
configure:4845: result: yes
configure:4857: checking if gcc supports -c -o file.o
configure:4901: result: yes
configure:4906: checking if gcc supports -c -o file.lo
configure:4960: result: yes
configure:4991: checking if gcc supports -fno-rtti -fno-exceptions
configure:5010: gcc -c -g -O2 -fno-rtti -fno-exceptions -c conftest.c  conftest.c >&5
configure:5013: $? = 0
configure:5016: test -s conftest.o
configure:5019: $? = 0
configure:5035: result: yes
configure:5046: checking whether the linker (/usr/bin/ld) supports shared libraries
configure:5741: result: yes
configure:5746: checking how to hardcode library paths into programs
configure:5770: result: immediate
configure:5775: checking whether stripping libraries is possible
configure:5780: result: yes
configure:5791: checking dynamic linker characteristics
configure:6211: result: GNU/Linux ld.so
configure:6216: checking if libtool supports shared libraries
configure:6218: result: yes
configure:6221: checking whether to build shared libraries
configure:6242: result: yes
configure:6245: checking whether to build static libraries
configure:6249: result: no
configure:6875: checking whether -lc should be explicitly linked in
configure:6916: result: no
configure:7492: checking for gethostbyname in -lnsl
configure:7539: result: yes
configure:7551: checking for socket in -lsocket
configure:7598: result: no
configure:7610: checking for opendir in -lmingwex
configure:7657: result: no
configure:7669: checking for inet_ntoa in -lbind
configure:7716: result: no
configure:7728: checking for openlog in -lbe
configure:7775: result: no
configure:7788: checking if -lws2_32 is needed
configure:7867: result: no
configure:7875: checking if -lwsock32 is needed
configure:7954: result: no
configure:7973: checking for dirent.h that defines DIR
configure:8013: result: yes
configure:8026: checking for library containing opendir
configure:8115: result: none required
configure:8221: checking for ANSI C header files
configure:8348: result: yes
configure:8358: checking for sys/wait.h that is POSIX.1 compatible
configure:8405: result: yes
configure:8442: checking for dirent.h
configure:8447: result: yes
configure:8442: checking for fcntl.h
configure:8447: result: yes
configure:8442: checking for getopt.h
configure:8447: result: yes
configure:8442: checking for limits.h
configure:8447: result: yes
configure:8442: checking for linux/limits.h
configure:8447: result: yes
configure:8442: checking for sys/mman.h
configure:8447: result: yes
configure:8442: checking for sys/time.h
configure:8447: result: yes
configure:8442: checking for syslog.h
configure:8447: result: yes
configure:8442: checking for signal.h
configure:8447: result: yes
configure:8442: checking for unistd.h
configure:8447: result: yes
configure:8442: checking for inttypes.h
configure:8447: result: yes
configure:8442: checking for io.h
configure:8447: result: no
configure:8553: checking for an ANSI C-conforming const
configure:8636: result: yes
configure:8646: checking for pid_t
configure:8686: result: yes
configure:8698: checking for size_t
configure:8738: result: yes
configure:8750: checking whether time.h and sys/time.h may both be included
configure:8791: result: yes
configure:8801: checking whether struct tm is in sys/time.h or time.h
configure:8840: result: time.h
configure:8853: checking whether byte ordering is bigendian
configure:9018: result: no
configure:9038: checking for short
configure:9078: result: yes
configure:9081: checking size of short
configure:9351: result: 2
configure:9358: checking for int
configure:9398: result: yes
configure:9401: checking size of int
configure:9671: result: 4
configure:9678: checking for long
configure:9718: result: yes
configure:9721: checking size of long
configure:9991: result: 4
configure:9998: checking for long long
configure:10038: result: yes
configure:10041: checking size of long long
configure:10311: result: 8
configure:10318: checking for void *
configure:10358: result: yes
configure:10361: checking size of void *
configure:10631: result: 4
configure:10651: checking for uint8_t
configure:10699: result: yes
configure:10712: checking for int8_t
configure:10760: result: yes
configure:10773: checking for uint16_t
configure:10821: result: yes
configure:10834: checking for int16_t
configure:10882: result: yes
configure:10895: checking for uint32_t
configure:10943: result: yes
configure:10956: checking for int32_t
configure:11004: result: yes
configure:11018: checking for in_addr_t
configure:11061: result: yes
configure:11083: checking for in_port_t
configure:11126: result: yes
configure:11148: checking for getopt
configure:11187: result: yes
configure:11199: checking for getopt_long
configure:11238: result: yes
configure:11263: checking for void * size
configure:11295: gcc -o conftest -g -O2   conftest.c -lnsl  >&5
configure:11298: $? = 0
configure:11300: ./conftest
configure:11303: $? = 0
configure:11309: result: long
configure:11503: checking for working memcmp
configure:11569: result: yes
configure:11579: checking for stdlib.h
configure:11584: result: yes
configure:11579: checking for unistd.h
configure:11584: result: yes
configure:11692: checking for getpagesize
configure:11748: result: yes
configure:11758: checking for working mmap
configure:11918: result: yes
configure:11943: checking for ftruncate
configure:11999: result: yes
configure:11943: checking for madvise
configure:11999: result: yes
configure:11943: checking for mkstemp
configure:11999: result: yes
configure:11943: checking for nice
configure:11999: result: yes
configure:11943: checking for select
configure:11999: result: yes
configure:11943: checking for poll
configure:11999: result: yes
configure:11943: checking for signal
configure:11999: result: yes
configure:11943: checking for socket
configure:11999: result: yes
configure:11943: checking for socketpair
configure:11999: result: yes
configure:11943: checking for strdup
configure:11999: result: yes
configure:11943: checking for strstr
configure:11999: result: yes
configure:12016: checking for snprintf
configure:12072: result: yes
configure:12016: checking for _snprintf
configure:12072: result: no
configure:12016: checking for vsnprintf
configure:12072: result: yes
configure:12016: checking for _vsnprintf
configure:12072: result: no
configure:12300: checking for lt_dlopen in -lltdl
configure:12347: result: yes
configure:12350: checking for lt_dlsym in -lltdl
configure:12397: result: yes
configure:12413: checking for ltdl.h
configure:12418: result: yes
configure:12940: checking for Vorbis
configure:12972: gcc -o conftest -g -Wall -I/usr/local/include    conftest.c -lnsl  -L/usr/local/lib -lvorbis -lm  >&5
configure:12975: $? = 0
configure:12977: ./conftest
configure:12980: $? = 0
configure:12997: result: yes
configure:13094: checking db4/db.h usability
configure:13103: gcc -c -g -Wall  conftest.c >&5
configure:13131: db4/db.h: No such file or directory
configure:13106: $? = 1
configure: failed program was:
#line 13096 "configure"
#include "confdefs.h"
#include <stdio.h>
#if HAVE_SYS_TYPES_H
# include <sys/types.h>
#endif
#if HAVE_SYS_STAT_H
# include <sys/stat.h>
#endif
#if STDC_HEADERS
# include <stdlib.h>
# include <stddef.h>
#else
# if HAVE_STDLIB_H
#  include <stdlib.h>
# endif
#endif
#if HAVE_STRING_H
# if !STDC_HEADERS && HAVE_MEMORY_H
#  include <memory.h>
# endif
# include <string.h>
#endif
#if HAVE_STRINGS_H
# include <strings.h>
#endif
#if HAVE_INTTYPES_H
# include <inttypes.h>
#else
# if HAVE_STDINT_H
#  include <stdint.h>
# endif
#endif
#if HAVE_UNISTD_H
# include <unistd.h>
#endif
#include <db4/db.h>
configure:13121: result: no
configure:13125: checking db4/db.h presence
configure:13132: gcc -E  conftest.c
configure:13128: db4/db.h: No such file or directory
configure:13138: $? = 1
configure: failed program was:
#line 13127 "configure"
#include "confdefs.h"
#include <db4/db.h>
configure:13156: result: no
configure:13174: checking for db4/db.h
configure:13181: result: no
configure:13094: checking db.h usability
configure:13103: gcc -c -g -Wall  conftest.c >&5
configure:13106: $? = 0
configure:13109: test -s conftest.o
configure:13112: $? = 0
configure:13121: result: yes
configure:13125: checking db.h presence
configure:13132: gcc -E  conftest.c
configure:13138: $? = 0
configure:13156: result: yes
configure:13174: checking for db.h
configure:13181: result: yes
configure:13204: checking for libdb (-ldb)
configure:13242: gcc -o conftest -g -Wall   conftest.c -lnsl  -ldb >&5
configure:13245: $? = 0
configure:13247: ./conftest
configure:13250: $? = 0
configure:13275: result: yes
configure:13305: checking for ReadImage in -lMagick
configure:13352: result: no
configure:13396: checking for zlib version 1.1.4+ in /usr
configure:13419: gcc -o conftest -g -Wall  -I/usr/include  conftest.c -lnsl  -L/usr/lib >&5
configure:13411: warning: return type of `main' is not `int'
configure:13422: $? = 0
configure:13424: ./conftest
configure:13427: $? = 0
configure:13445: result: yes
configure:13448: checking for gzread
configure:13504: result: no
configure:13510: checking for gzread in -lz
configure:13557: result: yes
configure:13699: creating ./config.status

## ---------------------- ##
## Running config.status. ##
## ---------------------- ##

This file was extended by config.status, which was
generated by GNU Autoconf 2.54.  Invocation command line was

  CONFIG_FILES    = 
  CONFIG_HEADERS  = 
  CONFIG_LINKS    = 
  CONFIG_COMMANDS = 
  $ ./config.status 

on sphere

config.status:688: creating giFT-setup
config.status:688: creating gift.spec
config.status:688: creating Makefile
config.status:688: creating lib/Makefile
config.status:688: creating plugin/Makefile
config.status:688: creating src/Makefile
config.status:688: creating OpenFT/Makefile
config.status:688: creating Gnutella/Makefile
config.status:688: creating data/Makefile
config.status:688: creating data/OpenFT/Makefile
config.status:688: creating data/Gnutella/Makefile
config.status:792: creating config.h
config.status:1123: executing default-1 commands
config.status:1123: executing default commands

## ---------------- ##
## Cache variables. ##
## ---------------- ##

ac_cv_build=i686-pc-linux-gnu
ac_cv_build_alias=i686-pc-linux-gnu
ac_cv_c_bigendian=no
ac_cv_c_compiler_gnu=yes
ac_cv_c_const=yes
ac_cv_env_CC_set=
ac_cv_env_CC_value=
ac_cv_env_CFLAGS_set=
ac_cv_env_CFLAGS_value=
ac_cv_env_CPPFLAGS_set=
ac_cv_env_CPPFLAGS_value=
ac_cv_env_CPP_set=
ac_cv_env_CPP_value=
ac_cv_env_LDFLAGS_set=
ac_cv_env_LDFLAGS_value=
ac_cv_env_build_alias_set=
ac_cv_env_build_alias_value=
ac_cv_env_host_alias_set=
ac_cv_env_host_alias_value=
ac_cv_env_target_alias_set=
ac_cv_env_target_alias_value=
ac_cv_exeext=
ac_cv_func__snprintf=no
ac_cv_func__vsnprintf=no
ac_cv_func_ftruncate=yes
ac_cv_func_getopt=yes
ac_cv_func_getopt_long=yes
ac_cv_func_getpagesize=yes
ac_cv_func_gzread=no
ac_cv_func_madvise=yes
ac_cv_func_memcmp_working=yes
ac_cv_func_mkstemp=yes
ac_cv_func_mmap_fixed_mapped=yes
ac_cv_func_nice=yes
ac_cv_func_poll=yes
ac_cv_func_select=yes
ac_cv_func_signal=yes
ac_cv_func_snprintf=yes
ac_cv_func_socket=yes
ac_cv_func_socketpair=yes
ac_cv_func_strdup=yes
ac_cv_func_strstr=yes
ac_cv_func_vsnprintf=yes
ac_cv_gift_int32=int
ac_cv_header_db4_db_h=no
ac_cv_header_db_h=yes
ac_cv_header_dirent_dirent_h=yes
ac_cv_header_dirent_h=yes
ac_cv_header_dlfcn_h=yes
ac_cv_header_fcntl_h=yes
ac_cv_header_getopt_h=yes
ac_cv_header_inttypes_h=yes
ac_cv_header_io_h=no
ac_cv_header_limits_h=yes
ac_cv_header_linux_limits_h=yes
ac_cv_header_ltdl_h=yes
ac_cv_header_memory_h=yes
ac_cv_header_signal_h=yes
ac_cv_header_stdc=yes
ac_cv_header_stdint_h=yes
ac_cv_header_stdlib_h=yes
ac_cv_header_string_h=yes
ac_cv_header_strings_h=yes
ac_cv_header_sys_mman_h=yes
ac_cv_header_sys_stat_h=yes
ac_cv_header_sys_time_h=yes
ac_cv_header_sys_types_h=yes
ac_cv_header_sys_wait_h=yes
ac_cv_header_syslog_h=yes
ac_cv_header_time=yes
ac_cv_header_unistd_h=yes
ac_cv_host=i686-pc-linux-gnu
ac_cv_host_alias=i686-pc-linux-gnu
ac_cv_lib_Magick_ReadImage=no
ac_cv_lib_be_openlog=no
ac_cv_lib_bind_inet_ntoa=no
ac_cv_lib_id3_ID3Tag_New=yes
ac_cv_lib_ltdl_lt_dlopen=yes
ac_cv_lib_ltdl_lt_dlsym=yes
ac_cv_lib_mingwex_opendir=no
ac_cv_lib_nsl_gethostbyname=yes
ac_cv_lib_socket_socket=no
ac_cv_lib_z_gzread=yes
ac_cv_objext=o
ac_cv_path_install='/usr/bin/install -c'
ac_cv_prog_CPP='gcc -E'
ac_cv_prog_ac_ct_CC=gcc
ac_cv_prog_ac_ct_RANLIB=ranlib
ac_cv_prog_ac_ct_STRIP=strip
ac_cv_prog_cc_g=yes
ac_cv_prog_cc_stdc=
ac_cv_prog_egrep='grep -E'
ac_cv_prog_make_make_set=yes
ac_cv_search_opendir='none required'
ac_cv_sizeof_int=4
ac_cv_sizeof_long=4
ac_cv_sizeof_long_long=8
ac_cv_sizeof_short=2
ac_cv_sizeof_void_p=4
ac_cv_struct_tm=time.h
ac_cv_type_in_addr_t=yes
ac_cv_type_in_port_t=yes
ac_cv_type_int=yes
ac_cv_type_int16_t=yes
ac_cv_type_int32_t=yes
ac_cv_type_int8_t=yes
ac_cv_type_long=yes
ac_cv_type_long_long=yes
ac_cv_type_pid_t=yes
ac_cv_type_short=yes
ac_cv_type_size_t=yes
ac_cv_type_uint16_t=yes
ac_cv_type_uint32_t=yes
ac_cv_type_uint8_t=yes
ac_cv_type_void_p=yes
am_cv_prog_cc_stdc=
gift_cv_gift_cv_need_ws2_lib_save_LIBS='-lnsl '
gift_cv_gift_cv_need_wsock32_lib_save_LIBS='-lnsl '
gift_cv_link_without_gift_cv_need_ws2_lib_failed=yes
gift_cv_link_without_gift_cv_need_wsock32_lib_failed=yes
gift_cv_need_ws2_lib=no
gift_cv_need_wsock32_lib=no
lt_cv_archive_cmds_need_lc=no
lt_cv_compiler_c_o=yes
lt_cv_compiler_o_lo=yes
lt_cv_deplibs_check_method=pass_all
lt_cv_file_magic_cmd='$MAGIC_CMD'
lt_cv_file_magic_test_file='/lib/libc.so.6 /lib/libc-2.3.1.so'
lt_cv_global_symbol_to_c_name_address='sed -n -e '\''s/^: \([^ ]*\) $/  {\"\1\", (lt_ptr) 0},/p'\'' -e '\''s/^[BCDEGRST] \([^ ]*\) \([^ ]*\)$/  {"\2", (lt_ptr) \&\2},/p'\'''
lt_cv_global_symbol_to_cdecl='sed -n -e '\''s/^. .* \(.*\)$/extern char \1;/p'\'''
lt_cv_ld_reload_flag=-r
lt_cv_path_LD=/usr/bin/ld
lt_cv_path_NM='/usr/bin/nm -B'
lt_cv_path_SED=/bin/sed
lt_cv_prog_cc_can_build_shared=yes
lt_cv_prog_cc_no_builtin=
lt_cv_prog_cc_pic='  -fPIC'
lt_cv_prog_cc_pic_works=yes
lt_cv_prog_cc_shlib=
lt_cv_prog_cc_static=-static
lt_cv_prog_cc_static_works=yes
lt_cv_prog_cc_wl=-Wl,
lt_cv_prog_gnu_ld=yes
lt_cv_sys_global_symbol_pipe='sed -n -e '\''s/^.*[ 	]\([ABCDGISTW][ABCDGISTW]*\)[ 	][ 	]*\(\)\([_A-Za-z][_A-Za-z0-9]*\)$/\1 \2\3 \3/p'\'''

## ----------------- ##
## Output variables. ##
## ----------------- ##

ACLOCAL='aclocal'
AUTOCONF='autoconf'
AUTOHEADER='autoheader'
AUTOMAKE='automake'
CC='gcc'
CFLAGS='-g -Wall'
CPP='gcc -E'
CPPFLAGS=' -I/usr/include'
DAEMON_FALSE='#'
DAEMON_TRUE=''
DEFS='-DHAVE_CONFIG_H'
ECHO='echo'
ECHO_C=''
ECHO_N='-n'
ECHO_T=''
EGREP='grep -E'
EXEEXT=''
GIFT_CFLAGS='-g -Wall '
GIFT_LDFLAGS=' -rdynamic'
GIFT_LIBS='-lnsl  -lltdl'
GNUTELLA_FALSE=''
GNUTELLA_TRUE='#'
ID3LIB_CFLAGS=''
ID3LIB_FALSE=''
ID3LIB_LIBS=''
ID3LIB_TRUE='#'
IMAGEMAGICK_CFLAGS=''
IMAGEMAGICK_FALSE='#'
IMAGEMAGICK_LDFLAGS=''
IMAGEMAGICK_LIBS=''
IMAGEMAGICK_TRUE=''
INSTALL_DATA='${INSTALL} -m 644'
INSTALL_PROGRAM='${INSTALL}'
INSTALL_SCRIPT='${INSTALL}'
LDFLAGS=''
LIBDB_CFLAGS=''
LIBDB_FALSE='#'
LIBDB_LIBS='-ldb'
LIBDB_TRUE=''
LIBOBJS=''
LIBS='-lz -lnsl  -L/usr/lib'
LIBTOOL='$(SHELL) $(top_builddir)/libtool'
LIBVORBIS_FALSE='#'
LIBVORBIS_TRUE=''
LN_S='ln -s'
LTDL_FALSE='#'
LTDL_TRUE=''
LTLIBOBJS=''
MAKEINFO='makeinfo'
OBJEXT='o'
OPENFT_FALSE='#'
OPENFT_TRUE=''
PACKAGE='giFT'
PACKAGE_BUGREPORT=''
PACKAGE_NAME=''
PACKAGE_STRING=''
PACKAGE_TARNAME=''
PACKAGE_VERSION=''
PATH_SEPARATOR=':'
PERL_CFLAGS=''
PERL_FALSE=''
PERL_LIBS=''
PERL_TRUE='#'
PLUGIN_GNUTELLA=''
PLUGIN_OPENFT=''
RANLIB='ranlib'
SET_MAKE=''
SHELL='/bin/sh'
STRIP='strip'
USE_LTDL=''
USE_ZLIB=''
VERSION='0.10.0'
VORBISENC_LIBS='-L/usr/local/lib -lvorbisenc'
VORBISFILE_LIBS='-L/usr/local/lib -lvorbisfile'
VORBIS_CFLAGS='-I/usr/local/include'
VORBIS_LIBS='-L/usr/local/lib -lvorbis -lm'
ac_ct_CC='gcc'
ac_ct_RANLIB='ranlib'
ac_ct_STRIP='strip'
bindir='${exec_prefix}/bin'
build='i686-pc-linux-gnu'
build_alias=''
build_cpu='i686'
build_os='linux-gnu'
build_vendor='pc'
datadir='${prefix}/share'
exec_prefix='${prefix}'
giftdatadir='/usr/local/share/giFT'
giftperldir='/usr/local/bin'
host='i686-pc-linux-gnu'
host_alias=''
host_cpu='i686'
host_os='linux-gnu'
host_vendor='pc'
includedir='${prefix}/include'
infodir='${prefix}/info'
libdir='${exec_prefix}/lib'
libexecdir='${exec_prefix}/libexec'
localstatedir='${prefix}/var'
mandir='${prefix}/man'
oldincludedir='/usr/include'
perlpath=''
plugindir='/usr/local/lib/giFT'
prefix='/usr/local'
program_transform_name='s,x,x,'
sbindir='${exec_prefix}/sbin'
sedpath=''
sharedstatedir='${prefix}/com'
sysconfdir='${prefix}/etc'
target_alias=''

## ------------- ##
## Output files. ##
## ------------- ##

gift_conf_file='etc/gift.conf'
openft_conf_file='etc/OpenFT/OpenFT.conf'
ui_conf_file='etc/ui/ui.conf'

## ----------- ##
## confdefs.h. ##
## ----------- ##

#define BUILD_DATE "Mon May  5 16:16:00 BST 2003"
#define DATA_DIR "/usr/local/share/giFT"
#define HAVE_DB_H 1
#define HAVE_DIRENT_H 1
#define HAVE_DIRENT_H 1
#define HAVE_DLFCN_H 1
#define HAVE_FCNTL_H 1
#define HAVE_FTRUNCATE 1
#define HAVE_GETOPT_H 1
#define HAVE_GETPAGESIZE 1
#define HAVE_INTTYPES_H 1
#define HAVE_INTTYPES_H 1
#define HAVE_IN_ADDR_T 1
#define HAVE_IN_PORT_T 1
#define HAVE_LIBNSL 1
#define HAVE_LIBZ 1
#define HAVE_LIMITS_H 1
#define HAVE_LINUX_LIMITS_H 1
#define HAVE_LTDL_H 1
#define HAVE_MADVISE 1
#define HAVE_MEMORY_H 1
#define HAVE_MKSTEMP 1
#define HAVE_MMAP 1
#define HAVE_NICE 1
#define HAVE_POLL 1
#define HAVE_SELECT 1
#define HAVE_SIGNAL 1
#define HAVE_SIGNAL_H 1
#define HAVE_SNPRINTF 1
#define HAVE_SOCKET 1
#define HAVE_SOCKETPAIR 1
#define HAVE_STDINT_H 1
#define HAVE_STDLIB_H 1
#define HAVE_STDLIB_H 1
#define HAVE_STRDUP 1
#define HAVE_STRINGS_H 1
#define HAVE_STRING_H 1
#define HAVE_STRSTR 1
#define HAVE_SYSLOG_H 1
#define HAVE_SYS_MMAN_H 1
#define HAVE_SYS_STAT_H 1
#define HAVE_SYS_TIME_H 1
#define HAVE_SYS_TYPES_H 1
#define HAVE_SYS_WAIT_H 1
#define HAVE_UNISTD_H 1
#define HAVE_UNISTD_H 1
#define HAVE_UNISTD_H 1
#define HAVE_VSNPRINTF 1
#define PACKAGE "giFT"
#define PACKAGE_BUGREPORT ""
#define PACKAGE_NAME ""
#define PACKAGE_STRING ""
#define PACKAGE_TARNAME ""
#define PACKAGE_VERSION ""
#define PLUGIN_DIR "/usr/local/lib/giFT"
#define PLUGIN_OPENFT 1
#define SIZEOF_INT 4
#define SIZEOF_LONG 4
#define SIZEOF_LONG_LONG 8
#define SIZEOF_SHORT 2
#define SIZEOF_VOID_P 4
#define STDC_HEADERS 1
#define STDC_HEADERS 1
#define TIME_WITH_SYS_TIME 1
#define USE_GETOPT 1
#define USE_GETOPT_LONG 1
#define USE_LIBDB 1
#define USE_LIBVORBIS 1
#define USE_LTDL 1
#define USE_ZLIB 1
#define VERSION "0.10.0"

configure: exit 0
