This file contains any messages produced by compilers while
running configure, to aid debugging if configure makes a mistake.

It was created by giFT configure 0.11.7, which was
generated by GNU Autoconf 2.59.  Invocation command line was

  $ ./configure --cache-file=config.cache --enable-maintainer-mode

## --------- ##
## Platform. ##
## --------- ##

hostname = sphere
uname -m = i686
uname -r = 2.4.25
uname -s = Linux
uname -v = #30 Thu Feb 19 13:54:21 GMT 2004

/usr/bin/uname -p = unknown
/bin/uname -X     = unknown

/bin/arch              = i686
/usr/bin/arch -k       = unknown
/usr/convex/getsysinfo = unknown
hostinfo               = unknown
/bin/machine           = unknown
/usr/bin/oslevel       = unknown
/bin/universe          = unknown

PATH: /usr/local/bin
PATH: /usr/bin
PATH: /bin
PATH: /usr/bin/X11
PATH: /usr/games
PATH: /home/HEx/bin
PATH: /usr/local/bin
PATH: /home/HEx/bin
PATH: /usr/local/bin


## ----------- ##
## Core tests. ##
## ----------- ##

configure:1431: loading cache config.cache
configure:1613: checking for a BSD-compatible install
configure:1668: result: /usr/bin/install -c
configure:1679: checking whether build environment is sane
configure:1722: result: yes
configure:1755: checking for gawk
configure:1781: result: mawk
configure:1791: checking whether make sets $(MAKE)
configure:1811: result: yes
configure:1977: checking whether to enable maintainer-specific portions of Makefiles
configure:1986: result: yes
configure:2070: checking for gcc
configure:2096: result: gcc
configure:2340: checking for C compiler version
configure:2343: gcc --version </dev/null >&5
gcc (GCC) 3.3.3 (Debian 20040321)
Copyright (C) 2003 Free Software Foundation, Inc.
This is free software; see the source for copying conditions.  There is NO
warranty; not even for MERCHANTABILITY or FITNESS FOR A PARTICULAR PURPOSE.

configure:2346: $? = 0
configure:2348: gcc -v </dev/null >&5
Reading specs from /usr/lib/gcc-lib/i486-linux/3.3.3/specs
Configured with: ../src/configure -v --enable-languages=c,c++,java,f77,pascal,objc,ada,treelang --prefix=/usr --mandir=/usr/share/man --infodir=/usr/share/info --with-gxx-include-dir=/usr/include/c++/3.3 --enable-shared --with-system-zlib --enable-nls --without-included-gettext --enable-__cxa_atexit --enable-clocale=gnu --enable-debug --enable-java-gc=boehm --enable-java-awt=xlib,gtk --enable-objc-gc i486-linux
Thread model: posix
gcc version 3.3.3 (Debian 20040321)
configure:2351: $? = 0
configure:2353: gcc -V </dev/null >&5
gcc: `-V' option must have argument
configure:2356: $? = 1
configure:2379: checking for C compiler default output file name
configure:2382: gcc    conftest.c  >&5
configure:2385: $? = 0
configure:2431: result: a.out
configure:2436: checking whether the C compiler works
configure:2442: ./a.out
configure:2445: $? = 0
configure:2462: result: yes
configure:2469: checking whether we are cross compiling
configure:2471: result: no
configure:2474: checking for suffix of executables
configure:2476: gcc -o conftest    conftest.c  >&5
configure:2479: $? = 0
configure:2504: result: 
configure:2510: checking for suffix of object files
configure:2556: result: o
configure:2560: checking whether we are using the GNU C compiler
configure:2615: result: yes
configure:2621: checking whether gcc accepts -g
configure:2671: result: yes
configure:2688: checking for gcc option to accept ANSI C
configure:2794: result: none needed
configure:2812: gcc -c -g -O2  conftest.c >&5
conftest.c:2: error: parse error before "me"
configure:2818: $? = 1
configure: failed program was:
| #ifndef __cplusplus
|   choke me
| #endif
configure:2959: checking for style of include used by make
configure:2987: result: GNU
configure:3015: checking dependency style of gcc
configure:3098: result: gcc3
configure:3119: checking for gcc option to accept ANSI C
configure:3215: result: none needed
configure:3231: checking how to run the C preprocessor
configure:3349: result: gcc -E
configure:3373: gcc -E  conftest.c
configure:3379: $? = 0
configure:3411: gcc -E  conftest.c
conftest.c:12:28: ac_nonexistent.h: No such file or directory
configure:3417: $? = 1
configure: failed program was:
| /* confdefs.h.  */
| 
| #define PACKAGE_NAME "giFT"
| #define PACKAGE_TARNAME "gift"
| #define PACKAGE_VERSION "0.11.7"
| #define PACKAGE_STRING "giFT 0.11.7"
| #define PACKAGE_BUGREPORT ""
| #define PACKAGE "gift"
| #define VERSION "0.11.7"
| #define BUILD_DATE "Wed Jun  2 19:58:00 BST 2004"
| /* end confdefs.h.  */
| #include <ac_nonexistent.h>
configure:3461: checking for egrep
configure:3471: result: grep -E
configure:3476: checking for ANSI C header files
configure:3628: result: yes
configure:3651: checking for a BSD-compatible install
configure:3706: result: /usr/bin/install -c
configure:3719: checking for sed
configure:3749: result: /bin/sed
configure:3761: checking for perl
configure:3791: result: /usr/bin/perl
configure:3800: checking for xsltproc
configure:3833: result: no
configure:3927: checking build system type
configure:3945: result: i686-pc-linux-gnu
configure:3953: checking host system type
configure:3967: result: i686-pc-linux-gnu
configure:3975: checking for a sed that does not truncate output
configure:4029: result: /bin/sed
configure:4043: checking for ld used by gcc
configure:4110: result: /usr/bin/ld
configure:4119: checking if the linker (/usr/bin/ld) is GNU ld
configure:4134: result: yes
configure:4139: checking for /usr/bin/ld option to reload object files
configure:4146: result: -r
configure:4155: checking for BSD-compatible nm
configure:4197: result: /usr/bin/nm -B
configure:4201: checking whether ln -s works
configure:4205: result: yes
configure:4212: checking how to recognise dependent libraries
configure:4386: result: pass_all
configure:4607: checking for sys/types.h
configure:4652: result: yes
configure:4607: checking for sys/stat.h
configure:4652: result: yes
configure:4607: checking for stdlib.h
configure:4652: result: yes
configure:4607: checking for string.h
configure:4652: result: yes
configure:4607: checking for memory.h
configure:4652: result: yes
configure:4607: checking for strings.h
configure:4652: result: yes
configure:4607: checking for inttypes.h
configure:4652: result: yes
configure:4607: checking for stdint.h
configure:4652: result: yes
configure:4607: checking for unistd.h
configure:4652: result: yes
configure:4669: checking for dlfcn.h
configure:4674: result: yes
configure:4865: checking for g++
configure:4891: result: g++
configure:4907: checking for C++ compiler version
configure:4910: g++ --version </dev/null >&5
g++ (GCC) 3.3.3 (Debian 20040321)
Copyright (C) 2003 Free Software Foundation, Inc.
This is free software; see the source for copying conditions.  There is NO
warranty; not even for MERCHANTABILITY or FITNESS FOR A PARTICULAR PURPOSE.

configure:4913: $? = 0
configure:4915: g++ -v </dev/null >&5
Reading specs from /usr/lib/gcc-lib/i486-linux/3.3.3/specs
Configured with: ../src/configure -v --enable-languages=c,c++,java,f77,pascal,objc,ada,treelang --prefix=/usr --mandir=/usr/share/man --infodir=/usr/share/info --with-gxx-include-dir=/usr/include/c++/3.3 --enable-shared --with-system-zlib --enable-nls --without-included-gettext --enable-__cxa_atexit --enable-clocale=gnu --enable-debug --enable-java-gc=boehm --enable-java-awt=xlib,gtk --enable-objc-gc i486-linux
Thread model: posix
gcc version 3.3.3 (Debian 20040321)
configure:4918: $? = 0
configure:4920: g++ -V </dev/null >&5
g++: `-V' option must have argument
configure:4923: $? = 1
configure:4926: checking whether we are using the GNU C++ compiler
configure:4981: result: yes
configure:4987: checking whether g++ accepts -g
configure:5037: result: yes
configure:5079: g++ -c -g -O2  conftest.cc >&5
configure:5085: $? = 0
configure:5088: test -z 			 || test ! -s conftest.err
configure:5091: $? = 0
configure:5094: test -s conftest.o
configure:5097: $? = 0
configure:5123: g++ -c -g -O2  conftest.cc >&5
conftest.cc: In function `int main()':
conftest.cc:27: error: `exit' undeclared (first use this function)
conftest.cc:27: error: (Each undeclared identifier is reported only once for 
   each function it appears in.)
configure:5129: $? = 1
configure: failed program was:
| /* confdefs.h.  */
| 
| #define PACKAGE_NAME "giFT"
| #define PACKAGE_TARNAME "gift"
| #define PACKAGE_VERSION "0.11.7"
| #define PACKAGE_STRING "giFT 0.11.7"
| #define PACKAGE_BUGREPORT ""
| #define PACKAGE "gift"
| #define VERSION "0.11.7"
| #define BUILD_DATE "Wed Jun  2 19:58:00 BST 2004"
| #define STDC_HEADERS 1
| #define HAVE_SYS_TYPES_H 1
| #define HAVE_SYS_STAT_H 1
| #define HAVE_STDLIB_H 1
| #define HAVE_STRING_H 1
| #define HAVE_MEMORY_H 1
| #define HAVE_STRINGS_H 1
| #define HAVE_INTTYPES_H 1
| #define HAVE_STDINT_H 1
| #define HAVE_UNISTD_H 1
| #define HAVE_DLFCN_H 1
| /* end confdefs.h.  */
| 
| int
| main ()
| {
| exit (42);
|   ;
|   return 0;
| }
configure:5079: g++ -c -g -O2  conftest.cc >&5
configure:5085: $? = 0
configure:5088: test -z 			 || test ! -s conftest.err
configure:5091: $? = 0
configure:5094: test -s conftest.o
configure:5097: $? = 0
configure:5123: g++ -c -g -O2  conftest.cc >&5
configure:5129: $? = 0
configure:5132: test -z 			 || test ! -s conftest.err
configure:5135: $? = 0
configure:5138: test -s conftest.o
configure:5141: $? = 0
configure:5166: checking dependency style of g++
configure:5249: result: gcc3
configure:5271: checking how to run the C++ preprocessor
configure:5385: result: g++ -E
configure:5409: g++ -E  conftest.cc
configure:5415: $? = 0
configure:5447: g++ -E  conftest.cc
conftest.cc:26:28: ac_nonexistent.h: No such file or directory
configure:5453: $? = 1
configure: failed program was:
| /* confdefs.h.  */
| 
| #define PACKAGE_NAME "giFT"
| #define PACKAGE_TARNAME "gift"
| #define PACKAGE_VERSION "0.11.7"
| #define PACKAGE_STRING "giFT 0.11.7"
| #define PACKAGE_BUGREPORT ""
| #define PACKAGE "gift"
| #define VERSION "0.11.7"
| #define BUILD_DATE "Wed Jun  2 19:58:00 BST 2004"
| #define STDC_HEADERS 1
| #define HAVE_SYS_TYPES_H 1
| #define HAVE_SYS_STAT_H 1
| #define HAVE_STDLIB_H 1
| #define HAVE_STRING_H 1
| #define HAVE_MEMORY_H 1
| #define HAVE_STRINGS_H 1
| #define HAVE_INTTYPES_H 1
| #define HAVE_STDINT_H 1
| #define HAVE_UNISTD_H 1
| #define HAVE_DLFCN_H 1
| #ifdef __cplusplus
| extern "C" void std::exit (int) throw (); using std::exit;
| #endif
| /* end confdefs.h.  */
| #include <ac_nonexistent.h>
configure:5548: checking for g77
configure:5577: result: no
configure:5548: checking for f77
configure:5577: result: no
configure:5548: checking for xlf
configure:5577: result: no
configure:5548: checking for frt
configure:5577: result: no
configure:5548: checking for pgf77
configure:5577: result: no
configure:5548: checking for fort77
configure:5577: result: no
configure:5548: checking for fl32
configure:5577: result: no
configure:5548: checking for af77
configure:5577: result: no
configure:5548: checking for f90
configure:5577: result: no
configure:5548: checking for xlf90
configure:5577: result: no
configure:5548: checking for pgf90
configure:5577: result: no
configure:5548: checking for epcf90
configure:5577: result: no
configure:5548: checking for f95
configure:5577: result: no
configure:5548: checking for fort
configure:5577: result: no
configure:5548: checking for xlf95
configure:5577: result: no
configure:5548: checking for ifc
configure:5577: result: no
configure:5548: checking for efc
configure:5577: result: no
configure:5548: checking for pgf95
configure:5577: result: no
configure:5548: checking for lf95
configure:5577: result: no
configure:5548: checking for gfortran
configure:5577: result: no
configure:5592: checking for Fortran 77 compiler version
configure:5592:  --version </dev/null >&5
./configure: line 1: --version: command not found
configure:5595: $? = 127
configure:5597:  -v </dev/null >&5
./configure: line 1: -v: command not found
configure:5600: $? = 127
configure:5602:  -V </dev/null >&5
./configure: line 1: -V: command not found
configure:5605: $? = 127
configure:5613: checking whether we are using the GNU Fortran 77 compiler
configure:5658: result: no
configure:5664: checking whether  accepts -g
configure:5706: result: no
configure:5736: checking the maximum length of command line arguments
configure:5801: result: 32768
configure:5812: checking command to parse /usr/bin/nm -B output from gcc object
configure:6004: result: ok
configure:6008: checking for objdir
configure:6023: result: .libs
configure:6113: checking for ar
configure:6140: result: ar
configure:6193: checking for ranlib
configure:6220: result: ranlib
configure:6273: checking for strip
configure:6300: result: strip
configure:6562: checking if gcc static flag  works
configure:6585: result: yes
configure:6603: checking if gcc supports -fno-rtti -fno-exceptions
configure:6636: result: no
configure:6651: checking for gcc option to produce PIC
configure:6828: result: -fPIC
configure:6836: checking if gcc PIC flag -fPIC works
configure:6857: gcc -c -g -O2  -fPIC -DPIC conftest.c >&5
configure:6861: $? = 0
configure:6869: result: yes
configure:6893: checking if gcc supports -c -o file.o
configure:6938: result: yes
configure:6964: checking whether the gcc linker (/usr/bin/ld) supports shared libraries
configure:7810: result: yes
configure:7836: checking whether -lc should be explicitly linked in
configure:7841: gcc -c -g -O2  conftest.c >&5
configure:7844: $? = 0
configure:7858: gcc -shared conftest.o  -v -Wl,-soname -Wl,conftest -o conftest 2\>\&1 \| grep  -lc  \>/dev/null 2\>\&1
configure:7861: $? = 0
configure:7873: result: no
configure:7881: checking dynamic linker characteristics
configure:8421: result: GNU/Linux ld.so
configure:8425: checking how to hardcode library paths into programs
configure:8450: result: immediate
configure:8464: checking whether stripping libraries is possible
configure:8469: result: yes
configure:9292: checking if libtool supports shared libraries
configure:9294: result: yes
configure:9297: checking whether to build shared libraries
configure:9355: result: yes
configure:9358: checking whether to build static libraries
configure:9362: result: no
configure:9454: creating libtool
configure:10001: checking for ld used by g++
configure:10068: result: /usr/bin/ld
configure:10077: checking if the linker (/usr/bin/ld) is GNU ld
configure:10092: result: yes
configure:10143: checking whether the g++ linker (/usr/bin/ld) supports shared libraries
configure:10969: result: yes
configure:10987: g++ -c -g -O2  conftest.cc >&5
configure:10990: $? = 0
configure:11086: checking for g++ option to produce PIC
configure:11338: result: -fPIC
configure:11346: checking if g++ PIC flag -fPIC works
configure:11367: g++ -c -g -O2  -fPIC -DPIC conftest.cc >&5
configure:11371: $? = 0
configure:11379: result: yes
configure:11403: checking if g++ supports -c -o file.o
configure:11448: result: yes
configure:11474: checking whether the g++ linker (/usr/bin/ld) supports shared libraries
configure:11499: result: yes
configure:11570: checking dynamic linker characteristics
configure:12110: result: GNU/Linux ld.so
configure:12114: checking how to hardcode library paths into programs
configure:12139: result: immediate
configure:12153: checking whether stripping libraries is possible
configure:12158: result: yes
configure:19378: checking for gethostbyname in -lnsl
configure:19439: result: yes
configure:19451: checking for socket in -lsocket
configure:19512: result: no
configure:19524: checking for opendir in -lmingwex
configure:19585: result: no
configure:19597: checking for inet_ntoa in -lbind
configure:19658: result: no
configure:19670: checking for openlog in -lbe
configure:19731: result: no
configure:19745: checking if -lws2_32 is needed
configure:19852: result: no
configure:19860: checking if -lwsock32 is needed
configure:19967: result: no
configure:19986: checking for dirent.h that defines DIR
configure:20039: result: yes
configure:20052: checking for library containing opendir
configure:20169: result: none required
configure:20303: checking for ANSI C header files
configure:20455: result: yes
configure:20465: checking for sys/wait.h that is POSIX.1 compatible
configure:20525: result: yes
configure:20565: checking for dirent.h
configure:20570: result: yes
configure:20565: checking for fcntl.h
configure:20570: result: yes
configure:20565: checking for getopt.h
configure:20570: result: yes
configure:20565: checking for limits.h
configure:20570: result: yes
configure:20565: checking for linux/limits.h
configure:20570: result: yes
configure:20565: checking for stdint.h
configure:20570: result: yes
configure:20565: checking for sys/mman.h
configure:20570: result: yes
configure:20565: checking for sys/time.h
configure:20570: result: yes
configure:20565: checking for syslog.h
configure:20570: result: yes
configure:20565: checking for signal.h
configure:20570: result: yes
configure:20565: checking for unistd.h
configure:20570: result: yes
configure:20565: checking for inttypes.h
configure:20570: result: yes
configure:20565: checking for io.h
configure:20570: result: no
configure:20712: checking for an ANSI C-conforming const
configure:20808: result: yes
configure:20818: checking whether time.h and sys/time.h may both be included
configure:20872: result: yes
configure:20882: checking whether struct tm is in sys/time.h or time.h
configure:20934: result: time.h
configure:20974: checking whether byte ordering is bigendian
configure:21182: result: no
configure:21212: checking for an implementation of va_copy()
configure:21266: result: yes
configure:21269: checking for an implementation of __va_copy()
configure:21323: result: yes
configure:21326: checking whether va_lists can be copied by value
configure:21380: result: yes
configure:21408: checking for short
configure:21461: result: yes
configure:21464: checking size of short
configure:21807: result: 2
configure:21814: checking for int
configure:21867: result: yes
configure:21870: checking size of int
configure:22213: result: 4
configure:22220: checking for long
configure:22273: result: yes
configure:22276: checking size of long
configure:22619: result: 4
configure:22626: checking for long long
configure:22679: result: yes
configure:22682: checking size of long long
configure:23025: result: 8
configure:23032: checking for void *
configure:23085: result: yes
configure:23088: checking size of void *
configure:23431: result: 4
configure:23467: checking for uint8_t
configure:23528: result: yes
configure:23540: checking for int8_t
configure:23601: result: yes
configure:23613: checking for uint16_t
configure:23674: result: yes
configure:23686: checking for int16_t
configure:23747: result: yes
configure:23759: checking for uint32_t
configure:23820: result: yes
configure:23832: checking for int32_t
configure:23893: result: yes
configure:23925: checking for in_addr_t
configure:23981: result: yes
configure:23994: checking for in_port_t
configure:24050: result: yes
configure:24064: checking for pid_t
configure:24117: result: yes
configure:24129: checking for off_t
configure:24182: result: yes
configure:24194: checking for ssize_t
configure:24247: result: yes
configure:24259: checking for size_t
configure:24312: result: yes
configure:24326: checking for getopt
configure:24379: result: yes
configure:24391: checking for getopt_long
configure:24444: result: yes
configure:24458: checking for working memcmp
configure:24528: result: yes
configure:24545: checking for stdlib.h
configure:24550: result: yes
configure:24545: checking for unistd.h
configure:24550: result: yes
configure:24693: checking for getpagesize
configure:24780: result: yes
configure:24790: checking for working mmap
configure:24954: result: yes
configure:24996: checking for ftruncate
configure:25083: result: yes
configure:24996: checking for gettimeofday
configure:25083: result: yes
configure:24996: checking for madvise
configure:25083: result: yes
configure:24996: checking for memdup
configure:25083: result: no
configure:24996: checking for mkstemp
configure:25083: result: yes
configure:24996: checking for nice
configure:25083: result: yes
configure:24996: checking for select
configure:25083: result: yes
configure:24996: checking for poll
configure:25083: result: yes
configure:24996: checking for rmdir
configure:25083: result: yes
configure:24996: checking for signal
configure:25083: result: yes
configure:24996: checking for socket
configure:25083: result: yes
configure:24996: checking for socketpair
configure:25083: result: yes
configure:24996: checking for snprintf
configure:25083: result: yes
configure:24996: checking for _snprintf
configure:25083: result: no
configure:24996: checking for vsnprintf
configure:25083: result: yes
configure:24996: checking for _vsnprintf
configure:25083: result: no
configure:24996: checking for strcasecmp
configure:25083: result: yes
configure:24996: checking for strcspn
configure:25083: result: yes
configure:24996: checking for strlcat
configure:25083: result: no
configure:24996: checking for strlcpy
configure:25083: result: no
configure:24996: checking for strmove
configure:25083: result: no
configure:24996: checking for strpbrk
configure:25083: result: yes
configure:24996: checking for strspn
configure:25083: result: yes
configure:24996: checking for strtol
configure:25083: result: yes
configure:24996: checking for strtoul
configure:25083: result: yes
configure:24996: checking for unlink
configure:25083: result: yes
configure:25267: checking for lt_dlopen in -lltdl
configure:25328: result: yes
configure:25331: checking for lt_dlsym in -lltdl
configure:25392: result: yes
configure:25424: checking for ltdl.h
configure:25429: result: yes
configure:25909: checking for Vorbis
configure:25944: gcc -o conftest -g -O2 -Wall -g3 -O0 -I/usr/local/include    conftest.c -lnsl  -L/usr/local/lib -lvorbis -lm  >&5
configure:25947: $? = 0
configure:25949: ./conftest
configure:25952: $? = 0
configure:25970: result: yes
configure:26079: checking for ReadImage in -lMagick
configure:26140: result: no
configure:26789: creating ./config.status

## ---------------------- ##
## Running config.status. ##
## ---------------------- ##

This file was extended by giFT config.status 0.11.7, which was
generated by GNU Autoconf 2.59.  Invocation command line was

  CONFIG_FILES    = 
  CONFIG_HEADERS  = 
  CONFIG_LINKS    = 
  CONFIG_COMMANDS = 
  $ ./config.status 

on sphere

config.status:825: creating Makefile
config.status:825: creating gift.spec
config.status:825: creating gift-setup
config.status:825: creating data/Makefile
config.status:825: creating doc/Makefile
config.status:825: creating etc/Makefile
config.status:825: creating etc/ui/Makefile
config.status:825: creating lib/Makefile
config.status:825: creating lib/libgift.pc
config.status:825: creating lib/giftconfig.h
config.status:825: creating m4/Makefile
config.status:825: creating plugin/Makefile
config.status:825: creating plugin/protocol_ver.h
config.status:825: creating src/Makefile
config.status:825: creating src/meta/Makefile
config.status:825: creating win32/Makefile
config.status:825: creating win32/giFTsetup/Makefile
config.status:825: creating win32/giFTtray/Makefile
config.status:891: creating config.h
config.status:1261: executing depfiles commands
config.status:1261: executing default commands

## ---------------- ##
## Cache variables. ##
## ---------------- ##

ac_cv_build=i686-pc-linux-gnu
ac_cv_build_alias=i686-pc-linux-gnu
ac_cv_c_bigendian=no
ac_cv_c_compiler_gnu=yes
ac_cv_c_const=yes
ac_cv_cxx_compiler_gnu=yes
ac_cv_env_CC_set=
ac_cv_env_CC_value=
ac_cv_env_CFLAGS_set=
ac_cv_env_CFLAGS_value=
ac_cv_env_CPPFLAGS_set=
ac_cv_env_CPPFLAGS_value=
ac_cv_env_CPP_set=
ac_cv_env_CPP_value=
ac_cv_env_CXXCPP_set=
ac_cv_env_CXXCPP_value=
ac_cv_env_CXXFLAGS_set=
ac_cv_env_CXXFLAGS_value=
ac_cv_env_CXX_set=
ac_cv_env_CXX_value=
ac_cv_env_F77_set=
ac_cv_env_F77_value=
ac_cv_env_FFLAGS_set=
ac_cv_env_FFLAGS_value=
ac_cv_env_LDFLAGS_set=
ac_cv_env_LDFLAGS_value=
ac_cv_env_build_alias_set=
ac_cv_env_build_alias_value=
ac_cv_env_host_alias_set=
ac_cv_env_host_alias_value=
ac_cv_env_target_alias_set=
ac_cv_env_target_alias_value=
ac_cv_exeext=
ac_cv_f77_compiler_gnu=no
ac_cv_func__snprintf=no
ac_cv_func__vsnprintf=no
ac_cv_func_ftruncate=yes
ac_cv_func_getopt=yes
ac_cv_func_getopt_long=yes
ac_cv_func_getpagesize=yes
ac_cv_func_gettimeofday=yes
ac_cv_func_madvise=yes
ac_cv_func_memcmp_working=yes
ac_cv_func_memdup=no
ac_cv_func_mkstemp=yes
ac_cv_func_mmap_fixed_mapped=yes
ac_cv_func_nice=yes
ac_cv_func_poll=yes
ac_cv_func_rmdir=yes
ac_cv_func_select=yes
ac_cv_func_signal=yes
ac_cv_func_snprintf=yes
ac_cv_func_socket=yes
ac_cv_func_socketpair=yes
ac_cv_func_strcasecmp=yes
ac_cv_func_strcspn=yes
ac_cv_func_strlcat=no
ac_cv_func_strlcpy=no
ac_cv_func_strmove=no
ac_cv_func_strpbrk=yes
ac_cv_func_strspn=yes
ac_cv_func_strtol=yes
ac_cv_func_strtoul=yes
ac_cv_func_unlink=yes
ac_cv_func_vsnprintf=yes
ac_cv_gift_int32=int
ac_cv_header_dirent_dirent_h=yes
ac_cv_header_dirent_h=yes
ac_cv_header_dlfcn_h=yes
ac_cv_header_fcntl_h=yes
ac_cv_header_getopt_h=yes
ac_cv_header_inttypes_h=yes
ac_cv_header_io_h=no
ac_cv_header_limits_h=yes
ac_cv_header_linux_limits_h=yes
ac_cv_header_ltdl_h=yes
ac_cv_header_memory_h=yes
ac_cv_header_signal_h=yes
ac_cv_header_stdc=yes
ac_cv_header_stdint_h=yes
ac_cv_header_stdlib_h=yes
ac_cv_header_string_h=yes
ac_cv_header_strings_h=yes
ac_cv_header_sys_mman_h=yes
ac_cv_header_sys_stat_h=yes
ac_cv_header_sys_time_h=yes
ac_cv_header_sys_types_h=yes
ac_cv_header_sys_wait_h=yes
ac_cv_header_syslog_h=yes
ac_cv_header_time=yes
ac_cv_header_unistd_h=yes
ac_cv_host=i686-pc-linux-gnu
ac_cv_host_alias=i686-pc-linux-gnu
ac_cv_lib_Magick_ReadImage=no
ac_cv_lib_be_openlog=no
ac_cv_lib_bind_inet_ntoa=no
ac_cv_lib_ltdl_lt_dlopen=yes
ac_cv_lib_ltdl_lt_dlsym=yes
ac_cv_lib_mingwex_opendir=no
ac_cv_lib_nsl_gethostbyname=yes
ac_cv_lib_socket_socket=no
ac_cv_objext=o
ac_cv_path_PERL=/usr/bin/perl
ac_cv_path_SED=/bin/sed
ac_cv_path_install='/usr/bin/install -c'
ac_cv_prog_AWK=mawk
ac_cv_prog_CPP='gcc -E'
ac_cv_prog_CXXCPP='g++ -E'
ac_cv_prog_ac_ct_AR=ar
ac_cv_prog_ac_ct_CC=gcc
ac_cv_prog_ac_ct_CXX=g++
ac_cv_prog_ac_ct_RANLIB=ranlib
ac_cv_prog_ac_ct_STRIP=strip
ac_cv_prog_cc_g=yes
ac_cv_prog_cc_stdc=
ac_cv_prog_cxx_g=yes
ac_cv_prog_egrep='grep -E'
ac_cv_prog_f77_g=no
ac_cv_prog_make_make_set=yes
ac_cv_search_opendir='none required'
ac_cv_sizeof_int=4
ac_cv_sizeof_long=4
ac_cv_sizeof_long_long=8
ac_cv_sizeof_short=2
ac_cv_sizeof_void_p=4
ac_cv_struct_tm=time.h
ac_cv_type_in_addr_t=yes
ac_cv_type_in_port_t=yes
ac_cv_type_int=yes
ac_cv_type_int16_t=yes
ac_cv_type_int32_t=yes
ac_cv_type_int8_t=yes
ac_cv_type_long=yes
ac_cv_type_long_long=yes
ac_cv_type_off_t=yes
ac_cv_type_pid_t=yes
ac_cv_type_short=yes
ac_cv_type_size_t=yes
ac_cv_type_ssize_t=yes
ac_cv_type_uint16_t=yes
ac_cv_type_uint32_t=yes
ac_cv_type_uint8_t=yes
ac_cv_type_void_p=yes
am_cv_CC_dependencies_compiler_type=gcc3
am_cv_CXX_dependencies_compiler_type=gcc3
am_cv_prog_cc_stdc=
gift_cv_gift_cv_need_ws2_lib_save_LIBS='-lnsl '
gift_cv_gift_cv_need_wsock32_lib_save_LIBS='-lnsl '
gift_cv_link_without_gift_cv_need_ws2_lib_failed=yes
gift_cv_link_without_gift_cv_need_wsock32_lib_failed=yes
gift_cv_need_ws2_lib=no
gift_cv_need_wsock32_lib=no
libgift_cv___va_copy=yes
libgift_cv_va_copy=yes
libgift_cv_va_copy_by_val=yes
lt_cv_deplibs_check_method=pass_all
lt_cv_file_magic_cmd='$MAGIC_CMD'
lt_cv_file_magic_test_file=
lt_cv_ld_reload_flag=-r
lt_cv_objdir=.libs
lt_cv_path_LD=/usr/bin/ld
lt_cv_path_LDCXX=/usr/bin/ld
lt_cv_path_NM='/usr/bin/nm -B'
lt_cv_path_SED=/bin/sed
lt_cv_prog_compiler_c_o=yes
lt_cv_prog_compiler_c_o_CXX=yes
lt_cv_prog_compiler_rtti_exceptions=no
lt_cv_prog_gnu_ld=yes
lt_cv_prog_gnu_ldcxx=yes
lt_cv_sys_global_symbol_pipe='sed -n -e '\''s/^.*[ 	]\([ABCDGIRSTW][ABCDGIRSTW]*\)[ 	][ 	]*\(\)\([_A-Za-z][_A-Za-z0-9]*\)$/\1 \2\3 \3/p'\'''
lt_cv_sys_global_symbol_to_c_name_address='sed -n -e '\''s/^: \([^ ]*\) $/  {\"\1\", (lt_ptr) 0},/p'\'' -e '\''s/^[BCDEGRST] \([^ ]*\) \([^ ]*\)$/  {"\2", (lt_ptr) \&\2},/p'\'''
lt_cv_sys_global_symbol_to_cdecl='sed -n -e '\''s/^. .* \(.*\)$/extern int \1;/p'\'''
lt_cv_sys_max_cmd_len=32768
lt_lt_cv_prog_compiler_c_o='"yes"'
lt_lt_cv_prog_compiler_c_o_CXX='"yes"'
lt_lt_cv_sys_global_symbol_pipe='"sed -n -e '\''s/^.*[ 	]\\([ABCDGIRSTW][ABCDGIRSTW]*\\)[ 	][ 	]*\\(\\)\\([_A-Za-z][_A-Za-z0-9]*\\)\$/\\1 \\2\\3 \\3/p'\''"'
lt_lt_cv_sys_global_symbol_to_c_name_address='"sed -n -e '\''s/^: \\([^ ]*\\) \$/  {\\\"\\1\\\", (lt_ptr) 0},/p'\'' -e '\''s/^[BCDEGRST] \\([^ ]*\\) \\([^ ]*\\)\$/  {\"\\2\", (lt_ptr) \\&\\2},/p'\''"'
lt_lt_cv_sys_global_symbol_to_cdecl='"sed -n -e '\''s/^. .* \\(.*\\)\$/extern int \\1;/p'\''"'

## ----------------- ##
## Output variables. ##
## ----------------- ##

ACLOCAL='${SHELL} /home/HEx/gift/giFT/missing --run aclocal-1.7'
AMDEPBACKSLASH='\'
AMDEP_FALSE='#'
AMDEP_TRUE=''
AMTAR='${SHELL} /home/HEx/gift/giFT/missing --run tar'
AR='ar'
AUTOCONF='${SHELL} /home/HEx/gift/giFT/missing --run autoconf'
AUTOHEADER='${SHELL} /home/HEx/gift/giFT/missing --run autoheader'
AUTOMAKE='${SHELL} /home/HEx/gift/giFT/missing --run automake-1.7'
AWK='mawk'
BUILD_DOCS_FALSE=''
BUILD_DOCS_TRUE='#'
CC='gcc'
CCDEPMODE='depmode=gcc3'
CFLAGS='-g -O2 -Wall -g3 -O0'
CPP='gcc -E'
CPPFLAGS=''
CXX='g++'
CXXCPP='g++ -E'
CXXDEPMODE='depmode=gcc3'
CXXFLAGS='-g -O2'
CYGPATH_W='echo'
DEFS='-DHAVE_CONFIG_H'
DEPDIR='.deps'
DL_CFLAGS=''
DL_LDFLAGS=''
DL_LIBS='-lltdl'
ECHO='echo'
ECHO_C=''
ECHO_N='-n'
ECHO_T=''
EGREP='grep -E'
EXEEXT=''
F77=''
FFLAGS=''
GIFTD_MAJOR='0'
GIFTD_MICRO='6'
GIFTD_MINOR='11'
GIFTD_VERSION='0.11.6'
GIFTD_VERSIONSTR='"0.11.6"'
GIFT_CFLAGS='-g -O2 -Wall -g3 -O0'
GIFT_LDFLAGS=''
GIFT_LIBS='-lnsl '
IMAGEMAGICK_CFLAGS=''
IMAGEMAGICK_FALSE='#'
IMAGEMAGICK_LDFLAGS=''
IMAGEMAGICK_LIBS=''
IMAGEMAGICK_TRUE=''
INSTALL_DATA='${INSTALL} -m 644'
INSTALL_PROGRAM='${INSTALL}'
INSTALL_SCRIPT='${INSTALL}'
INSTALL_STRIP_PROGRAM='${SHELL} $(install_sh) -c -s'
LDFLAGS=''
LIBGIFTPROTO_MAJOR='0'
LIBGIFTPROTO_MICRO='6'
LIBGIFTPROTO_MINOR='11'
LIBGIFTPROTO_VERSION='0.11.6'
LIBGIFTPROTO_VERSIONSTR='"0.11.6"'
LIBGIFT_MAJOR='0'
LIBGIFT_MICRO='6'
LIBGIFT_MINOR='11'
LIBGIFT_VERSION='0.11.6'
LIBGIFT_VERSIONSTR='"0.11.6"'
LIBMAGIC_FALSE=''
LIBMAGIC_TRUE='#'
LIBOBJS=''
LIBS='-lnsl '
LIBTOOL='$(SHELL) $(top_builddir)/libtool'
LIBVORBIS_FALSE='#'
LIBVORBIS_TRUE=''
LN_S='ln -s'
LTDL_FALSE='#'
LTDL_TRUE=''
LTLIBOBJS=''
MAINT=''
MAINTAINER_MODE_FALSE='#'
MAINTAINER_MODE_TRUE=''
MAKEINFO='${SHELL} /home/HEx/gift/giFT/missing --run makeinfo'
OBJEXT='o'
PACKAGE='gift'
PACKAGE_BUGREPORT=''
PACKAGE_NAME='giFT'
PACKAGE_STRING='giFT 0.11.7'
PACKAGE_TARNAME='gift'
PACKAGE_VERSION='0.11.7'
PATH_SEPARATOR=':'
PERL='/usr/bin/perl'
PERL_CFLAGS=''
PERL_FALSE=''
PERL_LIBS=''
PERL_TRUE='#'
RANLIB='ranlib'
SED='/bin/sed'
SET_MAKE=''
SHELL='/bin/sh'
STRIP='strip'
USE_LTDL=''
VERSION='0.11.7'
VORBISENC_LIBS='-L/usr/local/lib -lvorbisenc'
VORBISFILE_LIBS='-L/usr/local/lib -lvorbisfile'
VORBIS_CFLAGS='-I/usr/local/include'
VORBIS_LIBS='-L/usr/local/lib -lvorbis -lm'
XSLTPROC=''
ac_ct_AR='ar'
ac_ct_CC='gcc'
ac_ct_CXX='g++'
ac_ct_F77=''
ac_ct_RANLIB='ranlib'
ac_ct_STRIP='strip'
am__fastdepCC_FALSE='#'
am__fastdepCC_TRUE=''
am__fastdepCXX_FALSE='#'
am__fastdepCXX_TRUE=''
am__include='include'
am__leading_dot='.'
am__quote=''
bindir='${exec_prefix}/bin'
build='i686-pc-linux-gnu'
build_alias=''
build_cpu='i686'
build_os='linux-gnu'
build_vendor='pc'
datadir='${prefix}/share'
exec_prefix='${prefix}'
giftdatadir='/usr/local/share/giFT'
giftperldir='/usr/local/bin'
host='i686-pc-linux-gnu'
host_alias=''
host_cpu='i686'
host_os='linux-gnu'
host_vendor='pc'
includedir='${prefix}/include'
infodir='${prefix}/info'
install_sh='/home/HEx/gift/giFT/install-sh'
libdir='${exec_prefix}/lib'
libexecdir='${exec_prefix}/libexec'
libgiftincdir='/usr/local/include/libgift'
localstatedir='${prefix}/var'
mandir='${prefix}/man'
oldincludedir='/usr/include'
perlpath=''
plugindir='/usr/local/lib/giFT'
prefix='/usr/local'
program_transform_name='s,x,x,'
sbindir='${exec_prefix}/sbin'
sharedstatedir='${prefix}/com'
sysconfdir='${prefix}/etc'
target_alias=''

## ------------- ##
## Output files. ##
## ------------- ##

GIFT_FEATURES='gconfdefs.h'

## ----------- ##
## confdefs.h. ##
## ----------- ##

#define BUILD_DATE "Wed Jun  2 19:58:00 BST 2004"
#define HAVE_DIRENT_H 1
#define HAVE_DIRENT_H 1
#define HAVE_DLFCN_H 1
#define HAVE_FCNTL_H 1
#define HAVE_GETOPT_H 1
#define HAVE_GETPAGESIZE 1
#define HAVE_INTTYPES_H 1
#define HAVE_INTTYPES_H 1
#define HAVE_LIBNSL 1
#define HAVE_LIMITS_H 1
#define HAVE_LINUX_LIMITS_H 1
#define HAVE_LTDL_H 1
#define HAVE_MEMORY_H 1
#define HAVE_MMAP 1
#define HAVE_SIGNAL_H 1
#define HAVE_STDINT_H 1
#define HAVE_STDINT_H 1
#define HAVE_STDLIB_H 1
#define HAVE_STDLIB_H 1
#define HAVE_STRINGS_H 1
#define HAVE_STRING_H 1
#define HAVE_SYSLOG_H 1
#define HAVE_SYS_MMAN_H 1
#define HAVE_SYS_STAT_H 1
#define HAVE_SYS_TIME_H 1
#define HAVE_SYS_TYPES_H 1
#define HAVE_SYS_WAIT_H 1
#define HAVE_UNISTD_H 1
#define HAVE_UNISTD_H 1
#define HAVE_UNISTD_H 1
#define PACKAGE "gift"
#define PACKAGE_BUGREPORT ""
#define PACKAGE_NAME "giFT"
#define PACKAGE_STRING "giFT 0.11.7"
#define PACKAGE_TARNAME "gift"
#define PACKAGE_VERSION "0.11.7"
#define SIZEOF_INT 4
#define SIZEOF_LONG 4
#define SIZEOF_LONG_LONG 8
#define SIZEOF_SHORT 2
#define SIZEOF_VOID_P 4
#define STDC_HEADERS 1
#define STDC_HEADERS 1
#define TIME_WITH_SYS_TIME 1
#define USE_GETOPT 1
#define USE_GETOPT_LONG 1
#define USE_LIBVORBIS 1
#define USE_LTDL 1
#define VERSION "0.11.7"
#endif
#ifdef __cplusplus
extern "C" void std::exit (int) throw (); using std::exit;

configure: exit 0

## ---------------------- ##
## Running config.status. ##
## ---------------------- ##

This file was extended by giFT config.status 0.11.7, which was
generated by GNU Autoconf 2.59.  Invocation command line was

  CONFIG_FILES    = 
  CONFIG_HEADERS  = 
  CONFIG_LINKS    = 
  CONFIG_COMMANDS = 
  $ ./config.status config.h

on sphere

config.status:891: creating config.h
config.status:1081: config.h is unchanged
