This file contains any messages produced by compilers while
running configure, to aid debugging if configure makes a mistake.

It was created by configure, which was
generated by GNU Autoconf 2.57.  Invocation command line was

  $ ./configure --cache-file=config.cache

## --------- ##
## Platform. ##
## --------- ##

hostname = sphere
uname -m = i686
uname -r = 2.4.20
uname -s = Linux
uname -v = #20 Sat May 10 22:19:57 BST 2003

/usr/bin/uname -p = unknown
/bin/uname -X     = unknown

/bin/arch              = i686
/usr/bin/arch -k       = unknown
/usr/convex/getsysinfo = unknown
hostinfo               = unknown
/bin/machine           = unknown
/usr/bin/oslevel       = unknown
/bin/universe          = unknown

PATH: /usr/local/bin
PATH: /usr/bin
PATH: /bin
PATH: /usr/bin/X11
PATH: /usr/games
PATH: /home/HEx/bin
PATH: /usr/local/bin


## ----------- ##
## Core tests. ##
## ----------- ##

configure:1360: creating cache config.cache
configure:1480: checking for a BSD-compatible install
configure:1534: result: /usr/bin/install -c
configure:1545: checking whether build environment is sane
configure:1588: result: yes
configure:1621: checking for gawk
configure:1637: found /usr/bin/gawk
configure:1647: result: gawk
configure:1657: checking whether make sets $(MAKE)
configure:1677: result: yes
configure:1891: checking for gcc
configure:1917: result: gcc-3.3
configure:2161: checking for C compiler version
configure:2164: gcc-3.3 --version </dev/null >&5
gcc-3.3 (GCC) 3.3.2 20030908 (Debian prerelease)
Copyright (C) 2003 Free Software Foundation, Inc.
This is free software; see the source for copying conditions.  There is NO
warranty; not even for MERCHANTABILITY or FITNESS FOR A PARTICULAR PURPOSE.

configure:2167: $? = 0
configure:2169: gcc-3.3 -v </dev/null >&5
Reading specs from /usr/lib/gcc-lib/i486-linux/3.3.2/specs
Configured with: ../src/configure -v --enable-languages=c,c++,java,f77,pascal,objc,ada,treelang --prefix=/usr --mandir=/usr/share/man --infodir=/usr/share/info --with-gxx-include-dir=/usr/include/c++/3.3 --enable-shared --with-system-zlib --enable-nls --without-included-gettext --enable-__cxa_atexit --enable-clocale=gnu --enable-debug --enable-java-gc=boehm --enable-java-awt=xlib --enable-objc-gc i486-linux
Thread model: posix
gcc version 3.3.2 20030908 (Debian prerelease)
configure:2172: $? = 0
configure:2174: gcc-3.3 -V </dev/null >&5
gcc-3.3: `-V' option must have argument
configure:2177: $? = 1
configure:2201: checking for C compiler default output
configure:2204: gcc-3.3    conftest.c  >&5
configure:2207: $? = 0
configure:2253: result: a.out
configure:2258: checking whether the C compiler works
configure:2264: ./a.out
configure:2267: $? = 0
configure:2284: result: yes
configure:2291: checking whether we are cross compiling
configure:2293: result: no
configure:2296: checking for suffix of executables
configure:2298: gcc-3.3 -o conftest    conftest.c  >&5
configure:2301: $? = 0
configure:2326: result: 
configure:2332: checking for suffix of object files
configure:2354: gcc-3.3 -c   conftest.c >&5
configure:2357: $? = 0
configure:2379: result: o
configure:2383: checking whether we are using the GNU C compiler
configure:2408: gcc-3.3 -c   conftest.c >&5
configure:2411: $? = 0
configure:2414: test -s conftest.o
configure:2417: $? = 0
configure:2430: result: yes
configure:2436: checking whether gcc-3.3 accepts -g
configure:2458: gcc-3.3 -c -g  conftest.c >&5
configure:2461: $? = 0
configure:2464: test -s conftest.o
configure:2467: $? = 0
configure:2478: result: yes
configure:2495: checking for gcc-3.3 option to accept ANSI C
configure:2556: gcc-3.3  -c -g -O2  conftest.c >&5
configure:2559: $? = 0
configure:2562: test -s conftest.o
configure:2565: $? = 0
configure:2583: result: none needed
configure:2601: gcc-3.3 -c -g -O2  conftest.c >&5
conftest.c:2: error: syntax error before "me"
configure:2604: $? = 1
configure: failed program was:
| #ifndef __cplusplus
|   choke me
| #endif
configure:2724: checking for style of include used by make
configure:2752: result: GNU
configure:2780: checking dependency style of gcc-3.3
configure:2848: result: gcc3
configure:2869: checking for gcc-3.3 option to accept ANSI C
configure:2933: gcc-3.3  -c -g -O2  conftest.c >&5
configure:2936: $? = 0
configure:2939: test -s conftest.o
configure:2942: $? = 0
configure:2957: result: none needed
configure:2973: checking how to run the C preprocessor
configure:3009: gcc-3.3 -E  conftest.c
configure:3015: $? = 0
configure:3047: gcc-3.3 -E  conftest.c
configure:3048:28: ac_nonexistent.h: No such file or directory
configure:3053: $? = 1
configure: failed program was:
| #line 3038 "configure"
| /* confdefs.h.  */
| 
| #define PACKAGE_NAME ""
| #define PACKAGE_TARNAME ""
| #define PACKAGE_VERSION ""
| #define PACKAGE_STRING ""
| #define PACKAGE_BUGREPORT ""
| #define PACKAGE "giFT-SoulSeek"
| #define VERSION "0.0.1"
| /* end confdefs.h.  */
| #include <ac_nonexistent.h>
configure:3091: result: gcc-3.3 -E
configure:3116: gcc-3.3 -E  conftest.c
configure:3122: $? = 0
configure:3154: gcc-3.3 -E  conftest.c
configure:3155:28: ac_nonexistent.h: No such file or directory
configure:3160: $? = 1
configure: failed program was:
| #line 3145 "configure"
| /* confdefs.h.  */
| 
| #define PACKAGE_NAME ""
| #define PACKAGE_TARNAME ""
| #define PACKAGE_VERSION ""
| #define PACKAGE_STRING ""
| #define PACKAGE_BUGREPORT ""
| #define PACKAGE "giFT-SoulSeek"
| #define VERSION "0.0.1"
| /* end confdefs.h.  */
| #include <ac_nonexistent.h>
configure:3203: checking for egrep
configure:3213: result: grep -E
configure:3218: checking for ANSI C header files
configure:3244: gcc-3.3 -c -g -O2  conftest.c >&5
configure:3247: $? = 0
configure:3250: test -s conftest.o
configure:3253: $? = 0
configure:3342: gcc-3.3 -o conftest -g -O2   conftest.c  >&5
configure:3345: $? = 0
configure:3347: ./conftest
configure:3350: $? = 0
configure:3365: result: yes
configure:3387: checking for a BSD-compatible install
configure:3441: result: /usr/bin/install -c
configure:3525: checking build system type
configure:3543: result: i686-pc-linux-gnu
configure:3551: checking host system type
configure:3565: result: i686-pc-linux-gnu
configure:3595: checking for ld used by GCC
configure:3658: result: /usr/bin/ld
configure:3667: checking if the linker (/usr/bin/ld) is GNU ld
GNU ld version 2.13.90.0.16 20021126 Debian GNU/Linux
configure:3679: result: yes
configure:3684: checking for /usr/bin/ld option to reload object files
configure:3691: result: -r
configure:3696: checking for BSD-compatible nm
configure:3732: result: /usr/bin/nm -B
configure:3735: checking for a sed that does not truncate output
configure:3817: result: /bin/sed
configure:3820: checking whether ln -s works
configure:3824: result: yes
configure:3831: checking how to recognise dependent libraries
configure:4012: result: pass_all
configure:4024: checking command to parse /usr/bin/nm -B output
configure:4108: gcc-3.3 -c -g -O2  conftest.c >&5
configure:4111: $? = 0
configure:4115: /usr/bin/nm -B conftest.o \| sed -n -e 's/^.*[ 	]\([ABCDGISTW][ABCDGISTW]*\)[ 	][ 	]*\(\)\([_A-Za-z][_A-Za-z0-9]*\)$/\1 \2\3 \3/p' \> conftest.nm
configure:4118: $? = 0
configure:4170: gcc-3.3 -o conftest -g -O2   conftest.c conftstm.o >&5
configure:4173: $? = 0
configure:4217: result: ok
configure:4235: checking for sys/types.h
configure:4252: gcc-3.3 -c -g -O2  conftest.c >&5
configure:4255: $? = 0
configure:4258: test -s conftest.o
configure:4261: $? = 0
configure:4272: result: yes
configure:4235: checking for sys/stat.h
configure:4252: gcc-3.3 -c -g -O2  conftest.c >&5
configure:4255: $? = 0
configure:4258: test -s conftest.o
configure:4261: $? = 0
configure:4272: result: yes
configure:4235: checking for stdlib.h
configure:4252: gcc-3.3 -c -g -O2  conftest.c >&5
configure:4255: $? = 0
configure:4258: test -s conftest.o
configure:4261: $? = 0
configure:4272: result: yes
configure:4235: checking for string.h
configure:4252: gcc-3.3 -c -g -O2  conftest.c >&5
configure:4255: $? = 0
configure:4258: test -s conftest.o
configure:4261: $? = 0
configure:4272: result: yes
configure:4235: checking for memory.h
configure:4252: gcc-3.3 -c -g -O2  conftest.c >&5
configure:4255: $? = 0
configure:4258: test -s conftest.o
configure:4261: $? = 0
configure:4272: result: yes
configure:4235: checking for strings.h
configure:4252: gcc-3.3 -c -g -O2  conftest.c >&5
configure:4255: $? = 0
configure:4258: test -s conftest.o
configure:4261: $? = 0
configure:4272: result: yes
configure:4235: checking for inttypes.h
configure:4252: gcc-3.3 -c -g -O2  conftest.c >&5
configure:4255: $? = 0
configure:4258: test -s conftest.o
configure:4261: $? = 0
configure:4272: result: yes
configure:4235: checking for stdint.h
configure:4252: gcc-3.3 -c -g -O2  conftest.c >&5
configure:4255: $? = 0
configure:4258: test -s conftest.o
configure:4261: $? = 0
configure:4272: result: yes
configure:4235: checking for unistd.h
configure:4252: gcc-3.3 -c -g -O2  conftest.c >&5
configure:4255: $? = 0
configure:4258: test -s conftest.o
configure:4261: $? = 0
configure:4272: result: yes
configure:4298: checking dlfcn.h usability
configure:4311: gcc-3.3 -c -g -O2  conftest.c >&5
configure:4314: $? = 0
configure:4317: test -s conftest.o
configure:4320: $? = 0
configure:4330: result: yes
configure:4334: checking dlfcn.h presence
configure:4345: gcc-3.3 -E  conftest.c
configure:4351: $? = 0
configure:4370: result: yes
configure:4406: checking for dlfcn.h
configure:4413: result: yes
configure:4611: checking for ranlib
configure:4627: found /usr/bin/ranlib
configure:4638: result: ranlib
configure:4691: checking for strip
configure:4707: found /usr/bin/strip
configure:4718: result: strip
configure:4928: checking for objdir
configure:4939: result: .libs
configure:4956: checking for gcc-3.3 option to produce PIC
configure:5102: result: -fPIC
configure:5106: checking if gcc-3.3 PIC flag -fPIC works
configure:5130: gcc-3.3 -c -g -O2 -fPIC -DPIC  conftest.c >&5
configure:5133: $? = 0
configure:5136: test -s conftest.o
configure:5139: $? = 0
configure:5177: result: yes
configure:5193: checking if gcc-3.3 static flag -static works
configure:5218: gcc-3.3 -o conftest -g -O2   -static conftest.c  >&5
configure:5221: $? = 0
configure:5224: test -s conftest
configure:5227: $? = 0
configure:5243: result: yes
configure:5255: checking if gcc-3.3 supports -c -o file.o
configure:5278: gcc-3.3 -c -g -O2 -o out/conftest2.o  conftest.c >&5
configure:5299: result: yes
configure:5304: checking if gcc-3.3 supports -c -o file.lo
configure:5332: gcc-3.3 -c -g -O2 -c -o conftest.lo  conftest.c >&5
configure:5335: $? = 0
configure:5338: test -s conftest.lo
configure:5341: $? = 0
configure:5363: result: yes
configure:5394: checking if gcc-3.3 supports -fno-rtti -fno-exceptions
configure:5417: gcc-3.3 -c -g -O2 -fno-rtti -fno-exceptions -c conftest.c  conftest.c >&5
cc1: warning: "-fno-rtti" is valid for C++ but not for C/ObjC
cc1: warning: "-fno-rtti" is valid for C++ but not for C/ObjC
configure:5420: $? = 0
configure:5423: test -s conftest.o
configure:5426: $? = 0
configure:5443: result: yes
configure:5454: checking whether the linker (/usr/bin/ld) supports shared libraries
configure:6149: result: yes
configure:6154: checking how to hardcode library paths into programs
configure:6178: result: immediate
configure:6183: checking whether stripping libraries is possible
configure:6188: result: yes
configure:6199: checking dynamic linker characteristics
configure:6619: result: GNU/Linux ld.so
configure:6624: checking if libtool supports shared libraries
configure:6626: result: yes
configure:6629: checking whether to build shared libraries
configure:6650: result: yes
configure:6653: checking whether to build static libraries
configure:6657: result: no
configure:7331: checking whether -lc should be explicitly linked in
configure:7339: gcc-3.3 -c -g -O2  conftest.c >&5
configure:7342: $? = 0
configure:7356: gcc-3.3 -shared conftest.o  -v -Wl,-soname -Wl,conftest -o conftest 2\>\&1 \| grep  -lc  \>/dev/null 2\>\&1
configure:7359: $? = 0
configure:7372: result: no
configure:8011: checking for zlib version 1.1.4+ in /usr
configure:8034: gcc-3.3 -o conftest -g -Wall  -I/usr/include  conftest.c  -L/usr/lib >&5
configure:8043: warning: return type of `main' is not `int'
configure: In function `main':
configure:8044: warning: implicit declaration of function `exit'
configure:8037: $? = 0
configure:8039: ./conftest
configure:8042: $? = 0
configure:8056: result: yes
configure:8060: checking for gzread
configure:8110: gcc-3.3 -o conftest -g -Wall  -I/usr/include  conftest.c  -L/usr/lib >&5
/tmp/ccwrZMs0.o(.text+0x16): In function `main':
/home/HEx/gift/giFT-SoulSeek/configure:8119: undefined reference to `gzread'
/tmp/ccwrZMs0.o(.data+0x0):/home/HEx/gift/giFT-SoulSeek/configure:8118: undefined reference to `gzread'
collect2: ld returned 1 exit status
configure:8113: $? = 1
configure: failed program was:
| #line 8065 "configure"
| /* confdefs.h.  */
| 
| #define PACKAGE_NAME ""
| #define PACKAGE_TARNAME ""
| #define PACKAGE_VERSION ""
| #define PACKAGE_STRING ""
| #define PACKAGE_BUGREPORT ""
| #define PACKAGE "giFT-SoulSeek"
| #define VERSION "0.0.1"
| #define STDC_HEADERS 1
| #define HAVE_SYS_TYPES_H 1
| #define HAVE_SYS_STAT_H 1
| #define HAVE_STDLIB_H 1
| #define HAVE_STRING_H 1
| #define HAVE_MEMORY_H 1
| #define HAVE_STRINGS_H 1
| #define HAVE_INTTYPES_H 1
| #define HAVE_STDINT_H 1
| #define HAVE_UNISTD_H 1
| #define HAVE_DLFCN_H 1
| #define BUILD_DATE "Wed Dec 24 23:22:56 GMT 2003"
| /* end confdefs.h.  */
| /* System header to define __stub macros and hopefully few prototypes,
|     which can conflict with char gzread (); below.
|     Prefer <limits.h> to <assert.h> if __STDC__ is defined, since
|     <limits.h> exists even on freestanding compilers.  */
| #ifdef __STDC__
| # include <limits.h>
| #else
| # include <assert.h>
| #endif
| /* Override any gcc2 internal prototype to avoid an error.  */
| #ifdef __cplusplus
| extern "C"
| {
| #endif
| /* We use char because int might match the return type of a gcc2
|    builtin and then its argument prototype would still apply.  */
| char gzread ();
| /* The GNU C library defines this for functions which it implements
|     to always fail with ENOSYS.  Some functions are actually named
|     something starting with __ and the normal name is an alias.  */
| #if defined (__stub_gzread) || defined (__stub___gzread)
| choke me
| #else
| char (*f) () = gzread;
| #endif
| #ifdef __cplusplus
| }
| #endif
| 
| int
| main ()
| {
| return f != gzread;
|   ;
|   return 0;
| }
configure:8130: result: no
configure:8136: checking for gzread in -lz
configure:8167: gcc-3.3 -o conftest -g -Wall  -I/usr/include  conftest.c -lz   -L/usr/lib >&5
configure:8170: $? = 0
configure:8173: test -s conftest
configure:8176: $? = 0
configure:8188: result: yes
configure:8233: checking for giftd
configure:8251: found /usr/local/bin/giftd
configure:8263: result: /usr/local/bin/giftd
configure:8300: checking for pkg-config
configure:8318: found /usr/bin/pkg-config
configure:8330: result: /usr/bin/pkg-config
configure:8399: checking for libgift >= 0.11.4 libgift < 0.12.0
configure:8403: result: yes
configure:8407: checking SL_CFLAGS
configure:8410: result: -I/usr/local/include  
configure:8413: checking SL_LIBS
configure:8416: result: -L/usr/local/lib -lgift  
configure:8582: creating ./config.status

## ---------------------- ##
## Running config.status. ##
## ---------------------- ##

This file was extended by config.status, which was
generated by GNU Autoconf 2.57.  Invocation command line was

  CONFIG_FILES    = 
  CONFIG_HEADERS  = 
  CONFIG_LINKS    = 
  CONFIG_COMMANDS = 
  $ ./config.status 

on sphere

config.status:674: creating Makefile
config.status:674: creating m4/Makefile
config.status:674: creating src/Makefile
config.status:778: creating config.h
config.status:1013: executing depfiles commands

## ---------------- ##
## Cache variables. ##
## ---------------- ##

ac_cv_build=i686-pc-linux-gnu
ac_cv_build_alias=i686-pc-linux-gnu
ac_cv_c_compiler_gnu=yes
ac_cv_env_CC_set=set
ac_cv_env_CC_value=gcc-3.3
ac_cv_env_CFLAGS_set=
ac_cv_env_CFLAGS_value=
ac_cv_env_CPPFLAGS_set=
ac_cv_env_CPPFLAGS_value=
ac_cv_env_CPP_set=
ac_cv_env_CPP_value=
ac_cv_env_LDFLAGS_set=
ac_cv_env_LDFLAGS_value=
ac_cv_env_build_alias_set=
ac_cv_env_build_alias_value=
ac_cv_env_host_alias_set=
ac_cv_env_host_alias_value=
ac_cv_env_target_alias_set=
ac_cv_env_target_alias_value=
ac_cv_exeext=
ac_cv_func_gzread=no
ac_cv_header_dlfcn_h=yes
ac_cv_header_inttypes_h=yes
ac_cv_header_memory_h=yes
ac_cv_header_stdc=yes
ac_cv_header_stdint_h=yes
ac_cv_header_stdlib_h=yes
ac_cv_header_string_h=yes
ac_cv_header_strings_h=yes
ac_cv_header_sys_stat_h=yes
ac_cv_header_sys_types_h=yes
ac_cv_header_unistd_h=yes
ac_cv_host=i686-pc-linux-gnu
ac_cv_host_alias=i686-pc-linux-gnu
ac_cv_lib_z_gzread=yes
ac_cv_objext=o
ac_cv_path_PKG_CONFIG=/usr/bin/pkg-config
ac_cv_path_ac_prefix_program=/usr/local/bin/giftd
ac_cv_path_install='/usr/bin/install -c'
ac_cv_prog_AWK=gawk
ac_cv_prog_CPP='gcc-3.3 -E'
ac_cv_prog_ac_ct_CC=gcc-3.3
ac_cv_prog_ac_ct_RANLIB=ranlib
ac_cv_prog_ac_ct_STRIP=strip
ac_cv_prog_cc_g=yes
ac_cv_prog_cc_stdc=
ac_cv_prog_egrep='grep -E'
ac_cv_prog_make_make_set=yes
am_cv_CC_dependencies_compiler_type=gcc3
am_cv_prog_cc_stdc=
lt_cv_archive_cmds_need_lc=no
lt_cv_compiler_c_o=yes
lt_cv_compiler_o_lo=yes
lt_cv_deplibs_check_method=pass_all
lt_cv_file_magic_cmd='$MAGIC_CMD'
lt_cv_file_magic_test_file='/lib/libc.so.6 /lib/libc-2.3.2.so'
lt_cv_global_symbol_to_c_name_address='sed -n -e '\''s/^: \([^ ]*\) $/  {\"\1\", (lt_ptr) 0},/p'\'' -e '\''s/^[BCDEGRST] \([^ ]*\) \([^ ]*\)$/  {"\2", (lt_ptr) \&\2},/p'\'''
lt_cv_global_symbol_to_cdecl='sed -n -e '\''s/^. .* \(.*\)$/extern char \1;/p'\'''
lt_cv_ld_reload_flag=-r
lt_cv_path_LD=/usr/bin/ld
lt_cv_path_NM='/usr/bin/nm -B'
lt_cv_path_SED=/bin/sed
lt_cv_prog_cc_can_build_shared=yes
lt_cv_prog_cc_no_builtin=
lt_cv_prog_cc_pic=' -fPIC'
lt_cv_prog_cc_pic_works=yes
lt_cv_prog_cc_shlib=
lt_cv_prog_cc_static=-static
lt_cv_prog_cc_static_works=yes
lt_cv_prog_cc_wl=-Wl,
lt_cv_prog_gnu_ld=yes
lt_cv_sys_global_symbol_pipe='sed -n -e '\''s/^.*[ 	]\([ABCDGISTW][ABCDGISTW]*\)[ 	][ 	]*\(\)\([_A-Za-z][_A-Za-z0-9]*\)$/\1 \2\3 \3/p'\'''

## ----------------- ##
## Output variables. ##
## ----------------- ##

ACLOCAL='${SHELL} /home/HEx/gift/giFT-SoulSeek/missing --run aclocal-1.7'
AMDEPBACKSLASH='\'
AMDEP_FALSE='#'
AMDEP_TRUE=''
AMTAR='${SHELL} /home/HEx/gift/giFT-SoulSeek/missing --run tar'
AUTOCONF='${SHELL} /home/HEx/gift/giFT-SoulSeek/missing --run autoconf'
AUTOHEADER='${SHELL} /home/HEx/gift/giFT-SoulSeek/missing --run autoheader'
AUTOMAKE='${SHELL} /home/HEx/gift/giFT-SoulSeek/missing --run automake-1.7'
AWK='gawk'
CC='gcc-3.3'
CCDEPMODE='depmode=gcc3'
CFLAGS='-g -Wall'
CPP='gcc-3.3 -E'
CPPFLAGS=' -I/usr/include'
CYGPATH_W='echo'
DEFS='-DHAVE_CONFIG_H'
DEPDIR='.deps'
ECHO='echo'
ECHO_C=''
ECHO_N='-n'
ECHO_T=''
EGREP='grep -E'
EXEEXT=''
INSTALL_DATA='${INSTALL} -m 644'
INSTALL_PROGRAM='${INSTALL}'
INSTALL_SCRIPT='${INSTALL}'
INSTALL_STRIP_PROGRAM='${SHELL} $(install_sh) -c -s'
LDFLAGS=''
LIBOBJS=''
LIBS='-lz  -L/usr/lib'
LIBTOOL='$(SHELL) $(top_builddir)/libtool'
LN_S='ln -s'
LTLIBOBJS=''
MAKEINFO='${SHELL} /home/HEx/gift/giFT-SoulSeek/missing --run makeinfo'
OBJEXT='o'
PACKAGE='giFT-SoulSeek'
PACKAGE_BUGREPORT=''
PACKAGE_NAME=''
PACKAGE_STRING=''
PACKAGE_TARNAME=''
PACKAGE_VERSION=''
PATH_SEPARATOR=':'
PKG_CONFIG='/usr/bin/pkg-config'
PLUGIN_LDFLAGS='-module -avoid-version'
RANLIB='ranlib'
SET_MAKE=''
SHELL='/bin/sh'
SL_CFLAGS='-I/usr/local/include  '
SL_LIBS='-L/usr/local/lib -lgift   -lgiftproto'
STRIP='strip'
USE_ZLIB=''
VERSION='0.0.1'
ac_ct_CC='gcc-3.3'
ac_ct_RANLIB='ranlib'
ac_ct_STRIP='strip'
ac_prefix_program='/usr/local/bin/giftd'
am__fastdepCC_FALSE='#'
am__fastdepCC_TRUE=''
am__include='include'
am__leading_dot='.'
am__quote=''
bindir='${exec_prefix}/bin'
build='i686-pc-linux-gnu'
build_alias=''
build_cpu='i686'
build_os='linux-gnu'
build_vendor='pc'
datadir='/usr/local/share/giFT'
exec_prefix='${prefix}'
host='i686-pc-linux-gnu'
host_alias=''
host_cpu='i686'
host_os='linux-gnu'
host_vendor='pc'
includedir='${prefix}/include'
infodir='${prefix}/info'
install_sh='/home/HEx/gift/giFT-SoulSeek/install-sh'
libdir='${exec_prefix}/lib'
libexecdir='${exec_prefix}/libexec'
localstatedir='${prefix}/var'
mandir='${prefix}/man'
oldincludedir='/usr/include'
plugindir='/usr/local/lib/giFT'
prefix='/usr/local'
program_transform_name='s,x,x,'
sbindir='${exec_prefix}/sbin'
sharedstatedir='${prefix}/com'
sysconfdir='${prefix}/etc'
target_alias=''

## ----------- ##
## confdefs.h. ##
## ----------- ##

#define BUILD_DATE "Wed Dec 24 23:22:56 GMT 2003"
#define HAVE_DLFCN_H 1
#define HAVE_INTTYPES_H 1
#define HAVE_LIBZ 1
#define HAVE_MEMORY_H 1
#define HAVE_STDINT_H 1
#define HAVE_STDLIB_H 1
#define HAVE_STRINGS_H 1
#define HAVE_STRING_H 1
#define HAVE_SYS_STAT_H 1
#define HAVE_SYS_TYPES_H 1
#define HAVE_UNISTD_H 1
#define PACKAGE "giFT-SoulSeek"
#define PACKAGE_BUGREPORT ""
#define PACKAGE_NAME ""
#define PACKAGE_STRING ""
#define PACKAGE_TARNAME ""
#define PACKAGE_VERSION ""
#define STDC_HEADERS 1
#define USE_ZLIB 1
#define VERSION "0.0.1"

configure: exit 0

## ---------------------- ##
## Running config.status. ##
## ---------------------- ##

This file was extended by config.status, which was
generated by GNU Autoconf 2.57.  Invocation command line was

  CONFIG_FILES    = 
  CONFIG_HEADERS  = 
  CONFIG_LINKS    = 
  CONFIG_COMMANDS = 
  $ ./config.status config.h

on sphere

config.status:778: creating config.h
config.status:891: config.h is unchanged
