This file contains any messages produced by compilers while
running configure, to aid debugging if configure makes a mistake.

It was created by gift-gnutella configure 0.0.10, which was
generated by GNU Autoconf 2.59.  Invocation command line was

  $ ./configure --with-libxml

## --------- ##
## Platform. ##
## --------- ##

hostname = sphere
uname -m = i686
uname -r = 2.4.25
uname -s = Linux
uname -v = #30 Thu Feb 19 13:54:21 GMT 2004

/usr/bin/uname -p = unknown
/bin/uname -X     = unknown

/bin/arch              = i686
/usr/bin/arch -k       = unknown
/usr/convex/getsysinfo = unknown
hostinfo               = unknown
/bin/machine           = unknown
/usr/bin/oslevel       = unknown
/bin/universe          = unknown

PATH: /usr/local/bin
PATH: /usr/bin
PATH: /bin
PATH: /usr/bin/X11
PATH: /usr/games
PATH: /home/HEx/bin
PATH: /usr/local/bin
PATH: /home/HEx/bin
PATH: /usr/local/bin


## ----------- ##
## Core tests. ##
## ----------- ##

configure:1587: checking for a BSD-compatible install
configure:1642: result: /usr/bin/install -c
configure:1653: checking whether build environment is sane
configure:1696: result: yes
configure:1729: checking for gawk
configure:1758: result: no
configure:1729: checking for mawk
configure:1745: found /usr/bin/mawk
configure:1755: result: mawk
configure:1765: checking whether make sets $(MAKE)
configure:1785: result: yes
configure:1952: checking whether to enable maintainer-specific portions of Makefiles
configure:1961: result: no
configure:2030: checking for gcc
configure:2046: found /usr/bin/gcc
configure:2056: result: gcc
configure:2300: checking for C compiler version
configure:2303: gcc --version </dev/null >&5
gcc (GCC) 3.3.3 (Debian 20040321)
Copyright (C) 2003 Free Software Foundation, Inc.
This is free software; see the source for copying conditions.  There is NO
warranty; not even for MERCHANTABILITY or FITNESS FOR A PARTICULAR PURPOSE.

configure:2306: $? = 0
configure:2308: gcc -v </dev/null >&5
Reading specs from /usr/lib/gcc-lib/i486-linux/3.3.3/specs
Configured with: ../src/configure -v --enable-languages=c,c++,java,f77,pascal,objc,ada,treelang --prefix=/usr --mandir=/usr/share/man --infodir=/usr/share/info --with-gxx-include-dir=/usr/include/c++/3.3 --enable-shared --with-system-zlib --enable-nls --without-included-gettext --enable-__cxa_atexit --enable-clocale=gnu --enable-debug --enable-java-gc=boehm --enable-java-awt=xlib,gtk --enable-objc-gc i486-linux
Thread model: posix
gcc version 3.3.3 (Debian 20040321)
configure:2311: $? = 0
configure:2313: gcc -V </dev/null >&5
gcc: `-V' option must have argument
configure:2316: $? = 1
configure:2339: checking for C compiler default output file name
configure:2342: gcc    conftest.c  >&5
configure:2345: $? = 0
configure:2391: result: a.out
configure:2396: checking whether the C compiler works
configure:2402: ./a.out
configure:2405: $? = 0
configure:2422: result: yes
configure:2429: checking whether we are cross compiling
configure:2431: result: no
configure:2434: checking for suffix of executables
configure:2436: gcc -o conftest    conftest.c  >&5
configure:2439: $? = 0
configure:2464: result: 
configure:2470: checking for suffix of object files
configure:2491: gcc -c   conftest.c >&5
configure:2494: $? = 0
configure:2516: result: o
configure:2520: checking whether we are using the GNU C compiler
configure:2544: gcc -c   conftest.c >&5
configure:2550: $? = 0
configure:2553: test -z 			 || test ! -s conftest.err
configure:2556: $? = 0
configure:2559: test -s conftest.o
configure:2562: $? = 0
configure:2575: result: yes
configure:2581: checking whether gcc accepts -g
configure:2602: gcc -c -g  conftest.c >&5
configure:2608: $? = 0
configure:2611: test -z 			 || test ! -s conftest.err
configure:2614: $? = 0
configure:2617: test -s conftest.o
configure:2620: $? = 0
configure:2631: result: yes
configure:2648: checking for gcc option to accept ANSI C
configure:2718: gcc  -c -g -O2  conftest.c >&5
configure:2724: $? = 0
configure:2727: test -z 			 || test ! -s conftest.err
configure:2730: $? = 0
configure:2733: test -s conftest.o
configure:2736: $? = 0
configure:2754: result: none needed
configure:2772: gcc -c -g -O2  conftest.c >&5
conftest.c:2: error: parse error before "me"
configure:2778: $? = 1
configure: failed program was:
| #ifndef __cplusplus
|   choke me
| #endif
configure:2919: checking for style of include used by make
configure:2947: result: GNU
configure:2975: checking dependency style of gcc
configure:3058: result: gcc3
configure:3079: checking for gcc option to accept ANSI C
configure:3142: gcc  -c -g -O2  conftest.c >&5
configure:3148: $? = 0
configure:3151: test -z 			 || test ! -s conftest.err
configure:3154: $? = 0
configure:3157: test -s conftest.o
configure:3160: $? = 0
configure:3175: result: none needed
configure:3191: checking how to run the C preprocessor
configure:3226: gcc -E  conftest.c
configure:3232: $? = 0
configure:3264: gcc -E  conftest.c
conftest.c:15:28: ac_nonexistent.h: No such file or directory
configure:3270: $? = 1
configure: failed program was:
| /* confdefs.h.  */
| 
| #define PACKAGE_NAME "gift-gnutella"
| #define PACKAGE_TARNAME "gift-gnutella"
| #define PACKAGE_VERSION "0.0.10"
| #define PACKAGE_STRING "gift-gnutella 0.0.10"
| #define PACKAGE_BUGREPORT ""
| #define GT_MAJOR_VERSION "0"
| #define GT_MINOR_VERSION "0"
| #define GT_MICRO_VERSION "10"
| #define GT_EXTRA_VERSION "-cvs"
| #define PACKAGE "gift-gnutella"
| #define VERSION "0.0.10"
| /* end confdefs.h.  */
| #include <ac_nonexistent.h>
configure:3309: result: gcc -E
configure:3333: gcc -E  conftest.c
configure:3339: $? = 0
configure:3371: gcc -E  conftest.c
conftest.c:15:28: ac_nonexistent.h: No such file or directory
configure:3377: $? = 1
configure: failed program was:
| /* confdefs.h.  */
| 
| #define PACKAGE_NAME "gift-gnutella"
| #define PACKAGE_TARNAME "gift-gnutella"
| #define PACKAGE_VERSION "0.0.10"
| #define PACKAGE_STRING "gift-gnutella 0.0.10"
| #define PACKAGE_BUGREPORT ""
| #define GT_MAJOR_VERSION "0"
| #define GT_MINOR_VERSION "0"
| #define GT_MICRO_VERSION "10"
| #define GT_EXTRA_VERSION "-cvs"
| #define PACKAGE "gift-gnutella"
| #define VERSION "0.0.10"
| /* end confdefs.h.  */
| #include <ac_nonexistent.h>
configure:3421: checking for egrep
configure:3431: result: grep -E
configure:3436: checking for ANSI C header files
configure:3461: gcc -c -g -O2  conftest.c >&5
configure:3467: $? = 0
configure:3470: test -z 			 || test ! -s conftest.err
configure:3473: $? = 0
configure:3476: test -s conftest.o
configure:3479: $? = 0
configure:3565: gcc -o conftest -g -O2   conftest.c  >&5
configure:3568: $? = 0
configure:3570: ./conftest
configure:3573: $? = 0
configure:3588: result: yes
configure:3611: checking for a BSD-compatible install
configure:3666: result: /usr/bin/install -c
configure:3757: checking build system type
configure:3775: result: i686-pc-linux-gnu
configure:3783: checking host system type
configure:3797: result: i686-pc-linux-gnu
configure:3805: checking for a sed that does not truncate output
configure:3859: result: /bin/sed
configure:3873: checking for ld used by gcc
configure:3940: result: /usr/bin/ld
configure:3949: checking if the linker (/usr/bin/ld) is GNU ld
configure:3964: result: yes
configure:3969: checking for /usr/bin/ld option to reload object files
configure:3976: result: -r
configure:3985: checking for BSD-compatible nm
configure:4027: result: /usr/bin/nm -B
configure:4031: checking whether ln -s works
configure:4035: result: yes
configure:4042: checking how to recognise dependent libraries
configure:4216: result: pass_all
configure:4437: checking for sys/types.h
configure:4453: gcc -c -g -O2  conftest.c >&5
configure:4459: $? = 0
configure:4462: test -z 			 || test ! -s conftest.err
configure:4465: $? = 0
configure:4468: test -s conftest.o
configure:4471: $? = 0
configure:4482: result: yes
configure:4437: checking for sys/stat.h
configure:4453: gcc -c -g -O2  conftest.c >&5
configure:4459: $? = 0
configure:4462: test -z 			 || test ! -s conftest.err
configure:4465: $? = 0
configure:4468: test -s conftest.o
configure:4471: $? = 0
configure:4482: result: yes
configure:4437: checking for stdlib.h
configure:4453: gcc -c -g -O2  conftest.c >&5
configure:4459: $? = 0
configure:4462: test -z 			 || test ! -s conftest.err
configure:4465: $? = 0
configure:4468: test -s conftest.o
configure:4471: $? = 0
configure:4482: result: yes
configure:4437: checking for string.h
configure:4453: gcc -c -g -O2  conftest.c >&5
configure:4459: $? = 0
configure:4462: test -z 			 || test ! -s conftest.err
configure:4465: $? = 0
configure:4468: test -s conftest.o
configure:4471: $? = 0
configure:4482: result: yes
configure:4437: checking for memory.h
configure:4453: gcc -c -g -O2  conftest.c >&5
configure:4459: $? = 0
configure:4462: test -z 			 || test ! -s conftest.err
configure:4465: $? = 0
configure:4468: test -s conftest.o
configure:4471: $? = 0
configure:4482: result: yes
configure:4437: checking for strings.h
configure:4453: gcc -c -g -O2  conftest.c >&5
configure:4459: $? = 0
configure:4462: test -z 			 || test ! -s conftest.err
configure:4465: $? = 0
configure:4468: test -s conftest.o
configure:4471: $? = 0
configure:4482: result: yes
configure:4437: checking for inttypes.h
configure:4453: gcc -c -g -O2  conftest.c >&5
configure:4459: $? = 0
configure:4462: test -z 			 || test ! -s conftest.err
configure:4465: $? = 0
configure:4468: test -s conftest.o
configure:4471: $? = 0
configure:4482: result: yes
configure:4437: checking for stdint.h
configure:4453: gcc -c -g -O2  conftest.c >&5
configure:4459: $? = 0
configure:4462: test -z 			 || test ! -s conftest.err
configure:4465: $? = 0
configure:4468: test -s conftest.o
configure:4471: $? = 0
configure:4482: result: yes
configure:4437: checking for unistd.h
configure:4453: gcc -c -g -O2  conftest.c >&5
configure:4459: $? = 0
configure:4462: test -z 			 || test ! -s conftest.err
configure:4465: $? = 0
configure:4468: test -s conftest.o
configure:4471: $? = 0
configure:4482: result: yes
configure:4508: checking dlfcn.h usability
configure:4520: gcc -c -g -O2  conftest.c >&5
configure:4526: $? = 0
configure:4529: test -z 			 || test ! -s conftest.err
configure:4532: $? = 0
configure:4535: test -s conftest.o
configure:4538: $? = 0
configure:4548: result: yes
configure:4552: checking dlfcn.h presence
configure:4562: gcc -E  conftest.c
configure:4568: $? = 0
configure:4588: result: yes
configure:4623: checking for dlfcn.h
configure:4630: result: yes
configure:4695: checking for g++
configure:4711: found /usr/bin/g++
configure:4721: result: g++
configure:4737: checking for C++ compiler version
configure:4740: g++ --version </dev/null >&5
g++ (GCC) 3.3.3 (Debian 20040321)
Copyright (C) 2003 Free Software Foundation, Inc.
This is free software; see the source for copying conditions.  There is NO
warranty; not even for MERCHANTABILITY or FITNESS FOR A PARTICULAR PURPOSE.

configure:4743: $? = 0
configure:4745: g++ -v </dev/null >&5
Reading specs from /usr/lib/gcc-lib/i486-linux/3.3.3/specs
Configured with: ../src/configure -v --enable-languages=c,c++,java,f77,pascal,objc,ada,treelang --prefix=/usr --mandir=/usr/share/man --infodir=/usr/share/info --with-gxx-include-dir=/usr/include/c++/3.3 --enable-shared --with-system-zlib --enable-nls --without-included-gettext --enable-__cxa_atexit --enable-clocale=gnu --enable-debug --enable-java-gc=boehm --enable-java-awt=xlib,gtk --enable-objc-gc i486-linux
Thread model: posix
gcc version 3.3.3 (Debian 20040321)
configure:4748: $? = 0
configure:4750: g++ -V </dev/null >&5
g++: `-V' option must have argument
configure:4753: $? = 1
configure:4756: checking whether we are using the GNU C++ compiler
configure:4780: g++ -c   conftest.cc >&5
configure:4786: $? = 0
configure:4789: test -z 			 || test ! -s conftest.err
configure:4792: $? = 0
configure:4795: test -s conftest.o
configure:4798: $? = 0
configure:4811: result: yes
configure:4817: checking whether g++ accepts -g
configure:4838: g++ -c -g  conftest.cc >&5
configure:4844: $? = 0
configure:4847: test -z 			 || test ! -s conftest.err
configure:4850: $? = 0
configure:4853: test -s conftest.o
configure:4856: $? = 0
configure:4867: result: yes
configure:4909: g++ -c -g -O2  conftest.cc >&5
configure:4915: $? = 0
configure:4918: test -z 			 || test ! -s conftest.err
configure:4921: $? = 0
configure:4924: test -s conftest.o
configure:4927: $? = 0
configure:4953: g++ -c -g -O2  conftest.cc >&5
conftest.cc: In function `int main()':
conftest.cc:30: error: `exit' undeclared (first use this function)
conftest.cc:30: error: (Each undeclared identifier is reported only once for 
   each function it appears in.)
configure:4959: $? = 1
configure: failed program was:
| /* confdefs.h.  */
| 
| #define PACKAGE_NAME "gift-gnutella"
| #define PACKAGE_TARNAME "gift-gnutella"
| #define PACKAGE_VERSION "0.0.10"
| #define PACKAGE_STRING "gift-gnutella 0.0.10"
| #define PACKAGE_BUGREPORT ""
| #define GT_MAJOR_VERSION "0"
| #define GT_MINOR_VERSION "0"
| #define GT_MICRO_VERSION "10"
| #define GT_EXTRA_VERSION "-cvs"
| #define PACKAGE "gift-gnutella"
| #define VERSION "0.0.10"
| #define STDC_HEADERS 1
| #define HAVE_SYS_TYPES_H 1
| #define HAVE_SYS_STAT_H 1
| #define HAVE_STDLIB_H 1
| #define HAVE_STRING_H 1
| #define HAVE_MEMORY_H 1
| #define HAVE_STRINGS_H 1
| #define HAVE_INTTYPES_H 1
| #define HAVE_STDINT_H 1
| #define HAVE_UNISTD_H 1
| #define HAVE_DLFCN_H 1
| /* end confdefs.h.  */
| 
| int
| main ()
| {
| exit (42);
|   ;
|   return 0;
| }
configure:4909: g++ -c -g -O2  conftest.cc >&5
configure:4915: $? = 0
configure:4918: test -z 			 || test ! -s conftest.err
configure:4921: $? = 0
configure:4924: test -s conftest.o
configure:4927: $? = 0
configure:4953: g++ -c -g -O2  conftest.cc >&5
configure:4959: $? = 0
configure:4962: test -z 			 || test ! -s conftest.err
configure:4965: $? = 0
configure:4968: test -s conftest.o
configure:4971: $? = 0
configure:4996: checking dependency style of g++
configure:5079: result: gcc3
configure:5101: checking how to run the C++ preprocessor
configure:5132: g++ -E  conftest.cc
configure:5138: $? = 0
configure:5170: g++ -E  conftest.cc
conftest.cc:29:28: ac_nonexistent.h: No such file or directory
configure:5176: $? = 1
configure: failed program was:
| /* confdefs.h.  */
| 
| #define PACKAGE_NAME "gift-gnutella"
| #define PACKAGE_TARNAME "gift-gnutella"
| #define PACKAGE_VERSION "0.0.10"
| #define PACKAGE_STRING "gift-gnutella 0.0.10"
| #define PACKAGE_BUGREPORT ""
| #define GT_MAJOR_VERSION "0"
| #define GT_MINOR_VERSION "0"
| #define GT_MICRO_VERSION "10"
| #define GT_EXTRA_VERSION "-cvs"
| #define PACKAGE "gift-gnutella"
| #define VERSION "0.0.10"
| #define STDC_HEADERS 1
| #define HAVE_SYS_TYPES_H 1
| #define HAVE_SYS_STAT_H 1
| #define HAVE_STDLIB_H 1
| #define HAVE_STRING_H 1
| #define HAVE_MEMORY_H 1
| #define HAVE_STRINGS_H 1
| #define HAVE_INTTYPES_H 1
| #define HAVE_STDINT_H 1
| #define HAVE_UNISTD_H 1
| #define HAVE_DLFCN_H 1
| #ifdef __cplusplus
| extern "C" void std::exit (int) throw (); using std::exit;
| #endif
| /* end confdefs.h.  */
| #include <ac_nonexistent.h>
configure:5215: result: g++ -E
configure:5239: g++ -E  conftest.cc
configure:5245: $? = 0
configure:5277: g++ -E  conftest.cc
conftest.cc:29:28: ac_nonexistent.h: No such file or directory
configure:5283: $? = 1
configure: failed program was:
| /* confdefs.h.  */
| 
| #define PACKAGE_NAME "gift-gnutella"
| #define PACKAGE_TARNAME "gift-gnutella"
| #define PACKAGE_VERSION "0.0.10"
| #define PACKAGE_STRING "gift-gnutella 0.0.10"
| #define PACKAGE_BUGREPORT ""
| #define GT_MAJOR_VERSION "0"
| #define GT_MINOR_VERSION "0"
| #define GT_MICRO_VERSION "10"
| #define GT_EXTRA_VERSION "-cvs"
| #define PACKAGE "gift-gnutella"
| #define VERSION "0.0.10"
| #define STDC_HEADERS 1
| #define HAVE_SYS_TYPES_H 1
| #define HAVE_SYS_STAT_H 1
| #define HAVE_STDLIB_H 1
| #define HAVE_STRING_H 1
| #define HAVE_MEMORY_H 1
| #define HAVE_STRINGS_H 1
| #define HAVE_INTTYPES_H 1
| #define HAVE_STDINT_H 1
| #define HAVE_UNISTD_H 1
| #define HAVE_DLFCN_H 1
| #ifdef __cplusplus
| extern "C" void std::exit (int) throw (); using std::exit;
| #endif
| /* end confdefs.h.  */
| #include <ac_nonexistent.h>
configure:5378: checking for g77
configure:5407: result: no
configure:5378: checking for f77
configure:5407: result: no
configure:5378: checking for xlf
configure:5407: result: no
configure:5378: checking for frt
configure:5407: result: no
configure:5378: checking for pgf77
configure:5407: result: no
configure:5378: checking for fort77
configure:5407: result: no
configure:5378: checking for fl32
configure:5407: result: no
configure:5378: checking for af77
configure:5407: result: no
configure:5378: checking for f90
configure:5407: result: no
configure:5378: checking for xlf90
configure:5407: result: no
configure:5378: checking for pgf90
configure:5407: result: no
configure:5378: checking for epcf90
configure:5407: result: no
configure:5378: checking for f95
configure:5407: result: no
configure:5378: checking for fort
configure:5407: result: no
configure:5378: checking for xlf95
configure:5407: result: no
configure:5378: checking for ifc
configure:5407: result: no
configure:5378: checking for efc
configure:5407: result: no
configure:5378: checking for pgf95
configure:5407: result: no
configure:5378: checking for lf95
configure:5407: result: no
configure:5378: checking for gfortran
configure:5407: result: no
configure:5422: checking for Fortran 77 compiler version
configure:5422:  --version </dev/null >&5
./configure: line 1: --version: command not found
configure:5425: $? = 127
configure:5427:  -v </dev/null >&5
./configure: line 1: -v: command not found
configure:5430: $? = 127
configure:5432:  -V </dev/null >&5
./configure: line 1: -V: command not found
configure:5435: $? = 127
configure:5443: checking whether we are using the GNU Fortran 77 compiler
configure:5457:  -c  conftest.F >&5
./configure: line 1: -c: command not found
configure:5463: $? = 127
configure: failed program was:
|       program main
| #ifndef __GNUC__
|        choke me
| #endif
| 
|       end
configure:5488: result: no
configure:5494: checking whether  accepts -g
configure:5506:  -c -g conftest.f >&5
./configure: line 1: -c: command not found
configure:5512: $? = 127
configure: failed program was:
|       program main
| 
|       end
configure:5536: result: no
configure:5566: checking the maximum length of command line arguments
configure:5631: result: 32768
configure:5642: checking command to parse /usr/bin/nm -B output from gcc object
configure:5731: gcc -c -g -O2  conftest.c >&5
configure:5734: $? = 0
configure:5738: /usr/bin/nm -B conftest.o \| sed -n -e 's/^.*[ 	]\([ABCDGIRSTW][ABCDGIRSTW]*\)[ 	][ 	]*\(\)\([_A-Za-z][_A-Za-z0-9]*\)$/\1 \2\3 \3/p' \> conftest.nm
configure:5741: $? = 0
configure:5793: gcc -o conftest -g -O2   conftest.c conftstm.o >&5
configure:5796: $? = 0
configure:5834: result: ok
configure:5838: checking for objdir
configure:5853: result: .libs
configure:5943: checking for ar
configure:5959: found /usr/bin/ar
configure:5970: result: ar
configure:6023: checking for ranlib
configure:6039: found /usr/bin/ranlib
configure:6050: result: ranlib
configure:6103: checking for strip
configure:6119: found /usr/bin/strip
configure:6130: result: strip
configure:6392: checking if gcc static flag  works
configure:6415: result: yes
configure:6433: checking if gcc supports -fno-rtti -fno-exceptions
configure:6454: gcc -c -g -O2  -fno-rtti -fno-exceptions conftest.c >&5
cc1: warning: "-fno-rtti" is valid for C++ but not for C/ObjC
configure:6458: $? = 0
configure:6466: result: no
configure:6481: checking for gcc option to produce PIC
configure:6658: result: -fPIC
configure:6666: checking if gcc PIC flag -fPIC works
configure:6687: gcc -c -g -O2  -fPIC -DPIC conftest.c >&5
configure:6691: $? = 0
configure:6699: result: yes
configure:6723: checking if gcc supports -c -o file.o
configure:6747: gcc -c -g -O2  -o out/conftest2.o conftest.c >&5
configure:6751: $? = 0
configure:6768: result: yes
configure:6794: checking whether the gcc linker (/usr/bin/ld) supports shared libraries
configure:7640: result: yes
configure:7666: checking whether -lc should be explicitly linked in
configure:7671: gcc -c -g -O2  conftest.c >&5
configure:7674: $? = 0
configure:7688: gcc -shared conftest.o  -v -Wl,-soname -Wl,conftest -o conftest 2\>\&1 \| grep  -lc  \>/dev/null 2\>\&1
configure:7691: $? = 0
configure:7703: result: no
configure:7711: checking dynamic linker characteristics
configure:8251: result: GNU/Linux ld.so
configure:8255: checking how to hardcode library paths into programs
configure:8280: result: immediate
configure:8294: checking whether stripping libraries is possible
configure:8299: result: yes
configure:9122: checking if libtool supports shared libraries
configure:9124: result: yes
configure:9127: checking whether to build shared libraries
configure:9185: result: yes
configure:9188: checking whether to build static libraries
configure:9192: result: no
configure:9284: creating libtool
configure:9831: checking for ld used by g++
configure:9898: result: /usr/bin/ld
configure:9907: checking if the linker (/usr/bin/ld) is GNU ld
configure:9922: result: yes
configure:9973: checking whether the g++ linker (/usr/bin/ld) supports shared libraries
configure:10799: result: yes
configure:10817: g++ -c -g -O2  conftest.cc >&5
configure:10820: $? = 0
configure:10916: checking for g++ option to produce PIC
configure:11168: result: -fPIC
configure:11176: checking if g++ PIC flag -fPIC works
configure:11197: g++ -c -g -O2  -fPIC -DPIC conftest.cc >&5
configure:11201: $? = 0
configure:11209: result: yes
configure:11233: checking if g++ supports -c -o file.o
configure:11257: g++ -c -g -O2  -o out/conftest2.o conftest.cc >&5
configure:11261: $? = 0
configure:11278: result: yes
configure:11304: checking whether the g++ linker (/usr/bin/ld) supports shared libraries
configure:11329: result: yes
configure:11400: checking dynamic linker characteristics
configure:11940: result: GNU/Linux ld.so
configure:11944: checking how to hardcode library paths into programs
configure:11969: result: immediate
configure:11983: checking whether stripping libraries is possible
configure:11988: result: yes
configure:19222: checking for pkg-config
configure:19240: found /usr/bin/pkg-config
configure:19252: result: /usr/bin/pkg-config
configure:19321: checking for libgift >= 0.11.4 libgift < 0.12.0
configure:19325: result: yes
configure:19329: checking GNUTELLA_CFLAGS
configure:19332: result: -I/usr/local/include  
configure:19335: checking GNUTELLA_LIBS
configure:19338: result: -L/usr/local/lib -lgift  
configure:19391: checking for getpid
configure:19448: gcc -o conftest -g -O2   conftest.c  >&5
configure:19454: $? = 0
configure:19457: test -z 			 || test ! -s conftest.err
configure:19460: $? = 0
configure:19463: test -s conftest
configure:19466: $? = 0
configure:19478: result: yes
configure:19391: checking for getppid
configure:19448: gcc -o conftest -g -O2   conftest.c  >&5
configure:19454: $? = 0
configure:19457: test -z 			 || test ! -s conftest.err
configure:19460: $? = 0
configure:19463: test -s conftest
configure:19466: $? = 0
configure:19478: result: yes
configure:19494: checking for hstrerror
configure:19551: gcc -o conftest -g -O2   conftest.c  >&5
configure:19557: $? = 0
configure:19560: test -z 			 || test ! -s conftest.err
configure:19563: $? = 0
configure:19566: test -s conftest
configure:19569: $? = 0
configure:19581: result: yes
configure:19629: checking for zlib version 1.1.4+ in /usr
configure:19651: gcc -o conftest -g -O2  -I/usr/include  conftest.c  -L/usr/lib >&5
conftest.c: In function `main':
conftest.c:34: warning: return type of `main' is not `int'
configure:19654: $? = 0
configure:19656: ./conftest
configure:19659: $? = 0
configure:19673: result: yes
configure:19677: checking for gzread
configure:19734: gcc -o conftest -g -O2  -I/usr/include  conftest.c  -L/usr/lib >&5
/tmp/ccAlj5sR.o(.text+0x11): In function `main':
/home/HEx/gift/Gnutella/conftest.c:72: undefined reference to `gzread'
/tmp/ccAlj5sR.o(.data+0x0):/home/HEx/gift/Gnutella/conftest.c:71: undefined reference to `gzread'
collect2: ld returned 1 exit status
configure:19740: $? = 1
configure: failed program was:
| /* confdefs.h.  */
| 
| #define PACKAGE_NAME "gift-gnutella"
| #define PACKAGE_TARNAME "gift-gnutella"
| #define PACKAGE_VERSION "0.0.10"
| #define PACKAGE_STRING "gift-gnutella 0.0.10"
| #define PACKAGE_BUGREPORT ""
| #define GT_MAJOR_VERSION "0"
| #define GT_MINOR_VERSION "0"
| #define GT_MICRO_VERSION "10"
| #define GT_EXTRA_VERSION "-cvs"
| #define PACKAGE "gift-gnutella"
| #define VERSION "0.0.10"
| #define STDC_HEADERS 1
| #define HAVE_SYS_TYPES_H 1
| #define HAVE_SYS_STAT_H 1
| #define HAVE_STDLIB_H 1
| #define HAVE_STRING_H 1
| #define HAVE_MEMORY_H 1
| #define HAVE_STRINGS_H 1
| #define HAVE_INTTYPES_H 1
| #define HAVE_STDINT_H 1
| #define HAVE_UNISTD_H 1
| #define HAVE_DLFCN_H 1
| #ifdef __cplusplus
| extern "C" void std::exit (int) throw (); using std::exit;
| #endif
| #define HAVE_GETPID 1
| #define HAVE_GETPPID 1
| #define HAVE_HSTRERROR 1
| /* end confdefs.h.  */
| /* Define gzread to an innocuous variant, in case <limits.h> declares gzread.
|    For example, HP-UX 11i <limits.h> declares gettimeofday.  */
| #define gzread innocuous_gzread
| 
| /* System header to define __stub macros and hopefully few prototypes,
|     which can conflict with char gzread (); below.
|     Prefer <limits.h> to <assert.h> if __STDC__ is defined, since
|     <limits.h> exists even on freestanding compilers.  */
| 
| #ifdef __STDC__
| # include <limits.h>
| #else
| # include <assert.h>
| #endif
| 
| #undef gzread
| 
| /* Override any gcc2 internal prototype to avoid an error.  */
| #ifdef __cplusplus
| extern "C"
| {
| #endif
| /* We use char because int might match the return type of a gcc2
|    builtin and then its argument prototype would still apply.  */
| char gzread ();
| /* The GNU C library defines this for functions which it implements
|     to always fail with ENOSYS.  Some functions are actually named
|     something starting with __ and the normal name is an alias.  */
| #if defined (__stub_gzread) || defined (__stub___gzread)
| choke me
| #else
| char (*f) () = gzread;
| #endif
| #ifdef __cplusplus
| }
| #endif
| 
| int
| main ()
| {
| return f != gzread;
|   ;
|   return 0;
| }
configure:19764: result: no
configure:19770: checking for gzread in -lz
configure:19800: gcc -o conftest -g -O2  -I/usr/include  conftest.c -lz   -L/usr/lib >&5
configure:19806: $? = 0
configure:19809: test -z 			 || test ! -s conftest.err
configure:19812: $? = 0
configure:19815: test -s conftest
configure:19818: $? = 0
configure:19831: result: yes
configure:19882: checking whether libxml should be used
configure:19887: result: yes
configure:19898: checking for xml2-config
configure:19916: found /usr/bin/xml2-config
configure:19929: result: /usr/bin/xml2-config
configure:20135: creating ./config.status

## ---------------------- ##
## Running config.status. ##
## ---------------------- ##

This file was extended by gift-gnutella config.status 0.0.10, which was
generated by GNU Autoconf 2.59.  Invocation command line was

  CONFIG_FILES    = 
  CONFIG_HEADERS  = 
  CONFIG_LINKS    = 
  CONFIG_COMMANDS = 
  $ ./config.status 

on sphere

config.status:769: creating Makefile
config.status:769: creating m4/Makefile
config.status:769: creating src/Makefile
config.status:769: creating src/encoding/Makefile
config.status:769: creating src/io/Makefile
config.status:769: creating src/message/Makefile
config.status:769: creating src/transfer/Makefile
config.status:769: creating data/Makefile
config.status:769: creating gnutella.spec
config.status:835: creating config.h
config.status:1143: executing depfiles commands

## ---------------- ##
## Cache variables. ##
## ---------------- ##

ac_cv_build=i686-pc-linux-gnu
ac_cv_build_alias=i686-pc-linux-gnu
ac_cv_c_compiler_gnu=yes
ac_cv_cxx_compiler_gnu=yes
ac_cv_env_CC_set=
ac_cv_env_CC_value=
ac_cv_env_CFLAGS_set=
ac_cv_env_CFLAGS_value=
ac_cv_env_CPPFLAGS_set=
ac_cv_env_CPPFLAGS_value=
ac_cv_env_CPP_set=
ac_cv_env_CPP_value=
ac_cv_env_CXXCPP_set=
ac_cv_env_CXXCPP_value=
ac_cv_env_CXXFLAGS_set=
ac_cv_env_CXXFLAGS_value=
ac_cv_env_CXX_set=
ac_cv_env_CXX_value=
ac_cv_env_F77_set=
ac_cv_env_F77_value=
ac_cv_env_FFLAGS_set=
ac_cv_env_FFLAGS_value=
ac_cv_env_LDFLAGS_set=
ac_cv_env_LDFLAGS_value=
ac_cv_env_build_alias_set=
ac_cv_env_build_alias_value=
ac_cv_env_host_alias_set=
ac_cv_env_host_alias_value=
ac_cv_env_target_alias_set=
ac_cv_env_target_alias_value=
ac_cv_exeext=
ac_cv_f77_compiler_gnu=no
ac_cv_func_getpid=yes
ac_cv_func_getppid=yes
ac_cv_func_gzread=no
ac_cv_func_hstrerror=yes
ac_cv_header_dlfcn_h=yes
ac_cv_header_inttypes_h=yes
ac_cv_header_memory_h=yes
ac_cv_header_stdc=yes
ac_cv_header_stdint_h=yes
ac_cv_header_stdlib_h=yes
ac_cv_header_string_h=yes
ac_cv_header_strings_h=yes
ac_cv_header_sys_stat_h=yes
ac_cv_header_sys_types_h=yes
ac_cv_header_unistd_h=yes
ac_cv_host=i686-pc-linux-gnu
ac_cv_host_alias=i686-pc-linux-gnu
ac_cv_lib_z_gzread=yes
ac_cv_objext=o
ac_cv_path_PKG_CONFIG=/usr/bin/pkg-config
ac_cv_path_XML2_CONFIG=/usr/bin/xml2-config
ac_cv_path_install='/usr/bin/install -c'
ac_cv_prog_AWK=mawk
ac_cv_prog_CPP='gcc -E'
ac_cv_prog_CXXCPP='g++ -E'
ac_cv_prog_ac_ct_AR=ar
ac_cv_prog_ac_ct_CC=gcc
ac_cv_prog_ac_ct_CXX=g++
ac_cv_prog_ac_ct_RANLIB=ranlib
ac_cv_prog_ac_ct_STRIP=strip
ac_cv_prog_cc_g=yes
ac_cv_prog_cc_stdc=
ac_cv_prog_cxx_g=yes
ac_cv_prog_egrep='grep -E'
ac_cv_prog_f77_g=no
ac_cv_prog_make_make_set=yes
am_cv_CC_dependencies_compiler_type=gcc3
am_cv_CXX_dependencies_compiler_type=gcc3
am_cv_prog_cc_stdc=
lt_cv_deplibs_check_method=pass_all
lt_cv_file_magic_cmd='$MAGIC_CMD'
lt_cv_file_magic_test_file=
lt_cv_ld_reload_flag=-r
lt_cv_objdir=.libs
lt_cv_path_LD=/usr/bin/ld
lt_cv_path_LDCXX=/usr/bin/ld
lt_cv_path_NM='/usr/bin/nm -B'
lt_cv_path_SED=/bin/sed
lt_cv_prog_compiler_c_o=yes
lt_cv_prog_compiler_c_o_CXX=yes
lt_cv_prog_compiler_rtti_exceptions=no
lt_cv_prog_gnu_ld=yes
lt_cv_prog_gnu_ldcxx=yes
lt_cv_sys_global_symbol_pipe='sed -n -e '\''s/^.*[ 	]\([ABCDGIRSTW][ABCDGIRSTW]*\)[ 	][ 	]*\(\)\([_A-Za-z][_A-Za-z0-9]*\)$/\1 \2\3 \3/p'\'''
lt_cv_sys_global_symbol_to_c_name_address='sed -n -e '\''s/^: \([^ ]*\) $/  {\"\1\", (lt_ptr) 0},/p'\'' -e '\''s/^[BCDEGRST] \([^ ]*\) \([^ ]*\)$/  {"\2", (lt_ptr) \&\2},/p'\'''
lt_cv_sys_global_symbol_to_cdecl='sed -n -e '\''s/^. .* \(.*\)$/extern int \1;/p'\'''
lt_cv_sys_max_cmd_len=32768
lt_lt_cv_prog_compiler_c_o='"yes"'
lt_lt_cv_prog_compiler_c_o_CXX='"yes"'
lt_lt_cv_sys_global_symbol_pipe='"sed -n -e '\''s/^.*[ 	]\\([ABCDGIRSTW][ABCDGIRSTW]*\\)[ 	][ 	]*\\(\\)\\([_A-Za-z][_A-Za-z0-9]*\\)\$/\\1 \\2\\3 \\3/p'\''"'
lt_lt_cv_sys_global_symbol_to_c_name_address='"sed -n -e '\''s/^: \\([^ ]*\\) \$/  {\\\"\\1\\\", (lt_ptr) 0},/p'\'' -e '\''s/^[BCDEGRST] \\([^ ]*\\) \\([^ ]*\\)\$/  {\"\\2\", (lt_ptr) \\&\\2},/p'\''"'
lt_lt_cv_sys_global_symbol_to_cdecl='"sed -n -e '\''s/^. .* \\(.*\\)\$/extern int \\1;/p'\''"'

## ----------------- ##
## Output variables. ##
## ----------------- ##

ACLOCAL='${SHELL} /home/HEx/gift/Gnutella/missing --run aclocal-1.7'
AMDEPBACKSLASH='\'
AMDEP_FALSE='#'
AMDEP_TRUE=''
AMTAR='${SHELL} /home/HEx/gift/Gnutella/missing --run tar'
AR='ar'
AUTOCONF='${SHELL} /home/HEx/gift/Gnutella/missing --run autoconf'
AUTOHEADER='${SHELL} /home/HEx/gift/Gnutella/missing --run autoheader'
AUTOMAKE='${SHELL} /home/HEx/gift/Gnutella/missing --run automake-1.7'
AWK='mawk'
CC='gcc'
CCDEPMODE='depmode=gcc3'
CFLAGS='-g -O2'
CPP='gcc -E'
CPPFLAGS=' -I/usr/include'
CXX='g++'
CXXCPP='g++ -E'
CXXDEPMODE='depmode=gcc3'
CXXFLAGS='-g -O2'
CYGPATH_W='echo'
DEFS='-DHAVE_CONFIG_H'
DEPDIR='.deps'
ECHO='echo'
ECHO_C=''
ECHO_N='-n'
ECHO_T=''
EGREP='grep -E'
EXEEXT=''
F77=''
FFLAGS=''
GNUTELLA_CFLAGS='-I/usr/local/include  '
GNUTELLA_LIBS='-L/usr/local/lib -lgift   -lgiftproto'
INSTALL_DATA='${INSTALL} -m 644'
INSTALL_PROGRAM='${INSTALL}'
INSTALL_SCRIPT='${INSTALL}'
INSTALL_STRIP_PROGRAM='${SHELL} $(install_sh) -c -s'
LDFLAGS=''
LIBOBJS=''
LIBS='-lz  -L/usr/lib'
LIBTOOL='$(SHELL) $(top_builddir)/libtool'
LIBXML2_CFLAGS='-I/usr/include/libxml2'
LIBXML2_LIBS='-L/usr/lib -lxml2 -lz -lpthread -lm'
LN_S='ln -s'
LTLIBOBJS=''
MAINT='#'
MAINTAINER_MODE_FALSE=''
MAINTAINER_MODE_TRUE='#'
MAKEINFO='${SHELL} /home/HEx/gift/Gnutella/missing --run makeinfo'
OBJEXT='o'
PACKAGE='gift-gnutella'
PACKAGE_BUGREPORT=''
PACKAGE_NAME='gift-gnutella'
PACKAGE_STRING='gift-gnutella 0.0.10'
PACKAGE_TARNAME='gift-gnutella'
PACKAGE_VERSION='0.0.10'
PATH_SEPARATOR=':'
PKG_CONFIG='/usr/bin/pkg-config'
PLUGIN_LDFLAGS='-module -avoid-version'
RANLIB='ranlib'
SET_MAKE=''
SHELL='/bin/sh'
STRIP='strip'
USE_ZLIB=''
VERSION='0.0.10'
XML2_CONFIG='/usr/bin/xml2-config'
ac_ct_AR='ar'
ac_ct_CC='gcc'
ac_ct_CXX='g++'
ac_ct_F77=''
ac_ct_RANLIB='ranlib'
ac_ct_STRIP='strip'
am__fastdepCC_FALSE='#'
am__fastdepCC_TRUE=''
am__fastdepCXX_FALSE='#'
am__fastdepCXX_TRUE=''
am__include='include'
am__leading_dot='.'
am__quote=''
bindir='${exec_prefix}/bin'
build='i686-pc-linux-gnu'
build_alias=''
build_cpu='i686'
build_os='linux-gnu'
build_vendor='pc'
datadir='${prefix}/share'
exec_prefix='${prefix}'
host='i686-pc-linux-gnu'
host_alias=''
host_cpu='i686'
host_os='linux-gnu'
host_vendor='pc'
includedir='${prefix}/include'
infodir='${prefix}/info'
install_sh='/home/HEx/gift/Gnutella/install-sh'
libdir='${exec_prefix}/lib'
libexecdir='${exec_prefix}/libexec'
localstatedir='${prefix}/var'
mandir='${prefix}/man'
oldincludedir='/usr/include'
prefix='/usr/local'
program_transform_name='s,x,x,'
sbindir='${exec_prefix}/sbin'
sharedstatedir='${prefix}/com'
sysconfdir='${prefix}/etc'
target_alias=''

## ----------- ##
## confdefs.h. ##
## ----------- ##

#define GT_EXTRA_VERSION "-cvs"
#define GT_MAJOR_VERSION "0"
#define GT_MICRO_VERSION "10"
#define GT_MINOR_VERSION "0"
#define HAVE_DLFCN_H 1
#define HAVE_GETPID 1
#define HAVE_GETPPID 1
#define HAVE_HSTRERROR 1
#define HAVE_INTTYPES_H 1
#define HAVE_LIBZ 1
#define HAVE_MEMORY_H 1
#define HAVE_STDINT_H 1
#define HAVE_STDLIB_H 1
#define HAVE_STRINGS_H 1
#define HAVE_STRING_H 1
#define HAVE_SYS_STAT_H 1
#define HAVE_SYS_TYPES_H 1
#define HAVE_UNISTD_H 1
#define PACKAGE "gift-gnutella"
#define PACKAGE_BUGREPORT ""
#define PACKAGE_NAME "gift-gnutella"
#define PACKAGE_STRING "gift-gnutella 0.0.10"
#define PACKAGE_TARNAME "gift-gnutella"
#define PACKAGE_VERSION "0.0.10"
#define STDC_HEADERS 1
#define USE_LIBXML2 1
#define USE_ZLIB 1
#define VERSION "0.0.10"
#endif
#ifdef __cplusplus
extern "C" void std::exit (int) throw (); using std::exit;

configure: exit 0
