This file contains any messages produced by compilers while
running configure, to aid debugging if configure makes a mistake.

It was created by gift-gnutella configure 0.0.11, which was
generated by GNU Autoconf 2.59.  Invocation command line was

  $ ./configure --cache-file=config.cache

## --------- ##
## Platform. ##
## --------- ##

hostname = sphere
uname -m = i686
uname -r = 2.6.17.4
uname -s = Linux
uname -v = #12 PREEMPT Fri Jul 14 23:56:46 BST 2006

/usr/bin/uname -p = unknown
/bin/uname -X     = unknown

/bin/arch              = i686
/usr/bin/arch -k       = unknown
/usr/convex/getsysinfo = unknown
hostinfo               = unknown
/bin/machine           = unknown
/usr/bin/oslevel       = unknown
/bin/universe          = unknown

PATH: /usr/local/bin
PATH: /usr/bin
PATH: /bin
PATH: /usr/bin/X11
PATH: /usr/games
PATH: /home/HEx/bin
PATH: /usr/local/bin


## ----------- ##
## Core tests. ##
## ----------- ##

configure:1427: creating cache config.cache
configure:1587: checking for a BSD-compatible install
configure:1642: result: /usr/bin/install -c
configure:1653: checking whether build environment is sane
configure:1696: result: yes
configure:1729: checking for gawk
configure:1745: found /usr/bin/gawk
configure:1755: result: gawk
configure:1765: checking whether make sets $(MAKE)
configure:1785: result: yes
configure:1952: checking whether to enable maintainer-specific portions of Makefiles
configure:1961: result: no
configure:2030: checking for gcc
configure:2046: found /usr/bin/gcc
configure:2056: result: gcc
configure:2300: checking for C compiler version
configure:2303: gcc --version </dev/null >&5
gcc (GCC) 3.3.5 (Debian 1:3.3.5-12)
Copyright (C) 2003 Free Software Foundation, Inc.
This is free software; see the source for copying conditions.  There is NO
warranty; not even for MERCHANTABILITY or FITNESS FOR A PARTICULAR PURPOSE.

configure:2306: $? = 0
configure:2308: gcc -v </dev/null >&5
Reading specs from /usr/lib/gcc-lib/i486-linux/3.3.5/specs
Configured with: ../src/configure -v --enable-languages=c,c++,java,f77,pascal,objc,ada,treelang --prefix=/usr --mandir=/usr/share/man --infodir=/usr/share/info --with-gxx-include-dir=/usr/include/c++/3.3 --enable-shared --enable-__cxa_atexit --with-system-zlib --enable-nls --without-included-gettext --enable-clocale=gnu --enable-debug --enable-java-gc=boehm --enable-java-awt=xlib --enable-objc-gc i486-linux
Thread model: posix
gcc version 3.3.5 (Debian 1:3.3.5-12)
configure:2311: $? = 0
configure:2313: gcc -V </dev/null >&5
gcc: `-V' option must have argument
configure:2316: $? = 1
configure:2339: checking for C compiler default output file name
configure:2342: gcc    conftest.c  >&5
configure:2345: $? = 0
configure:2391: result: a.out
configure:2396: checking whether the C compiler works
configure:2402: ./a.out
configure:2405: $? = 0
configure:2422: result: yes
configure:2429: checking whether we are cross compiling
configure:2431: result: no
configure:2434: checking for suffix of executables
configure:2436: gcc -o conftest    conftest.c  >&5
configure:2439: $? = 0
configure:2464: result: 
configure:2470: checking for suffix of object files
configure:2491: gcc -c   conftest.c >&5
configure:2494: $? = 0
configure:2516: result: o
configure:2520: checking whether we are using the GNU C compiler
configure:2544: gcc -c   conftest.c >&5
configure:2550: $? = 0
configure:2553: test -z 			 || test ! -s conftest.err
configure:2556: $? = 0
configure:2559: test -s conftest.o
configure:2562: $? = 0
configure:2575: result: yes
configure:2581: checking whether gcc accepts -g
configure:2602: gcc -c -g  conftest.c >&5
configure:2608: $? = 0
configure:2611: test -z 			 || test ! -s conftest.err
configure:2614: $? = 0
configure:2617: test -s conftest.o
configure:2620: $? = 0
configure:2631: result: yes
configure:2648: checking for gcc option to accept ANSI C
configure:2718: gcc  -c -g -O2  conftest.c >&5
configure:2724: $? = 0
configure:2727: test -z 			 || test ! -s conftest.err
configure:2730: $? = 0
configure:2733: test -s conftest.o
configure:2736: $? = 0
configure:2754: result: none needed
configure:2772: gcc -c -g -O2  conftest.c >&5
conftest.c:2: error: parse error before "me"
configure:2778: $? = 1
configure: failed program was:
| #ifndef __cplusplus
|   choke me
| #endif
configure:2919: checking for style of include used by make
configure:2947: result: GNU
configure:2975: checking dependency style of gcc
configure:3058: result: gcc3
configure:3079: checking for gcc option to accept ANSI C
configure:3142: gcc  -c -g -O2  conftest.c >&5
configure:3148: $? = 0
configure:3151: test -z 			 || test ! -s conftest.err
configure:3154: $? = 0
configure:3157: test -s conftest.o
configure:3160: $? = 0
configure:3175: result: none needed
configure:3191: checking how to run the C preprocessor
configure:3226: gcc -E  conftest.c
configure:3232: $? = 0
configure:3264: gcc -E  conftest.c
conftest.c:15:28: ac_nonexistent.h: No such file or directory
configure:3270: $? = 1
configure: failed program was:
| /* confdefs.h.  */
| 
| #define PACKAGE_NAME "gift-gnutella"
| #define PACKAGE_TARNAME "gift-gnutella"
| #define PACKAGE_VERSION "0.0.11"
| #define PACKAGE_STRING "gift-gnutella 0.0.11"
| #define PACKAGE_BUGREPORT ""
| #define GT_MAJOR_VERSION "0"
| #define GT_MINOR_VERSION "0"
| #define GT_MICRO_VERSION "10"
| #define GT_EXTRA_VERSION "-cvs"
| #define PACKAGE "gift-gnutella"
| #define VERSION "0.0.11"
| /* end confdefs.h.  */
| #include <ac_nonexistent.h>
configure:3309: result: gcc -E
configure:3333: gcc -E  conftest.c
configure:3339: $? = 0
configure:3371: gcc -E  conftest.c
conftest.c:15:28: ac_nonexistent.h: No such file or directory
configure:3377: $? = 1
configure: failed program was:
| /* confdefs.h.  */
| 
| #define PACKAGE_NAME "gift-gnutella"
| #define PACKAGE_TARNAME "gift-gnutella"
| #define PACKAGE_VERSION "0.0.11"
| #define PACKAGE_STRING "gift-gnutella 0.0.11"
| #define PACKAGE_BUGREPORT ""
| #define GT_MAJOR_VERSION "0"
| #define GT_MINOR_VERSION "0"
| #define GT_MICRO_VERSION "10"
| #define GT_EXTRA_VERSION "-cvs"
| #define PACKAGE "gift-gnutella"
| #define VERSION "0.0.11"
| /* end confdefs.h.  */
| #include <ac_nonexistent.h>
configure:3421: checking for egrep
configure:3431: result: grep -E
configure:3436: checking for ANSI C header files
configure:3461: gcc -c -g -O2  conftest.c >&5
configure:3467: $? = 0
configure:3470: test -z 			 || test ! -s conftest.err
configure:3473: $? = 0
configure:3476: test -s conftest.o
configure:3479: $? = 0
configure:3565: gcc -o conftest -g -O2   conftest.c  >&5
configure:3568: $? = 0
configure:3570: ./conftest
configure:3573: $? = 0
configure:3588: result: yes
configure:3611: checking for a BSD-compatible install
configure:3666: result: /usr/bin/install -c
configure:3757: checking build system type
configure:3775: result: i686-pc-linux-gnu
configure:3783: checking host system type
configure:3797: result: i686-pc-linux-gnu
configure:3805: checking for a sed that does not truncate output
configure:3859: result: /bin/sed
configure:3873: checking for ld used by gcc
configure:3940: result: /usr/bin/ld
configure:3949: checking if the linker (/usr/bin/ld) is GNU ld
configure:3964: result: yes
configure:3969: checking for /usr/bin/ld option to reload object files
configure:3976: result: -r
configure:3994: checking for BSD-compatible nm
configure:4043: result: /usr/bin/nm -B
configure:4047: checking whether ln -s works
configure:4051: result: yes
configure:4058: checking how to recognise dependent libraries
configure:4234: result: pass_all
configure:4478: checking for sys/types.h
configure:4494: gcc -c -g -O2  conftest.c >&5
configure:4500: $? = 0
configure:4503: test -z 			 || test ! -s conftest.err
configure:4506: $? = 0
configure:4509: test -s conftest.o
configure:4512: $? = 0
configure:4523: result: yes
configure:4478: checking for sys/stat.h
configure:4494: gcc -c -g -O2  conftest.c >&5
configure:4500: $? = 0
configure:4503: test -z 			 || test ! -s conftest.err
configure:4506: $? = 0
configure:4509: test -s conftest.o
configure:4512: $? = 0
configure:4523: result: yes
configure:4478: checking for stdlib.h
configure:4494: gcc -c -g -O2  conftest.c >&5
configure:4500: $? = 0
configure:4503: test -z 			 || test ! -s conftest.err
configure:4506: $? = 0
configure:4509: test -s conftest.o
configure:4512: $? = 0
configure:4523: result: yes
configure:4478: checking for string.h
configure:4494: gcc -c -g -O2  conftest.c >&5
configure:4500: $? = 0
configure:4503: test -z 			 || test ! -s conftest.err
configure:4506: $? = 0
configure:4509: test -s conftest.o
configure:4512: $? = 0
configure:4523: result: yes
configure:4478: checking for memory.h
configure:4494: gcc -c -g -O2  conftest.c >&5
configure:4500: $? = 0
configure:4503: test -z 			 || test ! -s conftest.err
configure:4506: $? = 0
configure:4509: test -s conftest.o
configure:4512: $? = 0
configure:4523: result: yes
configure:4478: checking for strings.h
configure:4494: gcc -c -g -O2  conftest.c >&5
configure:4500: $? = 0
configure:4503: test -z 			 || test ! -s conftest.err
configure:4506: $? = 0
configure:4509: test -s conftest.o
configure:4512: $? = 0
configure:4523: result: yes
configure:4478: checking for inttypes.h
configure:4494: gcc -c -g -O2  conftest.c >&5
configure:4500: $? = 0
configure:4503: test -z 			 || test ! -s conftest.err
configure:4506: $? = 0
configure:4509: test -s conftest.o
configure:4512: $? = 0
configure:4523: result: yes
configure:4478: checking for stdint.h
configure:4494: gcc -c -g -O2  conftest.c >&5
configure:4500: $? = 0
configure:4503: test -z 			 || test ! -s conftest.err
configure:4506: $? = 0
configure:4509: test -s conftest.o
configure:4512: $? = 0
configure:4523: result: yes
configure:4478: checking for unistd.h
configure:4494: gcc -c -g -O2  conftest.c >&5
configure:4500: $? = 0
configure:4503: test -z 			 || test ! -s conftest.err
configure:4506: $? = 0
configure:4509: test -s conftest.o
configure:4512: $? = 0
configure:4523: result: yes
configure:4549: checking dlfcn.h usability
configure:4561: gcc -c -g -O2  conftest.c >&5
configure:4567: $? = 0
configure:4570: test -z 			 || test ! -s conftest.err
configure:4573: $? = 0
configure:4576: test -s conftest.o
configure:4579: $? = 0
configure:4589: result: yes
configure:4593: checking dlfcn.h presence
configure:4603: gcc -E  conftest.c
configure:4609: $? = 0
configure:4629: result: yes
configure:4664: checking for dlfcn.h
configure:4671: result: yes
configure:4736: checking for g++
configure:4752: found /usr/bin/g++
configure:4762: result: g++
configure:4778: checking for C++ compiler version
configure:4781: g++ --version </dev/null >&5
g++ (GCC) 3.3.5 (Debian 1:3.3.5-12)
Copyright (C) 2003 Free Software Foundation, Inc.
This is free software; see the source for copying conditions.  There is NO
warranty; not even for MERCHANTABILITY or FITNESS FOR A PARTICULAR PURPOSE.

configure:4784: $? = 0
configure:4786: g++ -v </dev/null >&5
Reading specs from /usr/lib/gcc-lib/i486-linux/3.3.5/specs
Configured with: ../src/configure -v --enable-languages=c,c++,java,f77,pascal,objc,ada,treelang --prefix=/usr --mandir=/usr/share/man --infodir=/usr/share/info --with-gxx-include-dir=/usr/include/c++/3.3 --enable-shared --enable-__cxa_atexit --with-system-zlib --enable-nls --without-included-gettext --enable-clocale=gnu --enable-debug --enable-java-gc=boehm --enable-java-awt=xlib --enable-objc-gc i486-linux
Thread model: posix
gcc version 3.3.5 (Debian 1:3.3.5-12)
configure:4789: $? = 0
configure:4791: g++ -V </dev/null >&5
g++: `-V' option must have argument
configure:4794: $? = 1
configure:4797: checking whether we are using the GNU C++ compiler
configure:4821: g++ -c   conftest.cc >&5
configure:4827: $? = 0
configure:4830: test -z 			 || test ! -s conftest.err
configure:4833: $? = 0
configure:4836: test -s conftest.o
configure:4839: $? = 0
configure:4852: result: yes
configure:4858: checking whether g++ accepts -g
configure:4879: g++ -c -g  conftest.cc >&5
configure:4885: $? = 0
configure:4888: test -z 			 || test ! -s conftest.err
configure:4891: $? = 0
configure:4894: test -s conftest.o
configure:4897: $? = 0
configure:4908: result: yes
configure:4950: g++ -c -g -O2  conftest.cc >&5
configure:4956: $? = 0
configure:4959: test -z 			 || test ! -s conftest.err
configure:4962: $? = 0
configure:4965: test -s conftest.o
configure:4968: $? = 0
configure:4994: g++ -c -g -O2  conftest.cc >&5
conftest.cc: In function `int main()':
conftest.cc:30: error: `exit' undeclared (first use this function)
conftest.cc:30: error: (Each undeclared identifier is reported only once for 
   each function it appears in.)
configure:5000: $? = 1
configure: failed program was:
| /* confdefs.h.  */
| 
| #define PACKAGE_NAME "gift-gnutella"
| #define PACKAGE_TARNAME "gift-gnutella"
| #define PACKAGE_VERSION "0.0.11"
| #define PACKAGE_STRING "gift-gnutella 0.0.11"
| #define PACKAGE_BUGREPORT ""
| #define GT_MAJOR_VERSION "0"
| #define GT_MINOR_VERSION "0"
| #define GT_MICRO_VERSION "10"
| #define GT_EXTRA_VERSION "-cvs"
| #define PACKAGE "gift-gnutella"
| #define VERSION "0.0.11"
| #define STDC_HEADERS 1
| #define HAVE_SYS_TYPES_H 1
| #define HAVE_SYS_STAT_H 1
| #define HAVE_STDLIB_H 1
| #define HAVE_STRING_H 1
| #define HAVE_MEMORY_H 1
| #define HAVE_STRINGS_H 1
| #define HAVE_INTTYPES_H 1
| #define HAVE_STDINT_H 1
| #define HAVE_UNISTD_H 1
| #define HAVE_DLFCN_H 1
| /* end confdefs.h.  */
| 
| int
| main ()
| {
| exit (42);
|   ;
|   return 0;
| }
configure:4950: g++ -c -g -O2  conftest.cc >&5
configure:4956: $? = 0
configure:4959: test -z 			 || test ! -s conftest.err
configure:4962: $? = 0
configure:4965: test -s conftest.o
configure:4968: $? = 0
configure:4994: g++ -c -g -O2  conftest.cc >&5
configure:5000: $? = 0
configure:5003: test -z 			 || test ! -s conftest.err
configure:5006: $? = 0
configure:5009: test -s conftest.o
configure:5012: $? = 0
configure:5037: checking dependency style of g++
configure:5120: result: gcc3
configure:5147: checking how to run the C++ preprocessor
configure:5178: g++ -E  conftest.cc
configure:5184: $? = 0
configure:5216: g++ -E  conftest.cc
conftest.cc:29:28: ac_nonexistent.h: No such file or directory
configure:5222: $? = 1
configure: failed program was:
| /* confdefs.h.  */
| 
| #define PACKAGE_NAME "gift-gnutella"
| #define PACKAGE_TARNAME "gift-gnutella"
| #define PACKAGE_VERSION "0.0.11"
| #define PACKAGE_STRING "gift-gnutella 0.0.11"
| #define PACKAGE_BUGREPORT ""
| #define GT_MAJOR_VERSION "0"
| #define GT_MINOR_VERSION "0"
| #define GT_MICRO_VERSION "10"
| #define GT_EXTRA_VERSION "-cvs"
| #define PACKAGE "gift-gnutella"
| #define VERSION "0.0.11"
| #define STDC_HEADERS 1
| #define HAVE_SYS_TYPES_H 1
| #define HAVE_SYS_STAT_H 1
| #define HAVE_STDLIB_H 1
| #define HAVE_STRING_H 1
| #define HAVE_MEMORY_H 1
| #define HAVE_STRINGS_H 1
| #define HAVE_INTTYPES_H 1
| #define HAVE_STDINT_H 1
| #define HAVE_UNISTD_H 1
| #define HAVE_DLFCN_H 1
| #ifdef __cplusplus
| extern "C" void std::exit (int) throw (); using std::exit;
| #endif
| /* end confdefs.h.  */
| #include <ac_nonexistent.h>
configure:5261: result: g++ -E
configure:5285: g++ -E  conftest.cc
configure:5291: $? = 0
configure:5323: g++ -E  conftest.cc
conftest.cc:29:28: ac_nonexistent.h: No such file or directory
configure:5329: $? = 1
configure: failed program was:
| /* confdefs.h.  */
| 
| #define PACKAGE_NAME "gift-gnutella"
| #define PACKAGE_TARNAME "gift-gnutella"
| #define PACKAGE_VERSION "0.0.11"
| #define PACKAGE_STRING "gift-gnutella 0.0.11"
| #define PACKAGE_BUGREPORT ""
| #define GT_MAJOR_VERSION "0"
| #define GT_MINOR_VERSION "0"
| #define GT_MICRO_VERSION "10"
| #define GT_EXTRA_VERSION "-cvs"
| #define PACKAGE "gift-gnutella"
| #define VERSION "0.0.11"
| #define STDC_HEADERS 1
| #define HAVE_SYS_TYPES_H 1
| #define HAVE_SYS_STAT_H 1
| #define HAVE_STDLIB_H 1
| #define HAVE_STRING_H 1
| #define HAVE_MEMORY_H 1
| #define HAVE_STRINGS_H 1
| #define HAVE_INTTYPES_H 1
| #define HAVE_STDINT_H 1
| #define HAVE_UNISTD_H 1
| #define HAVE_DLFCN_H 1
| #ifdef __cplusplus
| extern "C" void std::exit (int) throw (); using std::exit;
| #endif
| /* end confdefs.h.  */
| #include <ac_nonexistent.h>
configure:5426: checking for g77
configure:5455: result: no
configure:5426: checking for f77
configure:5455: result: no
configure:5426: checking for xlf
configure:5455: result: no
configure:5426: checking for frt
configure:5455: result: no
configure:5426: checking for pgf77
configure:5455: result: no
configure:5426: checking for fort77
configure:5455: result: no
configure:5426: checking for fl32
configure:5455: result: no
configure:5426: checking for af77
configure:5455: result: no
configure:5426: checking for f90
configure:5455: result: no
configure:5426: checking for xlf90
configure:5455: result: no
configure:5426: checking for pgf90
configure:5455: result: no
configure:5426: checking for epcf90
configure:5455: result: no
configure:5426: checking for f95
configure:5455: result: no
configure:5426: checking for fort
configure:5455: result: no
configure:5426: checking for xlf95
configure:5455: result: no
configure:5426: checking for ifc
configure:5455: result: no
configure:5426: checking for efc
configure:5455: result: no
configure:5426: checking for pgf95
configure:5455: result: no
configure:5426: checking for lf95
configure:5455: result: no
configure:5426: checking for gfortran
configure:5455: result: no
configure:5470: checking for Fortran 77 compiler version
configure:5470:  --version </dev/null >&5
./configure: line 1: --version: command not found
configure:5473: $? = 127
configure:5475:  -v </dev/null >&5
./configure: line 1: -v: command not found
configure:5478: $? = 127
configure:5480:  -V </dev/null >&5
./configure: line 1: -V: command not found
configure:5483: $? = 127
configure:5491: checking whether we are using the GNU Fortran 77 compiler
configure:5505:  -c  conftest.F >&5
./configure: line 1: -c: command not found
configure:5511: $? = 127
configure: failed program was:
|       program main
| #ifndef __GNUC__
|        choke me
| #endif
| 
|       end
configure:5536: result: no
configure:5542: checking whether  accepts -g
configure:5554:  -c -g conftest.f >&5
./configure: line 1: -c: command not found
configure:5560: $? = 127
configure: failed program was:
|       program main
| 
|       end
configure:5584: result: no
configure:5614: checking the maximum length of command line arguments
configure:5723: result: 32768
configure:5734: checking command to parse /usr/bin/nm -B output from gcc object
configure:5839: gcc -c -g -O2  conftest.c >&5
configure:5842: $? = 0
configure:5846: /usr/bin/nm -B conftest.o \| sed -n -e 's/^.*[ 	]\([ABCDGIRSTW][ABCDGIRSTW]*\)[ 	][ 	]*\([_A-Za-z][_A-Za-z0-9]*\)$/\1 \2 \2/p' \> conftest.nm
configure:5849: $? = 0
configure:5901: gcc -o conftest -g -O2   conftest.c conftstm.o >&5
configure:5904: $? = 0
configure:5942: result: ok
configure:5946: checking for objdir
configure:5961: result: .libs
configure:6051: checking for ar
configure:6067: found /usr/bin/ar
configure:6078: result: ar
configure:6131: checking for ranlib
configure:6147: found /usr/bin/ranlib
configure:6158: result: ranlib
configure:6211: checking for strip
configure:6227: found /usr/bin/strip
configure:6238: result: strip
configure:6510: checking if gcc supports -fno-rtti -fno-exceptions
configure:6531: gcc -c -g -O2  -fno-rtti -fno-exceptions conftest.c >&5
cc1: warning: "-fno-rtti" is valid for C++ but not for C/ObjC
configure:6535: $? = 0
configure:6545: result: no
configure:6560: checking for gcc option to produce PIC
configure:6770: result: -fPIC
configure:6778: checking if gcc PIC flag -fPIC works
configure:6799: gcc -c -g -O2  -fPIC -DPIC conftest.c >&5
configure:6803: $? = 0
configure:6813: result: yes
configure:6841: checking if gcc static flag -static works
configure:6869: result: yes
configure:6879: checking if gcc supports -c -o file.o
configure:6903: gcc -c -g -O2  -o out/conftest2.o conftest.c >&5
configure:6907: $? = 0
configure:6926: result: yes
configure:6952: checking whether the gcc linker (/usr/bin/ld) supports shared libraries
configure:7918: result: yes
configure:7939: checking whether -lc should be explicitly linked in
configure:7944: gcc -c -g -O2  conftest.c >&5
configure:7947: $? = 0
configure:7962: gcc -shared conftest.o  -v -Wl,-soname -Wl,conftest -o conftest 2\>\&1 \| grep  -lc  \>/dev/null 2\>\&1
configure:7965: $? = 0
configure:7977: result: no
configure:7985: checking dynamic linker characteristics
configure:8585: result: GNU/Linux ld.so
configure:8594: checking how to hardcode library paths into programs
configure:8619: result: immediate
configure:8633: checking whether stripping libraries is possible
configure:8638: result: yes
configure:9465: checking if libtool supports shared libraries
configure:9467: result: yes
configure:9470: checking whether to build shared libraries
configure:9491: result: yes
configure:9494: checking whether to build static libraries
configure:9498: result: no
configure:9590: creating libtool
configure:10178: checking for ld used by g++
configure:10245: result: /usr/bin/ld
configure:10254: checking if the linker (/usr/bin/ld) is GNU ld
configure:10269: result: yes
configure:10320: checking whether the g++ linker (/usr/bin/ld) supports shared libraries
configure:11256: result: yes
configure:11274: g++ -c -g -O2  conftest.cpp >&5
configure:11277: $? = 0
configure:11396: checking for g++ option to produce PIC
configure:11670: result: -fPIC
configure:11678: checking if g++ PIC flag -fPIC works
configure:11699: g++ -c -g -O2  -fPIC -DPIC conftest.cpp >&5
configure:11703: $? = 0
configure:11713: result: yes
configure:11741: checking if g++ static flag -static works
configure:11769: result: yes
configure:11779: checking if g++ supports -c -o file.o
configure:11803: g++ -c -g -O2  -o out/conftest2.o conftest.cpp >&5
configure:11807: $? = 0
configure:11826: result: yes
configure:11852: checking whether the g++ linker (/usr/bin/ld) supports shared libraries
configure:11883: result: yes
configure:11950: checking dynamic linker characteristics
configure:12550: result: GNU/Linux ld.so
configure:12559: checking how to hardcode library paths into programs
configure:12584: result: immediate
configure:18791: checking for pkg-config
configure:18809: found /usr/bin/pkg-config
configure:18821: result: /usr/bin/pkg-config
configure:18890: checking for libgift >= 0.11.4 libgift < 0.12.0
configure:18894: result: yes
configure:18898: checking GNUTELLA_CFLAGS
configure:18901: result: -I/usr/local/include  
configure:18904: checking GNUTELLA_LIBS
configure:18907: result: -L/usr/local/lib -lgift  
configure:18960: checking for getpid
configure:19017: gcc -o conftest -g -O2   conftest.c  >&5
configure:19023: $? = 0
configure:19026: test -z 			 || test ! -s conftest.err
configure:19029: $? = 0
configure:19032: test -s conftest
configure:19035: $? = 0
configure:19047: result: yes
configure:18960: checking for getppid
configure:19017: gcc -o conftest -g -O2   conftest.c  >&5
configure:19023: $? = 0
configure:19026: test -z 			 || test ! -s conftest.err
configure:19029: $? = 0
configure:19032: test -s conftest
configure:19035: $? = 0
configure:19047: result: yes
configure:19063: checking for hstrerror
configure:19120: gcc -o conftest -g -O2   conftest.c  >&5
configure:19126: $? = 0
configure:19129: test -z 			 || test ! -s conftest.err
configure:19132: $? = 0
configure:19135: test -s conftest
configure:19138: $? = 0
configure:19150: result: yes
configure:19198: checking for zlib version 1.1.4+ in /usr
configure:19220: gcc -o conftest -g -O2  -I/usr/include  conftest.c  -L/usr/lib >&5
conftest.c: In function `main':
conftest.c:34: warning: return type of `main' is not `int'
configure:19223: $? = 0
configure:19225: ./conftest
configure:19228: $? = 0
configure:19242: result: yes
configure:19246: checking for gzread
configure:19303: gcc -o conftest -g -O2  -I/usr/include  conftest.c  -L/usr/lib >&5
/tmp/cc6s7Q4v.o: In function `main':
/home/HEx/gift/Gnutella/conftest.c:72: undefined reference to `gzread'
/tmp/cc6s7Q4v.o:(.data+0x0): undefined reference to `gzread'
collect2: ld returned 1 exit status
configure:19309: $? = 1
configure: failed program was:
| /* confdefs.h.  */
| 
| #define PACKAGE_NAME "gift-gnutella"
| #define PACKAGE_TARNAME "gift-gnutella"
| #define PACKAGE_VERSION "0.0.11"
| #define PACKAGE_STRING "gift-gnutella 0.0.11"
| #define PACKAGE_BUGREPORT ""
| #define GT_MAJOR_VERSION "0"
| #define GT_MINOR_VERSION "0"
| #define GT_MICRO_VERSION "10"
| #define GT_EXTRA_VERSION "-cvs"
| #define PACKAGE "gift-gnutella"
| #define VERSION "0.0.11"
| #define STDC_HEADERS 1
| #define HAVE_SYS_TYPES_H 1
| #define HAVE_SYS_STAT_H 1
| #define HAVE_STDLIB_H 1
| #define HAVE_STRING_H 1
| #define HAVE_MEMORY_H 1
| #define HAVE_STRINGS_H 1
| #define HAVE_INTTYPES_H 1
| #define HAVE_STDINT_H 1
| #define HAVE_UNISTD_H 1
| #define HAVE_DLFCN_H 1
| #ifdef __cplusplus
| extern "C" void std::exit (int) throw (); using std::exit;
| #endif
| #define HAVE_GETPID 1
| #define HAVE_GETPPID 1
| #define HAVE_HSTRERROR 1
| /* end confdefs.h.  */
| /* Define gzread to an innocuous variant, in case <limits.h> declares gzread.
|    For example, HP-UX 11i <limits.h> declares gettimeofday.  */
| #define gzread innocuous_gzread
| 
| /* System header to define __stub macros and hopefully few prototypes,
|     which can conflict with char gzread (); below.
|     Prefer <limits.h> to <assert.h> if __STDC__ is defined, since
|     <limits.h> exists even on freestanding compilers.  */
| 
| #ifdef __STDC__
| # include <limits.h>
| #else
| # include <assert.h>
| #endif
| 
| #undef gzread
| 
| /* Override any gcc2 internal prototype to avoid an error.  */
| #ifdef __cplusplus
| extern "C"
| {
| #endif
| /* We use char because int might match the return type of a gcc2
|    builtin and then its argument prototype would still apply.  */
| char gzread ();
| /* The GNU C library defines this for functions which it implements
|     to always fail with ENOSYS.  Some functions are actually named
|     something starting with __ and the normal name is an alias.  */
| #if defined (__stub_gzread) || defined (__stub___gzread)
| choke me
| #else
| char (*f) () = gzread;
| #endif
| #ifdef __cplusplus
| }
| #endif
| 
| int
| main ()
| {
| return f != gzread;
|   ;
|   return 0;
| }
configure:19333: result: no
configure:19339: checking for gzread in -lz
configure:19369: gcc -o conftest -g -O2  -I/usr/include  conftest.c -lz   -L/usr/lib >&5
configure:19375: $? = 0
configure:19378: test -z 			 || test ! -s conftest.err
configure:19381: $? = 0
configure:19384: test -s conftest
configure:19387: $? = 0
configure:19400: result: yes
configure:19451: checking whether libxml should be used
configure:19573: result: no
configure:19704: creating ./config.status

## ---------------------- ##
## Running config.status. ##
## ---------------------- ##

This file was extended by gift-gnutella config.status 0.0.11, which was
generated by GNU Autoconf 2.59.  Invocation command line was

  CONFIG_FILES    = 
  CONFIG_HEADERS  = 
  CONFIG_LINKS    = 
  CONFIG_COMMANDS = 
  $ ./config.status 

on sphere

config.status:769: creating Makefile
config.status:769: creating m4/Makefile
config.status:769: creating src/Makefile
config.status:769: creating src/encoding/Makefile
config.status:769: creating src/io/Makefile
config.status:769: creating src/message/Makefile
config.status:769: creating src/transfer/Makefile
config.status:769: creating data/Makefile
config.status:769: creating gnutella.spec
config.status:835: creating config.h
config.status:1141: executing depfiles commands

## ---------------- ##
## Cache variables. ##
## ---------------- ##

ac_cv_build=i686-pc-linux-gnu
ac_cv_build_alias=i686-pc-linux-gnu
ac_cv_c_compiler_gnu=yes
ac_cv_cxx_compiler_gnu=yes
ac_cv_env_CC_set=
ac_cv_env_CC_value=
ac_cv_env_CFLAGS_set=
ac_cv_env_CFLAGS_value=
ac_cv_env_CPPFLAGS_set=
ac_cv_env_CPPFLAGS_value=
ac_cv_env_CPP_set=
ac_cv_env_CPP_value=
ac_cv_env_CXXCPP_set=
ac_cv_env_CXXCPP_value=
ac_cv_env_CXXFLAGS_set=
ac_cv_env_CXXFLAGS_value=
ac_cv_env_CXX_set=
ac_cv_env_CXX_value=
ac_cv_env_F77_set=
ac_cv_env_F77_value=
ac_cv_env_FFLAGS_set=
ac_cv_env_FFLAGS_value=
ac_cv_env_LDFLAGS_set=
ac_cv_env_LDFLAGS_value=
ac_cv_env_build_alias_set=
ac_cv_env_build_alias_value=
ac_cv_env_host_alias_set=
ac_cv_env_host_alias_value=
ac_cv_env_target_alias_set=
ac_cv_env_target_alias_value=
ac_cv_exeext=
ac_cv_f77_compiler_gnu=no
ac_cv_func_getpid=yes
ac_cv_func_getppid=yes
ac_cv_func_gzread=no
ac_cv_func_hstrerror=yes
ac_cv_header_dlfcn_h=yes
ac_cv_header_inttypes_h=yes
ac_cv_header_memory_h=yes
ac_cv_header_stdc=yes
ac_cv_header_stdint_h=yes
ac_cv_header_stdlib_h=yes
ac_cv_header_string_h=yes
ac_cv_header_strings_h=yes
ac_cv_header_sys_stat_h=yes
ac_cv_header_sys_types_h=yes
ac_cv_header_unistd_h=yes
ac_cv_host=i686-pc-linux-gnu
ac_cv_host_alias=i686-pc-linux-gnu
ac_cv_lib_z_gzread=yes
ac_cv_objext=o
ac_cv_path_PKG_CONFIG=/usr/bin/pkg-config
ac_cv_path_install='/usr/bin/install -c'
ac_cv_prog_AWK=gawk
ac_cv_prog_CPP='gcc -E'
ac_cv_prog_CXXCPP='g++ -E'
ac_cv_prog_ac_ct_AR=ar
ac_cv_prog_ac_ct_CC=gcc
ac_cv_prog_ac_ct_CXX=g++
ac_cv_prog_ac_ct_RANLIB=ranlib
ac_cv_prog_ac_ct_STRIP=strip
ac_cv_prog_cc_g=yes
ac_cv_prog_cc_stdc=
ac_cv_prog_cxx_g=yes
ac_cv_prog_egrep='grep -E'
ac_cv_prog_f77_g=no
ac_cv_prog_make_make_set=yes
am_cv_CC_dependencies_compiler_type=gcc3
am_cv_CXX_dependencies_compiler_type=gcc3
am_cv_prog_cc_stdc=
lt_cv_deplibs_check_method=pass_all
lt_cv_file_magic_cmd='$MAGIC_CMD'
lt_cv_file_magic_test_file=
lt_cv_ld_reload_flag=-r
lt_cv_objdir=.libs
lt_cv_path_LD=/usr/bin/ld
lt_cv_path_LDCXX=/usr/bin/ld
lt_cv_path_NM='/usr/bin/nm -B'
lt_cv_path_SED=/bin/sed
lt_cv_prog_compiler_c_o=yes
lt_cv_prog_compiler_c_o_CXX=yes
lt_cv_prog_compiler_rtti_exceptions=no
lt_cv_prog_gnu_ld=yes
lt_cv_prog_gnu_ldcxx=yes
lt_cv_sys_global_symbol_pipe='sed -n -e '\''s/^.*[ 	]\([ABCDGIRSTW][ABCDGIRSTW]*\)[ 	][ 	]*\([_A-Za-z][_A-Za-z0-9]*\)$/\1 \2 \2/p'\'''
lt_cv_sys_global_symbol_to_c_name_address='sed -n -e '\''s/^: \([^ ]*\) $/  {\"\1\", (lt_ptr) 0},/p'\'' -e '\''s/^[BCDEGRST] \([^ ]*\) \([^ ]*\)$/  {"\2", (lt_ptr) \&\2},/p'\'''
lt_cv_sys_global_symbol_to_cdecl='sed -n -e '\''s/^. .* \(.*\)$/extern int \1;/p'\'''
lt_cv_sys_max_cmd_len=32768
lt_lt_cv_prog_compiler_c_o='"yes"'
lt_lt_cv_prog_compiler_c_o_CXX='"yes"'
lt_lt_cv_sys_global_symbol_pipe='"sed -n -e '\''s/^.*[ 	]\\([ABCDGIRSTW][ABCDGIRSTW]*\\)[ 	][ 	]*\\([_A-Za-z][_A-Za-z0-9]*\\)\$/\\1 \\2 \\2/p'\''"'
lt_lt_cv_sys_global_symbol_to_c_name_address='"sed -n -e '\''s/^: \\([^ ]*\\) \$/  {\\\"\\1\\\", (lt_ptr) 0},/p'\'' -e '\''s/^[BCDEGRST] \\([^ ]*\\) \\([^ ]*\\)\$/  {\"\\2\", (lt_ptr) \\&\\2},/p'\''"'
lt_lt_cv_sys_global_symbol_to_cdecl='"sed -n -e '\''s/^. .* \\(.*\\)\$/extern int \\1;/p'\''"'

## ----------------- ##
## Output variables. ##
## ----------------- ##

ACLOCAL='${SHELL} /home/HEx/gift/Gnutella/missing --run aclocal-1.7'
AMDEPBACKSLASH='\'
AMDEP_FALSE='#'
AMDEP_TRUE=''
AMTAR='${SHELL} /home/HEx/gift/Gnutella/missing --run tar'
AR='ar'
AUTOCONF='${SHELL} /home/HEx/gift/Gnutella/missing --run autoconf'
AUTOHEADER='${SHELL} /home/HEx/gift/Gnutella/missing --run autoheader'
AUTOMAKE='${SHELL} /home/HEx/gift/Gnutella/missing --run automake-1.7'
AWK='gawk'
CC='gcc'
CCDEPMODE='depmode=gcc3'
CFLAGS='-g -O2'
CPP='gcc -E'
CPPFLAGS=' -I/usr/include'
CXX='g++'
CXXCPP='g++ -E'
CXXDEPMODE='depmode=gcc3'
CXXFLAGS='-g -O2'
CYGPATH_W='echo'
DEFS='-DHAVE_CONFIG_H'
DEPDIR='.deps'
ECHO='echo'
ECHO_C=''
ECHO_N='-n'
ECHO_T=''
EGREP='grep -E'
EXEEXT=''
F77=''
FFLAGS=''
GNUTELLA_CFLAGS='-I/usr/local/include  '
GNUTELLA_LIBS='-L/usr/local/lib -lgift   -lgiftproto'
INSTALL_DATA='${INSTALL} -m 644'
INSTALL_PROGRAM='${INSTALL}'
INSTALL_SCRIPT='${INSTALL}'
INSTALL_STRIP_PROGRAM='${SHELL} $(install_sh) -c -s'
LDFLAGS=''
LIBOBJS=''
LIBS='-lz  -L/usr/lib'
LIBTOOL='$(SHELL) $(top_builddir)/libtool'
LIBXML2_CFLAGS=''
LIBXML2_LIBS=''
LN_S='ln -s'
LTLIBOBJS=''
MAINT='#'
MAINTAINER_MODE_FALSE=''
MAINTAINER_MODE_TRUE='#'
MAKEINFO='${SHELL} /home/HEx/gift/Gnutella/missing --run makeinfo'
OBJEXT='o'
PACKAGE='gift-gnutella'
PACKAGE_BUGREPORT=''
PACKAGE_NAME='gift-gnutella'
PACKAGE_STRING='gift-gnutella 0.0.11'
PACKAGE_TARNAME='gift-gnutella'
PACKAGE_VERSION='0.0.11'
PATH_SEPARATOR=':'
PKG_CONFIG='/usr/bin/pkg-config'
PLUGIN_LDFLAGS='-module -avoid-version'
RANLIB='ranlib'
SET_MAKE=''
SHELL='/bin/sh'
STRIP='strip'
USE_ZLIB=''
VERSION='0.0.11'
XML2_CONFIG=''
ac_ct_AR='ar'
ac_ct_CC='gcc'
ac_ct_CXX='g++'
ac_ct_F77=''
ac_ct_RANLIB='ranlib'
ac_ct_STRIP='strip'
am__fastdepCC_FALSE='#'
am__fastdepCC_TRUE=''
am__fastdepCXX_FALSE='#'
am__fastdepCXX_TRUE=''
am__include='include'
am__leading_dot='.'
am__quote=''
bindir='${exec_prefix}/bin'
build='i686-pc-linux-gnu'
build_alias=''
build_cpu='i686'
build_os='linux-gnu'
build_vendor='pc'
datadir='${prefix}/share'
exec_prefix='${prefix}'
host='i686-pc-linux-gnu'
host_alias=''
host_cpu='i686'
host_os='linux-gnu'
host_vendor='pc'
includedir='${prefix}/include'
infodir='${prefix}/info'
install_sh='/home/HEx/gift/Gnutella/install-sh'
libdir='${exec_prefix}/lib'
libexecdir='${exec_prefix}/libexec'
localstatedir='${prefix}/var'
mandir='${prefix}/man'
oldincludedir='/usr/include'
prefix='/usr/local'
program_transform_name='s,x,x,'
sbindir='${exec_prefix}/sbin'
sharedstatedir='${prefix}/com'
sysconfdir='${prefix}/etc'
target_alias=''

## ----------- ##
## confdefs.h. ##
## ----------- ##

#define GT_EXTRA_VERSION "-cvs"
#define GT_MAJOR_VERSION "0"
#define GT_MICRO_VERSION "10"
#define GT_MINOR_VERSION "0"
#define HAVE_DLFCN_H 1
#define HAVE_GETPID 1
#define HAVE_GETPPID 1
#define HAVE_HSTRERROR 1
#define HAVE_INTTYPES_H 1
#define HAVE_LIBZ 1
#define HAVE_MEMORY_H 1
#define HAVE_STDINT_H 1
#define HAVE_STDLIB_H 1
#define HAVE_STRINGS_H 1
#define HAVE_STRING_H 1
#define HAVE_SYS_STAT_H 1
#define HAVE_SYS_TYPES_H 1
#define HAVE_UNISTD_H 1
#define PACKAGE "gift-gnutella"
#define PACKAGE_BUGREPORT ""
#define PACKAGE_NAME "gift-gnutella"
#define PACKAGE_STRING "gift-gnutella 0.0.11"
#define PACKAGE_TARNAME "gift-gnutella"
#define PACKAGE_VERSION "0.0.11"
#define STDC_HEADERS 1
#define USE_ZLIB 1
#define VERSION "0.0.11"
#endif
#ifdef __cplusplus
extern "C" void std::exit (int) throw (); using std::exit;

configure: exit 0
