This file contains any messages produced by compilers while
running configure, to aid debugging if configure makes a mistake.

It was created by configure, which was
generated by GNU Autoconf 2.57.  Invocation command line was

  $ ./configure --cache-file=config.cache --enable-gnutella --disable-id3lib --disable-imagemagick --enable-perl --enable-libdb

## --------- ##
## Platform. ##
## --------- ##

hostname = sphere
uname -m = i686
uname -r = 2.4.20
uname -s = Linux
uname -v = #20 Sat May 10 22:19:57 BST 2003

/usr/bin/uname -p = unknown
/bin/uname -X     = unknown

/bin/arch              = i686
/usr/bin/arch -k       = unknown
/usr/convex/getsysinfo = unknown
hostinfo               = unknown
/bin/machine           = unknown
/usr/bin/oslevel       = unknown
/bin/universe          = unknown

PATH: /usr/local/bin
PATH: /usr/bin
PATH: /bin
PATH: /usr/bin/X11
PATH: /usr/games
PATH: /usr/local/bin
PATH: /home/HEx/bin


## ----------- ##
## Core tests. ##
## ----------- ##

configure:1370: loading cache config.cache
configure:1518: checking for a BSD-compatible install
configure:1572: result: /usr/bin/install -c
configure:1583: checking whether build environment is sane
configure:1626: result: yes
configure:1659: checking for gawk
configure:1685: result: gawk
configure:1695: checking whether make sets $(MAKE)
configure:1715: result: yes
configure:1961: checking for gcc
configure:1987: result: gcc
configure:2231: checking for C compiler version
configure:2234: gcc --version </dev/null >&5
2.95.4
configure:2237: $? = 0
configure:2239: gcc -v </dev/null >&5
Reading specs from /usr/lib/gcc-lib/i386-linux/2.95.4/specs
gcc version 2.95.4 20011002 (Debian prerelease)
configure:2242: $? = 0
configure:2244: gcc -V </dev/null >&5
gcc: argument to `-V' is missing
configure:2247: $? = 1
configure:2271: checking for C compiler default output
configure:2274: gcc    conftest.c  >&5
configure:2277: $? = 0
configure:2323: result: a.out
configure:2328: checking whether the C compiler works
configure:2334: ./a.out
configure:2337: $? = 0
configure:2354: result: yes
configure:2361: checking whether we are cross compiling
configure:2363: result: no
configure:2366: checking for suffix of executables
configure:2368: gcc -o conftest    conftest.c  >&5
configure:2371: $? = 0
configure:2396: result: 
configure:2402: checking for suffix of object files
configure:2449: result: o
configure:2453: checking whether we are using the GNU C compiler
configure:2500: result: yes
configure:2506: checking whether gcc accepts -g
configure:2548: result: yes
configure:2565: checking for gcc option to accept ANSI C
configure:2653: result: none needed
configure:2671: gcc -c -g -O2  conftest.c >&5
conftest.c:2: parse error before `me'
configure:2674: $? = 1
configure: failed program was:
| #ifndef __cplusplus
|   choke me
| #endif
configure:2794: checking for style of include used by make
configure:2822: result: GNU
configure:2850: checking dependency style of gcc
configure:2918: result: gcc
configure:2939: checking for gcc option to accept ANSI C
configure:3027: result: none needed
configure:3043: checking how to run the C preprocessor
configure:3161: result: gcc -E
configure:3186: gcc -E  conftest.c
configure:3192: $? = 0
configure:3224: gcc -E  conftest.c
configure:3226: ac_nonexistent.h: No such file or directory
configure:3230: $? = 1
configure: failed program was:
| #line 3215 "configure"
| /* confdefs.h.  */
| 
| #define PACKAGE_NAME ""
| #define PACKAGE_TARNAME ""
| #define PACKAGE_VERSION ""
| #define PACKAGE_STRING ""
| #define PACKAGE_BUGREPORT ""
| #define PACKAGE "giFT"
| #define VERSION "0.10.0"
| #define BUILD_DATE "Tue Jun 10 17:18:07 BST 2003"
| /* end confdefs.h.  */
| #include <ac_nonexistent.h>
configure:3273: checking for egrep
configure:3283: result: grep -E
configure:3288: checking for ANSI C header files
configure:3435: result: yes
configure:3457: checking for a BSD-compatible install
configure:3511: result: /usr/bin/install -c
configure:3595: checking build system type
configure:3613: result: i686-pc-linux-gnu
configure:3621: checking host system type
configure:3635: result: i686-pc-linux-gnu
configure:3665: checking for ld used by GCC
configure:3728: result: /usr/bin/ld
configure:3737: checking if the linker (/usr/bin/ld) is GNU ld
configure:3749: result: yes
configure:3754: checking for /usr/bin/ld option to reload object files
configure:3761: result: -r
configure:3766: checking for BSD-compatible nm
configure:3802: result: /usr/bin/nm -B
configure:3805: checking for a sed that does not truncate output
configure:3887: result: /bin/sed
configure:3890: checking whether ln -s works
configure:3894: result: yes
configure:3901: checking how to recognise dependent libraries
configure:4082: result: pass_all
configure:4094: checking command to parse /usr/bin/nm -B output
configure:4287: result: ok
configure:4305: checking for sys/types.h
configure:4342: result: yes
configure:4305: checking for sys/stat.h
configure:4342: result: yes
configure:4305: checking for stdlib.h
configure:4342: result: yes
configure:4305: checking for string.h
configure:4342: result: yes
configure:4305: checking for memory.h
configure:4342: result: yes
configure:4305: checking for strings.h
configure:4342: result: yes
configure:4305: checking for inttypes.h
configure:4342: result: yes
configure:4305: checking for stdint.h
configure:4342: result: yes
configure:4305: checking for unistd.h
configure:4342: result: yes
configure:4359: checking for dlfcn.h
configure:4364: result: yes
configure:4681: checking for ranlib
configure:4708: result: ranlib
configure:4761: checking for strip
configure:4788: result: strip
configure:4998: checking for objdir
configure:5009: result: .libs
configure:5026: checking for gcc option to produce PIC
configure:5172: result:                                               -fPIC
configure:5176: checking if gcc PIC flag                                               -fPIC works
configure:5247: result: yes
configure:5263: checking if gcc static flag -static works
configure:5313: result: yes
configure:5325: checking if gcc supports -c -o file.o
configure:5369: result: yes
configure:5374: checking if gcc supports -c -o file.lo
configure:5433: result: yes
configure:5464: checking if gcc supports -fno-rtti -fno-exceptions
configure:5487: gcc -c -g -O2 -fno-rtti -fno-exceptions -c conftest.c  conftest.c >&5
configure:5490: $? = 0
configure:5493: test -s conftest.o
configure:5496: $? = 0
configure:5513: result: yes
configure:5524: checking whether the linker (/usr/bin/ld) supports shared libraries
configure:6219: result: yes
configure:6224: checking how to hardcode library paths into programs
configure:6248: result: immediate
configure:6253: checking whether stripping libraries is possible
configure:6258: result: yes
configure:6269: checking dynamic linker characteristics
configure:6689: result: GNU/Linux ld.so
configure:6694: checking if libtool supports shared libraries
configure:6696: result: yes
configure:6699: checking whether to build shared libraries
configure:6720: result: yes
configure:6723: checking whether to build static libraries
configure:6727: result: no
configure:7401: checking whether -lc should be explicitly linked in
configure:7442: result: no
configure:8018: checking for gethostbyname in -lnsl
configure:8070: result: yes
configure:8082: checking for socket in -lsocket
configure:8134: result: no
configure:8146: checking for opendir in -lmingwex
configure:8198: result: no
configure:8210: checking for inet_ntoa in -lbind
configure:8262: result: no
configure:8274: checking for openlog in -lbe
configure:8326: result: no
configure:8339: checking if -lws2_32 is needed
configure:8428: result: no
configure:8436: checking if -lwsock32 is needed
configure:8525: result: no
configure:8544: checking for dirent.h that defines DIR
configure:8589: result: yes
configure:8602: checking for library containing opendir
configure:8701: result: none required
configure:8817: checking for ANSI C header files
configure:8964: result: yes
configure:8974: checking for sys/wait.h that is POSIX.1 compatible
configure:9026: result: yes
configure:9063: checking for dirent.h
configure:9068: result: yes
configure:9063: checking for fcntl.h
configure:9068: result: yes
configure:9063: checking for getopt.h
configure:9068: result: yes
configure:9063: checking for limits.h
configure:9068: result: yes
configure:9063: checking for linux/limits.h
configure:9068: result: yes
configure:9063: checking for sys/mman.h
configure:9068: result: yes
configure:9063: checking for sys/time.h
configure:9068: result: yes
configure:9063: checking for syslog.h
configure:9068: result: yes
configure:9063: checking for signal.h
configure:9068: result: yes
configure:9063: checking for unistd.h
configure:9068: result: yes
configure:9063: checking for inttypes.h
configure:9068: result: yes
configure:9063: checking for io.h
configure:9068: result: no
configure:9202: checking for an ANSI C-conforming const
configure:9290: result: yes
configure:9300: checking whether time.h and sys/time.h may both be included
configure:9346: result: yes
configure:9356: checking whether struct tm is in sys/time.h or time.h
configure:9400: result: time.h
configure:9438: checking whether byte ordering is bigendian
configure:9623: result: no
configure:9652: checking for short
configure:9697: result: yes
configure:9700: checking size of short
configure:10006: result: 2
configure:10013: checking for int
configure:10058: result: yes
configure:10061: checking size of int
configure:10367: result: 4
configure:10374: checking for long
configure:10419: result: yes
configure:10422: checking size of long
configure:10728: result: 4
configure:10735: checking for long long
configure:10780: result: yes
configure:10783: checking size of long long
configure:11089: result: 8
configure:11096: checking for void *
configure:11141: result: yes
configure:11144: checking size of void *
configure:11450: result: 4
configure:11484: checking for uint8_t
configure:11537: result: yes
configure:11549: checking for int8_t
configure:11602: result: yes
configure:11614: checking for uint16_t
configure:11667: result: yes
configure:11679: checking for int16_t
configure:11732: result: yes
configure:11744: checking for uint32_t
configure:11797: result: yes
configure:11809: checking for int32_t
configure:11862: result: yes
configure:11891: checking for in_addr_t
configure:11939: result: yes
configure:11952: checking for in_port_t
configure:12000: result: yes
configure:12013: checking for pid_t
configure:12058: result: yes
configure:12070: checking for off_t
configure:12115: result: yes
configure:12127: checking for size_t
configure:12172: result: yes
configure:12185: checking for getopt
configure:12229: result: yes
configure:12241: checking for getopt_long
configure:12285: result: yes
configure:12298: checking for working memcmp
configure:12369: result: yes
configure:12379: checking for stdlib.h
configure:12384: result: yes
configure:12379: checking for unistd.h
configure:12384: result: yes
configure:12520: checking for getpagesize
configure:12590: result: yes
configure:12600: checking for working mmap
configure:12765: result: yes
configure:12790: checking for ftruncate
configure:12860: result: yes
configure:12790: checking for madvise
configure:12860: result: yes
configure:12790: checking for mkstemp
configure:12860: result: yes
configure:12790: checking for nice
configure:12860: result: yes
configure:12790: checking for select
configure:12860: result: yes
configure:12790: checking for poll
configure:12860: result: yes
configure:12790: checking for signal
configure:12860: result: yes
configure:12790: checking for socket
configure:12860: result: yes
configure:12790: checking for socketpair
configure:12860: result: yes
configure:12790: checking for strdup
configure:12860: result: yes
configure:12790: checking for strstr
configure:12860: result: yes
configure:12877: checking for snprintf
configure:12947: result: yes
configure:12877: checking for _snprintf
configure:12947: result: no
configure:12877: checking for vsnprintf
configure:12947: result: yes
configure:12877: checking for _vsnprintf
configure:12947: result: no
configure:13201: checking for lt_dlopen in -lltdl
configure:13253: result: yes
configure:13256: checking for lt_dlsym in -lltdl
configure:13308: result: yes
configure:13324: checking for ltdl.h
configure:13329: result: yes
configure:13909: checking for Vorbis
configure:13945: gcc -o conftest -g -Wall -I/usr/local/include    conftest.c -lnsl  -L/usr/local/lib -lvorbis -lm  >&5
configure:13948: $? = 0
configure:13950: ./conftest
configure:13953: $? = 0
configure:13971: result: yes
configure:14064: checking for db4/db.h
configure:14069: result: no
configure:14064: checking for db.h
configure:14069: result: yes
configure:14211: checking for libdb (-ldb)
configure:14255: gcc -o conftest -g -Wall   conftest.c -lnsl  -ldb >&5
configure:14258: $? = 0
configure:14260: ./conftest
configure:14263: $? = 0
configure:14290: result: yes
configure:14636: checking for zlib version 1.1.4+ in /usr
configure:14659: gcc -o conftest -g -Wall  -I/usr/include  conftest.c -lnsl  -L/usr/lib >&5
configure:14714: warning: return type of `main' is not `int'
configure:14662: $? = 0
configure:14664: ./conftest
configure:14667: $? = 0
configure:14681: result: yes
configure:14685: checking for gzread
configure:14755: result: no
configure:14761: checking for gzread in -lz
configure:14813: result: yes
configure:15265: creating ./config.status

## ---------------------- ##
## Running config.status. ##
## ---------------------- ##

This file was extended by config.status, which was
generated by GNU Autoconf 2.57.  Invocation command line was

  CONFIG_FILES    = 
  CONFIG_HEADERS  = 
  CONFIG_LINKS    = 
  CONFIG_COMMANDS = 
  $ ./config.status 

on sphere

config.status:739: creating giFT-setup
config.status:739: creating gift.spec
config.status:739: creating Makefile
config.status:739: creating lib/Makefile
config.status:739: creating lib/libgift.pc
config.status:739: creating lib/giftconfig.h
config.status:739: creating plugin/Makefile
config.status:739: creating src/Makefile
config.status:739: creating OpenFT/Makefile
config.status:739: creating OpenFT/proto/Makefile
config.status:739: creating Gnutella/Makefile
config.status:739: creating data/Makefile
config.status:739: creating data/OpenFT/Makefile
config.status:739: creating data/Gnutella/Makefile
config.status:843: creating config.h
config.status:1186: executing depfiles commands
config.status:1186: executing default commands

## ---------------- ##
## Cache variables. ##
## ---------------- ##

ac_cv_build=i686-pc-linux-gnu
ac_cv_build_alias=i686-pc-linux-gnu
ac_cv_c_bigendian=no
ac_cv_c_compiler_gnu=yes
ac_cv_c_const=yes
ac_cv_env_CC_set=
ac_cv_env_CC_value=
ac_cv_env_CFLAGS_set=
ac_cv_env_CFLAGS_value=
ac_cv_env_CPPFLAGS_set=
ac_cv_env_CPPFLAGS_value=
ac_cv_env_CPP_set=
ac_cv_env_CPP_value=
ac_cv_env_LDFLAGS_set=
ac_cv_env_LDFLAGS_value=
ac_cv_env_build_alias_set=
ac_cv_env_build_alias_value=
ac_cv_env_host_alias_set=
ac_cv_env_host_alias_value=
ac_cv_env_target_alias_set=
ac_cv_env_target_alias_value=
ac_cv_exeext=
ac_cv_func_Perl_eval_pv=no
ac_cv_func__snprintf=no
ac_cv_func__vsnprintf=no
ac_cv_func_dlopen=no
ac_cv_func_ftruncate=yes
ac_cv_func_getopt=yes
ac_cv_func_getopt_long=yes
ac_cv_func_getpagesize=yes
ac_cv_func_gzread=no
ac_cv_func_madvise=yes
ac_cv_func_memcmp_working=yes
ac_cv_func_mkstemp=yes
ac_cv_func_mmap_fixed_mapped=yes
ac_cv_func_nice=yes
ac_cv_func_poll=yes
ac_cv_func_select=yes
ac_cv_func_signal=yes
ac_cv_func_snprintf=yes
ac_cv_func_socket=yes
ac_cv_func_socketpair=yes
ac_cv_func_strdup=yes
ac_cv_func_strstr=yes
ac_cv_func_vsnprintf=yes
ac_cv_gift_int32=int
ac_cv_header_db4_db_h=no
ac_cv_header_db_h=yes
ac_cv_header_dirent_dirent_h=yes
ac_cv_header_dirent_h=yes
ac_cv_header_dlfcn_h=yes
ac_cv_header_fcntl_h=yes
ac_cv_header_getopt_h=yes
ac_cv_header_inttypes_h=yes
ac_cv_header_io_h=no
ac_cv_header_limits_h=yes
ac_cv_header_linux_limits_h=yes
ac_cv_header_ltdl_h=yes
ac_cv_header_memory_h=yes
ac_cv_header_signal_h=yes
ac_cv_header_stdc=yes
ac_cv_header_stdint_h=yes
ac_cv_header_stdlib_h=yes
ac_cv_header_string_h=yes
ac_cv_header_strings_h=yes
ac_cv_header_sys_mman_h=yes
ac_cv_header_sys_stat_h=yes
ac_cv_header_sys_time_h=yes
ac_cv_header_sys_types_h=yes
ac_cv_header_sys_wait_h=yes
ac_cv_header_syslog_h=yes
ac_cv_header_time=yes
ac_cv_header_unistd_h=yes
ac_cv_host=i686-pc-linux-gnu
ac_cv_host_alias=i686-pc-linux-gnu
ac_cv_lib_Magick_ReadImage=yes
ac_cv_lib_be_openlog=no
ac_cv_lib_bind_inet_ntoa=no
ac_cv_lib_dir_opendir=no
ac_cv_lib_dl_dlopen=yes
ac_cv_lib_dl_dlsym=yes
ac_cv_lib_id3_ID3Tag_New=yes
ac_cv_lib_ltdl_lt_dlopen=yes
ac_cv_lib_ltdl_lt_dlsym=yes
ac_cv_lib_mingwex_opendir=no
ac_cv_lib_nsl_gethostbyname=yes
ac_cv_lib_perl_perl_parse=yes
ac_cv_lib_socket_socket=no
ac_cv_lib_z_gzread=yes
ac_cv_objext=o
ac_cv_path_install='/usr/bin/install -c'
ac_cv_path_perlpath=/usr/bin/perl
ac_cv_path_sedpath=/bin/sed
ac_cv_prog_AWK=gawk
ac_cv_prog_CPP='gcc -E'
ac_cv_prog_ac_ct_CC=gcc
ac_cv_prog_ac_ct_RANLIB=ranlib
ac_cv_prog_ac_ct_STRIP=strip
ac_cv_prog_cc_g=yes
ac_cv_prog_cc_stdc=
ac_cv_prog_egrep='grep -E'
ac_cv_prog_make_make_set=yes
ac_cv_search_opendir='none required'
ac_cv_sizeof_int=4
ac_cv_sizeof_long=4
ac_cv_sizeof_long_long=8
ac_cv_sizeof_short=2
ac_cv_sizeof_void_p=4
ac_cv_struct_tm=time.h
ac_cv_type_in_addr_t=yes
ac_cv_type_in_port_t=yes
ac_cv_type_int=yes
ac_cv_type_int16_t=yes
ac_cv_type_int32_t=yes
ac_cv_type_int8_t=yes
ac_cv_type_long=yes
ac_cv_type_long_long=yes
ac_cv_type_off_t=yes
ac_cv_type_pid_t=yes
ac_cv_type_short=yes
ac_cv_type_size_t=yes
ac_cv_type_uint16_t=yes
ac_cv_type_uint32_t=yes
ac_cv_type_uint8_t=yes
ac_cv_type_void_p=yes
am_cv_CC_dependencies_compiler_type=gcc
am_cv_prog_cc_stdc=
gift_cv_gift_cv_need_ws2_lib_save_LIBS='-lnsl '
gift_cv_gift_cv_need_wsock32_lib_save_LIBS='-lnsl '
gift_cv_link_without_gift_cv_need_ws2_lib_failed=yes
gift_cv_link_without_gift_cv_need_wsock32_lib_failed=yes
gift_cv_need_ws2_lib=no
gift_cv_need_wsock32_lib=no
lt_cv_archive_cmds_need_lc=no
lt_cv_compiler_c_o=yes
lt_cv_compiler_o_lo=yes
lt_cv_deplibs_check_method=pass_all
lt_cv_file_magic_cmd='$MAGIC_CMD'
lt_cv_file_magic_test_file='/lib/libc.so.6 /lib/libc-2.3.1.so'
lt_cv_global_symbol_to_c_name_address='sed -n -e '\''s/^: \([^ ]*\) $/  {\"\1\", (lt_ptr) 0},/p'\'' -e '\''s/^[BCDEGRST] \([^ ]*\) \([^ ]*\)$/  {"\2", (lt_ptr) \&\2},/p'\'''
lt_cv_global_symbol_to_cdecl='sed -n -e '\''s/^. .* \(.*\)$/extern char \1;/p'\'''
lt_cv_ld_reload_flag=-r
lt_cv_path_LD=/usr/bin/ld
lt_cv_path_NM='/usr/bin/nm -B'
lt_cv_path_SED=/bin/sed
lt_cv_prog_cc_can_build_shared=yes
lt_cv_prog_cc_no_builtin=
lt_cv_prog_cc_pic='                                               -fPIC'
lt_cv_prog_cc_pic_works=yes
lt_cv_prog_cc_shlib=
lt_cv_prog_cc_static=-static
lt_cv_prog_cc_static_works=yes
lt_cv_prog_cc_wl=-Wl,
lt_cv_prog_gnu_ld=yes
lt_cv_sys_global_symbol_pipe='sed -n -e '\''s/^.*[ 	]\([ABCDGISTW][ABCDGISTW]*\)[ 	][ 	]*\(\)\([_A-Za-z][_A-Za-z0-9]*\)$/\1 \2\3 \3/p'\'''
lt_cv_sys_path_separator=:

## ----------------- ##
## Output variables. ##
## ----------------- ##

ACLOCAL='${SHELL} /home/HEx/gift/giFT/missing --run aclocal-1.7'
AMDEPBACKSLASH='\'
AMDEP_FALSE='#'
AMDEP_TRUE=''
AMTAR='${SHELL} /home/HEx/gift/giFT/missing --run tar'
AUTOCONF='${SHELL} /home/HEx/gift/giFT/missing --run autoconf'
AUTOHEADER='${SHELL} /home/HEx/gift/giFT/missing --run autoheader'
AUTOMAKE='${SHELL} /home/HEx/gift/giFT/missing --run automake-1.7'
AWK='gawk'
CC='gcc'
CCDEPMODE='depmode=gcc'
CFLAGS='-g -Wall'
CPP='gcc -E'
CPPFLAGS=' -I/usr/include'
CYGPATH_W='echo'
DAEMON_FALSE='#'
DAEMON_TRUE=''
DEFS='-DHAVE_CONFIG_H'
DEPDIR='.deps'
ECHO='echo'
ECHO_C=''
ECHO_N='-n'
ECHO_T=''
EGREP='grep -E'
EXEEXT=''
GIFT_CFLAGS='-g -Wall '
GIFT_LDFLAGS=' -rdynamic'
GIFT_LIBS='-lnsl  -lltdl'
GNUTELLA_FALSE='#'
GNUTELLA_TRUE=''
ID3LIB_CFLAGS=''
ID3LIB_FALSE=''
ID3LIB_LIBS=''
ID3LIB_TRUE='#'
IMAGEMAGICK_CFLAGS=''
IMAGEMAGICK_FALSE=''
IMAGEMAGICK_LDFLAGS=''
IMAGEMAGICK_LIBS=''
IMAGEMAGICK_TRUE='#'
INSTALL_DATA='${INSTALL} -m 644'
INSTALL_PROGRAM='${INSTALL}'
INSTALL_SCRIPT='${INSTALL}'
INSTALL_STRIP_PROGRAM='${SHELL} $(install_sh) -c -s'
LDFLAGS=''
LIBDB_CFLAGS=''
LIBDB_FALSE='#'
LIBDB_LIBS='-ldb'
LIBDB_TRUE=''
LIBGIFT_MAJOR='0'
LIBGIFT_MICRO='0'
LIBGIFT_MINOR='10'
LIBGIFT_VERSION='0.10.0'
LIBGIFT_VERSIONSTR='"0.10.0"'
LIBMAGIC_FALSE=''
LIBMAGIC_TRUE='#'
LIBOBJS=''
LIBS='-lz -lnsl  -L/usr/lib'
LIBTOOL='$(SHELL) $(top_builddir)/libtool'
LIBVORBIS_FALSE='#'
LIBVORBIS_TRUE=''
LN_S='ln -s'
LTDL_FALSE='#'
LTDL_TRUE=''
LTLIBOBJS=''
MAKEINFO='${SHELL} /home/HEx/gift/giFT/missing --run makeinfo'
OBJEXT='o'
OPENFT_FALSE='#'
OPENFT_TRUE=''
PACKAGE='giFT'
PACKAGE_BUGREPORT=''
PACKAGE_NAME=''
PACKAGE_STRING=''
PACKAGE_TARNAME=''
PACKAGE_VERSION=''
PATH_SEPARATOR=':'
PERL_CFLAGS=''
PERL_FALSE='#'
PERL_LIBS=''
PERL_TRUE=''
PLUGIN_GNUTELLA=''
PLUGIN_OPENFT=''
RANLIB='ranlib'
SET_MAKE=''
SHELL='/bin/sh'
STRIP='strip'
USE_LTDL=''
USE_ZLIB=''
VERSION='0.10.0'
VORBISENC_LIBS='-L/usr/local/lib -lvorbisenc'
VORBISFILE_LIBS='-L/usr/local/lib -lvorbisfile'
VORBIS_CFLAGS='-I/usr/local/include'
VORBIS_LIBS='-L/usr/local/lib -lvorbis -lm'
ac_ct_CC='gcc'
ac_ct_RANLIB='ranlib'
ac_ct_STRIP='strip'
am__fastdepCC_FALSE=''
am__fastdepCC_TRUE='#'
am__include='include'
am__leading_dot='.'
am__quote=''
bindir='${exec_prefix}/bin'
build='i686-pc-linux-gnu'
build_alias=''
build_cpu='i686'
build_os='linux-gnu'
build_vendor='pc'
datadir='${prefix}/share'
exec_prefix='${prefix}'
giftdatadir='/usr/local/share/giFT'
giftperldir='/usr/local/bin'
host='i686-pc-linux-gnu'
host_alias=''
host_cpu='i686'
host_os='linux-gnu'
host_vendor='pc'
includedir='${prefix}/include'
infodir='${prefix}/info'
install_sh='/home/HEx/gift/giFT/install-sh'
libdir='${exec_prefix}/lib'
libexecdir='${exec_prefix}/libexec'
libgiftincdir='/usr/local/include/libgift'
localstatedir='${prefix}/var'
mandir='${prefix}/man'
oldincludedir='/usr/include'
perlpath=''
plugindir='/usr/local/lib/giFT'
prefix='/usr/local'
program_transform_name='s,x,x,'
sbindir='${exec_prefix}/sbin'
sedpath=''
sharedstatedir='${prefix}/com'
sysconfdir='${prefix}/etc'
target_alias=''

## ------------- ##
## Output files. ##
## ------------- ##

GIFT_FEATURES='gconfdefs.h'
gift_conf_file='etc/gift.conf'
openft_conf_file='etc/OpenFT/OpenFT.conf'
ui_conf_file='etc/ui/ui.conf'

## ----------- ##
## confdefs.h. ##
## ----------- ##

#define BUILD_DATE "Tue Jun 10 17:18:07 BST 2003"
#define HAVE_DB_H 1
#define HAVE_DIRENT_H 1
#define HAVE_DIRENT_H 1
#define HAVE_DLFCN_H 1
#define HAVE_FCNTL_H 1
#define HAVE_FTRUNCATE 1
#define HAVE_GETOPT_H 1
#define HAVE_GETPAGESIZE 1
#define HAVE_INTTYPES_H 1
#define HAVE_INTTYPES_H 1
#define HAVE_LIBNSL 1
#define HAVE_LIBZ 1
#define HAVE_LIMITS_H 1
#define HAVE_LINUX_LIMITS_H 1
#define HAVE_LTDL_H 1
#define HAVE_MADVISE 1
#define HAVE_MEMORY_H 1
#define HAVE_MKSTEMP 1
#define HAVE_MMAP 1
#define HAVE_NICE 1
#define HAVE_POLL 1
#define HAVE_SELECT 1
#define HAVE_SIGNAL 1
#define HAVE_SIGNAL_H 1
#define HAVE_SNPRINTF 1
#define HAVE_SOCKET 1
#define HAVE_SOCKETPAIR 1
#define HAVE_STDINT_H 1
#define HAVE_STDLIB_H 1
#define HAVE_STDLIB_H 1
#define HAVE_STRDUP 1
#define HAVE_STRINGS_H 1
#define HAVE_STRING_H 1
#define HAVE_STRSTR 1
#define HAVE_SYSLOG_H 1
#define HAVE_SYS_MMAN_H 1
#define HAVE_SYS_STAT_H 1
#define HAVE_SYS_TIME_H 1
#define HAVE_SYS_TYPES_H 1
#define HAVE_SYS_WAIT_H 1
#define HAVE_UNISTD_H 1
#define HAVE_UNISTD_H 1
#define HAVE_UNISTD_H 1
#define HAVE_VSNPRINTF 1
#define PACKAGE "giFT"
#define PACKAGE_BUGREPORT ""
#define PACKAGE_NAME ""
#define PACKAGE_STRING ""
#define PACKAGE_TARNAME ""
#define PACKAGE_VERSION ""
#define PLUGIN_GNUTELLA 1
#define PLUGIN_OPENFT 1
#define SIZEOF_INT 4
#define SIZEOF_LONG 4
#define SIZEOF_LONG_LONG 8
#define SIZEOF_SHORT 2
#define SIZEOF_VOID_P 4
#define STDC_HEADERS 1
#define STDC_HEADERS 1
#define TIME_WITH_SYS_TIME 1
#define USE_GETOPT 1
#define USE_GETOPT_LONG 1
#define USE_LIBVORBIS 1
#define USE_LTDL 1
#define VERSION "0.10.0"

configure: exit 0

## ---------------------- ##
## Running config.status. ##
## ---------------------- ##

This file was extended by config.status, which was
generated by GNU Autoconf 2.57.  Invocation command line was

  CONFIG_FILES    = 
  CONFIG_HEADERS  = 
  CONFIG_LINKS    = 
  CONFIG_COMMANDS = 
  $ ./config.status config.h

on sphere

config.status:843: creating config.h
config.status:1064: config.h is unchanged
