This file contains any messages produced by compilers while
running configure, to aid debugging if configure makes a mistake.

configure:627: checking host system type
configure:648: checking target system type
configure:666: checking build system type
configure:725: checking for a BSD compatible install
configure:782: checking for -p flag to install
configure:805: checking whether build environment is sane
configure:843: checking whether make sets ${MAKE}
configure:889: checking for working aclocal
configure:902: checking for working autoconf
configure:915: checking for working automake
configure:928: checking for working autoheader
configure:941: checking for working makeinfo
configure:1047: checking for gcc
configure:1160: checking whether the C compiler (gcc   ) works
configure:1176: gcc -o conftest     conftest.c  1>&5
configure:1202: checking whether the C compiler (gcc   ) is a cross-compiler
configure:1207: checking whether we are using GNU C
configure:1216: gcc -E conftest.c
configure:1235: checking whether gcc accepts -g
configure:1300: checking for c++
configure:1332: checking whether the C++ compiler (c++   ) works
configure:1353: rm -rf SunWS_cache; c++ -o conftest     conftest.C  1>&5
configure:1379: checking whether the C++ compiler (c++   ) is a cross-compiler
configure:1384: checking whether we are using GNU C++
configure:1393: c++ -E conftest.C
configure:1412: checking whether c++ accepts -g
configure:1594: checking whether c++ supports -fno-exceptions
configure:1623: checking whether c++ supports -fno-check-new
configure:1652: checking whether c++ supports -fexceptions
configure:1736: checking how to run the C++ preprocessor
configure:1757: c++ -E  conftest.C >/dev/null 2>conftest.out
configure:1822: checking whether c++ supports -frepo
configure:2016: checking for ld used by GCC
configure:2084: checking if the linker (/usr/bin/ld) is GNU ld
GNU ld version 2.11.92.0.10 20011021 Debian/GNU Linux
configure:2101: checking for /usr/bin/ld option to reload object files
configure:2113: checking for BSD-compatible nm
configure:2151: checking whether ln -s works
configure:2172: checking how to recognise dependant libraries
configure:2493: checking for ranlib
configure:2560: checking for strip
configure:2732: checking for Cygwin environment
configure:2748: gcc -c -O2    conftest.c 1>&5
configure: In function `main':
configure:2744: `__CYGWIN32__' undeclared (first use in this function)
configure:2744: (Each undeclared identifier is reported only once
configure:2744: for each function it appears in.)
configure: failed program was:
#line 2737 "configure"
#include "confdefs.h"

int main() {

#ifndef __CYGWIN__
#define __CYGWIN__ __CYGWIN32__
#endif
return __CYGWIN__;
; return 0; }
configure:2765: checking for mingw32 environment
configure:2777: gcc -c -O2    conftest.c 1>&5
configure: In function `main':
configure:2773: `__MINGW32__' undeclared (first use in this function)
configure:2773: (Each undeclared identifier is reported only once
configure:2773: for each function it appears in.)
configure: failed program was:
#line 2770 "configure"
#include "confdefs.h"

int main() {
return __MINGW32__;
; return 0; }
ltcf-c.sh:need_lc: gcc -c -O2    conftest.c 1>&5
ltcf-c.sh:need_lc: gcc -shared conftest.  -v -Wl,-soname -Wl,conftest -o conftest
ltconfig:678:checking for gcc option to produce PIC
ltconfig:687:checking that gcc PIC flag -fPIC -DPIC works.
ltconfig:697: gcc -c -O2   -fPIC -DPIC -DPIC  conftest.c 1>&5
ltconfig:749: checking if gcc static flag -static works
ltconfig:758: gcc -o conftest -O2     -static conftest.c  1>&5
ltconfig:780: finding the maximum length of command line arguments
ltconfig:@lineno@: result: 73729
ltconfig:829: checking if gcc supports -c -o file.o
ltconfig:830: gcc -c -O2   -o out/conftest2.o  conftest.c 1>&5
ltconfig:883: checking if gcc supports -fno-rtti -fno-exceptions
ltconfig:884: gcc -c -O2   -fno-rtti -fno-exceptions -c conftest.c  conftest.c 1>&5
ltconfig:1423: checking if global_symbol_pipe works
ltconfig:1424: gcc -c -O2    conftest.c 1>&5
ltconfig:1427: eval "/usr/bin/nm -B conftest.o | sed -n -e 's/^.*[ 	]\([ABCDGISTW]\)[ 	][ 	]*\(\)\([_A-Za-z][_A-Za-z0-9]*\)$/\1 \2\3 \3/p' > conftest.nm"
ltconfig:1479: gcc -o conftest -O2   -fno-builtin -fno-rtti -fno-exceptions   conftest.c conftstm.o 1>&5
ltconfig:1583: checking for dlopen in -ldl
ltconfig:1603: gcc -o conftest -O2   -fno-builtin -fno-rtti -fno-exceptions   conftest.c -ldl   1>&5
ltconfig:1863: checking for dlfcn.h
ltconfig:1874: gcc -c -O2   -fno-builtin -fno-rtti -fno-exceptions  conftest.c 1>&5 >/dev/null 2>conftest.out
ltconfig:1902: checking whether a program can dlopen itself
ltconfig:1957: gcc -o conftest -O2   -fno-builtin -fno-rtti -fno-exceptions  -DHAVE_DLFCN_H  -Wl,--export-dynamic conftest.c -ldl  1>&5
ltconfig:1976: checking whether a statically linked program can dlopen itself
ltconfig:2031: gcc -o conftest -O2   -fno-builtin -fno-rtti -fno-exceptions  -DHAVE_DLFCN_H  -Wl,--export-dynamic -static conftest.c -ldl  1>&5
ltconfig: failed program was:
/*#line 1984 "ltconfig"*/

#if HAVE_DLFCN_H
#include <dlfcn.h>
#endif

#include <stdio.h>

#ifdef RTLD_GLOBAL
# define LTDL_GLOBAL	RTLD_GLOBAL
#else
# ifdef DL_GLOBAL
#  define LTDL_GLOBAL	DL_GLOBAL
# else
#  define LTDL_GLOBAL	0
# endif
#endif

/* We may have to define LTDL_LAZY_OR_NOW in the command line if we
   find out it does not work in some platform. */
#ifndef LTDL_LAZY_OR_NOW
# ifdef RTLD_LAZY
#  define LTDL_LAZY_OR_NOW	RTLD_LAZY
# else
#  ifdef DL_LAZY
#   define LTDL_LAZY_OR_NOW	DL_LAZY
#  else
#   ifdef RTLD_NOW
#    define LTDL_LAZY_OR_NOW	RTLD_NOW
#   else
#    ifdef DL_NOW
#     define LTDL_LAZY_OR_NOW	DL_NOW
#    else
#     define LTDL_LAZY_OR_NOW	0
#    endif
#   endif
#  endif
# endif
#endif

void fnord() { int i=42; }
int main() {
    void *self, *ptr1, *ptr2; self=dlopen(0,LTDL_GLOBAL|LTDL_LAZY_OR_NOW);
    if(self) { ptr1=dlsym(self,"fnord"); ptr2=dlsym(self,"_fnord");
    if(ptr1 || ptr2) { dlclose(self); exit(0); } } exit(1); return 1; }

c++ -E conftest.cc
ltconfig:678:checking for c++ option to produce PIC
ltconfig:687:checking that c++ PIC flag -fPIC -DPIC works.
ltconfig:697: c++ -c -O2 -fno-exceptions -fno-check-new -fPIC -DPIC -DPIC  conftest.cc 1>&5
ltconfig:749: checking if c++ static flag -static works
ltconfig:758: c++ -o conftest -O2 -fno-exceptions -fno-check-new   -static conftest.cc  1>&5
ltconfig:780: finding the maximum length of command line arguments
ltconfig:@lineno@: result: 73729
ltconfig:883: checking if c++ supports -fno-rtti -fno-exceptions
ltconfig:884: c++ -c -O2 -fno-exceptions -fno-check-new -fno-rtti -fno-exceptions -c conftest.cc  conftest.cc 1>&5
ltconfig:1423: checking if global_symbol_pipe works
ltconfig:1424: c++ -c -O2 -fno-exceptions -fno-check-new  conftest.cc 1>&5
ltconfig:1427: eval "/usr/bin/nm -B conftest.o | sed -n -e 's/^.*[ 	]\([ABCDGISTW]\)[ 	][ 	]*\(\)\([_A-Za-z][_A-Za-z0-9]*\)$/\1 \2\3 \3/p' > conftest.nm"
ltconfig:1479: c++ -o conftest -O2 -fno-exceptions -fno-check-new -fno-builtin -fno-rtti -fno-exceptions   conftest.cc conftstm.o 1>&5
ltconfig:1863: checking for dlfcn.h
ltconfig:1902: checking whether a program can dlopen itself
ltconfig:1976: checking whether a statically linked program can dlopen itself
configure:2912: checking for object suffix
configure:2918: gcc -c -O2    conftest.c 1>&5
configure:2938: checking for executable suffix
configure:2948: gcc -o conftest -O2     conftest.c  1>&5
configure:2994: checking for msgfmt
configure:3028: checking for gmsgfmt
configure:3073: checking for xgettext
configure:3118: checking how to run the C preprocessor
configure:3139: gcc -E  conftest.c >/dev/null 2>conftest.out
configure:3206: checking for main in -lutil
configure:3221: gcc -o conftest -O2     conftest.c -lutil   1>&5
configure:3242: checking for main in -lcompat
configure:3257: gcc -o conftest -O2     conftest.c -lcompat   1>&5
/usr/bin/ld: cannot find -lcompat
collect2: ld returned 1 exit status
configure: failed program was:
#line 3250 "configure"
#include "confdefs.h"

int main() {
main()
; return 0; }
configure:3279: checking for crypt in -lcrypt
configure:3298: gcc -o conftest -O2     conftest.c -lcrypt   1>&5
configure:3373: checking for socklen_t
configure:3403: c++ -c -O2 -fno-exceptions -fno-check-new  conftest.C 1>&5
configure:3470: checking for dnet_ntoa in -ldnet
configure:3489: gcc -o conftest -O2     conftest.c -ldnet   1>&5
/usr/bin/ld: cannot find -ldnet
collect2: ld returned 1 exit status
configure: failed program was:
#line 3478 "configure"
#include "confdefs.h"
/* Override any gcc2 internal prototype to avoid an error.  */
/* We use char because int might match the return type of a gcc2
    builtin and then its argument prototype would still apply.  */
char dnet_ntoa();

int main() {
dnet_ntoa()
; return 0; }
configure:3511: checking for dnet_ntoa in -ldnet_stub
configure:3530: gcc -o conftest -O2     conftest.c -ldnet_stub   1>&5
/usr/bin/ld: cannot find -ldnet_stub
collect2: ld returned 1 exit status
configure: failed program was:
#line 3519 "configure"
#include "confdefs.h"
/* Override any gcc2 internal prototype to avoid an error.  */
/* We use char because int might match the return type of a gcc2
    builtin and then its argument prototype would still apply.  */
char dnet_ntoa();

int main() {
dnet_ntoa()
; return 0; }
configure:3552: checking for inet_ntoa
configure:3580: gcc -o conftest -O2     conftest.c  1>&5
configure:3642: checking for connect
configure:3670: gcc -o conftest -O2     conftest.c  1>&5
configure:3733: checking for remove
configure:3761: gcc -o conftest -O2     conftest.c  1>&5
configure:3825: checking for shmat
configure:3853: gcc -o conftest -O2     conftest.c  1>&5
configure:3917: checking for res_init
configure:3945: gcc -o conftest -O2     conftest.c  1>&5
/tmp/cc2Gy8pw.o: In function `main':
/tmp/cc2Gy8pw.o(.text+0x7): undefined reference to `res_init'
collect2: ld returned 1 exit status
configure: failed program was:
#line 3922 "configure"
#include "confdefs.h"
/* System header to define __stub macros and hopefully few prototypes,
    which can conflict with char res_init(); below.  */
#include <assert.h>
/* Override any gcc2 internal prototype to avoid an error.  */
/* We use char because int might match the return type of a gcc2
    builtin and then its argument prototype would still apply.  */
char res_init();

int main() {

/* The GNU C library defines this for functions which it implements
    to always fail with ENOSYS.  Some functions are actually named
    something starting with __ and the normal name is an alias.  */
#if defined (__stub_res_init) || defined (__stub___res_init)
choke me
#else
res_init();
#endif

; return 0; }
configure:3980: gcc -o conftest -O2     conftest.c   -lresolv 1>&5
configure:4005: checking for killpg in -lucb
configure:4024: gcc -o conftest -O2     conftest.c -lucb   1>&5
/usr/bin/ld: cannot find -lucb
collect2: ld returned 1 exit status
configure: failed program was:
#line 4013 "configure"
#include "confdefs.h"
/* Override any gcc2 internal prototype to avoid an error.  */
/* We use char because int might match the return type of a gcc2
    builtin and then its argument prototype would still apply.  */
char killpg();

int main() {
killpg()
; return 0; }
configure:4093: checking size of int
configure:4113: gcc -o conftest -O2     conftest.c  1>&5
configure:4132: checking size of long
configure:4152: gcc -o conftest -O2     conftest.c  1>&5
configure:4171: checking size of char *
configure:4191: gcc -o conftest -O2     conftest.c  1>&5
configure:4210: checking size of char
configure:4230: gcc -o conftest -O2     conftest.c  1>&5
configure:4251: checking for dlopen in -ldl
configure:4295: checking for shl_unload in -ldld
configure:4314: gcc -o conftest -O2     conftest.c -ldld   1>&5
/usr/bin/ld: cannot find -ldld
collect2: ld returned 1 exit status
configure: failed program was:
#line 4303 "configure"
#include "confdefs.h"
/* Override any gcc2 internal prototype to avoid an error.  */
/* We use char because int might match the return type of a gcc2
    builtin and then its argument prototype would still apply.  */
char shl_unload();

int main() {
shl_unload()
; return 0; }
configure:4343: checking for extra includes
configure:4374: checking for extra libs
configure:4408: checking for libz
configure:4434: gcc -o conftest -O2       conftest.c   -lz  -lresolv 1>&5
configure:4477: checking for X
configure:4516: gcc -E  conftest.c >/dev/null 2>conftest.out
configure:4592: gcc -o conftest -O2     conftest.c -lXt  1>&5
/usr/bin/ld: cannot find -lXt
collect2: ld returned 1 exit status
configure: failed program was:
#line 4585 "configure"
#include "confdefs.h"

int main() {
XtMalloc()
; return 0; }
configure:4766: checking for IceConnectionNumber in -lICE
configure:4785: gcc -o conftest -O2     -L/usr/X11R6/lib conftest.c -lICE  -lresolv  1>&5
configure:4814: checking for libXext
configure:4840: gcc -o conftest -O2     -L/usr/X11R6/lib  conftest.c -lXext -lX11  -lresolv 1>&5
configure:4867: checking for Xinerama
configure:5042: checking for pthread_create in -lpthread
configure:5061: gcc -o conftest -O2     conftest.c -lpthread   1>&5
configure:5280: checking for libpng
configure:5314: gcc -o conftest -O2   -I/usr/X11R6/include   -D_REENTRANT  conftest.c  -L/usr/X11R6/lib  -lpng -lz -lm -lX11  -lresolv 1>&5
configure:5346: checking for libjpeg6b
configure:5384: gcc -o conftest -O2   -I/usr/X11R6/include   -D_REENTRANT  conftest.c -L/usr/X11R6/lib  -ljpeg6b -lm 1>&5
/usr/bin/ld: cannot find -ljpeg6b
collect2: ld returned 1 exit status
configure: failed program was:
#line 5363 "configure"
#include "confdefs.h"
/* Override any gcc2 internal prototype to avoid an error.  */
struct jpeg_decompress_struct;
typedef struct jpeg_decompress_struct * j_decompress_ptr;
typedef int size_t;
#ifdef __cplusplus
extern "C" {
#endif
    void jpeg_CreateDecompress(j_decompress_ptr cinfo,
                                    int version, size_t structsize);
#ifdef __cplusplus
}
#endif
/* We use char because int might match the return type of a gcc2
    builtin and then its argument prototype would still apply.  */

int main() {
jpeg_CreateDecompress(0L, 0, 0);
; return 0; }
configure:5407: checking for libjpeg
configure:5445: gcc -o conftest -O2   -I/usr/X11R6/include   -D_REENTRANT  conftest.c -L/usr/X11R6/lib  -ljpeg -lm 1>&5
configure: 5485: /usr/include/jpeglib.h
taking that
configure:5619: checking for Qt
configure: 5683: /usr/lib/qt2/include/qstyle.h
configure: 5683: /usr/lib/qt2/qstyle.h
configure: 5683: /usr/lib/qt/include/qstyle.h
configure: 5683: /usr/lib/qt/qstyle.h
configure: 5683: /usr/local/qt/include/qstyle.h
configure: 5683: /usr/include/qt/qstyle.h
configure: 5683: /usr/include/qstyle.h
configure: 5683: /usr/X11R6/include/X11/qt/qstyle.h
configure: 5683: /usr/X11R6/include/qt/qstyle.h
configure: 5683: /usr/X11R6/include/qt2/qstyle.h
configure: 5683: /usr/X11R6/include/qstyle.h
tried NO
tried /usr/lib/qt2/lib
tried /usr/lib/qt2
tried /usr/lib/qt/lib
tried /usr/lib/qt
tried /usr/X11R6/lib
configure:5793: rm -rf SunWS_cache; c++ -o conftest -O2 -fno-exceptions -fno-check-new -INO -I/usr/X11R6/include  -D_REENTRANT  -L/usr/lib -L/usr/X11R6/lib   conftest.C  -lqt -lpng -lz -lm -ljpeg  -lXext -lX11 -lSM -lICE  -lresolv 1>&5
conftest.C:2: qglobal.h: No such file or directory
conftest.C:3: qapplication.h: No such file or directory
conftest.C:4: qevent.h: No such file or directory
conftest.C:5: qstring.h: No such file or directory
conftest.C:6: qstyle.h: No such file or directory
conftest.C:7: qiconview.h: No such file or directory
conftest.C:9: #error 1
configure: failed program was:
#include "confdefs.h"
#include <qglobal.h>
#include <qapplication.h>
#include <qevent.h>
#include <qstring.h>
#include <qstyle.h>
#include <qiconview.h>
#if ! (QT_VERSION >= 222)
#error 1
#endif

int main() {
    QStringList *t = new QStringList();
    QIconView iv(0);
    iv.setWordWrapIconText(false);
    QString s;
    s.setLatin1("Elvis is alive", 14);
    int magnolia = QEvent::Speech; /* new in 2.2 beta2 */
    return 0;
}
