This file contains any messages produced by compilers while
running configure, to aid debugging if configure makes a mistake.

It was created by configure, which was
generated by GNU Autoconf 2.57.  Invocation command line was

  $ ./configure --cache-file=config.cache

## --------- ##
## Platform. ##
## --------- ##

hostname = sphere
uname -m = i686
uname -r = 2.4.20
uname -s = Linux
uname -v = #20 Sat May 10 22:19:57 BST 2003

/usr/bin/uname -p = unknown
/bin/uname -X     = unknown

/bin/arch              = i686
/usr/bin/arch -k       = unknown
/usr/convex/getsysinfo = unknown
hostinfo               = unknown
/bin/machine           = unknown
/usr/bin/oslevel       = unknown
/bin/universe          = unknown

PATH: /usr/local/bin
PATH: /usr/bin
PATH: /bin
PATH: /usr/bin/X11
PATH: /usr/games
PATH: /usr/local/bin
PATH: /home/HEx/bin


## ----------- ##
## Core tests. ##
## ----------- ##

configure:1202: creating cache config.cache
configure:1324: checking for a BSD-compatible install
configure:1378: result: /usr/bin/install -c
configure:1389: checking whether build environment is sane
configure:1432: result: yes
configure:1465: checking for gawk
configure:1481: found /usr/bin/gawk
configure:1491: result: gawk
configure:1501: checking whether make sets $(MAKE)
configure:1521: result: yes
configure:1731: checking for gcc
configure:1747: found /usr/bin/gcc
configure:1757: result: gcc
configure:2001: checking for C compiler version
configure:2004: gcc --version </dev/null >&5
2.95.4
configure:2007: $? = 0
configure:2009: gcc -v </dev/null >&5
Reading specs from /usr/lib/gcc-lib/i386-linux/2.95.4/specs
gcc version 2.95.4 20011002 (Debian prerelease)
configure:2012: $? = 0
configure:2014: gcc -V </dev/null >&5
gcc: argument to `-V' is missing
configure:2017: $? = 1
configure:2041: checking for C compiler default output
configure:2044: gcc    conftest.c  >&5
configure:2047: $? = 0
configure:2093: result: a.out
configure:2098: checking whether the C compiler works
configure:2104: ./a.out
configure:2107: $? = 0
configure:2124: result: yes
configure:2131: checking whether we are cross compiling
configure:2133: result: no
configure:2136: checking for suffix of executables
configure:2138: gcc -o conftest    conftest.c  >&5
configure:2141: $? = 0
configure:2166: result: 
configure:2172: checking for suffix of object files
configure:2194: gcc -c   conftest.c >&5
configure:2197: $? = 0
configure:2219: result: o
configure:2223: checking whether we are using the GNU C compiler
configure:2248: gcc -c   conftest.c >&5
configure:2251: $? = 0
configure:2254: test -s conftest.o
configure:2257: $? = 0
configure:2270: result: yes
configure:2276: checking whether gcc accepts -g
configure:2298: gcc -c -g  conftest.c >&5
configure:2301: $? = 0
configure:2304: test -s conftest.o
configure:2307: $? = 0
configure:2318: result: yes
configure:2335: checking for gcc option to accept ANSI C
configure:2396: gcc  -c -g -O2  conftest.c >&5
configure:2399: $? = 0
configure:2402: test -s conftest.o
configure:2405: $? = 0
configure:2423: result: none needed
configure:2441: gcc -c -g -O2  conftest.c >&5
conftest.c:2: parse error before `me'
configure:2444: $? = 1
configure: failed program was:
| #ifndef __cplusplus
|   choke me
| #endif
configure:2564: checking for style of include used by make
configure:2592: result: GNU
configure:2620: checking dependency style of gcc
configure:2688: result: gcc
configure:2736: checking for msgfmt
configure:2764: result: /usr/bin/msgfmt
configure:2773: checking for gmsgfmt
configure:2804: result: /usr/bin/msgfmt
configure:2814: checking for xgettext
configure:2842: result: /usr/bin/xgettext
configure:2853: checking for msgmerge
configure:2880: result: /usr/bin/msgmerge
configure:2921: checking build system type
configure:2939: result: i686-pc-linux-gnu
configure:2947: checking host system type
configure:2961: result: i686-pc-linux-gnu
configure:3010: checking for ranlib
configure:3026: found /usr/bin/ranlib
configure:3037: result: ranlib
configure:3051: checking for strerror in -lcposix
configure:3082: gcc -o conftest -g -O2   conftest.c -lcposix   >&5
/usr/bin/ld: cannot find -lcposix
collect2: ld returned 1 exit status
configure:3085: $? = 1
configure: failed program was:
| #line 3058 "configure"
| /* confdefs.h.  */
| 
| #define PACKAGE_NAME ""
| #define PACKAGE_TARNAME ""
| #define PACKAGE_VERSION ""
| #define PACKAGE_STRING ""
| #define PACKAGE_BUGREPORT ""
| #define PACKAGE "giFToxic"
| #define VERSION "0.0.9"
| #define DATADIR "/usr/local/share/giFToxic"
| /* end confdefs.h.  */
| 
| /* Override any gcc2 internal prototype to avoid an error.  */
| #ifdef __cplusplus
| extern "C"
| #endif
| /* We use char because int might match the return type of a gcc2
|    builtin and then its argument prototype would still apply.  */
| char strerror ();
| int
| main ()
| {
| strerror ();
|   ;
|   return 0;
| }
configure:3103: result: no
configure:3116: checking how to run the C preprocessor
configure:3152: gcc -E  conftest.c
configure:3158: $? = 0
configure:3190: gcc -E  conftest.c
configure:3192: ac_nonexistent.h: No such file or directory
configure:3196: $? = 1
configure: failed program was:
| #line 3181 "configure"
| /* confdefs.h.  */
| 
| #define PACKAGE_NAME ""
| #define PACKAGE_TARNAME ""
| #define PACKAGE_VERSION ""
| #define PACKAGE_STRING ""
| #define PACKAGE_BUGREPORT ""
| #define PACKAGE "giFToxic"
| #define VERSION "0.0.9"
| #define DATADIR "/usr/local/share/giFToxic"
| /* end confdefs.h.  */
| #include <ac_nonexistent.h>
configure:3234: result: gcc -E
configure:3259: gcc -E  conftest.c
configure:3265: $? = 0
configure:3297: gcc -E  conftest.c
configure:3299: ac_nonexistent.h: No such file or directory
configure:3303: $? = 1
configure: failed program was:
| #line 3288 "configure"
| /* confdefs.h.  */
| 
| #define PACKAGE_NAME ""
| #define PACKAGE_TARNAME ""
| #define PACKAGE_VERSION ""
| #define PACKAGE_STRING ""
| #define PACKAGE_BUGREPORT ""
| #define PACKAGE "giFToxic"
| #define VERSION "0.0.9"
| #define DATADIR "/usr/local/share/giFToxic"
| /* end confdefs.h.  */
| #include <ac_nonexistent.h>
configure:3346: checking for egrep
configure:3356: result: grep -E
configure:3361: checking for ANSI C header files
configure:3387: gcc -c -g -O2  conftest.c >&5
configure:3390: $? = 0
configure:3393: test -s conftest.o
configure:3396: $? = 0
configure:3485: gcc -o conftest -g -O2   conftest.c  >&5
configure:3488: $? = 0
configure:3490: ./conftest
configure:3493: $? = 0
configure:3508: result: yes
configure:3518: checking for an ANSI C-conforming const
configure:3586: gcc -c -g -O2  conftest.c >&5
configure:3589: $? = 0
configure:3592: test -s conftest.o
configure:3595: $? = 0
configure:3606: result: yes
configure:3616: checking for inline
configure:3638: gcc -c -g -O2  conftest.c >&5
configure:3641: $? = 0
configure:3644: test -s conftest.o
configure:3647: $? = 0
configure:3659: result: inline
configure:3688: checking for sys/types.h
configure:3705: gcc -c -g -O2  conftest.c >&5
configure:3708: $? = 0
configure:3711: test -s conftest.o
configure:3714: $? = 0
configure:3725: result: yes
configure:3688: checking for sys/stat.h
configure:3705: gcc -c -g -O2  conftest.c >&5
configure:3708: $? = 0
configure:3711: test -s conftest.o
configure:3714: $? = 0
configure:3725: result: yes
configure:3688: checking for stdlib.h
configure:3705: gcc -c -g -O2  conftest.c >&5
configure:3708: $? = 0
configure:3711: test -s conftest.o
configure:3714: $? = 0
configure:3725: result: yes
configure:3688: checking for string.h
configure:3705: gcc -c -g -O2  conftest.c >&5
configure:3708: $? = 0
configure:3711: test -s conftest.o
configure:3714: $? = 0
configure:3725: result: yes
configure:3688: checking for memory.h
configure:3705: gcc -c -g -O2  conftest.c >&5
configure:3708: $? = 0
configure:3711: test -s conftest.o
configure:3714: $? = 0
configure:3725: result: yes
configure:3688: checking for strings.h
configure:3705: gcc -c -g -O2  conftest.c >&5
configure:3708: $? = 0
configure:3711: test -s conftest.o
configure:3714: $? = 0
configure:3725: result: yes
configure:3688: checking for inttypes.h
configure:3705: gcc -c -g -O2  conftest.c >&5
configure:3708: $? = 0
configure:3711: test -s conftest.o
configure:3714: $? = 0
configure:3725: result: yes
configure:3688: checking for stdint.h
configure:3705: gcc -c -g -O2  conftest.c >&5
configure:3708: $? = 0
configure:3711: test -s conftest.o
configure:3714: $? = 0
configure:3725: result: yes
configure:3688: checking for unistd.h
configure:3705: gcc -c -g -O2  conftest.c >&5
configure:3708: $? = 0
configure:3711: test -s conftest.o
configure:3714: $? = 0
configure:3725: result: yes
configure:3737: checking for off_t
configure:3762: gcc -c -g -O2  conftest.c >&5
configure:3765: $? = 0
configure:3768: test -s conftest.o
configure:3771: $? = 0
configure:3782: result: yes
configure:3794: checking for size_t
configure:3819: gcc -c -g -O2  conftest.c >&5
configure:3822: $? = 0
configure:3825: test -s conftest.o
configure:3828: $? = 0
configure:3839: result: yes
configure:3853: checking for working alloca.h
configure:3875: gcc -o conftest -g -O2   conftest.c  >&5
configure:3878: $? = 0
configure:3881: test -s conftest
configure:3884: $? = 0
configure:3895: result: yes
configure:3905: checking for alloca
configure:3947: gcc -o conftest -g -O2   conftest.c  >&5
configure:3950: $? = 0
configure:3953: test -s conftest
configure:3956: $? = 0
configure:3967: result: yes
configure:4180: checking for stdlib.h
configure:4185: result: yes
configure:4180: checking for unistd.h
configure:4185: result: yes
configure:4321: checking for getpagesize
configure:4371: gcc -o conftest -g -O2   conftest.c  >&5
configure:4374: $? = 0
configure:4377: test -s conftest
configure:4380: $? = 0
configure:4391: result: yes
configure:4401: checking for working mmap
configure:4544: gcc -o conftest -g -O2   conftest.c  >&5
configure:4547: $? = 0
configure:4549: ./conftest
configure:4552: $? = 0
configure:4566: result: yes
configure:4578: checking whether we are using the GNU C Library 2.1 or newer
configure:4610: result: yes
configure:4618: checking whether integer division by zero raises SIGFPE
configure:4681: gcc -o conftest -g -O2   conftest.c  >&5
configure:4684: $? = 0
configure:4686: ./conftest
configure:4689: $? = 0
configure:4704: result: yes
configure:4717: checking for inttypes.h
configure:4740: gcc -c -g -O2  conftest.c >&5
configure:4743: $? = 0
configure:4746: test -s conftest.o
configure:4749: $? = 0
configure:4760: result: yes
configure:4771: checking for stdint.h
configure:4794: gcc -c -g -O2  conftest.c >&5
configure:4797: $? = 0
configure:4800: test -s conftest.o
configure:4803: $? = 0
configure:4814: result: yes
configure:4825: checking for unsigned long long
configure:4848: gcc -o conftest -g -O2   conftest.c  >&5
configure:4851: $? = 0
configure:4854: test -s conftest
configure:4857: $? = 0
configure:4868: result: yes
configure:4894: checking for inttypes.h
configure:4918: gcc -c -g -O2  conftest.c >&5
configure:4921: $? = 0
configure:4924: test -s conftest.o
configure:4927: $? = 0
configure:4939: result: yes
configure:4952: checking whether the inttypes.h PRIxNN macros are broken
configure:4979: gcc -c -g -O2  conftest.c >&5
configure:4982: $? = 0
configure:4985: test -s conftest.o
configure:4988: $? = 0
configure:5000: result: no
configure:5038: checking for ld used by GCC
configure:5101: result: /usr/bin/ld
configure:5110: checking if the linker (/usr/bin/ld) is GNU ld
GNU ld version 2.13.90.0.16 20021126 Debian GNU/Linux
configure:5122: result: yes
configure:5128: checking for shared library run path origin
configure:5141: result: done
configure:5569: checking argz.h usability
configure:5582: gcc -c -g -O2  conftest.c >&5
configure:5585: $? = 0
configure:5588: test -s conftest.o
configure:5591: $? = 0
configure:5601: result: yes
configure:5605: checking argz.h presence
configure:5616: gcc -E  conftest.c
configure:5622: $? = 0
configure:5641: result: yes
configure:5677: checking for argz.h
configure:5684: result: yes
configure:5569: checking limits.h usability
configure:5582: gcc -c -g -O2  conftest.c >&5
configure:5585: $? = 0
configure:5588: test -s conftest.o
configure:5591: $? = 0
configure:5601: result: yes
configure:5605: checking limits.h presence
configure:5616: gcc -E  conftest.c
configure:5622: $? = 0
configure:5641: result: yes
configure:5677: checking for limits.h
configure:5684: result: yes
configure:5569: checking locale.h usability
configure:5582: gcc -c -g -O2  conftest.c >&5
configure:5585: $? = 0
configure:5588: test -s conftest.o
configure:5591: $? = 0
configure:5601: result: yes
configure:5605: checking locale.h presence
configure:5616: gcc -E  conftest.c
configure:5622: $? = 0
configure:5641: result: yes
configure:5677: checking for locale.h
configure:5684: result: yes
configure:5569: checking nl_types.h usability
configure:5582: gcc -c -g -O2  conftest.c >&5
configure:5585: $? = 0
configure:5588: test -s conftest.o
configure:5591: $? = 0
configure:5601: result: yes
configure:5605: checking nl_types.h presence
configure:5616: gcc -E  conftest.c
configure:5622: $? = 0
configure:5641: result: yes
configure:5677: checking for nl_types.h
configure:5684: result: yes
configure:5569: checking malloc.h usability
configure:5582: gcc -c -g -O2  conftest.c >&5
configure:5585: $? = 0
configure:5588: test -s conftest.o
configure:5591: $? = 0
configure:5601: result: yes
configure:5605: checking malloc.h presence
configure:5616: gcc -E  conftest.c
configure:5622: $? = 0
configure:5641: result: yes
configure:5677: checking for malloc.h
configure:5684: result: yes
configure:5569: checking stddef.h usability
configure:5582: gcc -c -g -O2  conftest.c >&5
configure:5585: $? = 0
configure:5588: test -s conftest.o
configure:5591: $? = 0
configure:5601: result: yes
configure:5605: checking stddef.h presence
configure:5616: gcc -E  conftest.c
configure:5622: $? = 0
configure:5641: result: yes
configure:5677: checking for stddef.h
configure:5684: result: yes
configure:5560: checking for stdlib.h
configure:5565: result: yes
configure:5560: checking for string.h
configure:5565: result: yes
configure:5560: checking for unistd.h
configure:5565: result: yes
configure:5569: checking sys/param.h usability
configure:5582: gcc -c -g -O2  conftest.c >&5
configure:5585: $? = 0
configure:5588: test -s conftest.o
configure:5591: $? = 0
configure:5601: result: yes
configure:5605: checking sys/param.h presence
configure:5616: gcc -E  conftest.c
configure:5622: $? = 0
configure:5641: result: yes
configure:5677: checking for sys/param.h
configure:5684: result: yes
configure:5723: checking for feof_unlocked
configure:5773: gcc -o conftest -g -O2   conftest.c  >&5
configure:5776: $? = 0
configure:5779: test -s conftest
configure:5782: $? = 0
configure:5793: result: yes
configure:5723: checking for fgets_unlocked
configure:5773: gcc -o conftest -g -O2   conftest.c  >&5
configure:5776: $? = 0
configure:5779: test -s conftest
configure:5782: $? = 0
configure:5793: result: yes
configure:5723: checking for getc_unlocked
configure:5773: gcc -o conftest -g -O2   conftest.c  >&5
configure:5776: $? = 0
configure:5779: test -s conftest
configure:5782: $? = 0
configure:5793: result: yes
configure:5723: checking for getcwd
configure:5773: gcc -o conftest -g -O2   conftest.c  >&5
configure:5776: $? = 0
configure:5779: test -s conftest
configure:5782: $? = 0
configure:5793: result: yes
configure:5723: checking for getegid
configure:5773: gcc -o conftest -g -O2   conftest.c  >&5
configure:5776: $? = 0
configure:5779: test -s conftest
configure:5782: $? = 0
configure:5793: result: yes
configure:5723: checking for geteuid
configure:5773: gcc -o conftest -g -O2   conftest.c  >&5
configure:5776: $? = 0
configure:5779: test -s conftest
configure:5782: $? = 0
configure:5793: result: yes
configure:5723: checking for getgid
configure:5773: gcc -o conftest -g -O2   conftest.c  >&5
configure:5776: $? = 0
configure:5779: test -s conftest
configure:5782: $? = 0
configure:5793: result: yes
configure:5723: checking for getuid
configure:5773: gcc -o conftest -g -O2   conftest.c  >&5
configure:5776: $? = 0
configure:5779: test -s conftest
configure:5782: $? = 0
configure:5793: result: yes
configure:5723: checking for mempcpy
configure:5773: gcc -o conftest -g -O2   conftest.c  >&5
configure:5776: $? = 0
configure:5779: test -s conftest
configure:5782: $? = 0
configure:5793: result: yes
configure:5723: checking for munmap
configure:5773: gcc -o conftest -g -O2   conftest.c  >&5
configure:5776: $? = 0
configure:5779: test -s conftest
configure:5782: $? = 0
configure:5793: result: yes
configure:5723: checking for putenv
configure:5773: gcc -o conftest -g -O2   conftest.c  >&5
configure:5776: $? = 0
configure:5779: test -s conftest
configure:5782: $? = 0
configure:5793: result: yes
configure:5723: checking for setenv
configure:5773: gcc -o conftest -g -O2   conftest.c  >&5
configure:5776: $? = 0
configure:5779: test -s conftest
configure:5782: $? = 0
configure:5793: result: yes
configure:5723: checking for setlocale
configure:5773: gcc -o conftest -g -O2   conftest.c  >&5
configure:5776: $? = 0
configure:5779: test -s conftest
configure:5782: $? = 0
configure:5793: result: yes
configure:5723: checking for stpcpy
configure:5773: gcc -o conftest -g -O2   conftest.c  >&5
configure:5776: $? = 0
configure:5779: test -s conftest
configure:5782: $? = 0
configure:5793: result: yes
configure:5723: checking for strcasecmp
configure:5773: gcc -o conftest -g -O2   conftest.c  >&5
configure:5776: $? = 0
configure:5779: test -s conftest
configure:5782: $? = 0
configure:5793: result: yes
configure:5723: checking for strdup
configure:5773: gcc -o conftest -g -O2   conftest.c  >&5
configure:5776: $? = 0
configure:5779: test -s conftest
configure:5782: $? = 0
configure:5793: result: yes
configure:5723: checking for strtoul
configure:5773: gcc -o conftest -g -O2   conftest.c  >&5
configure:5776: $? = 0
configure:5779: test -s conftest
configure:5782: $? = 0
configure:5793: result: yes
configure:5723: checking for tsearch
configure:5773: gcc -o conftest -g -O2   conftest.c  >&5
configure:5776: $? = 0
configure:5779: test -s conftest
configure:5782: $? = 0
configure:5793: result: yes
configure:5723: checking for __argz_count
configure:5773: gcc -o conftest -g -O2   conftest.c  >&5
configure:5776: $? = 0
configure:5779: test -s conftest
configure:5782: $? = 0
configure:5793: result: yes
configure:5723: checking for __argz_stringify
configure:5773: gcc -o conftest -g -O2   conftest.c  >&5
configure:5776: $? = 0
configure:5779: test -s conftest
configure:5782: $? = 0
configure:5793: result: yes
configure:5723: checking for __argz_next
configure:5773: gcc -o conftest -g -O2   conftest.c  >&5
configure:5776: $? = 0
configure:5779: test -s conftest
configure:5782: $? = 0
configure:5793: result: yes
configure:5834: checking for iconv
configure:5862: gcc -o conftest -g -O2   conftest.c  >&5
configure:5865: $? = 0
configure:5868: test -s conftest
configure:5871: $? = 0
configure:5926: result: yes
configure:5949: checking for iconv declaration
configure:5984: gcc -c -g -O2  conftest.c >&5
configure:5987: $? = 0
configure:5990: test -s conftest.o
configure:5993: $? = 0
configure:6008: result: 
         extern size_t iconv (iconv_t cd, char * *inbuf, size_t *inbytesleft, char * *outbuf, size_t *outbytesleft);
configure:6019: checking for nl_langinfo and CODESET
configure:6041: gcc -o conftest -g -O2   conftest.c  >&5
configure:6044: $? = 0
configure:6047: test -s conftest
configure:6050: $? = 0
configure:6062: result: yes
configure:6074: checking for LC_MESSAGES
configure:6096: gcc -o conftest -g -O2   conftest.c  >&5
configure:6099: $? = 0
configure:6102: test -s conftest
configure:6105: $? = 0
configure:6116: result: yes
configure:6132: checking for bison
configure:6148: found /usr/bin/bison
configure:6158: result: bison
configure:6171: checking version of bison
configure:6180: result: 1.75, ok
configure:6201: checking whether NLS is requested
configure:6210: result: yes
configure:6225: checking whether included gettext is requested
configure:6235: result: no
configure:6246: checking for GNU gettext in libc
configure:6271: gcc -o conftest -g -O2   conftest.c  >&5
configure:6274: $? = 0
configure:6277: test -s conftest
configure:6280: $? = 0
configure:6291: result: yes
configure:6940: checking for pkg-config
configure:6958: found /usr/bin/pkg-config
configure:6971: result: /usr/bin/pkg-config
configure:6988: checking for gtk+-2.0 >= 2.0.3 libgift >= 0.10.0
configure:6992: result: yes
configure:6996: checking GIFTOXIC_CFLAGS
configure:6999: result: -I/usr/local/include -I/usr/include/gtk-2.0 -I/usr/lib/gtk-2.0/include -I/usr/include/atk-1.0 -I/usr/include/pango-1.0 -I/usr/include/freetype2 -I/usr/include/glib-2.0 -I/usr/lib/glib-2.0/include  
configure:7002: checking GIFTOXIC_LIBS
configure:7005: result: -Wl,--export-dynamic -L/usr/local/lib -lgtk-x11-2.0 -lgdk-x11-2.0 -latk-1.0 -lgdk_pixbuf-2.0 -lm -lpangoxft-1.0 -lpangox-1.0 -lpango-1.0 -lgobject-2.0 -lgmodule-2.0 -ldl -lglib-2.0 -lgift  
configure:7035: checking for gdk-pixbuf-csource
configure:7053: found /usr/bin/gdk-pixbuf-csource
configure:7065: result: /usr/bin/gdk-pixbuf-csource
configure:7083: checking for stdint.h
configure:7088: result: yes
configure:7353: creating ./config.status

## ---------------------- ##
## Running config.status. ##
## ---------------------- ##

This file was extended by config.status, which was
generated by GNU Autoconf 2.57.  Invocation command line was

  CONFIG_FILES    = 
  CONFIG_HEADERS  = 
  CONFIG_LINKS    = 
  CONFIG_COMMANDS = 
  $ ./config.status 

on sphere

config.status:705: creating Makefile
config.status:705: creating src/Makefile
config.status:705: creating data/Makefile
config.status:705: creating data/giFToxic.desktop
config.status:705: creating m4/Makefile
config.status:705: creating intl/Makefile
config.status:705: creating po/Makefile.in
config.status:705: creating giFToxic.spec
config.status:809: creating config.h
config.status:1040: config.h is unchanged
config.status:1162: executing depfiles commands
config.status:1162: executing default-1 commands

## ---------------- ##
## Cache variables. ##
## ---------------- ##

ac_cv_build=i686-pc-linux-gnu
ac_cv_build_alias=i686-pc-linux-gnu
ac_cv_c_compiler_gnu=yes
ac_cv_c_const=yes
ac_cv_c_inline=inline
ac_cv_env_CC_set=
ac_cv_env_CC_value=
ac_cv_env_CFLAGS_set=
ac_cv_env_CFLAGS_value=
ac_cv_env_CPPFLAGS_set=
ac_cv_env_CPPFLAGS_value=
ac_cv_env_CPP_set=
ac_cv_env_CPP_value=
ac_cv_env_LDFLAGS_set=
ac_cv_env_LDFLAGS_value=
ac_cv_env_build_alias_set=
ac_cv_env_build_alias_value=
ac_cv_env_host_alias_set=
ac_cv_env_host_alias_value=
ac_cv_env_target_alias_set=
ac_cv_env_target_alias_value=
ac_cv_exeext=
ac_cv_func___argz_count=yes
ac_cv_func___argz_next=yes
ac_cv_func___argz_stringify=yes
ac_cv_func_alloca_works=yes
ac_cv_func_feof_unlocked=yes
ac_cv_func_fgets_unlocked=yes
ac_cv_func_getc_unlocked=yes
ac_cv_func_getcwd=yes
ac_cv_func_getegid=yes
ac_cv_func_geteuid=yes
ac_cv_func_getgid=yes
ac_cv_func_getpagesize=yes
ac_cv_func_getuid=yes
ac_cv_func_mempcpy=yes
ac_cv_func_mmap_fixed_mapped=yes
ac_cv_func_munmap=yes
ac_cv_func_putenv=yes
ac_cv_func_setenv=yes
ac_cv_func_setlocale=yes
ac_cv_func_stpcpy=yes
ac_cv_func_strcasecmp=yes
ac_cv_func_strdup=yes
ac_cv_func_strtoul=yes
ac_cv_func_tsearch=yes
ac_cv_gnu_library_2_1=yes
ac_cv_header_argz_h=yes
ac_cv_header_inttypes_h=yes
ac_cv_header_limits_h=yes
ac_cv_header_locale_h=yes
ac_cv_header_malloc_h=yes
ac_cv_header_memory_h=yes
ac_cv_header_nl_types_h=yes
ac_cv_header_stdc=yes
ac_cv_header_stddef_h=yes
ac_cv_header_stdint_h=yes
ac_cv_header_stdlib_h=yes
ac_cv_header_string_h=yes
ac_cv_header_strings_h=yes
ac_cv_header_sys_param_h=yes
ac_cv_header_sys_stat_h=yes
ac_cv_header_sys_types_h=yes
ac_cv_header_unistd_h=yes
ac_cv_host=i686-pc-linux-gnu
ac_cv_host_alias=i686-pc-linux-gnu
ac_cv_lib_cposix_strerror=no
ac_cv_objext=o
ac_cv_path_GMSGFMT=/usr/bin/msgfmt
ac_cv_path_MSGFMT=/usr/bin/msgfmt
ac_cv_path_MSGMERGE=/usr/bin/msgmerge
ac_cv_path_PKG_CONFIG=/usr/bin/pkg-config
ac_cv_path_XGETTEXT=/usr/bin/xgettext
ac_cv_path_gdkpixbufcsourcepath=/usr/bin/gdk-pixbuf-csource
ac_cv_path_install='/usr/bin/install -c'
ac_cv_prog_AWK=gawk
ac_cv_prog_CPP='gcc -E'
ac_cv_prog_INTLBISON=bison
ac_cv_prog_ac_ct_CC=gcc
ac_cv_prog_ac_ct_RANLIB=ranlib
ac_cv_prog_cc_g=yes
ac_cv_prog_cc_stdc=
ac_cv_prog_egrep='grep -E'
ac_cv_prog_make_make_set=yes
ac_cv_type_off_t=yes
ac_cv_type_size_t=yes
ac_cv_type_unsigned_long_long=yes
ac_cv_working_alloca_h=yes
acl_cv_hardcode_direct=no
acl_cv_hardcode_libdir_flag_spec='${wl}-rpath ${wl}$libdir'
acl_cv_hardcode_libdir_separator=
acl_cv_hardcode_minus_L=no
acl_cv_libext=a
acl_cv_path_LD=/usr/bin/ld
acl_cv_prog_gnu_ld=yes
acl_cv_rpath=done
acl_cv_shlibext=so
acl_cv_sys_lib_dlsearch_path_spec='/lib /usr/lib'
acl_cv_sys_lib_search_path_spec='/lib /usr/lib /usr/local/lib'
acl_cv_wl=-Wl,
am_cv_CC_dependencies_compiler_type=gcc
am_cv_func_iconv=yes
am_cv_langinfo_codeset=yes
am_cv_lib_iconv=no
am_cv_proto_iconv='extern size_t iconv (iconv_t cd, char * *inbuf, size_t *inbytesleft, char * *outbuf, size_t *outbytesleft);'
am_cv_proto_iconv_arg1=
am_cv_val_LC_MESSAGES=yes
gt_cv_func_gnugettext1_libc=yes
gt_cv_header_inttypes_h=yes
gt_cv_int_divbyzero_sigfpe=yes
gt_cv_inttypes_pri_broken=no
jm_ac_cv_header_inttypes_h=yes
jm_ac_cv_header_stdint_h=yes
nls_cv_force_use_gnu_gettext=no
nls_cv_header_intl=
nls_cv_header_libgt=
nls_cv_use_gnu_gettext=no

## ----------------- ##
## Output variables. ##
## ----------------- ##

ACLOCAL='${SHELL} /home/HEx/gift/giftoxic/missing --run aclocal-1.7'
ALLOCA=''
AMDEPBACKSLASH='\'
AMDEP_FALSE='#'
AMDEP_TRUE=''
AMTAR='${SHELL} /home/HEx/gift/giftoxic/missing --run tar'
AUTOCONF='${SHELL} /home/HEx/gift/giftoxic/missing --run autoconf'
AUTOHEADER='${SHELL} /home/HEx/gift/giftoxic/missing --run autoheader'
AUTOMAKE='${SHELL} /home/HEx/gift/giftoxic/missing --run automake-1.7'
AWK='gawk'
BUILD_INCLUDED_LIBINTL='no'
CATOBJEXT='.gmo'
CC='gcc'
CCDEPMODE='depmode=gcc'
CFLAGS='-g -O2'
CPP='gcc -E'
CPPFLAGS=''
CYGPATH_W='echo'
DATADIRNAME='share'
DEFS='-DHAVE_CONFIG_H'
DEPDIR='.deps'
ECHO_C=''
ECHO_N='-n'
ECHO_T=''
EGREP='grep -E'
EXEEXT=''
GENCAT='gencat'
GIFTOXIC_CFLAGS='-I/usr/local/include -I/usr/include/gtk-2.0 -I/usr/lib/gtk-2.0/include -I/usr/include/atk-1.0 -I/usr/include/pango-1.0 -I/usr/include/freetype2 -I/usr/include/glib-2.0 -I/usr/lib/glib-2.0/include  '
GIFTOXIC_LIBS='-Wl,--export-dynamic -L/usr/local/lib -lgtk-x11-2.0 -lgdk-x11-2.0 -latk-1.0 -lgdk_pixbuf-2.0 -lm -lpangoxft-1.0 -lpangox-1.0 -lpango-1.0 -lgobject-2.0 -lgmodule-2.0 -ldl -lglib-2.0 -lgift  '
GLIBC21='yes'
GMSGFMT='/usr/bin/msgfmt'
INSTALL_DATA='${INSTALL} -m 644'
INSTALL_PROGRAM='${INSTALL}'
INSTALL_SCRIPT='${INSTALL}'
INSTALL_STRIP_PROGRAM='${SHELL} $(install_sh) -c -s'
INSTOBJEXT='.mo'
INTLBISON='bison'
INTLLIBS=''
INTLOBJS=''
INTL_LIBTOOL_SUFFIX_PREFIX=''
LDFLAGS=''
LIBICONV=''
LIBINTL=''
LIBOBJS=''
LIBS=''
LTLIBICONV=''
LTLIBINTL=''
LTLIBOBJS=''
MAKEINFO='${SHELL} /home/HEx/gift/giftoxic/missing --run makeinfo'
MKINSTALLDIRS='./mkinstalldirs'
MSGFMT='/usr/bin/msgfmt'
MSGMERGE='/usr/bin/msgmerge'
OBJEXT='o'
PACKAGE='giFToxic'
PACKAGE_BUGREPORT=''
PACKAGE_NAME=''
PACKAGE_STRING=''
PACKAGE_TARNAME=''
PACKAGE_VERSION=''
PATH_SEPARATOR=':'
PIXMAPDIR='/usr/local/share/pixmaps'
PKG_CONFIG='/usr/bin/pkg-config'
POSUB='po'
RANLIB='ranlib'
SET_MAKE=''
SHELL='/bin/sh'
STRIP=''
USE_INCLUDED_LIBINTL='no'
USE_NLS='yes'
VERSION='0.0.9'
XGETTEXT='/usr/bin/xgettext'
ac_ct_CC='gcc'
ac_ct_RANLIB='ranlib'
ac_ct_STRIP=''
am__fastdepCC_FALSE=''
am__fastdepCC_TRUE='#'
am__include='include'
am__leading_dot='.'
am__quote=''
bindir='${exec_prefix}/bin'
build='i686-pc-linux-gnu'
build_alias=''
build_cpu='i686'
build_os='linux-gnu'
build_vendor='pc'
datadir='${prefix}/share'
exec_prefix='${prefix}'
gdkpixbufcsourcepath='/usr/bin/gdk-pixbuf-csource'
host='i686-pc-linux-gnu'
host_alias=''
host_cpu='i686'
host_os='linux-gnu'
host_vendor='pc'
includedir='${prefix}/include'
infodir='${prefix}/info'
install_sh='/home/HEx/gift/giftoxic/install-sh'
libdir='${exec_prefix}/lib'
libexecdir='${exec_prefix}/libexec'
localstatedir='${prefix}/var'
mandir='${prefix}/man'
oldincludedir='/usr/include'
prefix='/usr/local'
program_transform_name='s,x,x,'
sbindir='${exec_prefix}/sbin'
sharedstatedir='${prefix}/com'
sysconfdir='${prefix}/etc'
target_alias=''

## ----------- ##
## confdefs.h. ##
## ----------- ##

#define DATADIR "/usr/local/share/giFToxic"
#define ENABLE_NLS 1
#define GTK_DISABLE_DEPRECATED
#define HAVE_ALLOCA 1
#define HAVE_ALLOCA_H 1
#define HAVE_ARGZ_H 1
#define HAVE_DCGETTEXT 1
#define HAVE_FEOF_UNLOCKED 1
#define HAVE_FGETS_UNLOCKED 1
#define HAVE_GETCWD 1
#define HAVE_GETC_UNLOCKED 1
#define HAVE_GETEGID 1
#define HAVE_GETEUID 1
#define HAVE_GETGID 1
#define HAVE_GETPAGESIZE 1
#define HAVE_GETTEXT 1
#define HAVE_GETUID 1
#define HAVE_ICONV 1
#define HAVE_INTTYPES_H 1
#define HAVE_INTTYPES_H 1
#define HAVE_INTTYPES_H_WITH_UINTMAX 1
#define HAVE_LANGINFO_CODESET 1
#define HAVE_LC_MESSAGES 1
#define HAVE_LIMITS_H 1
#define HAVE_LOCALE_H 1
#define HAVE_MALLOC_H 1
#define HAVE_MEMORY_H 1
#define HAVE_MEMPCPY 1
#define HAVE_MMAP 1
#define HAVE_MUNMAP 1
#define HAVE_NL_TYPES_H 1
#define HAVE_PUTENV 1
#define HAVE_SETENV 1
#define HAVE_SETLOCALE 1
#define HAVE_STDDEF_H 1
#define HAVE_STDINT_H 1
#define HAVE_STDINT_H 1
#define HAVE_STDINT_H_WITH_UINTMAX 1
#define HAVE_STDLIB_H 1
#define HAVE_STDLIB_H 1
#define HAVE_STDLIB_H 1
#define HAVE_STPCPY 1
#define HAVE_STRCASECMP 1
#define HAVE_STRDUP 1
#define HAVE_STRINGS_H 1
#define HAVE_STRING_H 1
#define HAVE_STRING_H 1
#define HAVE_STRTOUL 1
#define HAVE_SYS_PARAM_H 1
#define HAVE_SYS_STAT_H 1
#define HAVE_SYS_TYPES_H 1
#define HAVE_TSEARCH 1
#define HAVE_UNISTD_H 1
#define HAVE_UNISTD_H 1
#define HAVE_UNISTD_H 1
#define HAVE_UNSIGNED_LONG_LONG 1
#define HAVE___ARGZ_COUNT 1
#define HAVE___ARGZ_NEXT 1
#define HAVE___ARGZ_STRINGIFY 1
#define ICONV_CONST 
#define INTDIV0_RAISES_SIGFPE 1
#define LOCALEDIR "/usr/local/share/locale"
#define PACKAGE "giFToxic"
#define PACKAGE_BUGREPORT ""
#define PACKAGE_NAME ""
#define PACKAGE_STRING ""
#define PACKAGE_TARNAME ""
#define PACKAGE_VERSION ""
#define PIXMAPDIR "/usr/local/share/pixmaps"
#define STDC_HEADERS 1
#define VERSION "0.0.9"

configure: exit 0

## ---------------------- ##
## Running config.status. ##
## ---------------------- ##

This file was extended by config.status, which was
generated by GNU Autoconf 2.57.  Invocation command line was

  CONFIG_FILES    = 
  CONFIG_HEADERS  = 
  CONFIG_LINKS    = 
  CONFIG_COMMANDS = 
  $ ./config.status config.h

on sphere

config.status:809: creating config.h
config.status:1040: config.h is unchanged
