This file contains any messages produced by compilers while
running configure, to aid debugging if configure makes a mistake.

It was created by configure, which was
generated by GNU Autoconf 2.59.  Invocation command line was

  $ ./configure --cache-file=config.cache --enable-maintainer-mode --enable-compile-warnings

## --------- ##
## Platform. ##
## --------- ##

hostname = sphere
uname -m = i686
uname -r = 2.4.25
uname -s = Linux
uname -v = #30 Thu Feb 19 13:54:21 GMT 2004

/usr/bin/uname -p = unknown
/bin/uname -X     = unknown

/bin/arch              = i686
/usr/bin/arch -k       = unknown
/usr/convex/getsysinfo = unknown
hostinfo               = unknown
/bin/machine           = unknown
/usr/bin/oslevel       = unknown
/bin/universe          = unknown

PATH: /usr/local/bin
PATH: /usr/bin
PATH: /bin
PATH: /usr/bin/X11
PATH: /usr/games
PATH: /home/HEx/bin
PATH: /usr/local/bin
PATH: /home/HEx/bin
PATH: /usr/local/bin


## ----------- ##
## Core tests. ##
## ----------- ##

configure:1235: loading cache config.cache
configure:1365: checking for a BSD-compatible install
configure:1420: result: /usr/bin/install -c
configure:1431: checking whether build environment is sane
configure:1474: result: yes
configure:1507: checking for gawk
configure:1533: result: mawk
configure:1543: checking whether make sets $(MAKE)
configure:1563: result: yes
configure:1774: checking for gcc
configure:1800: result: gcc
configure:2044: checking for C compiler version
configure:2047: gcc --version </dev/null >&5
gcc (GCC) 3.3.3 (Debian 20040321)
Copyright (C) 2003 Free Software Foundation, Inc.
This is free software; see the source for copying conditions.  There is NO
warranty; not even for MERCHANTABILITY or FITNESS FOR A PARTICULAR PURPOSE.

configure:2050: $? = 0
configure:2052: gcc -v </dev/null >&5
Reading specs from /usr/lib/gcc-lib/i486-linux/3.3.3/specs
Configured with: ../src/configure -v --enable-languages=c,c++,java,f77,pascal,objc,ada,treelang --prefix=/usr --mandir=/usr/share/man --infodir=/usr/share/info --with-gxx-include-dir=/usr/include/c++/3.3 --enable-shared --with-system-zlib --enable-nls --without-included-gettext --enable-__cxa_atexit --enable-clocale=gnu --enable-debug --enable-java-gc=boehm --enable-java-awt=xlib,gtk --enable-objc-gc i486-linux
Thread model: posix
gcc version 3.3.3 (Debian 20040321)
configure:2055: $? = 0
configure:2057: gcc -V </dev/null >&5
gcc: `-V' option must have argument
configure:2060: $? = 1
configure:2083: checking for C compiler default output file name
configure:2086: gcc    conftest.c  >&5
configure:2089: $? = 0
configure:2135: result: a.out
configure:2140: checking whether the C compiler works
configure:2146: ./a.out
configure:2149: $? = 0
configure:2166: result: yes
configure:2173: checking whether we are cross compiling
configure:2175: result: no
configure:2178: checking for suffix of executables
configure:2180: gcc -o conftest    conftest.c  >&5
configure:2183: $? = 0
configure:2208: result: 
configure:2214: checking for suffix of object files
configure:2260: result: o
configure:2264: checking whether we are using the GNU C compiler
configure:2319: result: yes
configure:2325: checking whether gcc accepts -g
configure:2375: result: yes
configure:2392: checking for gcc option to accept ANSI C
configure:2498: result: none needed
configure:2516: gcc -c -g -O2  conftest.c >&5
conftest.c:2: error: parse error before "me"
configure:2522: $? = 1
configure: failed program was:
| #ifndef __cplusplus
|   choke me
| #endif
configure:2663: checking for style of include used by make
configure:2691: result: GNU
configure:2719: checking dependency style of gcc
configure:2802: result: gcc3
configure:2832: checking for a BSD-compatible install
configure:2887: result: /usr/bin/install -c
configure:2905: checking how to run the C preprocessor
configure:3023: result: gcc -E
configure:3047: gcc -E  conftest.c
configure:3053: $? = 0
configure:3085: gcc -E  conftest.c
conftest.c:11:28: ac_nonexistent.h: No such file or directory
configure:3091: $? = 1
configure: failed program was:
| /* confdefs.h.  */
| 
| #define PACKAGE_NAME ""
| #define PACKAGE_TARNAME ""
| #define PACKAGE_VERSION ""
| #define PACKAGE_STRING ""
| #define PACKAGE_BUGREPORT ""
| #define PACKAGE "giFTcurs"
| #define VERSION "040708-cvs"
| /* end confdefs.h.  */
| #include <ac_nonexistent.h>
configure:3135: checking for egrep
configure:3145: result: grep -E
configure:3305: checking "location of ncurses.h file"...
configure:3313: result: Found ncurses on /usr/include/ncurses.h
configure:3577: checking for ncurses version
configure:3596: result: 5.4
configure:3631: checking for use_default_colors
configure:3718: result: yes
configure:3631: checking for resizeterm
configure:3718: result: yes
configure:3631: checking for resize_term
configure:3718: result: yes
configure:3752: checking for msgfmt
configure:3783: result: no
configure:3789: checking for gmsgfmt
configure:3820: result: :
configure:3830: checking for xgettext
configure:3861: result: no
configure:3869: checking for msgmerge
configure:3899: result: no
configure:3937: checking build system type
configure:3955: result: i686-pc-linux-gnu
configure:3963: checking host system type
configure:3977: result: i686-pc-linux-gnu
configure:4026: checking for ranlib
configure:4053: result: ranlib
configure:4066: checking for strerror in -lcposix
configure:4127: result: no
configure:4135: checking for ANSI C header files
configure:4287: result: yes
configure:4297: checking for an ANSI C-conforming const
configure:4393: result: yes
configure:4403: checking for inline
configure:4454: result: inline
configure:4487: checking for sys/types.h
configure:4532: result: yes
configure:4487: checking for sys/stat.h
configure:4532: result: yes
configure:4487: checking for stdlib.h
configure:4532: result: yes
configure:4487: checking for string.h
configure:4532: result: yes
configure:4487: checking for memory.h
configure:4532: result: yes
configure:4487: checking for strings.h
configure:4532: result: yes
configure:4487: checking for inttypes.h
configure:4532: result: yes
configure:4487: checking for stdint.h
configure:4532: result: yes
configure:4487: checking for unistd.h
configure:4532: result: yes
configure:4544: checking for off_t
configure:4597: result: yes
configure:4609: checking for size_t
configure:4662: result: yes
configure:4676: checking for working alloca.h
configure:4727: result: yes
configure:4737: checking for alloca
configure:4808: result: yes
configure:5036: checking for stdlib.h
configure:5041: result: yes
configure:5036: checking for unistd.h
configure:5041: result: yes
configure:5184: checking for getpagesize
configure:5271: result: yes
configure:5281: checking for working mmap
configure:5445: result: yes
configure:5457: checking whether we are using the GNU C Library 2.1 or newer
configure:5488: result: yes
configure:5496: checking whether integer division by zero raises SIGFPE
configure:5581: result: yes
configure:5594: checking for inttypes.h
configure:5645: result: yes
configure:5656: checking for stdint.h
configure:5707: result: yes
configure:5718: checking for unsigned long long
configure:5770: result: yes
configure:5796: checking for inttypes.h
configure:5849: result: yes
configure:5862: checking whether the inttypes.h PRIxNN macros are broken
configure:5918: result: no
configure:5956: checking for ld used by GCC
configure:6019: result: /usr/bin/ld
configure:6028: checking if the linker (/usr/bin/ld) is GNU ld
configure:6040: result: yes
configure:6046: checking for shared library run path origin
configure:6059: result: done
configure:6478: checking for argz.h
configure:6483: result: yes
configure:6478: checking for limits.h
configure:6483: result: yes
configure:6478: checking for locale.h
configure:6483: result: yes
configure:6478: checking for nl_types.h
configure:6483: result: yes
configure:6478: checking for malloc.h
configure:6483: result: yes
configure:6478: checking for stddef.h
configure:6483: result: yes
configure:6478: checking for stdlib.h
configure:6483: result: yes
configure:6478: checking for string.h
configure:6483: result: yes
configure:6478: checking for unistd.h
configure:6483: result: yes
configure:6478: checking for sys/param.h
configure:6483: result: yes
configure:6648: checking for feof_unlocked
configure:6735: result: yes
configure:6648: checking for fgets_unlocked
configure:6735: result: yes
configure:6648: checking for getc_unlocked
configure:6735: result: yes
configure:6648: checking for getcwd
configure:6735: result: yes
configure:6648: checking for getegid
configure:6735: result: yes
configure:6648: checking for geteuid
configure:6735: result: yes
configure:6648: checking for getgid
configure:6735: result: yes
configure:6648: checking for getuid
configure:6735: result: yes
configure:6648: checking for mempcpy
configure:6735: result: yes
configure:6648: checking for munmap
configure:6735: result: yes
configure:6648: checking for putenv
configure:6735: result: yes
configure:6648: checking for setenv
configure:6735: result: yes
configure:6648: checking for setlocale
configure:6735: result: yes
configure:6648: checking for stpcpy
configure:6735: result: yes
configure:6648: checking for strcasecmp
configure:6735: result: yes
configure:6648: checking for strdup
configure:6735: result: yes
configure:6648: checking for strtoul
configure:6735: result: yes
configure:6648: checking for tsearch
configure:6735: result: yes
configure:6648: checking for __argz_count
configure:6735: result: yes
configure:6648: checking for __argz_stringify
configure:6735: result: yes
configure:6648: checking for __argz_next
configure:6735: result: yes
configure:6776: checking for iconv
configure:6886: result: yes
configure:6909: checking for iconv declaration
configure:6976: result: 
         extern size_t iconv (iconv_t cd, char * *inbuf, size_t *inbytesleft, char * *outbuf, size_t *outbytesleft);
configure:6987: checking for nl_langinfo and CODESET
configure:7039: result: yes
configure:7051: checking for LC_MESSAGES
configure:7102: result: yes
configure:7118: checking for bison
configure:7144: result: bison
configure:7157: checking version of bison
configure:7166: result: 1.875, ok
configure:7187: checking whether NLS is requested
configure:7196: result: yes
configure:7211: checking whether included gettext is requested
configure:7221: result: no
configure:7232: checking for GNU gettext in libc
configure:7286: result: yes
configure:7920: checking for socket in -lsocket
configure:7981: result: no
configure:8018: checking for pkg-config
configure:8049: result: /usr/bin/pkg-config
configure:8072: checking for GLIB - version >= 2.0.0
configure:8191: gcc -o conftest -g -O2 -I/usr/include/glib-2.0 -I/usr/lib/glib-2.0/include     conftest.c -lglib-2.0    >&5
configure:8194: $? = 0
configure:8196: ./conftest
configure:8199: $? = 0
configure:8217: result: yes (version 2.2.3)
configure:8313: checking for ANSI C header files
configure:8465: result: yes
configure:8487: checking for getopt.h
configure:8492: result: yes
configure:8487: checking for sys/vfs.h
configure:8492: result: yes
configure:8487: checking for sys/mount.h
configure:8492: result: yes
configure:8487: checking for sys/statvfs.h
configure:8492: result: yes
configure:8487: checking for regex.h
configure:8492: result: yes
configure:8487: checking for termios.h
configure:8492: result: yes
configure:8487: checking for sys/ioctl.h
configure:8492: result: yes
configure:8487: checking for sys/un.h
configure:8492: result: yes
configure:8633: checking whether gcc needs -no-cpp-precomp
configure:8647: result: no
configure:8658: checking for socket
configure:8745: result: yes
configure:8767: checking for strnlen
configure:8854: result: yes
configure:8767: checking for statfs
configure:8854: result: yes
configure:8767: checking for getopt_long
configure:8854: result: yes
configure:8767: checking for hstrerror
configure:8854: result: yes
configure:8767: checking for gai_strerror
configure:8854: result: yes
configure:8868: checking for getaddrinfo
configure:8955: result: yes
configure:9136: checking for Gpm_Open in -lgpm
configure:9197: result: yes
configure:9335: creating ./config.status

## ---------------------- ##
## Running config.status. ##
## ---------------------- ##

This file was extended by config.status, which was
generated by GNU Autoconf 2.59.  Invocation command line was

  CONFIG_FILES    = 
  CONFIG_HEADERS  = 
  CONFIG_LINKS    = 
  CONFIG_COMMANDS = 
  $ ./config.status 

on sphere

config.status:777: creating Makefile
config.status:777: creating src/Makefile
config.status:777: creating intl/Makefile
config.status:777: creating po/Makefile.in
config.status:843: creating config.h
config.status:1307: executing depfiles commands
config.status:1307: executing default-1 commands

## ---------------- ##
## Cache variables. ##
## ---------------- ##

ac_cv_build=i686-pc-linux-gnu
ac_cv_build_alias=i686-pc-linux-gnu
ac_cv_c_compiler_gnu=yes
ac_cv_c_const=yes
ac_cv_c_inline=inline
ac_cv_env_CC_set=
ac_cv_env_CC_value=
ac_cv_env_CFLAGS_set=
ac_cv_env_CFLAGS_value=
ac_cv_env_CPPFLAGS_set=
ac_cv_env_CPPFLAGS_value=
ac_cv_env_CPP_set=
ac_cv_env_CPP_value=
ac_cv_env_LDFLAGS_set=
ac_cv_env_LDFLAGS_value=
ac_cv_env_build_alias_set=
ac_cv_env_build_alias_value=
ac_cv_env_host_alias_set=
ac_cv_env_host_alias_value=
ac_cv_env_target_alias_set=
ac_cv_env_target_alias_value=
ac_cv_exeext=
ac_cv_func___argz_count=yes
ac_cv_func___argz_next=yes
ac_cv_func___argz_stringify=yes
ac_cv_func_alloca_works=yes
ac_cv_func_feof_unlocked=yes
ac_cv_func_fgets_unlocked=yes
ac_cv_func_gai_strerror=yes
ac_cv_func_getaddrinfo=yes
ac_cv_func_getc_unlocked=yes
ac_cv_func_getcwd=yes
ac_cv_func_getegid=yes
ac_cv_func_geteuid=yes
ac_cv_func_getgid=yes
ac_cv_func_getopt_long=yes
ac_cv_func_getpagesize=yes
ac_cv_func_getuid=yes
ac_cv_func_hstrerror=yes
ac_cv_func_mempcpy=yes
ac_cv_func_mmap_fixed_mapped=yes
ac_cv_func_munmap=yes
ac_cv_func_putenv=yes
ac_cv_func_resize_term=yes
ac_cv_func_resizeterm=yes
ac_cv_func_setenv=yes
ac_cv_func_setlocale=yes
ac_cv_func_socket=yes
ac_cv_func_statfs=yes
ac_cv_func_stpcpy=yes
ac_cv_func_strcasecmp=yes
ac_cv_func_strdup=yes
ac_cv_func_strnlen=yes
ac_cv_func_strtoul=yes
ac_cv_func_tsearch=yes
ac_cv_func_use_default_colors=yes
ac_cv_gnu_library_2_1=yes
ac_cv_header_argz_h=yes
ac_cv_header_getopt_h=yes
ac_cv_header_inttypes_h=yes
ac_cv_header_limits_h=yes
ac_cv_header_locale_h=yes
ac_cv_header_malloc_h=yes
ac_cv_header_memory_h=yes
ac_cv_header_nl_types_h=yes
ac_cv_header_regex_h=yes
ac_cv_header_stdc=yes
ac_cv_header_stddef_h=yes
ac_cv_header_stdint_h=yes
ac_cv_header_stdlib_h=yes
ac_cv_header_string_h=yes
ac_cv_header_strings_h=yes
ac_cv_header_sys_ioctl_h=yes
ac_cv_header_sys_mount_h=yes
ac_cv_header_sys_param_h=yes
ac_cv_header_sys_stat_h=yes
ac_cv_header_sys_statvfs_h=yes
ac_cv_header_sys_types_h=yes
ac_cv_header_sys_un_h=yes
ac_cv_header_sys_vfs_h=yes
ac_cv_header_termios_h=yes
ac_cv_header_unistd_h=yes
ac_cv_host=i686-pc-linux-gnu
ac_cv_host_alias=i686-pc-linux-gnu
ac_cv_lib_cposix_strerror=no
ac_cv_lib_gpm_Gpm_Open=yes
ac_cv_lib_socket_socket=no
ac_cv_objext=o
ac_cv_path_GMSGFMT=:
ac_cv_path_MSGFMT=:
ac_cv_path_MSGMERGE=:
ac_cv_path_PKG_CONFIG=/usr/bin/pkg-config
ac_cv_path_XGETTEXT=:
ac_cv_path_install='/usr/bin/install -c'
ac_cv_prog_AWK=mawk
ac_cv_prog_CPP='gcc -E'
ac_cv_prog_INTLBISON=bison
ac_cv_prog_ac_ct_CC=gcc
ac_cv_prog_ac_ct_RANLIB=ranlib
ac_cv_prog_cc_g=yes
ac_cv_prog_cc_stdc=
ac_cv_prog_egrep='grep -E'
ac_cv_prog_make_make_set=yes
ac_cv_type_off_t=yes
ac_cv_type_size_t=yes
ac_cv_type_unsigned_long_long=yes
ac_cv_working_alloca_h=yes
acl_cv_hardcode_direct=no
acl_cv_hardcode_libdir_flag_spec='${wl}-rpath ${wl}$libdir'
acl_cv_hardcode_libdir_separator=
acl_cv_hardcode_minus_L=no
acl_cv_libext=a
acl_cv_path_LD=/usr/bin/ld
acl_cv_prog_gnu_ld=yes
acl_cv_rpath=done
acl_cv_shlibext=so
acl_cv_sys_lib_dlsearch_path_spec='/lib /usr/lib'
acl_cv_sys_lib_search_path_spec='/lib /usr/lib /usr/local/lib'
acl_cv_wl=-Wl,
am_cv_CC_dependencies_compiler_type=gcc3
am_cv_func_iconv=yes
am_cv_langinfo_codeset=yes
am_cv_lib_iconv=no
am_cv_proto_iconv='extern size_t iconv (iconv_t cd, char * *inbuf, size_t *inbytesleft, char * *outbuf, size_t *outbytesleft);'
am_cv_proto_iconv_arg1=
am_cv_val_LC_MESSAGES=yes
gt_cv_func_gnugettext1_libc=yes
gt_cv_header_inttypes_h=yes
gt_cv_int_divbyzero_sigfpe=yes
gt_cv_inttypes_pri_broken=no
jm_ac_cv_header_inttypes_h=yes
jm_ac_cv_header_stdint_h=yes
nls_cv_force_use_gnu_gettext=no
nls_cv_header_intl=
nls_cv_header_libgt=
nls_cv_use_gnu_gettext=no

## ----------------- ##
## Output variables. ##
## ----------------- ##

ACLOCAL='${SHELL} /home/HEx/gift/giFTcurs/missing --run aclocal-1.7'
ALLOCA=''
AMDEPBACKSLASH='\'
AMDEP_FALSE='#'
AMDEP_TRUE=''
AMTAR='${SHELL} /home/HEx/gift/giFTcurs/missing --run tar'
AUTOCONF='${SHELL} /home/HEx/gift/giFTcurs/missing --run autoconf'
AUTOHEADER='${SHELL} /home/HEx/gift/giFTcurs/missing --run autoheader'
AUTOMAKE='${SHELL} /home/HEx/gift/giFTcurs/missing --run automake-1.7'
AWK='mawk'
BUILD_INCLUDED_LIBINTL='no'
CATOBJEXT='.gmo'
CC='gcc'
CCDEPMODE='depmode=gcc3'
CFLAGS='-g -O2'
CPP='gcc -E'
CPPFLAGS=''
CURSES_INCLUDEDIR=''
CURSES_LIBS='-lncurses'
CYGPATH_W='echo'
DATADIRNAME='share'
DEFS='-DHAVE_CONFIG_H'
DEPDIR='.deps'
ECHO_C=''
ECHO_N='-n'
ECHO_T=''
EGREP='grep -E'
EXEEXT=''
GENCAT='gencat'
GLIBC21='yes'
GLIB_CFLAGS='-I/usr/include/glib-2.0 -I/usr/lib/glib-2.0/include  '
GLIB_GENMARSHAL='glib-genmarshal'
GLIB_LIBS='-lglib-2.0  '
GLIB_MKENUMS='glib-mkenums'
GMSGFMT=':'
GOBJECT_QUERY='gobject-query'
INSTALL_DATA='${INSTALL} -m 644'
INSTALL_PROGRAM='${INSTALL}'
INSTALL_SCRIPT='${INSTALL}'
INSTALL_STRIP_PROGRAM='${SHELL} $(install_sh) -c -s'
INSTOBJEXT='.mo'
INTLBISON='bison'
INTLLIBS=''
INTLOBJS=''
INTL_LIBTOOL_SUFFIX_PREFIX=''
LDFLAGS=''
LIBICONV=''
LIBINTL=''
LIBOBJS=''
LIBS='-lgpm '
LTLIBICONV=''
LTLIBINTL=''
LTLIBOBJS=''
MAKEINFO='${SHELL} /home/HEx/gift/giFTcurs/missing --run makeinfo'
MKINSTALLDIRS='./mkinstalldirs'
MSGFMT=':'
MSGMERGE=':'
OBJEXT='o'
PACKAGE='giFTcurs'
PACKAGE_BUGREPORT=''
PACKAGE_NAME=''
PACKAGE_STRING=''
PACKAGE_TARNAME=''
PACKAGE_VERSION=''
PATH_SEPARATOR=':'
PKG_CONFIG='/usr/bin/pkg-config'
POSUB='po'
RANLIB='ranlib'
SET_MAKE=''
SHELL='/bin/sh'
STRIP=''
USE_INCLUDED_LIBINTL='no'
USE_NLS='yes'
VERSION='040708-cvs'
XGETTEXT=':'
ac_ct_CC='gcc'
ac_ct_RANLIB='ranlib'
ac_ct_STRIP=''
am__fastdepCC_FALSE='#'
am__fastdepCC_TRUE=''
am__include='include'
am__leading_dot='.'
am__quote=''
bindir='${exec_prefix}/bin'
build='i686-pc-linux-gnu'
build_alias=''
build_cpu='i686'
build_os='linux-gnu'
build_vendor='pc'
datadir='${prefix}/share'
exec_prefix='${prefix}'
host='i686-pc-linux-gnu'
host_alias=''
host_cpu='i686'
host_os='linux-gnu'
host_vendor='pc'
includedir='${prefix}/include'
infodir='${prefix}/info'
install_sh='/home/HEx/gift/giFTcurs/install-sh'
libdir='${exec_prefix}/lib'
libexecdir='${exec_prefix}/libexec'
localstatedir='${prefix}/var'
mandir='${prefix}/man'
oldincludedir='/usr/include'
prefix='/usr/local'
program_transform_name='s,x,x,'
sbindir='${exec_prefix}/sbin'
sharedstatedir='${prefix}/com'
sysconfdir='${prefix}/etc'
target_alias=''

## ----------- ##
## confdefs.h. ##
## ----------- ##

#define ENABLE_NLS 1
#define HAS_CURSES 1
#define HAVE_ALLOCA 1
#define HAVE_ALLOCA_H 1
#define HAVE_ARGZ_H 1
#define HAVE_DCGETTEXT 1
#define HAVE_FEOF_UNLOCKED 1
#define HAVE_FGETS_UNLOCKED 1
#define HAVE_GAI_STRERROR 1
#define HAVE_GETADDRINFO 1
#define HAVE_GETCWD 1
#define HAVE_GETC_UNLOCKED 1
#define HAVE_GETEGID 1
#define HAVE_GETEUID 1
#define HAVE_GETGID 1
#define HAVE_GETOPT_H 1
#define HAVE_GETOPT_LONG 1
#define HAVE_GETPAGESIZE 1
#define HAVE_GETTEXT 1
#define HAVE_GETUID 1
#define HAVE_HSTRERROR 1
#define HAVE_ICONV 1
#define HAVE_INTTYPES_H 1
#define HAVE_INTTYPES_H 1
#define HAVE_INTTYPES_H_WITH_UINTMAX 1
#define HAVE_LANGINFO_CODESET 1
#define HAVE_LC_MESSAGES 1
#define HAVE_LIBGPM 1
#define HAVE_LIMITS_H 1
#define HAVE_LOCALE_H 1
#define HAVE_MALLOC_H 1
#define HAVE_MEMORY_H 1
#define HAVE_MEMPCPY 1
#define HAVE_MMAP 1
#define HAVE_MUNMAP 1
#define HAVE_NL_TYPES_H 1
#define HAVE_PUTENV 1
#define HAVE_REGEX_H 1
#define HAVE_RESIZETERM 1
#define HAVE_RESIZE_TERM 1
#define HAVE_SETENV 1
#define HAVE_SETLOCALE 1
#define HAVE_SOCKET 1
#define HAVE_STATFS 1
#define HAVE_STDDEF_H 1
#define HAVE_STDINT_H 1
#define HAVE_STDINT_H_WITH_UINTMAX 1
#define HAVE_STDLIB_H 1
#define HAVE_STDLIB_H 1
#define HAVE_STDLIB_H 1
#define HAVE_STPCPY 1
#define HAVE_STRCASECMP 1
#define HAVE_STRDUP 1
#define HAVE_STRINGS_H 1
#define HAVE_STRING_H 1
#define HAVE_STRING_H 1
#define HAVE_STRNLEN 1
#define HAVE_STRTOUL 1
#define HAVE_SYS_IOCTL_H 1
#define HAVE_SYS_MOUNT_H 1
#define HAVE_SYS_PARAM_H 1
#define HAVE_SYS_STATVFS_H 1
#define HAVE_SYS_STAT_H 1
#define HAVE_SYS_TYPES_H 1
#define HAVE_SYS_UN_H 1
#define HAVE_SYS_VFS_H 1
#define HAVE_TERMIOS_H 1
#define HAVE_TSEARCH 1
#define HAVE_UNISTD_H 1
#define HAVE_UNISTD_H 1
#define HAVE_UNISTD_H 1
#define HAVE_UNSIGNED_LONG_LONG 1
#define HAVE_USE_DEFAULT_COLORS 1
#define HAVE___ARGZ_COUNT 1
#define HAVE___ARGZ_NEXT 1
#define HAVE___ARGZ_STRINGIFY 1
#define ICONV_CONST 
#define INTDIV0_RAISES_SIGFPE 1
#define PACKAGE "giFTcurs"
#define PACKAGE_BUGREPORT ""
#define PACKAGE_NAME ""
#define PACKAGE_STRING ""
#define PACKAGE_TARNAME ""
#define PACKAGE_VERSION ""
#define STDC_HEADERS 1
#define STDC_HEADERS 1
#define USE_NCURSES 1
#define VERSION "040708-cvs"

configure: exit 0
