This file contains any messages produced by compilers while
running configure, to aid debugging if configure makes a mistake.

It was created by giFT-FastTrack configure 0.8.8, which was
generated by GNU Autoconf 2.59.  Invocation command line was

  $ ./configure --cache-file=config.cache

## --------- ##
## Platform. ##
## --------- ##

hostname = sphere
uname -m = i686
uname -r = 2.6.9
uname -s = Linux
uname -v = #6 Thu Oct 21 18:26:58 BST 2004

/usr/bin/uname -p = unknown
/bin/uname -X     = unknown

/bin/arch              = i686
/usr/bin/arch -k       = unknown
/usr/convex/getsysinfo = unknown
hostinfo               = unknown
/bin/machine           = unknown
/usr/bin/oslevel       = unknown
/bin/universe          = unknown

PATH: /usr/local/bin
PATH: /usr/bin
PATH: /bin
PATH: /usr/bin/X11
PATH: /usr/games
PATH: /home/HEx/bin
PATH: /usr/local/bin


## ----------- ##
## Core tests. ##
## ----------- ##

configure:1419: loading cache config.cache
configure:1557: checking for a BSD-compatible install
configure:1612: result: /usr/bin/install -c
configure:1623: checking whether build environment is sane
configure:1666: result: yes
configure:1699: checking for gawk
configure:1725: result: gawk
configure:1735: checking whether make sets $(MAKE)
configure:1755: result: yes
configure:1982: checking for gcc
configure:2008: result: gcc
configure:2252: checking for C compiler version
configure:2255: gcc --version </dev/null >&5
gcc (GCC) 3.3.3 (Debian 20040321)
Copyright (C) 2003 Free Software Foundation, Inc.
This is free software; see the source for copying conditions.  There is NO
warranty; not even for MERCHANTABILITY or FITNESS FOR A PARTICULAR PURPOSE.

configure:2258: $? = 0
configure:2260: gcc -v </dev/null >&5
Reading specs from /usr/lib/gcc-lib/i486-linux/3.3.3/specs
Configured with: ../src/configure -v --enable-languages=c,c++,java,f77,pascal,objc,ada,treelang --prefix=/usr --mandir=/usr/share/man --infodir=/usr/share/info --with-gxx-include-dir=/usr/include/c++/3.3 --enable-shared --with-system-zlib --enable-nls --without-included-gettext --enable-__cxa_atexit --enable-clocale=gnu --enable-debug --enable-java-gc=boehm --enable-java-awt=xlib,gtk --enable-objc-gc i486-linux
Thread model: posix
gcc version 3.3.3 (Debian 20040321)
configure:2263: $? = 0
configure:2265: gcc -V </dev/null >&5
gcc: `-V' option must have argument
configure:2268: $? = 1
configure:2291: checking for C compiler default output file name
configure:2294: gcc    conftest.c  >&5
configure:2297: $? = 0
configure:2343: result: a.out
configure:2348: checking whether the C compiler works
configure:2354: ./a.out
configure:2357: $? = 0
configure:2374: result: yes
configure:2381: checking whether we are cross compiling
configure:2383: result: no
configure:2386: checking for suffix of executables
configure:2388: gcc -o conftest    conftest.c  >&5
configure:2391: $? = 0
configure:2416: result: 
configure:2422: checking for suffix of object files
configure:2468: result: o
configure:2472: checking whether we are using the GNU C compiler
configure:2527: result: yes
configure:2533: checking whether gcc accepts -g
configure:2583: result: yes
configure:2600: checking for gcc option to accept ANSI C
configure:2706: result: none needed
configure:2724: gcc -c -g -O2  conftest.c >&5
conftest.c:2: error: parse error before "me"
configure:2730: $? = 1
configure: failed program was:
| #ifndef __cplusplus
|   choke me
| #endif
configure:2871: checking for style of include used by make
configure:2899: result: GNU
configure:2927: checking dependency style of gcc
configure:3010: result: gcc
configure:3033: checking how to run the C preprocessor
configure:3151: result: gcc -E
configure:3175: gcc -E  conftest.c
configure:3181: $? = 0
configure:3213: gcc -E  conftest.c
conftest.c:13:28: ac_nonexistent.h: No such file or directory
configure:3219: $? = 1
configure: failed program was:
| /* confdefs.h.  */
| 
| #define PACKAGE_NAME "giFT-FastTrack"
| #define PACKAGE_TARNAME "giFT-FastTrack"
| #define PACKAGE_VERSION "0.8.8"
| #define PACKAGE_STRING "giFT-FastTrack 0.8.8"
| #define PACKAGE_BUGREPORT "gift-fasttrack-devel@lists.berlios.de"
| #define PACKAGE "giFT-FastTrack"
| #define VERSION "0.8.8"
| #define BUILD_DATE "Tue Nov 16 19:28:08 GMT 2004"
| #define GIFT_PLUGIN 1
| /* end confdefs.h.  */
| #include <ac_nonexistent.h>
configure:3263: checking for egrep
configure:3273: result: grep -E
configure:3278: checking for ANSI C header files
configure:3430: result: yes
configure:3453: checking for a BSD-compatible install
configure:3508: result: /usr/bin/install -c
configure:3599: checking build system type
configure:3617: result: i686-pc-linux-gnu
configure:3625: checking host system type
configure:3639: result: i686-pc-linux-gnu
configure:3647: checking for a sed that does not truncate output
configure:3701: result: 
configure:3715: checking for ld used by gcc
configure:3782: result: /usr/bin/ld
configure:3791: checking if the linker (/usr/bin/ld) is GNU ld
configure:3806: result: yes
configure:3811: checking for /usr/bin/ld option to reload object files
configure:3818: result: -r
configure:3827: checking for BSD-compatible nm
configure:3869: result: /usr/bin/nm -B
configure:3873: checking whether ln -s works
configure:3877: result: yes
configure:3884: checking how to recognise dependent libraries
configure:4058: result: pass_all
configure:4279: checking for sys/types.h
configure:4324: result: yes
configure:4279: checking for sys/stat.h
configure:4324: result: yes
configure:4279: checking for stdlib.h
configure:4324: result: yes
configure:4279: checking for string.h
configure:4324: result: yes
configure:4279: checking for memory.h
configure:4324: result: yes
configure:4279: checking for strings.h
configure:4324: result: yes
configure:4279: checking for inttypes.h
configure:4324: result: yes
configure:4279: checking for stdint.h
configure:4324: result: yes
configure:4279: checking for unistd.h
configure:4324: result: yes
configure:4341: checking for dlfcn.h
configure:4346: result: yes
configure:4537: checking for g++
configure:4563: result: g++
configure:4579: checking for C++ compiler version
configure:4582: g++ --version </dev/null >&5
g++ (GCC) 3.3.3 (Debian 20040321)
Copyright (C) 2003 Free Software Foundation, Inc.
This is free software; see the source for copying conditions.  There is NO
warranty; not even for MERCHANTABILITY or FITNESS FOR A PARTICULAR PURPOSE.

configure:4585: $? = 0
configure:4587: g++ -v </dev/null >&5
Reading specs from /usr/lib/gcc-lib/i486-linux/3.3.3/specs
Configured with: ../src/configure -v --enable-languages=c,c++,java,f77,pascal,objc,ada,treelang --prefix=/usr --mandir=/usr/share/man --infodir=/usr/share/info --with-gxx-include-dir=/usr/include/c++/3.3 --enable-shared --with-system-zlib --enable-nls --without-included-gettext --enable-__cxa_atexit --enable-clocale=gnu --enable-debug --enable-java-gc=boehm --enable-java-awt=xlib,gtk --enable-objc-gc i486-linux
Thread model: posix
gcc version 3.3.3 (Debian 20040321)
configure:4590: $? = 0
configure:4592: g++ -V </dev/null >&5
g++: `-V' option must have argument
configure:4595: $? = 1
configure:4598: checking whether we are using the GNU C++ compiler
configure:4653: result: yes
configure:4659: checking whether g++ accepts -g
configure:4709: result: yes
configure:4751: g++ -c -g -O2  conftest.cc >&5
configure:4757: $? = 0
configure:4760: test -z 			 || test ! -s conftest.err
configure:4763: $? = 0
configure:4766: test -s conftest.o
configure:4769: $? = 0
configure:4795: g++ -c -g -O2  conftest.cc >&5
conftest.cc: In function `int main()':
conftest.cc:28: error: `exit' undeclared (first use this function)
conftest.cc:28: error: (Each undeclared identifier is reported only once for 
   each function it appears in.)
configure:4801: $? = 1
configure: failed program was:
| /* confdefs.h.  */
| 
| #define PACKAGE_NAME "giFT-FastTrack"
| #define PACKAGE_TARNAME "giFT-FastTrack"
| #define PACKAGE_VERSION "0.8.8"
| #define PACKAGE_STRING "giFT-FastTrack 0.8.8"
| #define PACKAGE_BUGREPORT "gift-fasttrack-devel@lists.berlios.de"
| #define PACKAGE "giFT-FastTrack"
| #define VERSION "0.8.8"
| #define BUILD_DATE "Tue Nov 16 19:28:08 GMT 2004"
| #define GIFT_PLUGIN 1
| #define STDC_HEADERS 1
| #define HAVE_SYS_TYPES_H 1
| #define HAVE_SYS_STAT_H 1
| #define HAVE_STDLIB_H 1
| #define HAVE_STRING_H 1
| #define HAVE_MEMORY_H 1
| #define HAVE_STRINGS_H 1
| #define HAVE_INTTYPES_H 1
| #define HAVE_STDINT_H 1
| #define HAVE_UNISTD_H 1
| #define HAVE_DLFCN_H 1
| /* end confdefs.h.  */
| 
| int
| main ()
| {
| exit (42);
|   ;
|   return 0;
| }
configure:4751: g++ -c -g -O2  conftest.cc >&5
configure:4757: $? = 0
configure:4760: test -z 			 || test ! -s conftest.err
configure:4763: $? = 0
configure:4766: test -s conftest.o
configure:4769: $? = 0
configure:4795: g++ -c -g -O2  conftest.cc >&5
configure:4801: $? = 0
configure:4804: test -z 			 || test ! -s conftest.err
configure:4807: $? = 0
configure:4810: test -s conftest.o
configure:4813: $? = 0
configure:4838: checking dependency style of g++
configure:4921: result: gcc3
configure:4943: checking how to run the C++ preprocessor
configure:5057: result: g++ -E
configure:5081: g++ -E  conftest.cc
configure:5087: $? = 0
configure:5119: g++ -E  conftest.cc
conftest.cc:27:28: ac_nonexistent.h: No such file or directory
configure:5125: $? = 1
configure: failed program was:
| /* confdefs.h.  */
| 
| #define PACKAGE_NAME "giFT-FastTrack"
| #define PACKAGE_TARNAME "giFT-FastTrack"
| #define PACKAGE_VERSION "0.8.8"
| #define PACKAGE_STRING "giFT-FastTrack 0.8.8"
| #define PACKAGE_BUGREPORT "gift-fasttrack-devel@lists.berlios.de"
| #define PACKAGE "giFT-FastTrack"
| #define VERSION "0.8.8"
| #define BUILD_DATE "Tue Nov 16 19:28:08 GMT 2004"
| #define GIFT_PLUGIN 1
| #define STDC_HEADERS 1
| #define HAVE_SYS_TYPES_H 1
| #define HAVE_SYS_STAT_H 1
| #define HAVE_STDLIB_H 1
| #define HAVE_STRING_H 1
| #define HAVE_MEMORY_H 1
| #define HAVE_STRINGS_H 1
| #define HAVE_INTTYPES_H 1
| #define HAVE_STDINT_H 1
| #define HAVE_UNISTD_H 1
| #define HAVE_DLFCN_H 1
| #ifdef __cplusplus
| extern "C" void std::exit (int) throw (); using std::exit;
| #endif
| /* end confdefs.h.  */
| #include <ac_nonexistent.h>
configure:5220: checking for g77
configure:5249: result: no
configure:5220: checking for f77
configure:5249: result: no
configure:5220: checking for xlf
configure:5249: result: no
configure:5220: checking for frt
configure:5249: result: no
configure:5220: checking for pgf77
configure:5249: result: no
configure:5220: checking for fort77
configure:5249: result: no
configure:5220: checking for fl32
configure:5249: result: no
configure:5220: checking for af77
configure:5249: result: no
configure:5220: checking for f90
configure:5249: result: no
configure:5220: checking for xlf90
configure:5249: result: no
configure:5220: checking for pgf90
configure:5249: result: no
configure:5220: checking for epcf90
configure:5249: result: no
configure:5220: checking for f95
configure:5249: result: no
configure:5220: checking for fort
configure:5249: result: no
configure:5220: checking for xlf95
configure:5249: result: no
configure:5220: checking for ifc
configure:5249: result: no
configure:5220: checking for efc
configure:5249: result: no
configure:5220: checking for pgf95
configure:5249: result: no
configure:5220: checking for lf95
configure:5249: result: no
configure:5220: checking for gfortran
configure:5249: result: no
configure:5264: checking for Fortran 77 compiler version
configure:5264:  --version </dev/null >&5
./configure: line 1: --version: command not found
configure:5267: $? = 127
configure:5269:  -v </dev/null >&5
./configure: line 1: -v: command not found
configure:5272: $? = 127
configure:5274:  -V </dev/null >&5
./configure: line 1: -V: command not found
configure:5277: $? = 127
configure:5285: checking whether we are using the GNU Fortran 77 compiler
configure:5330: result: no
configure:5336: checking whether  accepts -g
configure:5378: result: no
configure:5408: checking the maximum length of command line arguments
configure:5473: result: 32768
configure:5484: checking command to parse /usr/bin/nm -B output from gcc object
configure:5676: result: ok
configure:5680: checking for objdir
configure:5695: result: .libs
configure:5785: checking for ar
configure:5812: result: ar
configure:5865: checking for ranlib
configure:5892: result: ranlib
configure:5945: checking for strip
configure:5972: result: strip
configure:6234: checking if gcc static flag  works
configure:6257: result: yes
configure:6275: checking if gcc supports -fno-rtti -fno-exceptions
configure:6308: result: no
configure:6323: checking for gcc option to produce PIC
configure:6500: result: -fPIC
configure:6508: checking if gcc PIC flag -fPIC works
configure:6529: gcc -c -g -O2  -fPIC -DPIC conftest.c >&5
configure:6533: $? = 0
configure:6541: result: yes
configure:6565: checking if gcc supports -c -o file.o
configure:6610: result: yes
configure:6636: checking whether the gcc linker (/usr/bin/ld) supports shared libraries
configure:7482: result: yes
configure:7508: checking whether -lc should be explicitly linked in
configure:7513: gcc -c -g -O2  conftest.c >&5
configure:7516: $? = 0
configure:7530: gcc -shared conftest.o  -v -Wl,-soname -Wl,conftest -o conftest 2\>\&1 \| grep  -lc  \>/dev/null 2\>\&1
configure:7533: $? = 0
configure:7545: result: no
configure:7553: checking dynamic linker characteristics
configure:8093: result: GNU/Linux ld.so
configure:8097: checking how to hardcode library paths into programs
configure:8122: result: immediate
configure:8136: checking whether stripping libraries is possible
configure:8141: result: yes
configure:8964: checking if libtool supports shared libraries
configure:8966: result: yes
configure:8969: checking whether to build shared libraries
configure:9027: result: yes
configure:9030: checking whether to build static libraries
configure:9034: result: no
configure:9126: creating libtool
configure:9673: checking for ld used by g++
configure:9740: result: /usr/bin/ld
configure:9749: checking if the linker (/usr/bin/ld) is GNU ld
configure:9764: result: yes
configure:9815: checking whether the g++ linker (/usr/bin/ld) supports shared libraries
configure:10641: result: yes
configure:10659: g++ -c -g -O2  conftest.cc >&5
configure:10662: $? = 0
configure:10758: checking for g++ option to produce PIC
configure:11010: result: -fPIC
configure:11018: checking if g++ PIC flag -fPIC works
configure:11039: g++ -c -g -O2  -fPIC -DPIC conftest.cc >&5
configure:11043: $? = 0
configure:11051: result: yes
configure:11075: checking if g++ supports -c -o file.o
configure:11120: result: yes
configure:11146: checking whether the g++ linker (/usr/bin/ld) supports shared libraries
configure:11171: result: yes
configure:11242: checking dynamic linker characteristics
configure:11782: result: GNU/Linux ld.so
configure:11786: checking how to hardcode library paths into programs
configure:11811: result: immediate
configure:11825: checking whether stripping libraries is possible
configure:11830: result: yes
configure:19053: checking for giftd
configure:19083: result: /usr/local/bin/giftd
configure:19120: checking for pkg-config
configure:19150: result: /usr/bin/pkg-config
configure:19219: checking for libgift >= 0.11.6 libgift < 0.12.0
configure:19223: result: yes
configure:19227: checking GIFT_CFLAGS
configure:19230: result: -I/usr/local/include  
configure:19233: checking GIFT_LIBS
configure:19236: result: -L/usr/local/lib -lgift  
configure:19275: checking for ANSI C header files
configure:19427: result: yes
configure:19439: checking for an ANSI C-conforming const
configure:19535: result: yes
configure:19545: checking whether time.h and sys/time.h may both be included
configure:19599: result: yes
configure:19609: checking whether struct tm is in sys/time.h or time.h
configure:19661: result: time.h
configure:19671: checking whether INADDR_NONE is defined
configure:19722: result: yes
configure:19733: checking for working memcmp
configure:19803: result: yes
configure:19818: checking for strdup
configure:19905: result: yes
configure:20152: creating ./config.status

## ---------------------- ##
## Running config.status. ##
## ---------------------- ##

This file was extended by giFT-FastTrack config.status 0.8.8, which was
generated by GNU Autoconf 2.59.  Invocation command line was

  CONFIG_FILES    = 
  CONFIG_HEADERS  = 
  CONFIG_LINKS    = 
  CONFIG_COMMANDS = 
  $ ./config.status 

on sphere

config.status:764: creating Makefile
config.status:764: creating src/Makefile
config.status:764: creating src/crypt/Makefile
config.status:764: creating data/Makefile
config.status:764: creating m4/Makefile
config.status:764: creating fasttrack.spec
config.status:830: creating config.h
config.status:1130: executing depfiles commands

## ---------------- ##
## Cache variables. ##
## ---------------- ##

ac_cv_build=i686-pc-linux-gnu
ac_cv_build_alias=i686-pc-linux-gnu
ac_cv_c_compiler_gnu=yes
ac_cv_c_const=yes
ac_cv_cxx_compiler_gnu=yes
ac_cv_env_CC_set=
ac_cv_env_CC_value=
ac_cv_env_CFLAGS_set=
ac_cv_env_CFLAGS_value=
ac_cv_env_CPPFLAGS_set=
ac_cv_env_CPPFLAGS_value=
ac_cv_env_CPP_set=
ac_cv_env_CPP_value=
ac_cv_env_CXXCPP_set=
ac_cv_env_CXXCPP_value=
ac_cv_env_CXXFLAGS_set=
ac_cv_env_CXXFLAGS_value=
ac_cv_env_CXX_set=
ac_cv_env_CXX_value=
ac_cv_env_F77_set=
ac_cv_env_F77_value=
ac_cv_env_FFLAGS_set=
ac_cv_env_FFLAGS_value=
ac_cv_env_LDFLAGS_set=
ac_cv_env_LDFLAGS_value=
ac_cv_env_build_alias_set=
ac_cv_env_build_alias_value=
ac_cv_env_host_alias_set=
ac_cv_env_host_alias_value=
ac_cv_env_target_alias_set=
ac_cv_env_target_alias_value=
ac_cv_exeext=
ac_cv_f77_compiler_gnu=no
ac_cv_func_getpagesize=yes
ac_cv_func_memcmp_working=yes
ac_cv_func_mmap_fixed_mapped=yes
ac_cv_func_strdup=yes
ac_cv_gift_int32=int
ac_cv_have_inaddr_none=yes
ac_cv_header_dirent_dirent_h=yes
ac_cv_header_dlfcn_h=yes
ac_cv_header_inttypes_h=yes
ac_cv_header_ltdl_h=yes
ac_cv_header_memory_h=yes
ac_cv_header_stdc=yes
ac_cv_header_stdint_h=yes
ac_cv_header_stdlib_h=yes
ac_cv_header_string_h=yes
ac_cv_header_strings_h=yes
ac_cv_header_sys_stat_h=yes
ac_cv_header_sys_types_h=yes
ac_cv_header_sys_wait_h=yes
ac_cv_header_time=yes
ac_cv_header_unistd_h=yes
ac_cv_host=i686-pc-linux-gnu
ac_cv_host_alias=i686-pc-linux-gnu
ac_cv_lib_ltdl_lt_dlopen=yes
ac_cv_lib_ltdl_lt_dlsym=yes
ac_cv_objext=o
ac_cv_path_PKG_CONFIG=/usr/bin/pkg-config
ac_cv_path_ac_prefix_program=/usr/local/bin/giftd
ac_cv_path_install='/usr/bin/install -c'
ac_cv_prog_AWK=gawk
ac_cv_prog_CPP='gcc -E'
ac_cv_prog_CXXCPP='g++ -E'
ac_cv_prog_ac_ct_AR=ar
ac_cv_prog_ac_ct_CC=gcc
ac_cv_prog_ac_ct_CXX=g++
ac_cv_prog_ac_ct_RANLIB=ranlib
ac_cv_prog_ac_ct_STRIP=strip
ac_cv_prog_cc_g=yes
ac_cv_prog_cc_stdc=
ac_cv_prog_cxx_g=yes
ac_cv_prog_egrep='grep -E'
ac_cv_prog_f77_g=no
ac_cv_prog_make_make_set=yes
ac_cv_search_opendir='none required'
ac_cv_sizeof_int=4
ac_cv_sizeof_long=4
ac_cv_sizeof_long_long=8
ac_cv_sizeof_short=2
ac_cv_sizeof_void_p=4
ac_cv_struct_tm=time.h
ac_cv_type_in_addr_t=yes
ac_cv_type_in_port_t=yes
ac_cv_type_int=yes
ac_cv_type_int16_t=yes
ac_cv_type_int32_t=yes
ac_cv_type_int8_t=yes
ac_cv_type_long=yes
ac_cv_type_long_long=yes
ac_cv_type_off_t=yes
ac_cv_type_pid_t=yes
ac_cv_type_short=yes
ac_cv_type_size_t=yes
ac_cv_type_uint16_t=yes
ac_cv_type_uint32_t=yes
ac_cv_type_uint8_t=yes
ac_cv_type_void_p=yes
am_cv_CC_dependencies_compiler_type=gcc
am_cv_CXX_dependencies_compiler_type=gcc3
am_cv_prog_cc_stdc=
lt_cv_archive_cmds_need_lc=no
lt_cv_compiler_c_o=yes
lt_cv_compiler_o_lo=yes
lt_cv_deplibs_check_method=pass_all
lt_cv_file_magic_cmd='$MAGIC_CMD'
lt_cv_file_magic_test_file='/lib/libc.so.6 /lib/libc-2.3.1.so'
lt_cv_global_symbol_to_c_name_address='sed -n -e '\''s/^: \([^ ]*\) $/  {\"\1\", (lt_ptr) 0},/p'\'' -e '\''s/^[BCDEGRST] \([^ ]*\) \([^ ]*\)$/  {"\2", (lt_ptr) \&\2},/p'\'''
lt_cv_global_symbol_to_cdecl='sed -n -e '\''s/^. .* \(.*\)$/extern char \1;/p'\'''
lt_cv_ld_reload_flag=-r
lt_cv_objdir=.libs
lt_cv_path_LD=/usr/bin/ld
lt_cv_path_LDCXX=/usr/bin/ld
lt_cv_path_NM='/usr/bin/nm -B'
lt_cv_path_SED=/bin/sed
lt_cv_prog_cc_can_build_shared=yes
lt_cv_prog_cc_no_builtin=
lt_cv_prog_cc_pic='            -fPIC'
lt_cv_prog_cc_pic_works=yes
lt_cv_prog_cc_shlib=
lt_cv_prog_cc_static=-static
lt_cv_prog_cc_static_works=yes
lt_cv_prog_cc_wl=-Wl,
lt_cv_prog_compiler_c_o=yes
lt_cv_prog_compiler_c_o_CXX=yes
lt_cv_prog_compiler_rtti_exceptions=no
lt_cv_prog_gnu_ld=yes
lt_cv_prog_gnu_ldcxx=yes
lt_cv_sys_global_symbol_pipe='sed -n -e '\''s/^.*[ 	]\([ABCDGISTW][ABCDGISTW]*\)[ 	][ 	]*\(\)\([_A-Za-z][_A-Za-z0-9]*\)$/\1 \2\3 \3/p'\'''
lt_cv_sys_max_cmd_len=32768
lt_lt_cv_prog_compiler_c_o='"yes"'
lt_lt_cv_prog_compiler_c_o_CXX='"yes"'
lt_lt_cv_sys_global_symbol_pipe='"sed -n -e '\''s/^.*[ 	]\\([ABCDGISTW][ABCDGISTW]*\\)[ 	][ 	]*\\(\\)\\([_A-Za-z][_A-Za-z0-9]*\\)\$/\\1 \\2\\3 \\3/p'\''"'
lt_lt_cv_sys_global_symbol_to_c_name_address='""'
lt_lt_cv_sys_global_symbol_to_cdecl='""'

## ----------------- ##
## Output variables. ##
## ----------------- ##

ACLOCAL='${SHELL} /home/HEx/gift/FastTrack/missing --run aclocal-1.7'
AMDEPBACKSLASH='\'
AMDEP_FALSE='#'
AMDEP_TRUE=''
AMTAR='${SHELL} /home/HEx/gift/FastTrack/missing --run tar'
AR='ar'
AUTOCONF='${SHELL} /home/HEx/gift/FastTrack/missing --run autoconf'
AUTOHEADER='${SHELL} /home/HEx/gift/FastTrack/missing --run autoheader'
AUTOMAKE='${SHELL} /home/HEx/gift/FastTrack/missing --run automake-1.7'
AWK='gawk'
CC='gcc'
CCDEPMODE='depmode=gcc'
CFLAGS='-g -O2'
CPP='gcc -E'
CPPFLAGS=''
CXX='g++'
CXXCPP='g++ -E'
CXXDEPMODE='depmode=gcc3'
CXXFLAGS='-g -O2'
CYGPATH_W='echo'
DEBUG_FALSE='#'
DEBUG_TRUE=''
DEFS='-DHAVE_CONFIG_H'
DEPDIR='.deps'
ECHO='echo'
ECHO_C=''
ECHO_N='-n'
ECHO_T=''
EGREP='grep -E'
EXEEXT=''
F77=''
FFLAGS=''
GIFT_CFLAGS='-I/usr/local/include  '
GIFT_LIBS='-L/usr/local/lib -lgift   -lgiftproto'
HEAVY_DEBUG_FALSE=''
HEAVY_DEBUG_TRUE='#'
INSTALL_DATA='${INSTALL} -m 644'
INSTALL_PROGRAM='${INSTALL}'
INSTALL_SCRIPT='${INSTALL}'
INSTALL_STRIP_PROGRAM='${SHELL} $(install_sh) -c -s'
LDFLAGS=''
LIBOBJS=''
LIBS=''
LIBTOOL='$(SHELL) $(top_builddir)/libtool'
LN_S='ln -s'
LTLIBOBJS=''
MAKEINFO='${SHELL} /home/HEx/gift/FastTrack/missing --run makeinfo'
OBJEXT='o'
PACKAGE='giFT-FastTrack'
PACKAGE_BUGREPORT='gift-fasttrack-devel@lists.berlios.de'
PACKAGE_NAME='giFT-FastTrack'
PACKAGE_STRING='giFT-FastTrack 0.8.8'
PACKAGE_TARNAME='giFT-FastTrack'
PACKAGE_VERSION='0.8.8'
PATH_SEPARATOR=':'
PKG_CONFIG='/usr/bin/pkg-config'
RANLIB='ranlib'
SET_MAKE=''
SHELL='/bin/sh'
STRIP='strip'
VERSION='0.8.8'
ac_ct_AR='ar'
ac_ct_CC='gcc'
ac_ct_CXX='g++'
ac_ct_F77=''
ac_ct_RANLIB='ranlib'
ac_ct_STRIP='strip'
ac_prefix_program='/usr/local/bin/giftd'
am__fastdepCC_FALSE=''
am__fastdepCC_TRUE='#'
am__fastdepCXX_FALSE='#'
am__fastdepCXX_TRUE=''
am__include='include'
am__leading_dot='.'
am__quote=''
bindir='${exec_prefix}/bin'
build='i686-pc-linux-gnu'
build_alias=''
build_cpu='i686'
build_os='linux-gnu'
build_vendor='pc'
datadir='/usr/local/share/giFT'
exec_prefix='${prefix}'
host='i686-pc-linux-gnu'
host_alias=''
host_cpu='i686'
host_os='linux-gnu'
host_vendor='pc'
includedir='${prefix}/include'
infodir='${prefix}/info'
install_sh='/home/HEx/gift/FastTrack/install-sh'
libdir='${exec_prefix}/lib'
libexecdir='${exec_prefix}/libexec'
localstatedir='${prefix}/var'
mandir='${prefix}/man'
oldincludedir='/usr/include'
plugindir='/usr/local/lib/giFT'
prefix='/usr/local'
program_transform_name='s,x,x,'
sbindir='${exec_prefix}/sbin'
sharedstatedir='${prefix}/com'
sysconfdir='${prefix}/etc'
target_alias=''

## ----------- ##
## confdefs.h. ##
## ----------- ##

#define BUILD_DATE "Tue Nov 16 19:28:08 GMT 2004"
#define DEBUG 1
#define GIFT_PLUGIN 1
#define HAVE_DLFCN_H 1
#define HAVE_INTTYPES_H 1
#define HAVE_MEMORY_H 1
#define HAVE_STDINT_H 1
#define HAVE_STDLIB_H 1
#define HAVE_STRDUP 1
#define HAVE_STRINGS_H 1
#define HAVE_STRING_H 1
#define HAVE_SYS_STAT_H 1
#define HAVE_SYS_TYPES_H 1
#define HAVE_UNISTD_H 1
#define PACKAGE "giFT-FastTrack"
#define PACKAGE_BUGREPORT "gift-fasttrack-devel@lists.berlios.de"
#define PACKAGE_NAME "giFT-FastTrack"
#define PACKAGE_STRING "giFT-FastTrack 0.8.8"
#define PACKAGE_TARNAME "giFT-FastTrack"
#define PACKAGE_VERSION "0.8.8"
#define STDC_HEADERS 1
#define STDC_HEADERS 1
#define TIME_WITH_SYS_TIME 1
#define VERSION "0.8.8"
#endif
#ifdef __cplusplus
extern "C" void std::exit (int) throw (); using std::exit;

configure: exit 0

## ---------------------- ##
## Running config.status. ##
## ---------------------- ##

This file was extended by giFT-FastTrack config.status 0.8.8, which was
generated by GNU Autoconf 2.59.  Invocation command line was

  CONFIG_FILES    = 
  CONFIG_HEADERS  = 
  CONFIG_LINKS    = 
  CONFIG_COMMANDS = 
  $ ./config.status config.h

on sphere

config.status:830: creating config.h
config.status:950: config.h is unchanged
