This file contains any messages produced by compilers while
running configure, to aid debugging if configure makes a mistake.

It was created by giFT-FastTrack configure 0.8.9, which was
generated by GNU Autoconf 2.61.  Invocation command line was

  $ ./configure --cache-file=config.cache --no-create --no-recursion

## --------- ##
## Platform. ##
## --------- ##

hostname = sphere
uname -m = i686
uname -r = 2.6.20-15-generic
uname -s = Linux
uname -v = #2 SMP Sat Apr 14 00:54:01 UTC 2007

/usr/bin/uname -p = unknown
/bin/uname -X     = unknown

/bin/arch              = i686
/usr/bin/arch -k       = unknown
/usr/convex/getsysinfo = unknown
/usr/bin/hostinfo      = unknown
/bin/machine           = unknown
/usr/bin/oslevel       = unknown
/bin/universe          = unknown

PATH: /usr/local/sbin
PATH: /usr/local/bin
PATH: /usr/sbin
PATH: /usr/bin
PATH: /sbin
PATH: /bin
PATH: /usr/games
PATH: /home/HEx/bin
PATH: /usr/local/bin


## ----------- ##
## Core tests. ##
## ----------- ##

configure:1842: loading cache config.cache
configure:1983: checking for a BSD-compatible install
configure:2039: result: /usr/bin/install -c
configure:2050: checking whether build environment is sane
configure:2093: result: yes
configure:2126: checking for gawk
configure:2153: result: gawk
configure:2164: checking whether make sets $(MAKE)
configure:2185: result: yes
configure:2430: checking for gcc
configure:2457: result: gcc
configure:2695: checking for C compiler version
configure:2702: gcc --version >&5
gcc (GCC) 4.1.2 (Ubuntu 4.1.2-0ubuntu4)
Copyright (C) 2006 Free Software Foundation, Inc.
This is free software; see the source for copying conditions.  There is NO
warranty; not even for MERCHANTABILITY or FITNESS FOR A PARTICULAR PURPOSE.

configure:2705: $? = 0
configure:2712: gcc -v >&5
Using built-in specs.
Target: i486-linux-gnu
Configured with: ../src/configure -v --enable-languages=c,c++,fortran,objc,obj-c++,treelang --prefix=/usr --enable-shared --with-system-zlib --libexecdir=/usr/lib --without-included-gettext --enable-threads=posix --enable-nls --program-suffix=-4.1 --enable-__cxa_atexit --enable-clocale=gnu --enable-libstdcxx-debug --enable-mpfr --enable-checking=release i486-linux-gnu
Thread model: posix
gcc version 4.1.2 (Ubuntu 4.1.2-0ubuntu4)
configure:2715: $? = 0
configure:2722: gcc -V >&5
gcc: '-V' option must have argument
configure:2725: $? = 1
configure:2748: checking for C compiler default output file name
configure:2775: gcc    conftest.c  >&5
configure:2778: $? = 0
configure:2816: result: a.out
configure:2833: checking whether the C compiler works
configure:2843: ./a.out
configure:2846: $? = 0
configure:2863: result: yes
configure:2870: checking whether we are cross compiling
configure:2872: result: no
configure:2875: checking for suffix of executables
configure:2882: gcc -o conftest    conftest.c  >&5
configure:2885: $? = 0
configure:2909: result: 
configure:2915: checking for suffix of object files
configure:2967: result: o
configure:2971: checking whether we are using the GNU C compiler
configure:3023: result: yes
configure:3028: checking whether gcc accepts -g
configure:3163: result: yes
configure:3180: checking for gcc option to accept ISO C89
configure:3254: gcc  -c -g -O2  conftest.c >&5
configure:3260: $? = 0
configure:3283: result: none needed
configure:3312: checking for style of include used by make
configure:3340: result: GNU
configure:3368: checking dependency style of gcc
configure:3451: result: gcc
configure:3474: checking how to run the C preprocessor
configure:3590: result: gcc -E
configure:3619: gcc -E  conftest.c
configure:3625: $? = 0
configure:3656: gcc -E  conftest.c
conftest.c:12:28: error: ac_nonexistent.h: No such file or directory
configure:3662: $? = 1
configure: failed program was:
| /* confdefs.h.  */
| #define PACKAGE_NAME "giFT-FastTrack"
| #define PACKAGE_TARNAME "giFT-FastTrack"
| #define PACKAGE_VERSION "0.8.9"
| #define PACKAGE_STRING "giFT-FastTrack 0.8.9"
| #define PACKAGE_BUGREPORT "gift-fasttrack-devel@lists.berlios.de"
| #define PACKAGE "giFT-FastTrack"
| #define VERSION "0.8.9"
| #define BUILD_DATE "Tue May  8 01:59:52 BST 2007"
| #define GIFT_PLUGIN 1
| /* end confdefs.h.  */
| #include <ac_nonexistent.h>
configure:3700: checking for grep that handles long lines and -e
configure:3774: result: /bin/grep
configure:3779: checking for egrep
configure:3857: result: /bin/grep -E
configure:3862: checking for ANSI C header files
configure:4026: result: yes
configure:4049: checking for a BSD-compatible install
configure:4105: result: /usr/bin/install -c
configure:4196: checking build system type
configure:4214: result: i686-pc-linux-gnu
configure:4236: checking host system type
configure:4251: result: i686-pc-linux-gnu
configure:4273: checking for a sed that does not truncate output
configure:4327: result: /bin/sed
configure:4341: checking for ld used by gcc
configure:4408: result: /usr/bin/ld
configure:4417: checking if the linker (/usr/bin/ld) is GNU ld
configure:4432: result: yes
configure:4437: checking for /usr/bin/ld option to reload object files
configure:4444: result: -r
configure:4462: checking for BSD-compatible nm
configure:4511: result: /usr/bin/nm -B
configure:4515: checking whether ln -s works
configure:4519: result: yes
configure:4526: checking how to recognise dependent libraries
configure:4702: result: pass_all
configure:4944: checking for sys/types.h
configure:4987: result: yes
configure:4944: checking for sys/stat.h
configure:4987: result: yes
configure:4944: checking for stdlib.h
configure:4987: result: yes
configure:4944: checking for string.h
configure:4987: result: yes
configure:4944: checking for memory.h
configure:4987: result: yes
configure:4944: checking for strings.h
configure:4987: result: yes
configure:4944: checking for inttypes.h
configure:4987: result: yes
configure:4944: checking for stdint.h
configure:4987: result: yes
configure:4944: checking for unistd.h
configure:4987: result: yes
configure:5004: checking for dlfcn.h
configure:5010: result: yes
configure:5202: checking for g++
configure:5229: result: g++
configure:5260: checking for C++ compiler version
configure:5267: g++ --version >&5
g++ (GCC) 4.1.2 (Ubuntu 4.1.2-0ubuntu4)
Copyright (C) 2006 Free Software Foundation, Inc.
This is free software; see the source for copying conditions.  There is NO
warranty; not even for MERCHANTABILITY or FITNESS FOR A PARTICULAR PURPOSE.

configure:5270: $? = 0
configure:5277: g++ -v >&5
Using built-in specs.
Target: i486-linux-gnu
Configured with: ../src/configure -v --enable-languages=c,c++,fortran,objc,obj-c++,treelang --prefix=/usr --enable-shared --with-system-zlib --libexecdir=/usr/lib --without-included-gettext --enable-threads=posix --enable-nls --program-suffix=-4.1 --enable-__cxa_atexit --enable-clocale=gnu --enable-libstdcxx-debug --enable-mpfr --enable-checking=release i486-linux-gnu
Thread model: posix
gcc version 4.1.2 (Ubuntu 4.1.2-0ubuntu4)
configure:5280: $? = 0
configure:5287: g++ -V >&5
g++: '-V' option must have argument
configure:5290: $? = 1
configure:5293: checking whether we are using the GNU C++ compiler
configure:5345: result: yes
configure:5350: checking whether g++ accepts -g
configure:5485: result: yes
configure:5510: checking dependency style of g++
configure:5593: result: gcc3
configure:5620: checking how to run the C++ preprocessor
configure:5732: result: g++ -E
configure:5761: g++ -E  conftest.cpp
configure:5767: $? = 0
configure:5798: g++ -E  conftest.cpp
conftest.cpp:23:28: error: ac_nonexistent.h: No such file or directory
configure:5804: $? = 1
configure: failed program was:
| /* confdefs.h.  */
| #define PACKAGE_NAME "giFT-FastTrack"
| #define PACKAGE_TARNAME "giFT-FastTrack"
| #define PACKAGE_VERSION "0.8.9"
| #define PACKAGE_STRING "giFT-FastTrack 0.8.9"
| #define PACKAGE_BUGREPORT "gift-fasttrack-devel@lists.berlios.de"
| #define PACKAGE "giFT-FastTrack"
| #define VERSION "0.8.9"
| #define BUILD_DATE "Tue May  8 01:59:52 BST 2007"
| #define GIFT_PLUGIN 1
| #define STDC_HEADERS 1
| #define HAVE_SYS_TYPES_H 1
| #define HAVE_SYS_STAT_H 1
| #define HAVE_STDLIB_H 1
| #define HAVE_STRING_H 1
| #define HAVE_MEMORY_H 1
| #define HAVE_STRINGS_H 1
| #define HAVE_INTTYPES_H 1
| #define HAVE_STDINT_H 1
| #define HAVE_UNISTD_H 1
| #define HAVE_DLFCN_H 1
| /* end confdefs.h.  */
| #include <ac_nonexistent.h>
configure:5897: checking for g77
configure:5927: result: no
configure:5897: checking for xlf
configure:5927: result: no
configure:5897: checking for f77
configure:5927: result: no
configure:5897: checking for frt
configure:5927: result: no
configure:5897: checking for pgf77
configure:5927: result: no
configure:5897: checking for cf77
configure:5927: result: no
configure:5897: checking for fort77
configure:5927: result: no
configure:5897: checking for fl32
configure:5927: result: no
configure:5897: checking for af77
configure:5927: result: no
configure:5897: checking for xlf90
configure:5927: result: no
configure:5897: checking for f90
configure:5927: result: no
configure:5897: checking for pgf90
configure:5927: result: no
configure:5897: checking for pghpf
configure:5927: result: no
configure:5897: checking for epcf90
configure:5927: result: no
configure:5897: checking for gfortran
configure:5927: result: no
configure:5897: checking for g95
configure:5927: result: no
configure:5897: checking for xlf95
configure:5927: result: no
configure:5897: checking for f95
configure:5927: result: no
configure:5897: checking for fort
configure:5927: result: no
configure:5897: checking for ifort
configure:5927: result: no
configure:5897: checking for ifc
configure:5927: result: no
configure:5897: checking for efc
configure:5927: result: no
configure:5897: checking for pgf95
configure:5927: result: no
configure:5897: checking for lf95
configure:5927: result: no
configure:5897: checking for ftn
configure:5927: result: no
configure:5954: checking for Fortran 77 compiler version
configure:5961:  --version >&5
./configure: line 5962: --version: command not found
configure:5964: $? = 127
configure:5971:  -v >&5
./configure: line 5972: -v: command not found
configure:5974: $? = 127
configure:5981:  -V >&5
./configure: line 5982: -V: command not found
configure:5984: $? = 127
configure:5992: checking whether we are using the GNU Fortran 77 compiler
configure:6034: result: no
configure:6040: checking whether  accepts -g
configure:6079: result: no
configure:6109: checking the maximum length of command line arguments
configure:6218: result: 32768
configure:6229: checking command to parse /usr/bin/nm -B output from gcc object
configure:6437: result: ok
configure:6441: checking for objdir
configure:6456: result: .libs
configure:6548: checking for ar
configure:6575: result: ar
configure:6644: checking for ranlib
configure:6671: result: ranlib
configure:6740: checking for strip
configure:6767: result: strip
configure:7053: checking if gcc supports -fno-rtti -fno-exceptions
configure:7088: result: yes
configure:7103: checking for gcc option to produce PIC
configure:7313: result: -fPIC
configure:7321: checking if gcc PIC flag -fPIC works
configure:7339: gcc -c -g -O2  -fPIC -DPIC conftest.c >&5
configure:7343: $? = 0
configure:7356: result: yes
configure:7384: checking if gcc static flag -static works
configure:7412: result: yes
configure:7422: checking if gcc supports -c -o file.o
configure:7469: result: yes
configure:7495: checking whether the gcc linker (/usr/bin/ld) supports shared libraries
configure:8450: result: yes
configure:8471: checking whether -lc should be explicitly linked in
configure:8476: gcc -c -g -O2  conftest.c >&5
configure:8479: $? = 0
configure:8494: gcc -shared conftest.o  -v -Wl,-soname -Wl,conftest -o conftest 2\>\&1 \| grep  -lc  \>/dev/null 2\>\&1
configure:8497: $? = 0
configure:8509: result: no
configure:8517: checking dynamic linker characteristics
configure:9093: result: GNU/Linux ld.so
configure:9102: checking how to hardcode library paths into programs
configure:9127: result: immediate
configure:9141: checking whether stripping libraries is possible
configure:9146: result: yes
configure:9947: checking if libtool supports shared libraries
configure:9949: result: yes
configure:9952: checking whether to build shared libraries
configure:9973: result: yes
configure:9976: checking whether to build static libraries
configure:9980: result: no
configure:10072: creating libtool
configure:10660: checking for ld used by g++
configure:10727: result: /usr/bin/ld
configure:10736: checking if the linker (/usr/bin/ld) is GNU ld
configure:10751: result: yes
configure:10802: checking whether the g++ linker (/usr/bin/ld) supports shared libraries
configure:11736: result: yes
configure:11754: g++ -c -g -O2  conftest.cpp >&5
configure:11757: $? = 0
configure:11876: checking for g++ option to produce PIC
configure:12150: result: -fPIC
configure:12158: checking if g++ PIC flag -fPIC works
configure:12176: g++ -c -g -O2  -fPIC -DPIC conftest.cpp >&5
configure:12180: $? = 0
configure:12193: result: yes
configure:12221: checking if g++ static flag -static works
configure:12249: result: yes
configure:12259: checking if g++ supports -c -o file.o
configure:12306: result: yes
configure:12332: checking whether the g++ linker (/usr/bin/ld) supports shared libraries
configure:12360: result: yes
configure:12427: checking dynamic linker characteristics
configure:13003: result: GNU/Linux ld.so
configure:13012: checking how to hardcode library paths into programs
configure:13037: result: immediate

## ---------------- ##
## Cache variables. ##
## ---------------- ##

ac_cv_build=i686-pc-linux-gnu
ac_cv_build_alias=i686-pc-linux-gnu
ac_cv_c_compiler_gnu=yes
ac_cv_c_const=yes
ac_cv_cxx_compiler_gnu=yes
ac_cv_env_CCC_set=
ac_cv_env_CCC_value=
ac_cv_env_CC_set=
ac_cv_env_CC_value=
ac_cv_env_CFLAGS_set=
ac_cv_env_CFLAGS_value=
ac_cv_env_CPPFLAGS_set=
ac_cv_env_CPPFLAGS_value=
ac_cv_env_CPP_set=
ac_cv_env_CPP_value=
ac_cv_env_CXXCPP_set=
ac_cv_env_CXXCPP_value=
ac_cv_env_CXXFLAGS_set=
ac_cv_env_CXXFLAGS_value=
ac_cv_env_CXX_set=
ac_cv_env_CXX_value=
ac_cv_env_F77_set=
ac_cv_env_F77_value=
ac_cv_env_FFLAGS_set=
ac_cv_env_FFLAGS_value=
ac_cv_env_LDFLAGS_set=
ac_cv_env_LDFLAGS_value=
ac_cv_env_LIBS_set=
ac_cv_env_LIBS_value=
ac_cv_env_build_alias_set=
ac_cv_env_build_alias_value=
ac_cv_env_host_alias_set=
ac_cv_env_host_alias_value=
ac_cv_env_target_alias_set=
ac_cv_env_target_alias_value=
ac_cv_exeext=
ac_cv_f77_compiler_gnu=no
ac_cv_func_memcmp_working=yes
ac_cv_func_strdup=yes
ac_cv_have_inaddr_none=yes
ac_cv_header_dlfcn_h=yes
ac_cv_header_inttypes_h=yes
ac_cv_header_memory_h=yes
ac_cv_header_stdc=yes
ac_cv_header_stdint_h=yes
ac_cv_header_stdlib_h=yes
ac_cv_header_string_h=yes
ac_cv_header_strings_h=yes
ac_cv_header_sys_stat_h=yes
ac_cv_header_sys_types_h=yes
ac_cv_header_time=yes
ac_cv_header_unistd_h=yes
ac_cv_host=i686-pc-linux-gnu
ac_cv_host_alias=i686-pc-linux-gnu
ac_cv_objext=o
ac_cv_path_EGREP='/bin/grep -E'
ac_cv_path_GREP=/bin/grep
ac_cv_path_PKG_CONFIG=/usr/bin/pkg-config
ac_cv_path_ac_prefix_program=/usr/local/bin/giftd
ac_cv_path_install='/usr/bin/install -c'
ac_cv_prog_AWK=gawk
ac_cv_prog_CPP='gcc -E'
ac_cv_prog_CXXCPP='g++ -E'
ac_cv_prog_ac_ct_AR=ar
ac_cv_prog_ac_ct_CC=gcc
ac_cv_prog_ac_ct_CXX=g++
ac_cv_prog_ac_ct_RANLIB=ranlib
ac_cv_prog_ac_ct_STRIP=strip
ac_cv_prog_cc_c89=
ac_cv_prog_cc_g=yes
ac_cv_prog_cc_stdc=
ac_cv_prog_cxx_g=yes
ac_cv_prog_egrep='grep -E'
ac_cv_prog_f77_g=no
ac_cv_prog_make_make_set=yes
ac_cv_struct_tm=time.h
am_cv_CC_dependencies_compiler_type=gcc
am_cv_CXX_dependencies_compiler_type=gcc3
lt_cv_deplibs_check_method=pass_all
lt_cv_file_magic_cmd='$MAGIC_CMD'
lt_cv_file_magic_test_file=
lt_cv_ld_reload_flag=-r
lt_cv_objdir=.libs
lt_cv_path_LD=/usr/bin/ld
lt_cv_path_LDCXX=/usr/bin/ld
lt_cv_path_NM='/usr/bin/nm -B'
lt_cv_path_SED=/bin/sed
lt_cv_prog_compiler_c_o=yes
lt_cv_prog_compiler_c_o_CXX=yes
lt_cv_prog_compiler_rtti_exceptions=yes
lt_cv_prog_gnu_ld=yes
lt_cv_prog_gnu_ldcxx=yes
lt_cv_sys_global_symbol_pipe='sed -n -e '\''s/^.*[ 	]\([ABCDGIRSTW][ABCDGIRSTW]*\)[ 	][ 	]*\(\)\([_A-Za-z][_A-Za-z0-9]*\)$/\1 \2\3 \3/p'\'''
lt_cv_sys_global_symbol_to_c_name_address='sed -n -e '\''s/^: \([^ ]*\) $/  {\"\1\", (lt_ptr) 0},/p'\'' -e '\''s/^[BCDEGRST] \([^ ]*\) \([^ ]*\)$/  {"\2", (lt_ptr) \&\2},/p'\'''
lt_cv_sys_global_symbol_to_cdecl='sed -n -e '\''s/^. .* \(.*\)$/extern int \1;/p'\'''
lt_cv_sys_max_cmd_len=32768
lt_lt_cv_prog_compiler_c_o='"yes"'
lt_lt_cv_prog_compiler_c_o_CXX='"yes"'
lt_lt_cv_sys_global_symbol_pipe='"sed -n -e '\''s/^.*[ 	]\\([ABCDGIRSTW][ABCDGIRSTW]*\\)[ 	][ 	]*\\(\\)\\([_A-Za-z][_A-Za-z0-9]*\\)\$/\\1 \\2\\3 \\3/p'\''"'
lt_lt_cv_sys_global_symbol_to_c_name_address='"sed -n -e '\''s/^: \\([^ ]*\\) \$/  {\\\"\\1\\\", (lt_ptr) 0},/p'\'' -e '\''s/^[BCDEGRST] \\([^ ]*\\) \\([^ ]*\\)\$/  {\"\\2\", (lt_ptr) \\&\\2},/p'\''"'
lt_lt_cv_sys_global_symbol_to_cdecl='"sed -n -e '\''s/^. .* \\(.*\\)\$/extern int \\1;/p'\''"'

## ----------------- ##
## Output variables. ##
## ----------------- ##

ACLOCAL='${SHELL} /home/HEx/gift/giFT-FastTrack/missing --run aclocal-1.7'
AMDEPBACKSLASH='\'
AMDEP_FALSE='#'
AMDEP_TRUE=''
AMTAR='${SHELL} /home/HEx/gift/giFT-FastTrack/missing --run tar'
AR='ar'
AUTOCONF='${SHELL} /home/HEx/gift/giFT-FastTrack/missing --run autoconf'
AUTOHEADER='${SHELL} /home/HEx/gift/giFT-FastTrack/missing --run autoheader'
AUTOMAKE='${SHELL} /home/HEx/gift/giFT-FastTrack/missing --run automake-1.7'
AWK='gawk'
CC='gcc'
CCDEPMODE='depmode=gcc'
CFLAGS='-g -O2'
CPP='gcc -E'
CPPFLAGS=''
CXX='g++'
CXXCPP='g++ -E'
CXXDEPMODE='depmode=gcc3'
CXXFLAGS='-g -O2'
CYGPATH_W='echo'
DEBUG_FALSE=''
DEBUG_TRUE=''
DEFS=''
DEPDIR='.deps'
ECHO='echo'
ECHO_C=''
ECHO_N='-n'
ECHO_T=''
EGREP='/bin/grep -E'
EXEEXT=''
F77=''
FFLAGS=''
GREP='/bin/grep'
HEAVY_DEBUG_FALSE=''
HEAVY_DEBUG_TRUE=''
INSTALL_DATA='${INSTALL} -m 644'
INSTALL_PROGRAM='${INSTALL}'
INSTALL_SCRIPT='${INSTALL}'
INSTALL_STRIP_PROGRAM='${SHELL} $(install_sh) -c -s'
LDFLAGS=''
LIBOBJS=''
LIBS=''
LIBTOOL='$(SHELL) $(top_builddir)/libtool'
LN_S='ln -s'
LTLIBOBJS=''
MAKEINFO='${SHELL} /home/HEx/gift/giFT-FastTrack/missing --run makeinfo'
OBJEXT='o'
PACKAGE='giFT-FastTrack'
PACKAGE_BUGREPORT='gift-fasttrack-devel@lists.berlios.de'
PACKAGE_NAME='giFT-FastTrack'
PACKAGE_STRING='giFT-FastTrack 0.8.9'
PACKAGE_TARNAME='giFT-FastTrack'
PACKAGE_VERSION='0.8.9'
PATH_SEPARATOR=':'
RANLIB='ranlib'
SET_MAKE=''
SHELL='/bin/sh'
STRIP='strip'
VERSION='0.8.9'
ac_ct_CC='gcc'
ac_ct_CXX='g++'
ac_ct_F77=''
am__fastdepCC_FALSE=''
am__fastdepCC_TRUE='#'
am__fastdepCXX_FALSE='#'
am__fastdepCXX_TRUE=''
am__include='include'
am__leading_dot='.'
am__quote=''
bindir='${exec_prefix}/bin'
build='i686-pc-linux-gnu'
build_alias=''
build_cpu='i686'
build_os='linux-gnu'
build_vendor='pc'
datadir='${datarootdir}'
datarootdir='${prefix}/share'
docdir='${datarootdir}/doc/${PACKAGE_TARNAME}'
dvidir='${docdir}'
exec_prefix='NONE'
host='i686-pc-linux-gnu'
host_alias=''
host_cpu='i686'
host_os='linux-gnu'
host_vendor='pc'
htmldir='${docdir}'
includedir='${prefix}/include'
infodir='${datarootdir}/info'
install_sh='/home/HEx/gift/giFT-FastTrack/install-sh'
libdir='${exec_prefix}/lib'
libexecdir='${exec_prefix}/libexec'
localedir='${datarootdir}/locale'
localstatedir='${prefix}/var'
mandir='${datarootdir}/man'
oldincludedir='/usr/include'
pdfdir='${docdir}'
prefix='NONE'
program_transform_name='s,x,x,'
psdir='${docdir}'
sbindir='${exec_prefix}/sbin'
sharedstatedir='${prefix}/com'
sysconfdir='${prefix}/etc'
target_alias=''

## ----------- ##
## confdefs.h. ##
## ----------- ##

#define PACKAGE_NAME "giFT-FastTrack"
#define PACKAGE_TARNAME "giFT-FastTrack"
#define PACKAGE_VERSION "0.8.9"
#define PACKAGE_STRING "giFT-FastTrack 0.8.9"
#define PACKAGE_BUGREPORT "gift-fasttrack-devel@lists.berlios.de"
#define PACKAGE "giFT-FastTrack"
#define VERSION "0.8.9"
#define BUILD_DATE "Tue May  8 01:59:52 BST 2007"
#define GIFT_PLUGIN 1
#define STDC_HEADERS 1
#define HAVE_SYS_TYPES_H 1
#define HAVE_SYS_STAT_H 1
#define HAVE_STDLIB_H 1
#define HAVE_STRING_H 1
#define HAVE_MEMORY_H 1
#define HAVE_STRINGS_H 1
#define HAVE_INTTYPES_H 1
#define HAVE_STDINT_H 1
#define HAVE_UNISTD_H 1
#define HAVE_DLFCN_H 1

configure: exit 258
